2021-09-07 11:22:05,295 data_manager.py[line:1364] INFO {'发送检测数据': {'weather': {'windSpeed': 7.8, 'windDirection': '0', 'rainfall': 4.8, 'illuminance': 7.5, 'temperature': 35, 'humidity': 40, 'pm25': 1, 'pm10': 36}, 'water': {'wt': 25.2, 'ph': 7.52, 'doDo': 4.13, 'cod': 18.1, 'ec': 217.9, 'td': 180.2, 'nh3Nh4': 0.196, 'tn': 11.3, 'tp': 0.1}, 'deviceId': 'XXLJC4LCGSCSD1DA001', 'mapId': '1435052231011184641', 'jwd': '[114.524096, 30.506853]', 'gjwd': '[114.524096, 30.506853]'}}
2021-11-02 10:24:19,970 data_manager.py[line:1392] INFO {'发送抽水数据error': KeyError('mapList')}
2021-11-02 10:24:19,982 data_manager.py[line:1393] INFO {'############################发送抽水数据': {'deviceId': 'XXLJC4LCGSCAHSD0DA000', 'mapId': '', 'capacity': 1500, 'deep': 0.5, 'bottleNum': 1, 'jwd': '[114.524096, 30.506853]', 'gjwd': '[114.524096, 30.506853]'}}
2021-11-02 10:24:27,497 data_manager.py[line:1392] INFO {'发送抽水数据error': KeyError('mapList')}
2021-11-02 10:24:27,509 data_manager.py[line:1393] INFO {'############################发送抽水数据': {'deviceId': 'XXLJC4LCGSCAHSD0DA000', 'mapId': '', 'capacity': 1500, 'deep': 0.5, 'bottleNum': 1, 'jwd': '[114.524096, 30.506853]', 'gjwd': '[114.524096, 30.506853]'}}
2021-11-02 10:24:34,833 data_manager.py[line:1392] INFO {'发送抽水数据error': KeyError('mapList')}
2021-11-02 10:24:34,839 data_manager.py[line:1393] INFO {'############################发送抽水数据': {'deviceId': 'XXLJC4LCGSCAHSD0DA000', 'mapId': '', 'capacity': 1500, 'deep': 0.5, 'bottleNum': 1, 'jwd': '[114.524096, 30.506853]', 'gjwd': '[114.524096, 30.506853]'}}
2021-11-02 10:24:42,309 data_manager.py[line:1392] INFO {'发送抽水数据error': KeyError('mapList')}
2021-11-02 10:24:42,327 data_manager.py[line:1393] INFO {'############################发送抽水数据': {'deviceId': 'XXLJC4LCGSCAHSD0DA000', 'mapId': '', 'capacity': 1500, 'deep': 0.5, 'bottleNum': 1, 'jwd': '[114.524096, 30.506853]', 'gjwd': '[114.524096, 30.506853]'}}
2021-11-02 10:28:03,919 data_manager.py[line:1393] INFO {'############################发送抽水数据': {'deviceId': 'XXLJC4LCGSCAHSD0DA000', 'mapId': '', 'capacity': '1500', 'deep': 0.5, 'bottleNum': 1, 'jwd': '[114.524096, 30.506853]', 'gjwd': '[114.524096, 30.506853]'}}
2021-11-02 10:28:11,225 data_manager.py[line:1393] INFO {'############################发送抽水数据': {'deviceId': 'XXLJC4LCGSCAHSD0DA000', 'mapId': '', 'capacity': '1500', 'deep': 0.5, 'bottleNum': 1, 'jwd': '[114.524096, 30.506853]', 'gjwd': '[114.524096, 30.506853]'}}
2021-11-02 10:28:18,536 data_manager.py[line:1393] INFO {'############################发送抽水数据': {'deviceId': 'XXLJC4LCGSCAHSD0DA000', 'mapId': '', 'capacity': '1500', 'deep': 0.5, 'bottleNum': 1, 'jwd': '[114.524096, 30.506853]', 'gjwd': '[114.524096, 30.506853]'}}
2021-11-02 10:28:52,130 data_manager.py[line:1393] INFO {'############################发送抽水数据': {'deviceId': 'XXLJC4LCGSCAHSD0DA000', 'mapId': '', 'capacity': '1500', 'deep': 0.5, 'bottleNum': 1, 'jwd': '[114.524096, 30.506853]', 'gjwd': '[114.524096, 30.506853]'}}
2021-11-02 10:32:26,736 data_manager.py[line:1393] INFO {'############################发送抽水数据': {'deviceId': 'XXLJC4LCGSCAHSD0DA000', 'mapId': '', 'capacity': '1500', 'deep': 0.5, 'bottleNum': 1, 'jwd': '[114.524096, 30.506853]', 'gjwd': '[114.524096, 30.506853]'}}
2021-11-02 10:38:54,904 data_manager.py[line:1393] INFO {'发送抽水数据error': ConnectionError(ProtocolError('Connection aborted.', ConnectionResetError(10054, '远程主机强迫关闭了一个现有的连接。', None, 10054, None)))}
2021-11-02 10:38:54,905 data_manager.py[line:1394] INFO {'############################发送抽水数据': {'deviceId': 'XXLJC4LCGSCAHSD0DA000', 'mapId': '', 'capacity': '1500', 'deep': 0.5, 'bottleNum': 1, 'jwd': '[114.524096, 30.506853]', 'gjwd': '[114.524096, 30.506853]'}}
2021-11-02 10:39:25,327 data_manager.py[line:1394] INFO {'############################发送抽水数据': {'deviceId': 'XXLJC4LCGSCAHSD0DA000', 'mapId': '', 'capacity': '1500', 'deep': 0.5, 'bottleNum': 1, 'jwd': '[114.524096, 30.506853]', 'gjwd': '[114.524096, 30.506853]'}}
2021-11-02 10:39:37,535 data_manager.py[line:1394] INFO {'############################发送抽水数据': {'deviceId': 'XXLJC4LCGSCAHSD0DA000', 'mapId': '', 'capacity': '1500', 'deep': 0.5, 'bottleNum': 1, 'jwd': '[114.524096, 30.506853]', 'gjwd': '[114.524096, 30.506853]'}}
2021-11-02 10:39:47,006 data_manager.py[line:1394] INFO {'############################发送抽水数据': {'deviceId': 'XXLJC4LCGSCAHSD0DA000', 'mapId': '', 'capacity': '1500', 'deep': 0.5, 'bottleNum': 1, 'jwd': '[114.524096, 30.506853]', 'gjwd': '[114.524096, 30.506853]'}}
2021-11-02 10:39:54,798 data_manager.py[line:1394] INFO {'############################发送抽水数据': {'deviceId': 'XXLJC4LCGSCAHSD0DA000', 'mapId': '', 'capacity': '1500', 'deep': 0.5, 'bottleNum': 1, 'jwd': '[114.524096, 30.506853]', 'gjwd': '[114.524096, 30.506853]'}}
2021-11-02 10:40:03,401 data_manager.py[line:1394] INFO {'############################发送抽水数据': {'deviceId': 'XXLJC4LCGSCAHSD0DA000', 'mapId': '', 'capacity': '1500', 'deep': 0.5, 'bottleNum': 1, 'jwd': '[114.524096, 30.506853]', 'gjwd': '[114.524096, 30.506853]'}}
2021-11-02 10:40:11,196 data_manager.py[line:1394] INFO {'############################发送抽水数据': {'deviceId': 'XXLJC4LCGSCAHSD0DA000', 'mapId': '', 'capacity': '1500', 'deep': 0.5, 'bottleNum': 1, 'jwd': '[114.524096, 30.506853]', 'gjwd': '[114.524096, 30.506853]'}}
2021-11-02 10:40:19,892 data_manager.py[line:1394] INFO {'############################发送抽水数据': {'deviceId': 'XXLJC4LCGSCAHSD0DA000', 'mapId': '', 'capacity': '1500', 'deep': 0.5, 'bottleNum': 1, 'jwd': '[114.524096, 30.506853]', 'gjwd': '[114.524096, 30.506853]'}}
2021-11-02 10:40:28,221 data_manager.py[line:1394] INFO {'############################发送抽水数据': {'deviceId': 'XXLJC4LCGSCAHSD0DA000', 'mapId': '', 'capacity': '1500', 'deep': 0.5, 'bottleNum': 1, 'jwd': '[114.524096, 30.506853]', 'gjwd': '[114.524096, 30.506853]'}}
2021-11-02 17:26:39,031 data_manager.py[line:1383] INFO {'发送抽水数据error': ConnectionError(MaxRetryError("HTTPConnectionPool(host='192.168.199.186', port=8009): Max retries exceeded with url: /union/admin/xxl/data/sampling/save (Caused by NewConnectionError('<urllib3.connection.HTTPConnection object at 0x0000028C836F9988>: Failed to establish a new connection: [WinError 10060] 由于连接方在一段时间后没有正确答复或连接的主机没有反应，连接尝试失败。'))"))}
2021-11-02 17:26:39,078 data_manager.py[line:1384] INFO {'############################发送抽水数据': {'deviceId': 'XXLJC4LCGSCAHSD0DA000', 'mapId': '', 'capacity': '1500', 'deep': 0.5, 'bottleNum': 1, 'jwd': '[114.524096, 30.506853]', 'gjwd': '[114.524096, 30.506853]'}}
