2021-07-03 11:29:20,999 data_manager.py[line:1534] INFO {'notice_info_': {'distance': '0', 'path_info': '当前目标点:0 目标点总数: 0', 'progress': 0, 'control_info': '等待中', 'draw_info': 0, 'audio_light_info': 0, 'headlight_info': 0, 'side_light_info': 1, 'theta_error': 0, 'mapId': ''}}
2021-07-03 11:29:30,340 data_manager.py[line:1534] INFO {'notice_info_': {'distance': '0', 'path_info': '当前目标点:0 目标点总数: 0', 'progress': 0, 'control_info': '等待中', 'draw_info': 0, 'audio_light_info': 0, 'headlight_info': 0, 'side_light_info': 1, 'theta_error': 0, 'mapId': ''}}
2021-07-03 11:29:40,555 data_manager.py[line:1534] INFO {'notice_info_': {'distance': '0', 'path_info': '当前目标点:0 目标点总数: 0', 'progress': 0, 'control_info': '等待中', 'draw_info': 0, 'audio_light_info': 0, 'headlight_info': 0, 'side_light_info': 1, 'theta_error': 0, 'mapId': ''}}
2021-07-03 11:29:49,097 data_manager.py[line:1384] INFO {'base_setting': {'speed_grade': 3, 'arrive_range': 2.5, 'keep_point': 5, 'secure_distance': 15, 'row': 50, 'col': 50, 'pool_name': '梁子湖', 'video_url': 3, 'info_type': 3}}
2021-07-03 11:29:50,774 data_manager.py[line:1534] INFO {'notice_info_': {'distance': '0', 'path_info': '当前目标点:0 目标点总数: 0', 'progress': 0, 'control_info': '等待中', 'draw_info': 0, 'audio_light_info': 0, 'headlight_info': 0, 'side_light_info': 1, 'theta_error': 0, 'mapId': ''}}
2021-07-03 11:30:10,538 data_manager.py[line:1534] INFO {'notice_info_': {'distance': '0', 'path_info': '当前目标点:0 目标点总数: 0', 'progress': 0, 'control_info': '等待中', 'draw_info': 0, 'audio_light_info': 0, 'headlight_info': 0, 'side_light_info': 1, 'theta_error': 0, 'mapId': ''}}
2021-07-03 11:30:20,745 data_manager.py[line:1534] INFO {'notice_info_': {'distance': '0', 'path_info': '当前目标点:0 目标点总数: 0', 'progress': 0, 'control_info': '等待中', 'draw_info': 0, 'audio_light_info': 0, 'headlight_info': 0, 'side_light_info': 1, 'theta_error': 0, 'mapId': ''}}
2021-07-03 11:30:30,568 data_manager.py[line:1534] INFO {'notice_info_': {'distance': '0', 'path_info': '当前目标点:0 目标点总数: 0', 'progress': 0, 'control_info': '等待中', 'draw_info': 0, 'audio_light_info': 0, 'headlight_info': 0, 'side_light_info': 1, 'theta_error': 0, 'mapId': '1397858718729355265'}}
2021-07-03 11:30:33,527 data_manager.py[line:458] INFO {'status change': (<ShipStatus.idle: 1>, <ShipStatus.computer_auto: 4>)}
2021-07-03 11:30:33,786 data_manager.py[line:1088] INFO {'点击地点': [[114.523901, 30.506104]]}
2021-07-03 11:30:33,798 data_manager.py[line:1113] INFO {'全部距离': 85.35448757899653}
2021-07-03 11:30:40,565 data_manager.py[line:1534] INFO {'notice_info_': {'distance': '40.25', 'path_info': '当前目标点:11 目标点总数: 18', 'progress': 61, 'control_info': '电脑自动', 'draw_info': 0, 'audio_light_info': 0, 'headlight_info': 0, 'side_light_info': 1, 'theta_error': 0.17, 'mapId': '1397858718729355265'}}
2021-07-03 11:30:44,713 data_manager.py[line:458] INFO {'status change': (<ShipStatus.computer_auto: 4>, <ShipStatus.tasking: 5>)}
2021-07-03 11:30:50,519 data_manager.py[line:1534] INFO {'notice_info_': {'distance': '2.49', 'path_info': '当前目标点:1 目标点总数: 1', 'progress': 100, 'control_info': '执行任务中', 'draw_info': 1, 'audio_light_info': 0, 'headlight_info': 0, 'side_light_info': 1, 'theta_error': 0.86, 'mapId': '1397858718729355265'}}
2021-07-03 11:30:51,494 data_manager.py[line:458] INFO {'status change': (<ShipStatus.tasking: 5>, <ShipStatus.computer_control: 3>)}
2021-07-03 11:30:51,506 data_manager.py[line:404] INFO 清除自动状态数据
2021-07-03 11:30:51,518 data_manager.py[line:458] INFO {'status change': (<ShipStatus.computer_control: 3>, <ShipStatus.idle: 1>)}
2021-07-03 11:31:00,465 data_manager.py[line:1534] INFO {'notice_info_': {'distance': '0', 'path_info': '当前目标点:0 目标点总数: 0', 'progress': 0, 'control_info': '等待中', 'draw_info': 0, 'audio_light_info': 0, 'headlight_info': 0, 'side_light_info': 1, 'theta_error': 0.86, 'mapId': '1397858718729355265'}}
2021-07-03 11:31:05,423 data_manager.py[line:1341] INFO {'fakedate': {'weather': {'windSpeed': 9.0, 'windDirection': '180', 'rainfall': 3.5, 'illuminance': 3.0, 'temperature': 21, 'humidity': 49, 'pm25': 12, 'pm10': 24}, 'water': {'wt': 27.6, 'ph': 7.43, 'doDo': 2.41, 'cod': 7.4, 'ec': 170.4, 'td': 99.6, 'nh3Nh4': 0.436, 'tn': 2.9, 'tp': 0.1}, 'deviceId': '3c50f4c3-a9c1-4872-9f18-883af014380a', 'mapId': '1397858718729355265'}}
2021-07-03 11:31:10,475 data_manager.py[line:1534] INFO {'notice_info_': {'distance': '0', 'path_info': '当前目标点:0 目标点总数: 0', 'progress': 0, 'control_info': '等待中', 'draw_info': 0, 'audio_light_info': 0, 'headlight_info': 0, 'side_light_info': 1, 'theta_error': 0.86, 'mapId': '1397858718729355265'}}
2021-07-03 11:31:20,392 data_manager.py[line:1534] INFO {'notice_info_': {'distance': '0', 'path_info': '当前目标点:0 目标点总数: 0', 'progress': 0, 'control_info': '等待中', 'draw_info': 0, 'audio_light_info': 0, 'headlight_info': 0, 'side_light_info': 1, 'theta_error': 0.86, 'mapId': '1397858718729355265'}}
2021-07-03 11:31:30,363 data_manager.py[line:1534] INFO {'notice_info_': {'distance': '0', 'path_info': '当前目标点:0 目标点总数: 0', 'progress': 0, 'control_info': '等待中', 'draw_info': 0, 'audio_light_info': 0, 'headlight_info': 0, 'side_light_info': 1, 'theta_error': 0.86, 'mapId': '1397858718729355265'}}
2021-07-03 11:31:40,305 data_manager.py[line:1534] INFO {'notice_info_': {'distance': '0', 'path_info': '当前目标点:0 目标点总数: 0', 'progress': 0, 'control_info': '等待中', 'draw_info': 0, 'audio_light_info': 0, 'headlight_info': 0, 'side_light_info': 1, 'theta_error': 0.86, 'mapId': '1397858718729355265'}}
2021-07-03 11:31:50,343 data_manager.py[line:1534] INFO {'notice_info_': {'distance': '0', 'path_info': '当前目标点:0 目标点总数: 0', 'progress': 0, 'control_info': '等待中', 'draw_info': 0, 'audio_light_info': 0, 'headlight_info': 0, 'side_light_info': 1, 'theta_error': 0.86, 'mapId': '1397858718729355265'}}
2021-07-03 11:32:00,305 data_manager.py[line:1534] INFO {'notice_info_': {'distance': '0', 'path_info': '当前目标点:0 目标点总数: 0', 'progress': 0, 'control_info': '等待中', 'draw_info': 0, 'audio_light_info': 0, 'headlight_info': 0, 'side_light_info': 1, 'theta_error': 0.86, 'mapId': '1397858718729355265'}}
2021-07-03 11:32:06,142 data_manager.py[line:1341] INFO {'fakedate': {'weather': {'windSpeed': 4.8, 'windDirection': '135', 'rainfall': 9.3, 'illuminance': 2.0, 'temperature': 22, 'humidity': 50, 'pm25': 11, 'pm10': 31}, 'water': {'wt': 27.3, 'ph': 7.6, 'doDo': 6.0, 'cod': 12.8, 'ec': 200.3, 'td': 55.1, 'nh3Nh4': 0.792, 'tn': 14.6, 'tp': 0.2}, 'deviceId': '3c50f4c3-a9c1-4872-9f18-883af014380a', 'mapId': '1397858718729355265'}}
2021-07-03 11:32:10,321 data_manager.py[line:1534] INFO {'notice_info_': {'distance': '0', 'path_info': '当前目标点:0 目标点总数: 0', 'progress': 0, 'control_info': '等待中', 'draw_info': 0, 'audio_light_info': 0, 'headlight_info': 0, 'side_light_info': 1, 'theta_error': 0.86, 'mapId': '1397858718729355265'}}
2021-07-03 11:32:20,275 data_manager.py[line:1534] INFO {'notice_info_': {'distance': '0', 'path_info': '当前目标点:0 目标点总数: 0', 'progress': 0, 'control_info': '等待中', 'draw_info': 0, 'audio_light_info': 0, 'headlight_info': 0, 'side_light_info': 1, 'theta_error': 0.86, 'mapId': '1397858718729355265'}}
2021-07-03 11:32:30,277 data_manager.py[line:1534] INFO {'notice_info_': {'distance': '0', 'path_info': '当前目标点:0 目标点总数: 0', 'progress': 0, 'control_info': '等待中', 'draw_info': 0, 'audio_light_info': 0, 'headlight_info': 0, 'side_light_info': 1, 'theta_error': 0.86, 'mapId': '1397858718729355265'}}
2021-07-03 11:32:40,280 data_manager.py[line:1534] INFO {'notice_info_': {'distance': '0', 'path_info': '当前目标点:0 目标点总数: 0', 'progress': 0, 'control_info': '等待中', 'draw_info': 0, 'audio_light_info': 0, 'headlight_info': 0, 'side_light_info': 1, 'theta_error': 0.86, 'mapId': '1397858718729355265'}}
2021-07-03 11:32:50,354 data_manager.py[line:1534] INFO {'notice_info_': {'distance': '0', 'path_info': '当前目标点:0 目标点总数: 0', 'progress': 0, 'control_info': '等待中', 'draw_info': 0, 'audio_light_info': 0, 'headlight_info': 0, 'side_light_info': 1, 'theta_error': 0.86, 'mapId': '1397858718729355265'}}
2021-07-03 11:33:00,478 data_manager.py[line:1534] INFO {'notice_info_': {'distance': '0', 'path_info': '当前目标点:0 目标点总数: 0', 'progress': 0, 'control_info': '等待中', 'draw_info': 0, 'audio_light_info': 0, 'headlight_info': 0, 'side_light_info': 1, 'theta_error': 0.86, 'mapId': '1397858718729355265'}}
2021-07-03 11:33:07,166 data_manager.py[line:1341] INFO {'fakedate': {'weather': {'windSpeed': 8.3, 'windDirection': '45', 'rainfall': 7.5, 'illuminance': 9.7, 'temperature': 6, 'humidity': 73, 'pm25': 3, 'pm10': 33}, 'water': {'wt': 27.7, 'ph': 7.22, 'doDo': 5.11, 'cod': 19.1, 'ec': 445.8, 'td': 91.6, 'nh3Nh4': 0.605, 'tn': 13.9, 'tp': 0.2}, 'deviceId': '3c50f4c3-a9c1-4872-9f18-883af014380a', 'mapId': '1397858718729355265'}}
2021-07-03 11:33:10,506 data_manager.py[line:1534] INFO {'notice_info_': {'distance': '0', 'path_info': '当前目标点:0 目标点总数: 0', 'progress': 0, 'control_info': '等待中', 'draw_info': 0, 'audio_light_info': 0, 'headlight_info': 0, 'side_light_info': 1, 'theta_error': 0.86, 'mapId': '1397858718729355265'}}
2021-07-03 11:33:20,570 data_manager.py[line:1534] INFO {'notice_info_': {'distance': '0', 'path_info': '当前目标点:0 目标点总数: 0', 'progress': 0, 'control_info': '等待中', 'draw_info': 0, 'audio_light_info': 0, 'headlight_info': 0, 'side_light_info': 1, 'theta_error': 0.86, 'mapId': '1397858718729355265'}}
2021-07-03 11:33:30,507 data_manager.py[line:1534] INFO {'notice_info_': {'distance': '0', 'path_info': '当前目标点:0 目标点总数: 0', 'progress': 0, 'control_info': '等待中', 'draw_info': 0, 'audio_light_info': 0, 'headlight_info': 0, 'side_light_info': 1, 'theta_error': 0.86, 'mapId': '1397858718729355265'}}
