2021-07-01 17:25:20,615 data_manager.py[line:1538] INFO {'notice_info_': {'distance': '0', 'path_info': '当前目标点:0 目标点总数: 0', 'progress': 0, 'control_info': '等待中', 'draw_info': 0, 'audio_light_info': 0, 'headlight_info': 0, 'side_light_info': 1, 'theta_error': 0, 'mapId': ''}}
2021-07-01 17:25:30,001 data_manager.py[line:1538] INFO {'notice_info_': {'distance': '0', 'path_info': '当前目标点:0 目标点总数: 0', 'progress': 0, 'control_info': '等待中', 'draw_info': 0, 'audio_light_info': 0, 'headlight_info': 0, 'side_light_info': 1, 'theta_error': 0, 'mapId': ''}}
2021-07-01 17:25:40,257 data_manager.py[line:1538] INFO {'notice_info_': {'distance': '0', 'path_info': '当前目标点:0 目标点总数: 0', 'progress': 0, 'control_info': '等待中', 'draw_info': 0, 'audio_light_info': 0, 'headlight_info': 0, 'side_light_info': 1, 'theta_error': 0, 'mapId': ''}}
2021-07-01 17:25:50,663 data_manager.py[line:1538] INFO {'notice_info_': {'distance': '0', 'path_info': '当前目标点:0 目标点总数: 0', 'progress': 0, 'control_info': '等待中', 'draw_info': 0, 'audio_light_info': 0, 'headlight_info': 0, 'side_light_info': 1, 'theta_error': 0, 'mapId': '1397858718729355265'}}
2021-07-01 17:25:56,625 data_manager.py[line:459] INFO {'status change': (<ShipStatus.idle: 1>, <ShipStatus.computer_auto: 4>)}
2021-07-01 17:25:57,058 data_manager.py[line:1091] INFO {'点击地点': [[114.524096, 30.506807], [114.52401, 30.506733], [114.52401, 30.506659], [114.523924, 30.506585], [114.523838, 30.506511], [114.523752, 30.506437], [114.523752, 30.506363], [114.523666, 30.506289], [114.523666, 30.506215], [114.524203, 30.505789], [114.523774, 30.505049]]}
2021-07-01 17:25:57,064 data_manager.py[line:1116] INFO {'全部距离': 249.93134288909704}
2021-07-01 17:26:00,814 data_manager.py[line:1538] INFO {'notice_info_': {'distance': '65.52', 'path_info': '当前目标点:7 目标点总数: 56', 'progress': 12, 'control_info': '电脑自动', 'draw_info': 0, 'audio_light_info': 0, 'headlight_info': 0, 'side_light_info': 1, 'theta_error': -4.6, 'mapId': '1397858718729355265'}}
2021-07-01 17:26:08,125 data_manager.py[line:459] INFO {'status change': (<ShipStatus.computer_auto: 4>, <ShipStatus.tasking: 5>)}
2021-07-01 17:26:10,847 data_manager.py[line:1538] INFO {'notice_info_': {'distance': '2.18', 'path_info': '当前目标点:1 目标点总数: 3', 'progress': 33, 'control_info': '执行任务中', 'draw_info': 0, 'audio_light_info': 0, 'headlight_info': 0, 'side_light_info': 1, 'theta_error': -1.58, 'mapId': '1397858718729355265'}}
2021-07-01 17:26:19,844 data_manager.py[line:1345] INFO {'fakedate': {'weather': {'windSpeed': 0.6, 'windDirection': '225', 'rainfall': 5.2, 'illuminance': 2.9, 'temperature': 36, 'humidity': 40, 'pm25': 1, 'pm10': 23}, 'water': {'wt': 31.1, 'ph': 7.73, 'doDo': 3.53, 'cod': 5.3, 'ec': 456.1, 'td': 207.3, 'nh3Nh4': 0.429, 'tn': 9.3, 'tp': 0.1}, 'deviceId': '3c50f4c3-a9c1-4872-9f18-883af014380a', 'mapId': '1397858718729355265'}}
2021-07-01 17:26:20,785 data_manager.py[line:1538] INFO {'notice_info_': {'distance': '2.18', 'path_info': '当前目标点:1 目标点总数: 3', 'progress': 33, 'control_info': '执行任务中', 'draw_info': 0, 'audio_light_info': 0, 'headlight_info': 0, 'side_light_info': 1, 'theta_error': -1.58, 'mapId': '1397858718729355265'}}
2021-07-01 17:26:30,855 data_manager.py[line:1538] INFO {'notice_info_': {'distance': '2.18', 'path_info': '当前目标点:1 目标点总数: 3', 'progress': 33, 'control_info': '执行任务中', 'draw_info': 0, 'audio_light_info': 0, 'headlight_info': 0, 'side_light_info': 1, 'theta_error': -1.58, 'mapId': '1397858718729355265'}}
2021-07-01 17:26:32,975 data_manager.py[line:1402] INFO {'height_setting': {'motor_forward': 200, 'motor_steer': 200, 'kp': 2.0, 'ki': 0.3, 'kd': 1.0, 'full_speed_meter': 6.0, 'check_status_interval': 1.0, 'max_pwm': 1800, 'min_pwm': 1200, 'left_motor_cw': 1, 'right_motor_cw': 0, 'draw_time': 30, 'pid_interval': 0.2, 'start_sleep_time': 6, 'motor_init_time': 1, 'check_network_interval': 10, 'stop_pwm': 1500, 'network_backhome': 1, 'energy_backhome': 1, 'find_points_num': 5, 'b_tsp': 0, 'b_check_network': 1, 'b_play_audio': 0, 'home_debug': 1, 'obstacle_avoid_type': 0, 'path_plan_type': 1, 'path_track_type': 1, 'calibration_compass': 0, 'info_type': 3}}
2021-07-01 17:26:40,009 data_manager.py[line:459] INFO {'status change': (<ShipStatus.tasking: 5>, <ShipStatus.computer_auto: 4>)}
2021-07-01 17:26:40,478 data_manager.py[line:1091] INFO {'点击地点': [[114.524096, 30.506807], [114.52401, 30.506733], [114.52401, 30.506659], [114.523924, 30.506585], [114.523838, 30.506511], [114.523752, 30.506437], [114.523752, 30.506363], [114.523666, 30.506289], [114.523666, 30.506215], [114.524203, 30.505789], [114.523774, 30.505049]]}
2021-07-01 17:26:40,872 data_manager.py[line:1538] INFO {'notice_info_': {'distance': '72.17', 'path_info': '当前目标点:2 目标点总数: 56', 'progress': 3, 'control_info': '电脑自动', 'draw_info': 0, 'audio_light_info': 0, 'headlight_info': 0, 'side_light_info': 1, 'theta_error': 44.08, 'mapId': '1397858718729355265'}}
2021-07-01 17:26:41,062 data_manager.py[line:1402] INFO {'height_setting': {'motor_forward': 200, 'motor_steer': 200, 'kp': 2.0, 'ki': 0.3, 'kd': 1.0, 'full_speed_meter': 6.0, 'check_status_interval': 1.0, 'max_pwm': 1800, 'min_pwm': 1200, 'left_motor_cw': 1, 'right_motor_cw': 0, 'draw_time': 30, 'pid_interval': 0.2, 'start_sleep_time': 6, 'motor_init_time': 1, 'check_network_interval': 10, 'stop_pwm': 1500, 'network_backhome': 1, 'energy_backhome': 1, 'find_points_num': 5, 'b_tsp': 0, 'b_check_network': 1, 'b_play_audio': 0, 'home_debug': 1, 'obstacle_avoid_type': 0, 'path_plan_type': 1, 'path_track_type': 1, 'calibration_compass': 0, 'info_type': 3}}
2021-07-01 17:26:48,769 data_manager.py[line:459] INFO {'status change': (<ShipStatus.computer_auto: 4>, <ShipStatus.tasking: 5>)}
2021-07-01 17:26:50,923 data_manager.py[line:1538] INFO {'notice_info_': {'distance': '2.4', 'path_info': '当前目标点:2 目标点总数: 3', 'progress': 66, 'control_info': '执行任务中', 'draw_info': 0, 'audio_light_info': 0, 'headlight_info': 0, 'side_light_info': 1, 'theta_error': 1.23, 'mapId': '1397858718729355265'}}
2021-07-01 17:26:55,439 data_manager.py[line:459] INFO {'status change': (<ShipStatus.tasking: 5>, <ShipStatus.computer_auto: 4>)}
2021-07-01 17:26:55,875 data_manager.py[line:1091] INFO {'点击地点': [[114.524096, 30.506807], [114.52401, 30.506733], [114.52401, 30.506659], [114.523924, 30.506585], [114.523838, 30.506511], [114.523752, 30.506437], [114.523752, 30.506363], [114.523666, 30.506289], [114.523666, 30.506215], [114.524203, 30.505789], [114.523774, 30.505049]]}
2021-07-01 17:27:06,161 data_manager.py[line:459] INFO {'status change': (<ShipStatus.computer_auto: 4>, <ShipStatus.tasking: 5>)}
2021-07-01 17:27:10,989 data_manager.py[line:1538] INFO {'notice_info_': {'distance': '2.25', 'path_info': '当前目标点:3 目标点总数: 3', 'progress': 100, 'control_info': '执行任务中', 'draw_info': 0, 'audio_light_info': 0, 'headlight_info': 0, 'side_light_info': 1, 'theta_error': 1.44, 'mapId': '1397858718729355265'}}
2021-07-01 17:27:12,905 data_manager.py[line:459] INFO {'status change': (<ShipStatus.tasking: 5>, <ShipStatus.computer_control: 3>)}
2021-07-01 17:27:12,911 data_manager.py[line:405] INFO 清除自动状态数据
2021-07-01 17:27:12,917 data_manager.py[line:459] INFO {'status change': (<ShipStatus.computer_control: 3>, <ShipStatus.idle: 1>)}
2021-07-01 17:27:20,085 data_manager.py[line:1345] INFO {'fakedate': {'weather': {'windSpeed': 1.5, 'windDirection': '0', 'rainfall': 9.8, 'illuminance': 1.6, 'temperature': 31, 'humidity': 82, 'pm25': 15, 'pm10': 32}, 'water': {'wt': 28.5, 'ph': 7.92, 'doDo': 9.59, 'cod': 19.2, 'ec': 202.4, 'td': 407.9, 'nh3Nh4': 0.206, 'tn': 17.0, 'tp': 0.2}, 'deviceId': '3c50f4c3-a9c1-4872-9f18-883af014380a', 'mapId': '1397858718729355265'}}
2021-07-01 17:27:30,984 data_manager.py[line:1538] INFO {'notice_info_': {'distance': '0', 'path_info': '当前目标点:0 目标点总数: 0', 'progress': 0, 'control_info': '等待中', 'draw_info': 0, 'audio_light_info': 0, 'headlight_info': 0, 'side_light_info': 1, 'theta_error': 1.44, 'mapId': '1397858718729355265'}}
2021-07-01 17:27:40,449 data_manager.py[line:1538] INFO {'notice_info_': {'distance': '0', 'path_info': '当前目标点:0 目标点总数: 0', 'progress': 0, 'control_info': '等待中', 'draw_info': 0, 'audio_light_info': 0, 'headlight_info': 0, 'side_light_info': 1, 'theta_error': 1.44, 'mapId': '1397858718729355265'}}
2021-07-01 17:27:50,455 data_manager.py[line:1538] INFO {'notice_info_': {'distance': '0', 'path_info': '当前目标点:0 目标点总数: 0', 'progress': 0, 'control_info': '等待中', 'draw_info': 0, 'audio_light_info': 0, 'headlight_info': 0, 'side_light_info': 1, 'theta_error': 1.44, 'mapId': '1397858718729355265'}}
2021-07-01 17:28:00,424 data_manager.py[line:1538] INFO {'notice_info_': {'distance': '0', 'path_info': '当前目标点:0 目标点总数: 0', 'progress': 0, 'control_info': '等待中', 'draw_info': 0, 'audio_light_info': 0, 'headlight_info': 0, 'side_light_info': 1, 'theta_error': 1.44, 'mapId': '1397858718729355265'}}
2021-07-01 17:28:06,250 data_manager.py[line:459] INFO {'status change': (<ShipStatus.idle: 1>, <ShipStatus.computer_auto: 4>)}
2021-07-01 17:28:06,481 data_manager.py[line:1091] INFO {'点击地点': [[114.524332, 30.505234], [114.524547, 30.505586], [114.525406, 30.505715]]}
2021-07-01 17:28:06,487 data_manager.py[line:1116] INFO {'全部距离': 183.13097288117874}
2021-07-01 17:28:10,412 data_manager.py[line:1538] INFO {'notice_info_': {'distance': '31.38', 'path_info': '当前目标点:6 目标点总数: 38', 'progress': 15, 'control_info': '电脑自动', 'draw_info': 0, 'audio_light_info': 0, 'headlight_info': 0, 'side_light_info': 1, 'theta_error': 0.04, 'mapId': '1397858718729355265'}}
2021-07-01 17:28:13,380 data_manager.py[line:459] INFO {'status change': (<ShipStatus.computer_auto: 4>, <ShipStatus.tasking: 5>)}
2021-07-01 17:28:19,995 data_manager.py[line:459] INFO {'status change': (<ShipStatus.tasking: 5>, <ShipStatus.computer_auto: 4>)}
2021-07-01 17:28:20,393 data_manager.py[line:1538] INFO {'notice_info_': {'distance': '2.34', 'path_info': '当前目标点:1 目标点总数: 3', 'progress': 33, 'control_info': '执行任务中', 'draw_info': 0, 'audio_light_info': 0, 'headlight_info': 0, 'side_light_info': 1, 'theta_error': 0.67, 'mapId': '1397858718729355265'}}
2021-07-01 17:28:20,477 data_manager.py[line:1091] INFO {'点击地点': [[114.524332, 30.505234], [114.524547, 30.505586], [114.525406, 30.505715]]}
2021-07-01 17:28:21,003 data_manager.py[line:1345] INFO {'fakedate': {'weather': {'windSpeed': 6.2, 'windDirection': '180', 'rainfall': 6.8, 'illuminance': 2.0, 'temperature': 32, 'humidity': 67, 'pm25': 18, 'pm10': 22}, 'water': {'wt': 30.3, 'ph': 8.58, 'doDo': 4.13, 'cod': 13.9, 'ec': 224.3, 'td': 235.4, 'nh3Nh4': 0.503, 'tn': 14.2, 'tp': 0.1}, 'deviceId': '3c50f4c3-a9c1-4872-9f18-883af014380a', 'mapId': '1397858718729355265'}}
2021-07-01 17:28:25,277 data_manager.py[line:459] INFO {'status change': (<ShipStatus.computer_auto: 4>, <ShipStatus.tasking: 5>)}
2021-07-01 17:28:30,402 data_manager.py[line:1538] INFO {'notice_info_': {'distance': '2.03', 'path_info': '当前目标点:2 目标点总数: 3', 'progress': 66, 'control_info': '执行任务中', 'draw_info': 0, 'audio_light_info': 0, 'headlight_info': 0, 'side_light_info': 1, 'theta_error': -0.47, 'mapId': '1397858718729355265'}}
2021-07-01 17:28:31,848 data_manager.py[line:459] INFO {'status change': (<ShipStatus.tasking: 5>, <ShipStatus.computer_auto: 4>)}
2021-07-01 17:28:32,340 data_manager.py[line:1091] INFO {'点击地点': [[114.524332, 30.505234], [114.524547, 30.505586], [114.525406, 30.505715]]}
2021-07-01 17:28:40,308 data_manager.py[line:1538] INFO {'notice_info_': {'distance': '18.7', 'path_info': '当前目标点:16 目标点总数: 38', 'progress': 42, 'control_info': '电脑自动', 'draw_info': 0, 'audio_light_info': 0, 'headlight_info': 0, 'side_light_info': 1, 'theta_error': -2.05, 'mapId': '1397858718729355265'}}
2021-07-01 17:28:41,968 data_manager.py[line:459] INFO {'status change': (<ShipStatus.computer_auto: 4>, <ShipStatus.tasking: 5>)}
2021-07-01 17:28:48,654 data_manager.py[line:459] INFO {'status change': (<ShipStatus.tasking: 5>, <ShipStatus.computer_control: 3>)}
2021-07-01 17:28:48,666 data_manager.py[line:405] INFO 清除自动状态数据
2021-07-01 17:28:48,672 data_manager.py[line:459] INFO {'status change': (<ShipStatus.computer_control: 3>, <ShipStatus.idle: 1>)}
2021-07-01 17:28:50,280 data_manager.py[line:1538] INFO {'notice_info_': {'distance': '0', 'path_info': '当前目标点:0 目标点总数: 0', 'progress': 0, 'control_info': '等待中', 'draw_info': 0, 'audio_light_info': 0, 'headlight_info': 0, 'side_light_info': 1, 'theta_error': 0.26, 'mapId': '1397858718729355265'}}
2021-07-01 17:29:00,167 data_manager.py[line:1538] INFO {'notice_info_': {'distance': '0', 'path_info': '当前目标点:0 目标点总数: 0', 'progress': 0, 'control_info': '等待中', 'draw_info': 0, 'audio_light_info': 0, 'headlight_info': 0, 'side_light_info': 1, 'theta_error': 0.26, 'mapId': '1397858718729355265'}}
2021-07-01 17:29:10,169 data_manager.py[line:1538] INFO {'notice_info_': {'distance': '0', 'path_info': '当前目标点:0 目标点总数: 0', 'progress': 0, 'control_info': '等待中', 'draw_info': 0, 'audio_light_info': 0, 'headlight_info': 0, 'side_light_info': 1, 'theta_error': 0.26, 'mapId': '1397858718729355265'}}
2021-07-01 17:29:20,649 data_manager.py[line:1538] INFO {'notice_info_': {'distance': '0', 'path_info': '当前目标点:0 目标点总数: 0', 'progress': 0, 'control_info': '等待中', 'draw_info': 0, 'audio_light_info': 0, 'headlight_info': 0, 'side_light_info': 1, 'theta_error': 0, 'mapId': ''}}
2021-07-01 17:29:30,875 data_manager.py[line:1538] INFO {'notice_info_': {'distance': '0', 'path_info': '当前目标点:0 目标点总数: 0', 'progress': 0, 'control_info': '等待中', 'draw_info': 0, 'audio_light_info': 0, 'headlight_info': 0, 'side_light_info': 1, 'theta_error': 0, 'mapId': ''}}
2021-07-01 17:29:40,610 data_manager.py[line:1538] INFO {'notice_info_': {'distance': '0', 'path_info': '当前目标点:0 目标点总数: 0', 'progress': 0, 'control_info': '等待中', 'draw_info': 0, 'audio_light_info': 0, 'headlight_info': 0, 'side_light_info': 1, 'theta_error': 0, 'mapId': '1397858718729355265'}}
2021-07-01 17:29:42,000 data_manager.py[line:459] INFO {'status change': (<ShipStatus.idle: 1>, <ShipStatus.computer_auto: 4>)}
2021-07-01 17:29:42,395 data_manager.py[line:1091] INFO {'点击地点': [[114.523698, 30.506354], [114.523999, 30.505697], [114.524385, 30.505225]]}
2021-07-01 17:29:42,401 data_manager.py[line:1116] INFO {'全部距离': 210.06835565555505}
2021-07-01 17:29:50,687 data_manager.py[line:1538] INFO {'notice_info_': {'distance': '2.31', 'path_info': '当前目标点:11 目标点总数: 43', 'progress': 25, 'control_info': '电脑自动', 'draw_info': 0, 'audio_light_info': 0, 'headlight_info': 0, 'side_light_info': 1, 'theta_error': 0.84, 'mapId': '1397858718729355265'}}
2021-07-01 17:29:50,711 data_manager.py[line:459] INFO {'status change': (<ShipStatus.computer_auto: 4>, <ShipStatus.tasking: 5>)}
2021-07-01 17:29:57,382 data_manager.py[line:459] INFO {'status change': (<ShipStatus.tasking: 5>, <ShipStatus.computer_auto: 4>)}
2021-07-01 17:29:57,826 data_manager.py[line:1091] INFO {'点击地点': [[114.523698, 30.506354], [114.523999, 30.505697], [114.524385, 30.505225]]}
2021-07-01 17:30:00,665 data_manager.py[line:1538] INFO {'notice_info_': {'distance': '57.94', 'path_info': '当前目标点:7 目标点总数: 43', 'progress': 16, 'control_info': '电脑自动', 'draw_info': 0, 'audio_light_info': 0, 'headlight_info': 0, 'side_light_info': 1, 'theta_error': -0.24, 'mapId': '1397858718729355265'}}
2021-07-01 17:30:06,724 data_manager.py[line:459] INFO {'status change': (<ShipStatus.computer_auto: 4>, <ShipStatus.tasking: 5>)}
2021-07-01 17:30:10,627 data_manager.py[line:1538] INFO {'notice_info_': {'distance': '2.14', 'path_info': '当前目标点:15 目标点总数: 43', 'progress': 34, 'control_info': '执行任务中', 'draw_info': 0, 'audio_light_info': 0, 'headlight_info': 0, 'side_light_info': 1, 'theta_error': 0.13, 'mapId': '1397858718729355265'}}
2021-07-01 17:30:13,411 data_manager.py[line:459] INFO {'status change': (<ShipStatus.tasking: 5>, <ShipStatus.computer_auto: 4>)}
2021-07-01 17:30:13,850 data_manager.py[line:1091] INFO {'点击地点': [[114.523698, 30.506354], [114.523999, 30.505697], [114.524385, 30.505225]]}
2021-07-01 17:31:10,840 data_manager.py[line:1537] INFO {'notice_info_': {'distance': '0', 'path_info': '当前目标点:0 目标点总数: 0', 'progress': 0, 'control_info': '等待中', 'draw_info': 0, 'audio_light_info': 0, 'headlight_info': 0, 'side_light_info': 1, 'theta_error': 0, 'mapId': ''}}
2021-07-01 17:31:19,827 data_manager.py[line:459] INFO {'status change': (<ShipStatus.idle: 1>, <ShipStatus.computer_auto: 4>)}
2021-07-01 17:31:19,924 data_manager.py[line:1091] INFO {'点击地点': [[114.523652, 30.506389], [114.524081, 30.505658], [114.524447, 30.505945]]}
2021-07-01 17:31:19,936 data_manager.py[line:1116] INFO {'全部距离': 205.36338582241154}
2021-07-01 17:31:20,652 data_manager.py[line:1537] INFO {'notice_info_': {'distance': '67.57', 'path_info': '当前目标点:13 目标点总数: 43', 'progress': 30, 'control_info': '电脑自动', 'draw_info': 0, 'audio_light_info': 0, 'headlight_info': 0, 'side_light_info': 1, 'theta_error': 92.11, 'mapId': '1397858718729355265'}}
2021-07-01 17:31:28,189 data_manager.py[line:459] INFO {'status change': (<ShipStatus.computer_auto: 4>, <ShipStatus.tasking: 5>)}
2021-07-01 17:31:30,641 data_manager.py[line:1537] INFO {'notice_info_': {'distance': '2.29', 'path_info': '当前目标点:24 目标点总数: 43', 'progress': 55, 'control_info': '执行任务中', 'draw_info': 0, 'audio_light_info': 0, 'headlight_info': 0, 'side_light_info': 1, 'theta_error': -1.16, 'mapId': '1397858718729355265'}}
2021-07-01 17:31:34,777 data_manager.py[line:459] INFO {'status change': (<ShipStatus.tasking: 5>, <ShipStatus.computer_auto: 4>)}
2021-07-01 17:31:35,258 data_manager.py[line:1091] INFO {'点击地点': [[114.523652, 30.506389], [114.524081, 30.505658], [114.524447, 30.505945]]}
2021-07-01 17:31:40,554 data_manager.py[line:1537] INFO {'notice_info_': {'distance': '48.97', 'path_info': '当前目标点:43 目标点总数: 43', 'progress': 100, 'control_info': '电脑自动', 'draw_info': 0, 'audio_light_info': 0, 'headlight_info': 0, 'side_light_info': 1, 'theta_error': -0.26, 'mapId': '1397858718729355265'}}
2021-07-01 17:31:45,490 data_manager.py[line:459] INFO {'status change': (<ShipStatus.computer_auto: 4>, <ShipStatus.tasking: 5>)}
2021-07-01 17:33:10,085 data_manager.py[line:1538] INFO {'notice_info_': {'distance': '0', 'path_info': '当前目标点:0 目标点总数: 0', 'progress': 0, 'control_info': '等待中', 'draw_info': 0, 'audio_light_info': 0, 'headlight_info': 0, 'side_light_info': 1, 'theta_error': 0, 'mapId': ''}}
2021-07-01 17:33:20,358 data_manager.py[line:1538] INFO {'notice_info_': {'distance': '0', 'path_info': '当前目标点:0 目标点总数: 0', 'progress': 0, 'control_info': '等待中', 'draw_info': 0, 'audio_light_info': 0, 'headlight_info': 0, 'side_light_info': 1, 'theta_error': 0, 'mapId': ''}}
2021-07-01 17:33:30,968 data_manager.py[line:1538] INFO {'notice_info_': {'distance': '0', 'path_info': '当前目标点:0 目标点总数: 0', 'progress': 0, 'control_info': '等待中', 'draw_info': 0, 'audio_light_info': 0, 'headlight_info': 0, 'side_light_info': 1, 'theta_error': 0, 'mapId': '1397858718729355265'}}
2021-07-01 17:33:35,740 data_manager.py[line:459] INFO {'status change': (<ShipStatus.idle: 1>, <ShipStatus.computer_auto: 4>)}
2021-07-01 17:33:35,796 data_manager.py[line:1092] INFO {'点击地点': [[114.523726, 30.506184], [114.524419, 30.505948], [114.523802, 30.505532]]}
2021-07-01 17:33:35,808 data_manager.py[line:1117] INFO {'全部距离': 228.85098649505733}
2021-07-01 17:33:40,886 data_manager.py[line:1538] INFO {'notice_info_': {'distance': '54.06', 'path_info': '当前目标点:23 目标点总数: 48', 'progress': 47, 'control_info': '电脑自动', 'draw_info': 0, 'audio_light_info': 0, 'headlight_info': 0, 'side_light_info': 1, 'theta_error': -0.4, 'mapId': '1397858718729355265'}}
2021-07-01 17:33:46,738 data_manager.py[line:459] INFO {'status change': (<ShipStatus.computer_auto: 4>, <ShipStatus.tasking: 5>)}
2021-07-01 17:33:50,898 data_manager.py[line:1538] INFO {'notice_info_': {'distance': '2.32', 'path_info': '当前目标点:30 目标点总数: 48', 'progress': 62, 'control_info': '执行任务中', 'draw_info': 0, 'audio_light_info': 0, 'headlight_info': 0, 'side_light_info': 1, 'theta_error': 0.25, 'mapId': '1397858718729355265'}}
2021-07-01 17:33:53,417 data_manager.py[line:459] INFO {'status change': (<ShipStatus.tasking: 5>, <ShipStatus.computer_auto: 4>)}
2021-07-01 17:33:53,892 data_manager.py[line:1092] INFO {'点击地点': [[114.523726, 30.506184], [114.524419, 30.505948], [114.523802, 30.505532]]}
2021-07-01 17:35:40,422 data_manager.py[line:1541] INFO {'notice_info_': {'distance': '0', 'path_info': '当前目标点:0 目标点总数: 0', 'progress': 0, 'control_info': '等待中', 'draw_info': 0, 'audio_light_info': 0, 'headlight_info': 0, 'side_light_info': 1, 'theta_error': 0, 'mapId': ''}}
2021-07-01 17:35:50,610 data_manager.py[line:1541] INFO {'notice_info_': {'distance': '0', 'path_info': '当前目标点:0 目标点总数: 0', 'progress': 0, 'control_info': '等待中', 'draw_info': 0, 'audio_light_info': 0, 'headlight_info': 0, 'side_light_info': 1, 'theta_error': 0, 'mapId': ''}}
2021-07-01 17:36:00,824 data_manager.py[line:1541] INFO {'notice_info_': {'distance': '0', 'path_info': '当前目标点:0 目标点总数: 0', 'progress': 0, 'control_info': '等待中', 'draw_info': 0, 'audio_light_info': 0, 'headlight_info': 0, 'side_light_info': 1, 'theta_error': 0, 'mapId': ''}}
2021-07-01 17:36:10,002 data_manager.py[line:1541] INFO {'notice_info_': {'distance': '0', 'path_info': '当前目标点:0 目标点总数: 0', 'progress': 0, 'control_info': '等待中', 'draw_info': 0, 'audio_light_info': 0, 'headlight_info': 0, 'side_light_info': 1, 'theta_error': 0, 'mapId': ''}}
2021-07-01 17:36:20,225 data_manager.py[line:1541] INFO {'notice_info_': {'distance': '0', 'path_info': '当前目标点:0 目标点总数: 0', 'progress': 0, 'control_info': '等待中', 'draw_info': 0, 'audio_light_info': 0, 'headlight_info': 0, 'side_light_info': 1, 'theta_error': 0, 'mapId': ''}}
2021-07-01 17:36:30,826 data_manager.py[line:459] INFO {'status change': (<ShipStatus.idle: 1>, <ShipStatus.computer_auto: 4>)}
2021-07-01 17:36:31,035 data_manager.py[line:1095] INFO {'点击地点': [[114.523666, 30.506404], [114.524139, 30.505969], [114.52386, 30.505525]]}
2021-07-01 17:36:31,053 data_manager.py[line:1120] INFO {'全部距离': 187.14963582686258}
2021-07-01 17:36:35,237 data_manager.py[line:1348] INFO {'fakedate': {'weather': {'windSpeed': 5.3, 'windDirection': '135', 'rainfall': 9.7, 'illuminance': 7.2, 'temperature': 27, 'humidity': 41, 'pm25': 11, 'pm10': 21}, 'water': {'wt': 28.6, 'ph': 7.86, 'doDo': 2.27, 'cod': 14.2, 'ec': 218.2, 'td': 222.2, 'nh3Nh4': 0.347, 'tn': 4.9, 'tp': 0.1}, 'deviceId': '3c50f4c3-a9c1-4872-9f18-883af014380a', 'mapId': '1397858718729355265'}}
2021-07-01 17:36:39,145 data_manager.py[line:459] INFO {'status change': (<ShipStatus.computer_auto: 4>, <ShipStatus.tasking: 5>)}
2021-07-01 17:36:40,026 data_manager.py[line:1541] INFO {'notice_info_': {'distance': '2.03', 'path_info': '当前目标点:1 目标点总数: 3', 'progress': 33, 'control_info': '电脑自动', 'draw_info': 0, 'audio_light_info': 0, 'headlight_info': 0, 'side_light_info': 1, 'theta_error': 0.85, 'mapId': '1397858718729355265'}}
2021-07-01 17:36:45,832 data_manager.py[line:459] INFO {'status change': (<ShipStatus.tasking: 5>, <ShipStatus.computer_auto: 4>)}
2021-07-01 17:36:46,226 data_manager.py[line:1095] INFO {'点击地点': [[114.523666, 30.506404], [114.524139, 30.505969], [114.52386, 30.505525]]}
2021-07-01 17:36:50,008 data_manager.py[line:1541] INFO {'notice_info_': {'distance': '36.61', 'path_info': '当前目标点:21 目标点总数: 39', 'progress': 53, 'control_info': '电脑自动', 'draw_info': 0, 'audio_light_info': 0, 'headlight_info': 0, 'side_light_info': 1, 'theta_error': -0.35, 'mapId': '1397858718729355265'}}
2021-07-01 17:36:53,455 data_manager.py[line:459] INFO {'status change': (<ShipStatus.computer_auto: 4>, <ShipStatus.tasking: 5>)}
2021-07-01 17:37:00,046 data_manager.py[line:1541] INFO {'notice_info_': {'distance': '2.12', 'path_info': '当前目标点:2 目标点总数: 3', 'progress': 66, 'control_info': '执行任务中', 'draw_info': 0, 'audio_light_info': 0, 'headlight_info': 0, 'side_light_info': 1, 'theta_error': -0.83, 'mapId': '1397858718729355265'}}
2021-07-01 17:37:00,136 data_manager.py[line:459] INFO {'status change': (<ShipStatus.tasking: 5>, <ShipStatus.computer_auto: 4>)}
2021-07-01 17:37:00,595 data_manager.py[line:1095] INFO {'点击地点': [[114.523666, 30.506404], [114.524139, 30.505969], [114.52386, 30.505525]]}
2021-07-01 17:37:07,114 data_manager.py[line:459] INFO {'status change': (<ShipStatus.computer_auto: 4>, <ShipStatus.tasking: 5>)}
2021-07-01 17:37:10,074 data_manager.py[line:1541] INFO {'notice_info_': {'distance': '2.32', 'path_info': '当前目标点:3 目标点总数: 3', 'progress': 100, 'control_info': '执行任务中', 'draw_info': 0, 'audio_light_info': 0, 'headlight_info': 0, 'side_light_info': 1, 'theta_error': -0.06, 'mapId': '1397858718729355265'}}
2021-07-01 17:37:13,802 data_manager.py[line:459] INFO {'status change': (<ShipStatus.tasking: 5>, <ShipStatus.computer_control: 3>)}
2021-07-01 17:37:13,814 data_manager.py[line:405] INFO 清除自动状态数据
2021-07-01 17:37:13,820 data_manager.py[line:459] INFO {'status change': (<ShipStatus.computer_control: 3>, <ShipStatus.idle: 1>)}
2021-07-01 17:37:20,031 data_manager.py[line:1541] INFO {'notice_info_': {'distance': '0', 'path_info': '当前目标点:0 目标点总数: 0', 'progress': 0, 'control_info': '等待中', 'draw_info': 0, 'audio_light_info': 0, 'headlight_info': 0, 'side_light_info': 1, 'theta_error': -0.06, 'mapId': '1397858718729355265'}}
2021-07-01 17:37:30,873 data_manager.py[line:1541] INFO {'notice_info_': {'distance': '0', 'path_info': '当前目标点:0 目标点总数: 0', 'progress': 0, 'control_info': '等待中', 'draw_info': 0, 'audio_light_info': 0, 'headlight_info': 0, 'side_light_info': 1, 'theta_error': -0.06, 'mapId': '1397858718729355265'}}
2021-07-01 17:37:35,855 data_manager.py[line:1348] INFO {'fakedate': {'weather': {'windSpeed': 7.9, 'windDirection': '45', 'rainfall': 9.1, 'illuminance': 2.4, 'temperature': 14, 'humidity': 51, 'pm25': 9, 'pm10': 30}, 'water': {'wt': 29.9, 'ph': 7.83, 'doDo': 5.06, 'cod': 17.3, 'ec': 330.9, 'td': 315.2, 'nh3Nh4': 0.243, 'tn': 16.6, 'tp': 0.1}, 'deviceId': '3c50f4c3-a9c1-4872-9f18-883af014380a', 'mapId': '1397858718729355265'}}
2021-07-01 17:37:38,718 data_manager.py[line:459] INFO {'status change': (<ShipStatus.idle: 1>, <ShipStatus.computer_auto: 4>)}
2021-07-01 17:37:39,135 data_manager.py[line:1095] INFO {'点击地点': [[114.525557, 30.505729]]}
2021-07-01 17:37:39,143 data_manager.py[line:1120] INFO {'全部距离': 162.01633701053657}
2021-07-01 17:37:40,231 data_manager.py[line:1541] INFO {'notice_info_': {'distance': '161.73', 'path_info': '当前目标点:2 目标点总数: 33', 'progress': 6, 'control_info': '电脑自动', 'draw_info': 0, 'audio_light_info': 0, 'headlight_info': 0, 'side_light_info': 1, 'theta_error': 35.9, 'mapId': '1397858718729355265'}}
2021-07-01 17:37:58,453 data_manager.py[line:459] INFO {'status change': (<ShipStatus.computer_auto: 4>, <ShipStatus.tasking: 5>)}
2021-07-01 17:38:00,124 data_manager.py[line:1541] INFO {'notice_info_': {'distance': '2.02', 'path_info': '当前目标点:1 目标点总数: 1', 'progress': 100, 'control_info': '执行任务中', 'draw_info': 0, 'audio_light_info': 0, 'headlight_info': 0, 'side_light_info': 1, 'theta_error': -0.71, 'mapId': '1397858718729355265'}}
2021-07-01 17:38:05,185 data_manager.py[line:459] INFO {'status change': (<ShipStatus.tasking: 5>, <ShipStatus.computer_control: 3>)}
2021-07-01 17:38:05,197 data_manager.py[line:405] INFO 清除自动状态数据
2021-07-01 17:38:05,209 data_manager.py[line:459] INFO {'status change': (<ShipStatus.computer_control: 3>, <ShipStatus.idle: 1>)}
2021-07-01 17:38:10,186 data_manager.py[line:1541] INFO {'notice_info_': {'distance': '0', 'path_info': '当前目标点:0 目标点总数: 0', 'progress': 0, 'control_info': '等待中', 'draw_info': 0, 'audio_light_info': 0, 'headlight_info': 0, 'side_light_info': 1, 'theta_error': -0.71, 'mapId': '1397858718729355265'}}
2021-07-01 17:38:20,199 data_manager.py[line:1541] INFO {'notice_info_': {'distance': '0', 'path_info': '当前目标点:0 目标点总数: 0', 'progress': 0, 'control_info': '等待中', 'draw_info': 0, 'audio_light_info': 0, 'headlight_info': 0, 'side_light_info': 1, 'theta_error': -0.71, 'mapId': '1397858718729355265'}}
2021-07-01 17:38:30,170 data_manager.py[line:1541] INFO {'notice_info_': {'distance': '0', 'path_info': '当前目标点:0 目标点总数: 0', 'progress': 0, 'control_info': '等待中', 'draw_info': 0, 'audio_light_info': 0, 'headlight_info': 0, 'side_light_info': 1, 'theta_error': -0.71, 'mapId': '1397858718729355265'}}
2021-07-02 08:45:00,436 data_manager.py[line:1523] INFO {'notice_info_': {'distance': '0', 'path_info': '当前目标点:0 目标点总数: 0', 'progress': 0, 'control_info': '等待中', 'draw_info': 0, 'audio_light_info': 0, 'headlight_info': 0, 'side_light_info': 1, 'theta_error': 0, 'mapId': ''}}
2021-07-02 08:45:10,920 data_manager.py[line:1523] INFO {'notice_info_': {'distance': '0', 'path_info': '当前目标点:0 目标点总数: 0', 'progress': 0, 'control_info': '等待中', 'draw_info': 0, 'audio_light_info': 0, 'headlight_info': 0, 'side_light_info': 1, 'theta_error': 0, 'mapId': '1397858718729355265'}}
2021-07-02 08:45:16,422 data_manager.py[line:447] INFO {'status change': (<ShipStatus.idle: 1>, <ShipStatus.computer_auto: 4>)}
2021-07-02 08:45:16,488 data_manager.py[line:1077] INFO {'点击地点': [[114.523611, 30.506345], [114.523848, 30.505813], [114.524809, 30.505494]]}
2021-07-02 08:45:16,493 data_manager.py[line:1102] INFO {'全部距离': 235.16873068129928}
2021-07-02 08:45:20,882 data_manager.py[line:1523] INFO {'notice_info_': {'distance': '45.06', 'path_info': '当前目标点:7 目标点总数: 48', 'progress': 14, 'control_info': '电脑自动', 'draw_info': 0, 'audio_light_info': 0, 'headlight_info': 0, 'side_light_info': 1, 'theta_error': -0.24, 'mapId': '1397858718729355265'}}
2021-07-02 08:45:22,971 data_manager.py[line:447] INFO {'status change': (<ShipStatus.computer_auto: 4>, <ShipStatus.tasking: 5>)}
2021-07-02 08:45:28,888 data_manager.py[line:447] INFO {'status change': (<ShipStatus.tasking: 5>, <ShipStatus.computer_auto: 4>)}
2021-07-02 08:45:29,294 data_manager.py[line:1077] INFO {'点击地点': [[114.523611, 30.506345], [114.523848, 30.505813], [114.524809, 30.505494]]}
2021-07-02 08:45:30,844 data_manager.py[line:1523] INFO {'notice_info_': {'distance': '9.64', 'path_info': '当前目标点:12 目标点总数: 48', 'progress': 25, 'control_info': '电脑自动', 'draw_info': 0, 'audio_light_info': 0, 'headlight_info': 0, 'side_light_info': 1, 'theta_error': 0.12, 'mapId': '1397858718729355265'}}
2021-07-02 08:45:31,748 data_manager.py[line:447] INFO {'status change': (<ShipStatus.computer_auto: 4>, <ShipStatus.tasking: 5>)}
2021-07-02 08:45:38,439 data_manager.py[line:447] INFO {'status change': (<ShipStatus.tasking: 5>, <ShipStatus.computer_auto: 4>)}
2021-07-02 08:45:38,930 data_manager.py[line:1077] INFO {'点击地点': [[114.523611, 30.506345], [114.523848, 30.505813], [114.524809, 30.505494]]}
2021-07-02 08:45:40,846 data_manager.py[line:1523] INFO {'notice_info_': {'distance': '51.99', 'path_info': '当前目标点:19 目标点总数: 48', 'progress': 39, 'control_info': '电脑自动', 'draw_info': 0, 'audio_light_info': 0, 'headlight_info': 0, 'side_light_info': 1, 'theta_error': 0.85, 'mapId': '1397858718729355265'}}
2021-07-02 08:45:46,120 data_manager.py[line:447] INFO {'status change': (<ShipStatus.computer_auto: 4>, <ShipStatus.tasking: 5>)}
2021-07-02 08:45:50,886 data_manager.py[line:1523] INFO {'notice_info_': {'distance': '2.25', 'path_info': '当前目标点:2 目标点总数: 3', 'progress': 66, 'control_info': '执行任务中', 'draw_info': 1, 'audio_light_info': 0, 'headlight_info': 0, 'side_light_info': 1, 'theta_error': -1.44, 'mapId': '1397858718729355265'}}
2021-07-02 08:45:51,264 data_manager.py[line:1330] INFO {'fakedate': {'weather': {'windSpeed': 4.4, 'windDirection': '225', 'rainfall': 6.8, 'illuminance': 4.3, 'temperature': 13, 'humidity': 80, 'pm25': 16, 'pm10': 31}, 'water': {'wt': 30.1, 'ph': 7.39, 'doDo': 5.84, 'cod': 9.7, 'ec': 181.1, 'td': 462.1, 'nh3Nh4': 0.804, 'tn': 3.5, 'tp': 0.2}, 'deviceId': '3c50f4c3-a9c1-4872-9f18-883af014380a', 'mapId': '1397858718729355265'}}
2021-07-02 08:45:52,917 data_manager.py[line:447] INFO {'status change': (<ShipStatus.tasking: 5>, <ShipStatus.computer_auto: 4>)}
2021-07-02 08:45:53,374 data_manager.py[line:1077] INFO {'点击地点': [[114.523611, 30.506345], [114.523848, 30.505813], [114.524809, 30.505494]]}
2021-07-02 08:46:00,184 data_manager.py[line:1523] INFO {'notice_info_': {'distance': '41.91', 'path_info': '当前目标点:41 目标点总数: 48', 'progress': 85, 'control_info': '电脑自动', 'draw_info': 0, 'audio_light_info': 0, 'headlight_info': 0, 'side_light_info': 1, 'theta_error': -0.01, 'mapId': '1397858718729355265'}}
2021-07-02 08:46:04,237 data_manager.py[line:447] INFO {'status change': (<ShipStatus.computer_auto: 4>, <ShipStatus.tasking: 5>)}
2021-07-02 08:46:10,178 data_manager.py[line:1523] INFO {'notice_info_': {'distance': '2.34', 'path_info': '当前目标点:3 目标点总数: 3', 'progress': 100, 'control_info': '执行任务中', 'draw_info': 1, 'audio_light_info': 0, 'headlight_info': 0, 'side_light_info': 1, 'theta_error': -0.35, 'mapId': '1397858718729355265'}}
2021-07-02 08:46:11,014 data_manager.py[line:447] INFO {'status change': (<ShipStatus.tasking: 5>, <ShipStatus.computer_control: 3>)}
2021-07-02 08:46:11,026 data_manager.py[line:393] INFO 清除自动状态数据
2021-07-02 08:46:11,038 data_manager.py[line:447] INFO {'status change': (<ShipStatus.computer_control: 3>, <ShipStatus.idle: 1>)}
2021-07-02 08:46:20,707 data_manager.py[line:1523] INFO {'notice_info_': {'distance': '0', 'path_info': '当前目标点:0 目标点总数: 0', 'progress': 0, 'control_info': '等待中', 'draw_info': 0, 'audio_light_info': 0, 'headlight_info': 0, 'side_light_info': 1, 'theta_error': -0.35, 'mapId': '1397858718729355265'}}
2021-07-02 08:46:25,991 data_manager.py[line:447] INFO {'status change': (<ShipStatus.idle: 1>, <ShipStatus.computer_auto: 4>)}
2021-07-02 08:46:26,178 data_manager.py[line:1077] INFO {'点击地点': [[114.525018, 30.505188], [114.524454, 30.50517], [114.523966, 30.504874], [114.523262, 30.505568]]}
2021-07-02 08:46:26,190 data_manager.py[line:1102] INFO {'全部距离': 254.68917205527}
2021-07-02 08:46:30,673 data_manager.py[line:447] INFO {'status change': (<ShipStatus.computer_auto: 4>, <ShipStatus.tasking: 5>)}
2021-07-02 08:46:30,737 data_manager.py[line:1523] INFO {'notice_info_': {'distance': '2.45', 'path_info': '当前目标点:1 目标点总数: 4', 'progress': 25, 'control_info': '电脑自动', 'draw_info': 1, 'audio_light_info': 0, 'headlight_info': 0, 'side_light_info': 1, 'theta_error': -0.49, 'mapId': '1397858718729355265'}}
2021-07-02 08:46:37,459 data_manager.py[line:447] INFO {'status change': (<ShipStatus.tasking: 5>, <ShipStatus.computer_auto: 4>)}
2021-07-02 08:46:37,876 data_manager.py[line:1077] INFO {'点击地点': [[114.525018, 30.505188], [114.524454, 30.50517], [114.523966, 30.504874], [114.523262, 30.505568]]}
2021-07-02 08:46:40,731 data_manager.py[line:1523] INFO {'notice_info_': {'distance': '38.43', 'path_info': '当前目标点:14 目标点总数: 53', 'progress': 26, 'control_info': '电脑自动', 'draw_info': 0, 'audio_light_info': 0, 'headlight_info': 0, 'side_light_info': 1, 'theta_error': 2.97, 'mapId': '1397858718729355265'}}
2021-07-02 08:46:44,677 data_manager.py[line:447] INFO {'status change': (<ShipStatus.computer_auto: 4>, <ShipStatus.tasking: 5>)}
2021-07-02 08:46:51,430 data_manager.py[line:447] INFO {'status change': (<ShipStatus.tasking: 5>, <ShipStatus.computer_auto: 4>)}
2021-07-02 08:46:51,509 data_manager.py[line:1330] INFO {'fakedate': {'weather': {'windSpeed': 8.5, 'windDirection': '45', 'rainfall': 6.6, 'illuminance': 2.5, 'temperature': 9, 'humidity': 66, 'pm25': 12, 'pm10': 20}, 'water': {'wt': 29.3, 'ph': 7.6, 'doDo': 3.04, 'cod': 19.7, 'ec': 333.5, 'td': 27.7, 'nh3Nh4': 0.535, 'tn': 8.8, 'tp': 0.2}, 'deviceId': '3c50f4c3-a9c1-4872-9f18-883af014380a', 'mapId': '1397858718729355265'}}
2021-07-02 08:46:51,924 data_manager.py[line:1077] INFO {'点击地点': [[114.525018, 30.505188], [114.524454, 30.50517], [114.523966, 30.504874], [114.523262, 30.505568]]}
2021-07-02 08:46:58,314 data_manager.py[line:447] INFO {'status change': (<ShipStatus.computer_auto: 4>, <ShipStatus.tasking: 5>)}
2021-07-02 08:47:05,032 data_manager.py[line:447] INFO {'status change': (<ShipStatus.tasking: 5>, <ShipStatus.computer_auto: 4>)}
2021-07-02 08:47:05,477 data_manager.py[line:1077] INFO {'点击地点': [[114.525018, 30.505188], [114.524454, 30.50517], [114.523966, 30.504874], [114.523262, 30.505568]]}
2021-07-02 08:47:10,963 data_manager.py[line:1523] INFO {'notice_info_': {'distance': '58.42', 'path_info': '当前目标点:42 目标点总数: 53', 'progress': 79, 'control_info': '电脑自动', 'draw_info': 0, 'audio_light_info': 0, 'headlight_info': 0, 'side_light_info': 1, 'theta_error': 0.13, 'mapId': '1397858718729355265'}}
2021-07-02 08:47:17,027 data_manager.py[line:447] INFO {'status change': (<ShipStatus.computer_auto: 4>, <ShipStatus.tasking: 5>)}
2021-07-02 08:47:20,962 data_manager.py[line:1523] INFO {'notice_info_': {'distance': '2.47', 'path_info': '当前目标点:4 目标点总数: 4', 'progress': 100, 'control_info': '执行任务中', 'draw_info': 1, 'audio_light_info': 0, 'headlight_info': 0, 'side_light_info': 1, 'theta_error': -0.54, 'mapId': '1397858718729355265'}}
2021-07-02 08:47:23,632 data_manager.py[line:447] INFO {'status change': (<ShipStatus.tasking: 5>, <ShipStatus.computer_control: 3>)}
2021-07-02 08:47:23,650 data_manager.py[line:393] INFO 清除自动状态数据
2021-07-02 08:47:23,656 data_manager.py[line:447] INFO {'status change': (<ShipStatus.computer_control: 3>, <ShipStatus.idle: 1>)}
2021-07-02 08:47:30,871 data_manager.py[line:447] INFO {'status change': (<ShipStatus.idle: 1>, <ShipStatus.computer_control: 3>)}
2021-07-02 08:47:30,877 data_manager.py[line:1523] INFO {'notice_info_': {'distance': '0', 'path_info': '当前目标点:0 目标点总数: 0', 'progress': 0, 'control_info': '等待中', 'draw_info': 0, 'audio_light_info': 0, 'headlight_info': 0, 'side_light_info': 1, 'theta_error': -0.54, 'mapId': '1397858718729355265'}}
2021-07-02 08:47:40,832 data_manager.py[line:1523] INFO {'notice_info_': {'distance': '49.93', 'path_info': '当前目标点:0 目标点总数: 0', 'progress': 0, 'control_info': '电脑手动 向北', 'draw_info': 0, 'audio_light_info': 0, 'headlight_info': 0, 'side_light_info': 1, 'theta_error': 0.0, 'mapId': '1397858718729355265'}}
2021-07-02 08:47:50,804 data_manager.py[line:1523] INFO {'notice_info_': {'distance': '49.93', 'path_info': '当前目标点:0 目标点总数: 0', 'progress': 0, 'control_info': '电脑手动 向北', 'draw_info': 0, 'audio_light_info': 0, 'headlight_info': 0, 'side_light_info': 1, 'theta_error': 0.0, 'mapId': '1397858718729355265'}}
2021-07-02 08:47:52,424 data_manager.py[line:1330] INFO {'fakedate': {'weather': {'windSpeed': 8.3, 'windDirection': '90', 'rainfall': 5.9, 'illuminance': 3.2, 'temperature': 5, 'humidity': 40, 'pm25': 12, 'pm10': 35}, 'water': {'wt': 28.7, 'ph': 7.6, 'doDo': 3.99, 'cod': 6.7, 'ec': 150.6, 'td': 580.2, 'nh3Nh4': 0.284, 'tn': 3.4, 'tp': 0.2}, 'deviceId': '3c50f4c3-a9c1-4872-9f18-883af014380a', 'mapId': '1397858718729355265'}}
