2021-04-02 13:30:10,234 data_manager.py[line:1399] INFO {'notice_info_': {'distance': '0 s 0', 'path_info': '当前目标点:0 目标点总数: 0', 'control_info': '', 'draw_info': 0, 'theta_error': 0, 'mapId': ''}}
2021-04-02 13:30:10,739 data_manager.py[line:1399] INFO {'notice_info_': {'distance': '0 s 0', 'path_info': '当前目标点:0 目标点总数: 0', 'control_info': '', 'draw_info': 0, 'theta_error': 0, 'mapId': ''}}
2021-04-02 13:30:20,259 data_manager.py[line:1399] INFO {'notice_info_': {'distance': '0 s 0', 'path_info': '当前目标点:0 目标点总数: 0', 'control_info': '', 'draw_info': 0, 'theta_error': 0, 'mapId': ''}}
2021-04-02 13:30:20,761 data_manager.py[line:1399] INFO {'notice_info_': {'distance': '0 s 0', 'path_info': '当前目标点:0 目标点总数: 0', 'control_info': '', 'draw_info': 0, 'theta_error': 0, 'mapId': ''}}
2021-04-02 13:30:22,405 data_manager.py[line:971] INFO {'点击地点': [[114.523883, 30.506386]]}
2021-04-02 13:30:22,405 data_manager.py[line:995] INFO {'全部距离': 55.79355216513645}
2021-04-02 13:30:23,278 data_manager.py[line:971] INFO {'点击地点': [[114.523883, 30.506386]]}
2021-04-02 13:30:23,278 data_manager.py[line:995] INFO {'全部距离': 111.5871043302729}
2021-04-02 13:30:25,280 data_manager.py[line:971] INFO {'点击地点': [[114.523883, 30.506386]]}
2021-04-02 13:30:25,281 data_manager.py[line:995] INFO {'全部距离': 167.38065649540934}
2021-04-02 13:31:10,174 data_manager.py[line:1401] INFO {'notice_info_': {'distance': '0 s 0', 'path_info': '当前目标点:0 目标点总数: 0', 'control_info': '', 'draw_info': 0, 'theta_error': 0, 'mapId': ''}}
2021-04-02 13:31:10,675 data_manager.py[line:1401] INFO {'notice_info_': {'distance': '0 s 0', 'path_info': '当前目标点:0 目标点总数: 0', 'control_info': '', 'draw_info': 0, 'theta_error': 0, 'mapId': ''}}
2021-04-02 13:31:14,671 data_manager.py[line:973] INFO {'点击地点': [[114.523868, 30.506595]]}
2021-04-02 13:31:14,671 data_manager.py[line:997] INFO {'全部距离': 36.05731648478641}
2021-04-02 13:31:20,225 data_manager.py[line:1401] INFO {'notice_info_': {'distance': '48.25 s 0', 'path_info': '当前目标点:0 目标点总数: 1', 'control_info': '', 'draw_info': 0, 'theta_error': 137.61, 'mapId': '1354291518018142209'}}
2021-04-02 13:31:20,728 data_manager.py[line:1401] INFO {'notice_info_': {'distance': '49.04 s 0', 'path_info': '当前目标点:0 目标点总数: 1', 'control_info': '', 'draw_info': 0, 'theta_error': 137.06, 'mapId': '1354291518018142209'}}
2021-04-02 13:31:26,687 data_manager.py[line:1267] INFO {'height_setting': {'motor_forward': 200, 'motor_steer': 200, 'kp': 0.8, 'ki': 0, 'kd': 0, 'full_speed_meter': 6, 'check_status_interval': 1, 'max_pwm': 1800, 'min_pwm': 1200, 'left_motor_cw': 1, 'right_motor_cw': 0, 'draw_time': 30, 'pid_interval': 0.1, 'start_sleep_time': 6, 'motor_init_time': 4, 'check_network_interval': 10, 'stop_pwm': 1510, 'network_backhome': 0, 'energy_backhome': 0, 'find_points_num': 5, 'b_tsp': 0, 'b_check_network': 0, 'b_play_audio': 0, 'home_debug': 1, 'obstacle_avoid_type': 1, 'path_plan_type': 1, 'path_track_type': '1', 'calibration_compass': 0, 'info_type': 3}}
2021-04-02 13:31:30,294 data_manager.py[line:1401] INFO {'notice_info_': {'distance': '49.64 s 0', 'path_info': '当前目标点:0 目标点总数: 1', 'control_info': '', 'draw_info': 0, 'theta_error': 98.74, 'mapId': '1354291518018142209'}}
2021-04-02 13:31:30,797 data_manager.py[line:1401] INFO {'notice_info_': {'distance': '49.04 s 0', 'path_info': '当前目标点:0 目标点总数: 1', 'control_info': '', 'draw_info': 0, 'theta_error': 87.37, 'mapId': '1354291518018142209'}}
2021-04-02 13:31:40,348 data_manager.py[line:1401] INFO {'notice_info_': {'distance': '30.06 s 0', 'path_info': '当前目标点:0 目标点总数: 1', 'control_info': '', 'draw_info': 0, 'theta_error': 52.58, 'mapId': '1354291518018142209'}}
2021-04-02 13:31:40,851 data_manager.py[line:1401] INFO {'notice_info_': {'distance': '28.59 s 0', 'path_info': '当前目标点:0 目标点总数: 1', 'control_info': '', 'draw_info': 0, 'theta_error': 52.2, 'mapId': '1354291518018142209'}}
2021-04-02 13:31:48,708 data_manager.py[line:1267] INFO {'height_setting': {'motor_forward': 200, 'motor_steer': 200, 'kp': '2', 'ki': 0, 'kd': '1', 'full_speed_meter': 6, 'check_status_interval': 1, 'max_pwm': 1800, 'min_pwm': 1200, 'left_motor_cw': 1, 'right_motor_cw': 0, 'draw_time': 30, 'pid_interval': 0.1, 'start_sleep_time': 6, 'motor_init_time': 4, 'check_network_interval': 10, 'stop_pwm': 1510, 'network_backhome': 0, 'energy_backhome': 0, 'find_points_num': 5, 'b_tsp': 0, 'b_check_network': 0, 'b_play_audio': 0, 'home_debug': 1, 'obstacle_avoid_type': 1, 'path_plan_type': 1, 'path_track_type': '1', 'calibration_compass': 0, 'info_type': 3}}
2021-04-02 13:31:50,404 data_manager.py[line:1401] INFO {'notice_info_': {'distance': '7.87 s 0', 'path_info': '当前目标点:0 目标点总数: 1', 'control_info': '', 'draw_info': 0, 'theta_error': 100.9, 'mapId': '1354291518018142209'}}
2021-04-02 13:31:50,907 data_manager.py[line:1401] INFO {'notice_info_': {'distance': '8.15 s 0', 'path_info': '当前目标点:0 目标点总数: 1', 'control_info': '', 'draw_info': 0, 'theta_error': 104.96, 'mapId': '1354291518018142209'}}
2021-04-02 13:32:00,248 data_manager.py[line:1401] INFO {'notice_info_': {'distance': '23.75 s 0', 'path_info': '当前目标点:0 目标点总数: 1', 'control_info': '', 'draw_info': 0, 'theta_error': 122.89, 'mapId': '1354291518018142209'}}
2021-04-02 13:32:00,751 data_manager.py[line:1401] INFO {'notice_info_': {'distance': '24.75 s 0', 'path_info': '当前目标点:0 目标点总数: 1', 'control_info': '', 'draw_info': 0, 'theta_error': 121.07, 'mapId': '1354291518018142209'}}
2021-04-02 13:32:06,725 data_manager.py[line:1267] INFO {'height_setting': {'motor_forward': 200, 'motor_steer': 200, 'kp': '2的', 'ki': '0.3', 'kd': '1', 'full_speed_meter': 6, 'check_status_interval': 1, 'max_pwm': 1800, 'min_pwm': 1200, 'left_motor_cw': 1, 'right_motor_cw': 0, 'draw_time': 30, 'pid_interval': 0.1, 'start_sleep_time': 6, 'motor_init_time': 4, 'check_network_interval': 10, 'stop_pwm': 1510, 'network_backhome': 0, 'energy_backhome': 0, 'find_points_num': 5, 'b_tsp': 0, 'b_check_network': 0, 'b_play_audio': 0, 'home_debug': 1, 'obstacle_avoid_type': 1, 'path_plan_type': 1, 'path_track_type': '1', 'calibration_compass': 0, 'info_type': 3}}
2021-04-02 13:32:10,305 data_manager.py[line:1401] INFO {'notice_info_': {'distance': '35.26 s 0', 'path_info': '当前目标点:0 目标点总数: 1', 'control_info': '', 'draw_info': 0, 'theta_error': 91.68, 'mapId': '1354291518018142209'}}
2021-04-02 13:32:10,808 data_manager.py[line:1401] INFO {'notice_info_': {'distance': '35.17 s 0', 'path_info': '当前目标点:0 目标点总数: 1', 'control_info': '', 'draw_info': 0, 'theta_error': 89.54, 'mapId': '1354291518018142209'}}
2021-04-02 13:32:20,368 data_manager.py[line:1401] INFO {'notice_info_': {'distance': '23.18 s 0', 'path_info': '当前目标点:0 目标点总数: 1', 'control_info': '', 'draw_info': 0, 'theta_error': 66.23, 'mapId': '1354291518018142209'}}
2021-04-02 13:32:20,737 data_manager.py[line:1267] INFO {'height_setting': {'motor_forward': 200, 'motor_steer': 200, 'kp': '2.0', 'ki': '0.3', 'kd': '1', 'full_speed_meter': 6, 'check_status_interval': 1, 'max_pwm': 1800, 'min_pwm': 1200, 'left_motor_cw': 1, 'right_motor_cw': 0, 'draw_time': 30, 'pid_interval': 0.1, 'start_sleep_time': 6, 'motor_init_time': 4, 'check_network_interval': 10, 'stop_pwm': 1510, 'network_backhome': 0, 'energy_backhome': 0, 'find_points_num': 5, 'b_tsp': 0, 'b_check_network': 0, 'b_play_audio': 0, 'home_debug': 1, 'obstacle_avoid_type': 1, 'path_plan_type': 1, 'path_track_type': '1', 'calibration_compass': 0, 'info_type': 3}}
2021-04-02 13:32:20,871 data_manager.py[line:1401] INFO {'notice_info_': {'distance': '22.14 s 0', 'path_info': '当前目标点:0 目标点总数: 1', 'control_info': '', 'draw_info': 0, 'theta_error': 65.03, 'mapId': '1354291518018142209'}}
2021-04-02 13:32:29,423 data_manager.py[line:973] INFO {'点击地点': [[114.524075, 30.506485]]}
2021-04-02 13:32:29,423 data_manager.py[line:997] INFO {'全部距离': 9.210539336969385}
2021-04-02 13:32:30,425 data_manager.py[line:1401] INFO {'notice_info_': {'distance': '8.82 s 12.2', 'path_info': '当前目标点:0 目标点总数: 1', 'control_info': '', 'draw_info': 0, 'theta_error': -76.32, 'mapId': '1354291518018142209'}}
2021-04-02 13:32:30,929 data_manager.py[line:1401] INFO {'notice_info_': {'distance': '8.85 s 12.2', 'path_info': '当前目标点:0 目标点总数: 1', 'control_info': '', 'draw_info': 0, 'theta_error': -75.22, 'mapId': '1354291518018142209'}}
2021-04-02 13:32:40,481 data_manager.py[line:1401] INFO {'notice_info_': {'distance': '27.38 s 12.2', 'path_info': '当前目标点:0 目标点总数: 1', 'control_info': '', 'draw_info': 0, 'theta_error': -118.87, 'mapId': '1354291518018142209'}}
2021-04-02 13:32:40,984 data_manager.py[line:1401] INFO {'notice_info_': {'distance': '28.29 s 12.2', 'path_info': '当前目标点:0 目标点总数: 1', 'control_info': '', 'draw_info': 0, 'theta_error': -118.25, 'mapId': '1354291518018142209'}}
2021-04-02 13:32:50,101 data_manager.py[line:1401] INFO {'notice_info_': {'distance': '34.75 s 12.2', 'path_info': '当前目标点:0 目标点总数: 1', 'control_info': '', 'draw_info': 0, 'theta_error': -87.12, 'mapId': '1354291518018142209'}}
2021-04-02 13:32:50,604 data_manager.py[line:1401] INFO {'notice_info_': {'distance': '34.59 s 12.2', 'path_info': '当前目标点:0 目标点总数: 1', 'control_info': '', 'draw_info': 0, 'theta_error': -86.4, 'mapId': '1354291518018142209'}}
2021-04-02 13:33:00,155 data_manager.py[line:1401] INFO {'notice_info_': {'distance': '23.01 s 12.2', 'path_info': '当前目标点:0 目标点总数: 1', 'control_info': '', 'draw_info': 0, 'theta_error': -72.23, 'mapId': '1354291518018142209'}}
2021-04-02 13:33:00,657 data_manager.py[line:1401] INFO {'notice_info_': {'distance': '22.28 s 12.2', 'path_info': '当前目标点:0 目标点总数: 1', 'control_info': '', 'draw_info': 0, 'theta_error': -71.04, 'mapId': '1354291518018142209'}}
2021-04-02 13:33:05,777 data_manager.py[line:1267] INFO {'height_setting': {'motor_forward': 200, 'motor_steer': 200, 'kp': '2.0', 'ki': '0.3', 'kd': '1', 'full_speed_meter': 6, 'check_status_interval': 1, 'max_pwm': 1800, 'min_pwm': 1200, 'left_motor_cw': 1, 'right_motor_cw': 0, 'draw_time': 30, 'pid_interval': 0.1, 'start_sleep_time': 6, 'motor_init_time': 4, 'check_network_interval': 10, 'stop_pwm': 1510, 'network_backhome': 0, 'energy_backhome': 0, 'find_points_num': 5, 'b_tsp': 0, 'b_check_network': 0, 'b_play_audio': 0, 'home_debug': 1, 'obstacle_avoid_type': 1, 'path_plan_type': 1, 'path_track_type': '1', 'calibration_compass': 0, 'info_type': 3}}
2021-04-02 13:33:10,210 data_manager.py[line:1401] INFO {'notice_info_': {'distance': '13.66 s 12.2', 'path_info': '当前目标点:0 目标点总数: 1', 'control_info': '', 'draw_info': 0, 'theta_error': -99.05, 'mapId': '1354291518018142209'}}
2021-04-02 13:33:10,713 data_manager.py[line:1401] INFO {'notice_info_': {'distance': '13.9 s 12.2', 'path_info': '当前目标点:0 目标点总数: 1', 'control_info': '', 'draw_info': 0, 'theta_error': -102.54, 'mapId': '1354291518018142209'}}
2021-04-02 13:33:20,266 data_manager.py[line:1401] INFO {'notice_info_': {'distance': '25.19 s 12.2', 'path_info': '当前目标点:0 目标点总数: 1', 'control_info': '', 'draw_info': 0, 'theta_error': -108.44, 'mapId': '1354291518018142209'}}
2021-04-02 13:33:20,769 data_manager.py[line:1401] INFO {'notice_info_': {'distance': '25.7 s 12.2', 'path_info': '当前目标点:0 目标点总数: 1', 'control_info': '', 'draw_info': 0, 'theta_error': -107.34, 'mapId': '1354291518018142209'}}
2021-04-02 13:33:30,045 data_manager.py[line:1401] INFO {'notice_info_': {'distance': '0 s 0', 'path_info': '当前目标点:0 目标点总数: 0', 'control_info': '', 'draw_info': 0, 'theta_error': 0, 'mapId': ''}}
2021-04-02 13:33:30,547 data_manager.py[line:1401] INFO {'notice_info_': {'distance': '0 s 0', 'path_info': '当前目标点:0 目标点总数: 0', 'control_info': '', 'draw_info': 0, 'theta_error': 0, 'mapId': ''}}
2021-04-02 13:33:40,066 data_manager.py[line:1401] INFO {'notice_info_': {'distance': '0 s 0', 'path_info': '当前目标点:0 目标点总数: 0', 'control_info': '', 'draw_info': 0, 'theta_error': 0, 'mapId': ''}}
2021-04-02 13:33:40,568 data_manager.py[line:1401] INFO {'notice_info_': {'distance': '0 s 0', 'path_info': '当前目标点:0 目标点总数: 0', 'control_info': '', 'draw_info': 0, 'theta_error': 0, 'mapId': ''}}
2021-04-02 13:33:48,692 data_manager.py[line:973] INFO {'点击地点': [[114.523929, 30.506589]]}
2021-04-02 13:33:48,692 data_manager.py[line:997] INFO {'全部距离': 33.432168182627834}
2021-04-02 13:33:50,096 data_manager.py[line:1401] INFO {'notice_info_': {'distance': '49.71 s 0', 'path_info': '当前目标点:0 目标点总数: 1', 'control_info': '', 'draw_info': 0, 'theta_error': 116.63, 'mapId': '1354291518018142209'}}
2021-04-02 13:33:50,599 data_manager.py[line:1401] INFO {'notice_info_': {'distance': '52.63 s 0', 'path_info': '当前目标点:0 目标点总数: 1', 'control_info': '', 'draw_info': 0, 'theta_error': 102.31, 'mapId': '1354291518018142209'}}
2021-04-02 13:34:00,171 data_manager.py[line:1401] INFO {'notice_info_': {'distance': '34.9 s 0', 'path_info': '当前目标点:0 目标点总数: 1', 'control_info': '', 'draw_info': 0, 'theta_error': 76.3, 'mapId': '1354291518018142209'}}
2021-04-02 13:34:00,674 data_manager.py[line:1401] INFO {'notice_info_': {'distance': '31.38 s 0', 'path_info': '当前目标点:0 目标点总数: 1', 'control_info': '', 'draw_info': 0, 'theta_error': 69.67, 'mapId': '1354291518018142209'}}
2021-04-02 13:34:10,232 data_manager.py[line:1401] INFO {'notice_info_': {'distance': '17.26 s 0', 'path_info': '当前目标点:0 目标点总数: 1', 'control_info': '', 'draw_info': 0, 'theta_error': 85.06, 'mapId': '1354291518018142209'}}
2021-04-02 13:34:10,735 data_manager.py[line:1401] INFO {'notice_info_': {'distance': '16.67 s 0', 'path_info': '当前目标点:0 目标点总数: 1', 'control_info': '', 'draw_info': 0, 'theta_error': 93.4, 'mapId': '1354291518018142209'}}
2021-04-02 13:34:20,090 data_manager.py[line:1267] INFO {'height_setting': {'motor_forward': 200, 'motor_steer': 200, 'kp': '2.0', 'ki': '0.3', 'kd': '1', 'full_speed_meter': 6, 'check_status_interval': 1, 'max_pwm': 1800, 'min_pwm': 1200, 'left_motor_cw': 1, 'right_motor_cw': 0, 'draw_time': 30, 'pid_interval': 0.1, 'start_sleep_time': 6, 'motor_init_time': 4, 'check_network_interval': 10, 'stop_pwm': 1510, 'network_backhome': 0, 'energy_backhome': 0, 'find_points_num': 5, 'b_tsp': 0, 'b_check_network': 0, 'b_play_audio': 0, 'home_debug': 1, 'obstacle_avoid_type': 1, 'path_plan_type': 1, 'path_track_type': '1', 'calibration_compass': 0, 'info_type': 3}}
2021-04-02 13:34:20,288 data_manager.py[line:1401] INFO {'notice_info_': {'distance': '24.51 s 0', 'path_info': '当前目标点:0 目标点总数: 1', 'control_info': '', 'draw_info': 0, 'theta_error': 102.57, 'mapId': '1354291518018142209'}}
2021-04-02 13:34:20,791 data_manager.py[line:1401] INFO {'notice_info_': {'distance': '25.93 s 0', 'path_info': '当前目标点:0 目标点总数: 1', 'control_info': '', 'draw_info': 0, 'theta_error': 99.46, 'mapId': '1354291518018142209'}}
2021-04-02 13:34:30,341 data_manager.py[line:1401] INFO {'notice_info_': {'distance': '25.15 s 0', 'path_info': '当前目标点:0 目标点总数: 1', 'control_info': '', 'draw_info': 0, 'theta_error': 91.66, 'mapId': '1354291518018142209'}}
2021-04-02 13:34:30,843 data_manager.py[line:1401] INFO {'notice_info_': {'distance': '25.08 s 0', 'path_info': '当前目标点:0 目标点总数: 1', 'control_info': '', 'draw_info': 0, 'theta_error': 90.68, 'mapId': '1354291518018142209'}}
2021-04-02 13:34:40,415 data_manager.py[line:1401] INFO {'notice_info_': {'distance': '0 s 3.4', 'path_info': '当前目标点:0 目标点总数: 0', 'control_info': '', 'draw_info': 0, 'theta_error': 94.36, 'mapId': '1354291518018142209'}}
2021-04-02 13:34:40,918 data_manager.py[line:1401] INFO {'notice_info_': {'distance': '0 s 3.4', 'path_info': '当前目标点:0 目标点总数: 0', 'control_info': '', 'draw_info': 0, 'theta_error': 94.36, 'mapId': '1354291518018142209'}}
2021-04-02 13:34:42,001 data_manager.py[line:973] INFO {'点击地点': [[114.524166, 30.506346]]}
2021-04-02 13:34:42,001 data_manager.py[line:997] INFO {'全部距离': 20.133584082783965}
2021-04-02 13:34:43,144 data_manager.py[line:973] INFO {'点击地点': [[114.524166, 30.506346]]}
2021-04-02 13:34:43,144 data_manager.py[line:997] INFO {'全部距离': 20.804201862750467}
2021-04-02 13:34:43,144 data_manager.py[line:1076] ERROR {'error': ZeroDivisionError('float division by zero')}
2021-04-02 13:34:50,470 data_manager.py[line:1401] INFO {'notice_info_': {'distance': '0 s 3.4', 'path_info': '当前目标点:0 目标点总数: 0', 'control_info': '', 'draw_info': 0, 'theta_error': -8.82, 'mapId': '1354291518018142209'}}
2021-04-02 13:34:50,973 data_manager.py[line:1401] INFO {'notice_info_': {'distance': '0 s 3.4', 'path_info': '当前目标点:0 目标点总数: 0', 'control_info': '', 'draw_info': 0, 'theta_error': -8.82, 'mapId': '1354291518018142209'}}
2021-04-02 13:34:53,437 data_manager.py[line:973] INFO {'点击地点': [[114.524335, 30.506403]]}
2021-04-02 13:34:53,437 data_manager.py[line:997] INFO {'全部距离': 16.764315187185506}
2021-04-02 13:35:00,021 data_manager.py[line:1401] INFO {'notice_info_': {'distance': '33.96 s 3.4', 'path_info': '当前目标点:0 目标点总数: 1', 'control_info': '', 'draw_info': 0, 'theta_error': 69.11, 'mapId': '1354291518018142209'}}
2021-04-02 13:35:00,523 data_manager.py[line:1401] INFO {'notice_info_': {'distance': '29.1 s 3.4', 'path_info': '当前目标点:0 目标点总数: 1', 'control_info': '', 'draw_info': 0, 'theta_error': 59.96, 'mapId': '1354291518018142209'}}
2021-04-02 13:35:10,485 data_manager.py[line:1401] INFO {'notice_info_': {'distance': '10.03 s 3.4', 'path_info': '当前目标点:0 目标点总数: 1', 'control_info': '', 'draw_info': 0, 'theta_error': 89.26, 'mapId': '1354291518018142209'}}
2021-04-02 13:35:10,988 data_manager.py[line:1401] INFO {'notice_info_': {'distance': '11.11 s 3.4', 'path_info': '当前目标点:0 目标点总数: 1', 'control_info': '', 'draw_info': 0, 'theta_error': 109.09, 'mapId': '1354291518018142209'}}
2021-04-02 13:35:20,034 data_manager.py[line:1401] INFO {'notice_info_': {'distance': '23.63 s 3.4', 'path_info': '当前目标点:0 目标点总数: 1', 'control_info': '', 'draw_info': 0, 'theta_error': 116.27, 'mapId': '1354291518018142209'}}
2021-04-02 13:35:20,537 data_manager.py[line:1401] INFO {'notice_info_': {'distance': '27.15 s 3.4', 'path_info': '当前目标点:0 目标点总数: 1', 'control_info': '', 'draw_info': 0, 'theta_error': 110.83, 'mapId': '1354291518018142209'}}
2021-04-02 13:35:30,093 data_manager.py[line:1401] INFO {'notice_info_': {'distance': '31.72 s 3.4', 'path_info': '当前目标点:0 目标点总数: 1', 'control_info': '', 'draw_info': 0, 'theta_error': 89.95, 'mapId': '1354291518018142209'}}
2021-04-02 13:35:30,596 data_manager.py[line:1401] INFO {'notice_info_': {'distance': '30.45 s 3.4', 'path_info': '当前目标点:0 目标点总数: 1', 'control_info': '', 'draw_info': 0, 'theta_error': 82.2, 'mapId': '1354291518018142209'}}
2021-04-02 13:35:40,054 data_manager.py[line:1401] INFO {'notice_info_': {'distance': '20.54 s 3.4', 'path_info': '当前目标点:0 目标点总数: 1', 'control_info': '', 'draw_info': 0, 'theta_error': 74.73, 'mapId': '1354291518018142209'}}
2021-04-02 13:35:40,557 data_manager.py[line:1401] INFO {'notice_info_': {'distance': '17.94 s 3.4', 'path_info': '当前目标点:0 目标点总数: 1', 'control_info': '', 'draw_info': 0, 'theta_error': 79.07, 'mapId': '1354291518018142209'}}
2021-04-02 13:35:50,125 data_manager.py[line:1401] INFO {'notice_info_': {'distance': '18.37 s 3.4', 'path_info': '当前目标点:0 目标点总数: 1', 'control_info': '', 'draw_info': 0, 'theta_error': 105.59, 'mapId': '1354291518018142209'}}
2021-04-02 13:35:50,628 data_manager.py[line:1401] INFO {'notice_info_': {'distance': '20.84 s 3.4', 'path_info': '当前目标点:0 目标点总数: 1', 'control_info': '', 'draw_info': 0, 'theta_error': 108.65, 'mapId': '1354291518018142209'}}
2021-04-02 13:36:00,056 data_manager.py[line:1401] INFO {'notice_info_': {'distance': '0 s 0', 'path_info': '当前目标点:0 目标点总数: 0', 'control_info': '', 'draw_info': 0, 'theta_error': 0, 'mapId': ''}}
2021-04-02 13:36:00,558 data_manager.py[line:1401] INFO {'notice_info_': {'distance': '0 s 0', 'path_info': '当前目标点:0 目标点总数: 0', 'control_info': '', 'draw_info': 0, 'theta_error': 0, 'mapId': ''}}
2021-04-02 13:36:01,059 data_manager.py[line:1253] INFO {'base_setting': {'speed_grade': 3, 'arrive_range': 2.5, 'keep_point': 5, 'secure_distance': 15, 'row': 50, 'col': 50, 'pool_name': '梁子湖', 'video_url': 'http://123.32132.321321.213', 'info_type': 3}}
2021-04-02 13:36:07,014 data_manager.py[line:973] INFO {'点击地点': [[114.523914, 30.506563]]}
2021-04-02 13:36:07,014 data_manager.py[line:997] INFO {'全部距离': 36.658595432398464}
2021-04-02 13:36:10,093 data_manager.py[line:1401] INFO {'notice_info_': {'distance': '33.21 s 0', 'path_info': '当前目标点:0 目标点总数: 1', 'control_info': '', 'draw_info': 0, 'theta_error': 79.94, 'mapId': '1354291518018142209'}}
2021-04-02 13:36:10,596 data_manager.py[line:1401] INFO {'notice_info_': {'distance': '28.34 s 0', 'path_info': '当前目标点:0 目标点总数: 1', 'control_info': '', 'draw_info': 0, 'theta_error': 68.44, 'mapId': '1354291518018142209'}}
2021-04-02 13:36:14,115 data_manager.py[line:973] INFO {'点击地点': [[114.523914, 30.506563]]}
2021-04-02 13:36:14,116 data_manager.py[line:997] INFO {'全部距离': 37.53923513514002}
2021-04-02 13:36:14,117 data_manager.py[line:1076] ERROR {'error': ZeroDivisionError('float division by zero')}
2021-04-02 13:36:20,166 data_manager.py[line:1401] INFO {'notice_info_': {'distance': '0 s 0', 'path_info': '当前目标点:0 目标点总数: 0', 'control_info': '', 'draw_info': 0, 'theta_error': -4.23, 'mapId': '1354291518018142209'}}
2021-04-02 13:36:20,669 data_manager.py[line:1401] INFO {'notice_info_': {'distance': '0 s 0', 'path_info': '当前目标点:0 目标点总数: 0', 'control_info': '', 'draw_info': 0, 'theta_error': -4.23, 'mapId': '1354291518018142209'}}
2021-04-02 13:36:30,218 data_manager.py[line:1401] INFO {'notice_info_': {'distance': '0 s 0', 'path_info': '当前目标点:0 目标点总数: 0', 'control_info': '', 'draw_info': 0, 'theta_error': -4.23, 'mapId': '1354291518018142209'}}
2021-04-02 13:36:30,721 data_manager.py[line:1401] INFO {'notice_info_': {'distance': '0 s 0', 'path_info': '当前目标点:0 目标点总数: 0', 'control_info': '', 'draw_info': 0, 'theta_error': -4.23, 'mapId': '1354291518018142209'}}
2021-04-02 13:36:40,271 data_manager.py[line:1401] INFO {'notice_info_': {'distance': '0 s 0', 'path_info': '当前目标点:0 目标点总数: 0', 'control_info': '', 'draw_info': 0, 'theta_error': -4.23, 'mapId': '1354291518018142209'}}
2021-04-02 13:36:40,778 data_manager.py[line:1401] INFO {'notice_info_': {'distance': '0 s 0', 'path_info': '当前目标点:0 目标点总数: 0', 'control_info': '', 'draw_info': 0, 'theta_error': -4.23, 'mapId': '1354291518018142209'}}
2021-04-02 13:36:50,416 data_manager.py[line:1402] INFO {'notice_info_': {'distance': '0 s 0', 'path_info': '当前目标点:0 目标点总数: 0', 'control_info': '', 'draw_info': 0, 'theta_error': 0, 'mapId': ''}}
2021-04-02 13:36:50,917 data_manager.py[line:1402] INFO {'notice_info_': {'distance': '0 s 0', 'path_info': '当前目标点:0 目标点总数: 0', 'control_info': '', 'draw_info': 0, 'theta_error': 0, 'mapId': ''}}
2021-04-02 13:37:00,450 data_manager.py[line:1402] INFO {'notice_info_': {'distance': '0 s 0', 'path_info': '当前目标点:0 目标点总数: 0', 'control_info': '', 'draw_info': 0, 'theta_error': 0, 'mapId': '1354291518018142209'}}
2021-04-02 13:37:00,953 data_manager.py[line:1402] INFO {'notice_info_': {'distance': '0 s 0', 'path_info': '当前目标点:0 目标点总数: 0', 'control_info': '', 'draw_info': 0, 'theta_error': 0, 'mapId': '1354291518018142209'}}
2021-04-02 13:37:01,428 data_manager.py[line:973] INFO {'点击地点': [[114.523876, 30.50655]]}
2021-04-02 13:37:01,428 data_manager.py[line:997] INFO {'全部距离': 39.741328318217576}
2021-04-02 13:37:10,022 data_manager.py[line:1402] INFO {'notice_info_': {'distance': '0 s 61.1', 'path_info': '当前目标点:0 目标点总数: 0', 'control_info': '', 'draw_info': 0, 'theta_error': -14.84, 'mapId': '1354291518018142209'}}
2021-04-02 13:37:10,525 data_manager.py[line:1402] INFO {'notice_info_': {'distance': '0 s 61.1', 'path_info': '当前目标点:0 目标点总数: 0', 'control_info': '', 'draw_info': 0, 'theta_error': -14.84, 'mapId': '1354291518018142209'}}
2021-04-02 13:37:20,080 data_manager.py[line:1402] INFO {'notice_info_': {'distance': '0 s 61.1', 'path_info': '当前目标点:0 目标点总数: 0', 'control_info': '', 'draw_info': 0, 'theta_error': -14.84, 'mapId': '1354291518018142209'}}
2021-04-02 13:37:20,583 data_manager.py[line:1402] INFO {'notice_info_': {'distance': '0 s 61.1', 'path_info': '当前目标点:0 目标点总数: 0', 'control_info': '', 'draw_info': 0, 'theta_error': -14.84, 'mapId': '1354291518018142209'}}
2021-04-02 13:37:21,280 data_manager.py[line:973] INFO {'点击地点': [[114.523635, 30.506537], [114.523717, 30.506442], [114.523942, 30.506419], [114.523986, 30.506305]]}
2021-04-02 13:37:21,280 data_manager.py[line:997] INFO {'全部距离': 72.34197723862795}
2021-04-02 13:37:30,136 data_manager.py[line:1402] INFO {'notice_info_': {'distance': '5.4 s 61.1', 'path_info': '当前目标点:1 目标点总数: 4', 'control_info': '', 'draw_info': 0, 'theta_error': 1.19, 'mapId': '1354291518018142209'}}
2021-04-02 13:37:30,640 data_manager.py[line:1402] INFO {'notice_info_': {'distance': '20.38 s 61.1', 'path_info': '当前目标点:2 目标点总数: 4', 'control_info': '', 'draw_info': 0, 'theta_error': -32.26, 'mapId': '1354291518018142209'}}
2021-04-02 13:37:32,494 data_manager.py[line:973] INFO {'点击地点': [[114.523635, 30.506537], [114.523717, 30.506442], [114.523942, 30.506419], [114.523986, 30.506305]]}
2021-04-02 13:37:32,494 data_manager.py[line:997] INFO {'全部距离': 152.20406408536695}
2021-04-02 13:37:40,193 data_manager.py[line:1402] INFO {'notice_info_': {'distance': '0 s 1034.6', 'path_info': '当前目标点:0 目标点总数: 0', 'control_info': '', 'draw_info': 0, 'theta_error': -21.89, 'mapId': '1354291518018142209'}}
2021-04-02 13:37:40,696 data_manager.py[line:1402] INFO {'notice_info_': {'distance': '0 s 1034.6', 'path_info': '当前目标点:0 目标点总数: 0', 'control_info': '', 'draw_info': 0, 'theta_error': -21.89, 'mapId': '1354291518018142209'}}
2021-04-02 13:39:50,214 data_manager.py[line:1404] INFO {'notice_info_': {'distance': '0 s 0', 'path_info': '当前目标点:0 目标点总数: 0', 'control_info': '', 'draw_info': 0, 'theta_error': 0, 'mapId': ''}}
2021-04-02 13:39:50,716 data_manager.py[line:1404] INFO {'notice_info_': {'distance': '0 s 0', 'path_info': '当前目标点:0 目标点总数: 0', 'control_info': '', 'draw_info': 0, 'theta_error': 0, 'mapId': ''}}
2021-04-02 13:39:57,525 data_manager.py[line:975] INFO {'点击地点': [[114.5238, 30.506602]]}
2021-04-02 13:39:57,525 data_manager.py[line:999] INFO {'全部距离': 39.788295242849514}
2021-04-02 13:40:00,257 data_manager.py[line:1404] INFO {'notice_info_': {'distance': '35.0 s 0', 'path_info': '当前目标点:0 目标点总数: 1', 'control_info': '', 'draw_info': 0, 'theta_error': 88.47, 'mapId': '1354291518018142209'}}
2021-04-02 13:40:00,760 data_manager.py[line:1404] INFO {'notice_info_': {'distance': '30.29 s 0', 'path_info': '当前目标点:0 目标点总数: 1', 'control_info': '', 'draw_info': 0, 'theta_error': 49.63, 'mapId': '1354291518018142209'}}
2021-04-02 13:40:10,331 data_manager.py[line:1404] INFO {'notice_info_': {'distance': '0 s 65.7', 'path_info': '当前目标点:0 目标点总数: 0', 'control_info': '', 'draw_info': 0, 'theta_error': -9.44, 'mapId': '1354291518018142209'}}
2021-04-02 13:40:10,835 data_manager.py[line:1404] INFO {'notice_info_': {'distance': '0 s 65.7', 'path_info': '当前目标点:0 目标点总数: 0', 'control_info': '', 'draw_info': 0, 'theta_error': -9.44, 'mapId': '1354291518018142209'}}
2021-04-02 13:40:14,188 data_manager.py[line:975] INFO {'点击地点': [[114.52342, 30.506203], [114.524096, 30.506079], [114.523929, 30.505674]]}
2021-04-02 13:40:14,188 data_manager.py[line:999] INFO {'全部距离': 172.68127175749552}
2021-04-02 13:40:20,392 data_manager.py[line:1404] INFO {'notice_info_': {'distance': '100.99 s 65.7', 'path_info': '当前目标点:1 目标点总数: 3', 'control_info': '', 'draw_info': 0, 'theta_error': 0.27, 'mapId': '1354291518018142209'}}
2021-04-02 13:40:20,895 data_manager.py[line:1404] INFO {'notice_info_': {'distance': '108.99 s 65.7', 'path_info': '当前目标点:1 目标点总数: 3', 'control_info': '', 'draw_info': 0, 'theta_error': 0.26, 'mapId': '1354291518018142209'}}
2021-04-02 13:40:30,445 data_manager.py[line:1404] INFO {'notice_info_': {'distance': '154.57 s 65.7', 'path_info': '当前目标点:1 目标点总数: 3', 'control_info': '', 'draw_info': 0, 'theta_error': -6.88, 'mapId': '1354291518018142209'}}
2021-04-02 13:40:30,948 data_manager.py[line:1404] INFO {'notice_info_': {'distance': '146.26 s 65.7', 'path_info': '当前目标点:1 目标点总数: 3', 'control_info': '', 'draw_info': 0, 'theta_error': 2.06, 'mapId': '1354291518018142209'}}
2021-04-02 13:40:40,502 data_manager.py[line:1404] INFO {'notice_info_': {'distance': '144.72 s 65.7', 'path_info': '当前目标点:1 目标点总数: 3', 'control_info': '', 'draw_info': 0, 'theta_error': 97.23, 'mapId': '1354291518018142209'}}
2021-04-02 13:41:00,182 data_manager.py[line:1404] INFO {'notice_info_': {'distance': '0 s 0', 'path_info': '当前目标点:0 目标点总数: 0', 'control_info': '', 'draw_info': 0, 'theta_error': 0, 'mapId': ''}}
2021-04-02 13:41:00,684 data_manager.py[line:1404] INFO {'notice_info_': {'distance': '0 s 0', 'path_info': '当前目标点:0 目标点总数: 0', 'control_info': '', 'draw_info': 0, 'theta_error': 0, 'mapId': ''}}
2021-04-02 13:41:10,218 data_manager.py[line:1404] INFO {'notice_info_': {'distance': '0 s 0', 'path_info': '当前目标点:0 目标点总数: 0', 'control_info': '', 'draw_info': 0, 'theta_error': 0, 'mapId': '1354291518018142209'}}
2021-04-02 13:41:10,721 data_manager.py[line:1404] INFO {'notice_info_': {'distance': '0 s 0', 'path_info': '当前目标点:0 目标点总数: 0', 'control_info': '', 'draw_info': 0, 'theta_error': 0, 'mapId': '1354291518018142209'}}
2021-04-02 13:41:11,276 data_manager.py[line:975] INFO {'点击地点': [[114.523678, 30.50655], [114.524202, 30.505987], [114.523398, 30.506007]]}
2021-04-02 13:41:11,276 data_manager.py[line:999] INFO {'全部距离': 209.6356247989644}
2021-04-02 13:41:20,276 data_manager.py[line:1404] INFO {'notice_info_': {'distance': '27.58 s 0', 'path_info': '当前目标点:1 目标点总数: 3', 'control_info': '', 'draw_info': 0, 'theta_error': 0.59, 'mapId': '1354291518018142209'}}
2021-04-02 13:41:20,779 data_manager.py[line:1404] INFO {'notice_info_': {'distance': '17.92 s 0', 'path_info': '当前目标点:1 目标点总数: 3', 'control_info': '', 'draw_info': 0, 'theta_error': -0.43, 'mapId': '1354291518018142209'}}
2021-04-02 13:41:30,332 data_manager.py[line:1404] INFO {'notice_info_': {'distance': '0 s 82.6', 'path_info': '当前目标点:0 目标点总数: 0', 'control_info': '', 'draw_info': 0, 'theta_error': 1.86, 'mapId': '1354291518018142209'}}
2021-04-02 13:41:30,835 data_manager.py[line:1404] INFO {'notice_info_': {'distance': '0 s 82.6', 'path_info': '当前目标点:0 目标点总数: 0', 'control_info': '', 'draw_info': 0, 'theta_error': 1.86, 'mapId': '1354291518018142209'}}
2021-04-02 13:47:40,199 data_manager.py[line:1405] INFO {'notice_info_': {'distance': '0 s 0', 'path_info': '当前目标点:0 目标点总数: 0', 'control_info': '', 'draw_info': 0, 'theta_error': 0, 'mapId': ''}}
2021-04-02 13:47:40,701 data_manager.py[line:1405] INFO {'notice_info_': {'distance': '0 s 0', 'path_info': '当前目标点:0 目标点总数: 0', 'control_info': '', 'draw_info': 0, 'theta_error': 0, 'mapId': ''}}
2021-04-02 13:47:49,269 data_manager.py[line:976] INFO {'点击地点': [[114.523595, 30.506556], [114.524134, 30.506125], [114.523276, 30.506001]]}
2021-04-02 13:47:49,269 data_manager.py[line:1000] INFO {'全部距离': 212.05854127719604}
2021-04-02 13:47:50,240 data_manager.py[line:1405] INFO {'notice_info_': {'distance': '60.55 s 0', 'path_info': '当前目标点:0 目标点总数: 3', 'control_info': '', 'draw_info': 0, 'theta_error': 91.37, 'mapId': '1354291518018142209'}}
2021-04-02 13:47:50,743 data_manager.py[line:1405] INFO {'notice_info_': {'distance': '59.57 s 0', 'path_info': '当前目标点:0 目标点总数: 3', 'control_info': '', 'draw_info': 0, 'theta_error': 71.29, 'mapId': '1354291518018142209'}}
2021-04-02 13:48:00,300 data_manager.py[line:1405] INFO {'notice_info_': {'distance': '85.28 s 0', 'path_info': '当前目标点:2 目标点总数: 3', 'control_info': '', 'draw_info': 0, 'theta_error': -112.98, 'mapId': '1354291518018142209'}}
2021-04-02 13:48:00,803 data_manager.py[line:1405] INFO {'notice_info_': {'distance': '85.95 s 0', 'path_info': '当前目标点:2 目标点总数: 3', 'control_info': '', 'draw_info': 0, 'theta_error': -89.68, 'mapId': '1354291518018142209'}}
2021-04-02 13:48:10,360 data_manager.py[line:1405] INFO {'notice_info_': {'distance': '0 s 83.2', 'path_info': '当前目标点:0 目标点总数: 0', 'control_info': '', 'draw_info': 0, 'theta_error': -0.28, 'mapId': '1354291518018142209'}}
2021-04-02 13:48:10,863 data_manager.py[line:1405] INFO {'notice_info_': {'distance': '0 s 83.2', 'path_info': '当前目标点:0 目标点总数: 0', 'control_info': '', 'draw_info': 0, 'theta_error': -0.28, 'mapId': '1354291518018142209'}}
2021-04-02 13:48:20,032 data_manager.py[line:1405] INFO {'notice_info_': {'distance': '0 s 0', 'path_info': '当前目标点:0 目标点总数: 0', 'control_info': '', 'draw_info': 0, 'theta_error': 0, 'mapId': ''}}
2021-04-02 13:48:20,536 data_manager.py[line:1405] INFO {'notice_info_': {'distance': '0 s 0', 'path_info': '当前目标点:0 目标点总数: 0', 'control_info': '', 'draw_info': 0, 'theta_error': 0, 'mapId': '1354291518018142209'}}
2021-04-02 13:48:22,090 data_manager.py[line:976] INFO {'点击地点': [[114.523656, 30.506484]]}
2021-04-02 13:48:22,090 data_manager.py[line:1000] INFO {'全部距离': 58.82525463856152}
2021-04-02 13:48:30,087 data_manager.py[line:1405] INFO {'notice_info_': {'distance': '0 s 186.9', 'path_info': '当前目标点:0 目标点总数: 0', 'control_info': '', 'draw_info': 0, 'theta_error': 37.63, 'mapId': '1354291518018142209'}}
2021-04-02 13:48:30,590 data_manager.py[line:1405] INFO {'notice_info_': {'distance': '0 s 186.9', 'path_info': '当前目标点:0 目标点总数: 0', 'control_info': '', 'draw_info': 0, 'theta_error': 37.63, 'mapId': '1354291518018142209'}}
2021-04-02 13:48:35,557 data_manager.py[line:976] INFO {'点击地点': [[114.523398, 30.506347], [114.524338, 30.506262], [114.523603, 30.505831]]}
2021-04-02 13:48:35,557 data_manager.py[line:1000] INFO {'全部距离': 246.8484189109148}
2021-04-02 13:48:40,144 data_manager.py[line:1405] INFO {'notice_info_': {'distance': '91.38 s 186.9', 'path_info': '当前目标点:1 目标点总数: 3', 'control_info': '', 'draw_info': 0, 'theta_error': 2.56, 'mapId': '1354291518018142209'}}
2021-04-02 13:48:40,647 data_manager.py[line:1405] INFO {'notice_info_': {'distance': '97.15 s 186.9', 'path_info': '当前目标点:1 目标点总数: 3', 'control_info': '', 'draw_info': 0, 'theta_error': 0.77, 'mapId': '1354291518018142209'}}
2021-04-02 13:48:50,202 data_manager.py[line:1405] INFO {'notice_info_': {'distance': '209.96 s 186.9', 'path_info': '当前目标点:1 目标点总数: 3', 'control_info': '', 'draw_info': 0, 'theta_error': -83.34, 'mapId': '1354291518018142209'}}
2021-04-02 13:48:50,705 data_manager.py[line:1405] INFO {'notice_info_': {'distance': '212.83 s 186.9', 'path_info': '当前目标点:1 目标点总数: 3', 'control_info': '', 'draw_info': 0, 'theta_error': -74.06, 'mapId': '1354291518018142209'}}
2021-04-02 13:49:20,188 data_manager.py[line:1405] INFO {'notice_info_': {'distance': '0 s 0', 'path_info': '当前目标点:0 目标点总数: 0', 'control_info': '', 'draw_info': 0, 'theta_error': 0, 'mapId': '1354291518018142209'}}
2021-04-02 13:49:20,692 data_manager.py[line:1405] INFO {'notice_info_': {'distance': '0 s 0', 'path_info': '当前目标点:0 目标点总数: 0', 'control_info': '', 'draw_info': 0, 'theta_error': 0, 'mapId': '1354291518018142209'}}
2021-04-02 13:49:22,054 data_manager.py[line:976] INFO {'点击地点': [[114.523451, 30.506288]]}
2021-04-02 13:49:22,054 data_manager.py[line:1000] INFO {'全部距离': 88.120995915821}
2021-04-02 13:49:30,246 data_manager.py[line:1405] INFO {'notice_info_': {'distance': '0 s 81.0', 'path_info': '当前目标点:0 目标点总数: 0', 'control_info': '', 'draw_info': 0, 'theta_error': 0.86, 'mapId': '1354291518018142209'}}
2021-04-02 13:49:30,749 data_manager.py[line:1405] INFO {'notice_info_': {'distance': '0 s 81.0', 'path_info': '当前目标点:0 目标点总数: 0', 'control_info': '', 'draw_info': 0, 'theta_error': 0.86, 'mapId': '1354291518018142209'}}
2021-04-02 13:49:40,317 data_manager.py[line:1405] INFO {'notice_info_': {'distance': '0 s 81.0', 'path_info': '当前目标点:0 目标点总数: 0', 'control_info': '', 'draw_info': 0, 'theta_error': 0.86, 'mapId': '1354291518018142209'}}
2021-04-02 13:49:40,820 data_manager.py[line:1405] INFO {'notice_info_': {'distance': '0 s 81.0', 'path_info': '当前目标点:0 目标点总数: 0', 'control_info': '', 'draw_info': 0, 'theta_error': 0.86, 'mapId': '1354291518018142209'}}
2021-04-02 13:49:42,078 data_manager.py[line:976] INFO {'点击地点': [[114.524164, 30.50636], [114.524354, 30.506105], [114.523701, 30.505987]]}
2021-04-02 13:49:42,078 data_manager.py[line:1000] INFO {'全部距离': 166.04153681807944}
2021-04-02 13:49:50,461 data_manager.py[line:1405] INFO {'notice_info_': {'distance': '23.16 s 81.0', 'path_info': '当前目标点:1 目标点总数: 3', 'control_info': '', 'draw_info': 0, 'theta_error': -27.27, 'mapId': '1354291518018142209'}}
2021-04-02 13:49:50,964 data_manager.py[line:1405] INFO {'notice_info_': {'distance': '17.25 s 81.0', 'path_info': '当前目标点:1 目标点总数: 3', 'control_info': '', 'draw_info': 0, 'theta_error': -14.1, 'mapId': '1354291518018142209'}}
2021-04-02 13:50:00,014 data_manager.py[line:1405] INFO {'notice_info_': {'distance': '0 s 83.0', 'path_info': '当前目标点:0 目标点总数: 0', 'control_info': '', 'draw_info': 0, 'theta_error': 0.0, 'mapId': '1354291518018142209'}}
2021-04-02 13:50:00,517 data_manager.py[line:1405] INFO {'notice_info_': {'distance': '0 s 83.0', 'path_info': '当前目标点:0 目标点总数: 0', 'control_info': '', 'draw_info': 0, 'theta_error': 0.0, 'mapId': '1354291518018142209'}}
2021-04-02 13:50:05,709 data_manager.py[line:976] INFO {'点击地点': [[114.524725, 30.505582]]}
2021-04-02 13:50:05,709 data_manager.py[line:1000] INFO {'全部距离': 107.59688416404686}
2021-04-02 13:50:10,071 data_manager.py[line:1405] INFO {'notice_info_': {'distance': '83.67 s 83.0', 'path_info': '当前目标点:0 目标点总数: 1', 'control_info': '', 'draw_info': 0, 'theta_error': 0.91, 'mapId': '1354291518018142209'}}
2021-04-02 13:50:10,573 data_manager.py[line:1405] INFO {'notice_info_': {'distance': '74.05 s 83.0', 'path_info': '当前目标点:0 目标点总数: 1', 'control_info': '', 'draw_info': 0, 'theta_error': 0.56, 'mapId': '1354291518018142209'}}
2021-04-02 14:12:20,337 data_manager.py[line:1405] INFO {'notice_info_': {'distance': '0 s 0', 'path_info': '当前目标点:0 目标点总数: 0', 'control_info': '', 'draw_info': 0, 'theta_error': 0, 'mapId': ''}}
2021-04-02 14:12:20,838 data_manager.py[line:1405] INFO {'notice_info_': {'distance': '0 s 0', 'path_info': '当前目标点:0 目标点总数: 0', 'control_info': '', 'draw_info': 0, 'theta_error': 0, 'mapId': ''}}
2021-04-02 14:12:30,383 data_manager.py[line:1405] INFO {'notice_info_': {'distance': '0 s 0', 'path_info': '当前目标点:0 目标点总数: 0', 'control_info': '', 'draw_info': 0, 'theta_error': 0, 'mapId': '1354291518018142209'}}
2021-04-02 14:12:30,886 data_manager.py[line:1405] INFO {'notice_info_': {'distance': '0 s 0', 'path_info': '当前目标点:0 目标点总数: 0', 'control_info': '', 'draw_info': 0, 'theta_error': 0, 'mapId': '1354291518018142209'}}
2021-04-02 14:12:40,434 data_manager.py[line:1405] INFO {'notice_info_': {'distance': '0 s 0', 'path_info': '当前目标点:0 目标点总数: 0', 'control_info': '', 'draw_info': 0, 'theta_error': 0, 'mapId': '1354291518018142209'}}
2021-04-02 14:12:40,937 data_manager.py[line:1405] INFO {'notice_info_': {'distance': '0 s 0', 'path_info': '当前目标点:0 目标点总数: 0', 'control_info': '', 'draw_info': 0, 'theta_error': 0, 'mapId': '1354291518018142209'}}
2021-04-02 14:12:50,489 data_manager.py[line:1405] INFO {'notice_info_': {'distance': '0 s 0', 'path_info': '当前目标点:0 目标点总数: 0', 'control_info': '', 'draw_info': 0, 'theta_error': 0, 'mapId': '1354291518018142209'}}
2021-04-02 14:12:50,992 data_manager.py[line:1405] INFO {'notice_info_': {'distance': '0 s 0', 'path_info': '当前目标点:0 目标点总数: 0', 'control_info': '', 'draw_info': 0, 'theta_error': 0, 'mapId': '1354291518018142209'}}
2021-04-02 14:13:00,039 data_manager.py[line:1405] INFO {'notice_info_': {'distance': '0 s 0', 'path_info': '当前目标点:0 目标点总数: 0', 'control_info': '', 'draw_info': 0, 'theta_error': 0, 'mapId': '1354291518018142209'}}
2021-04-02 14:13:00,542 data_manager.py[line:1405] INFO {'notice_info_': {'distance': '0 s 0', 'path_info': '当前目标点:0 目标点总数: 0', 'control_info': '', 'draw_info': 0, 'theta_error': 0, 'mapId': '1354291518018142209'}}
2021-04-02 14:13:10,090 data_manager.py[line:1405] INFO {'notice_info_': {'distance': '0 s 0', 'path_info': '当前目标点:0 目标点总数: 0', 'control_info': '', 'draw_info': 0, 'theta_error': 0, 'mapId': '1354291518018142209'}}
2021-04-02 14:13:10,593 data_manager.py[line:1405] INFO {'notice_info_': {'distance': '0 s 0', 'path_info': '当前目标点:0 目标点总数: 0', 'control_info': '', 'draw_info': 0, 'theta_error': 0, 'mapId': '1354291518018142209'}}
2021-04-02 14:13:14,164 data_manager.py[line:976] INFO {'点击地点': [[114.523792, 30.506471], [114.524232, 30.506255], [114.523823, 30.505948]]}
2021-04-02 14:13:14,164 data_manager.py[line:1000] INFO {'全部距离': 151.9853001779208}
2021-04-02 14:13:20,145 data_manager.py[line:1405] INFO {'notice_info_': {'distance': '48.74 s 0', 'path_info': '当前目标点:1 目标点总数: 3', 'control_info': '', 'draw_info': 0, 'theta_error': 63.01, 'mapId': '1354291518018142209'}}
2021-04-02 14:13:20,647 data_manager.py[line:1405] INFO {'notice_info_': {'distance': '45.78 s 0', 'path_info': '当前目标点:1 目标点总数: 3', 'control_info': '', 'draw_info': 0, 'theta_error': 47.15, 'mapId': '1354291518018142209'}}
2021-04-02 14:13:30,198 data_manager.py[line:1405] INFO {'notice_info_': {'distance': '0 s 76.0', 'path_info': '当前目标点:0 目标点总数: 0', 'control_info': '', 'draw_info': 0, 'theta_error': 0.76, 'mapId': '1354291518018142209'}}
2021-04-02 14:13:30,701 data_manager.py[line:1405] INFO {'notice_info_': {'distance': '0 s 76.0', 'path_info': '当前目标点:0 目标点总数: 0', 'control_info': '', 'draw_info': 0, 'theta_error': 0.76, 'mapId': '1354291518018142209'}}
2021-04-02 14:13:40,257 data_manager.py[line:1405] INFO {'notice_info_': {'distance': '0 s 76.0', 'path_info': '当前目标点:0 目标点总数: 0', 'control_info': '', 'draw_info': 0, 'theta_error': 0.76, 'mapId': '1354291518018142209'}}
2021-04-02 14:13:40,760 data_manager.py[line:1405] INFO {'notice_info_': {'distance': '0 s 76.0', 'path_info': '当前目标点:0 目标点总数: 0', 'control_info': '', 'draw_info': 0, 'theta_error': 0.76, 'mapId': '1354291518018142209'}}
2021-04-02 14:13:50,315 data_manager.py[line:1405] INFO {'notice_info_': {'distance': '0 s 76.0', 'path_info': '当前目标点:0 目标点总数: 0', 'control_info': '', 'draw_info': 0, 'theta_error': 0.76, 'mapId': '1354291518018142209'}}
2021-04-02 14:13:50,818 data_manager.py[line:1405] INFO {'notice_info_': {'distance': '0 s 76.0', 'path_info': '当前目标点:0 目标点总数: 0', 'control_info': '', 'draw_info': 0, 'theta_error': 0.76, 'mapId': '1354291518018142209'}}
2021-04-02 14:14:00,370 data_manager.py[line:1405] INFO {'notice_info_': {'distance': '0 s 76.0', 'path_info': '当前目标点:0 目标点总数: 0', 'control_info': '', 'draw_info': 0, 'theta_error': 0.76, 'mapId': '1354291518018142209'}}
2021-04-02 14:14:00,872 data_manager.py[line:1405] INFO {'notice_info_': {'distance': '0 s 76.0', 'path_info': '当前目标点:0 目标点总数: 0', 'control_info': '', 'draw_info': 0, 'theta_error': 0.76, 'mapId': '1354291518018142209'}}
2021-04-02 14:14:10,444 data_manager.py[line:1405] INFO {'notice_info_': {'distance': '0 s 76.0', 'path_info': '当前目标点:0 目标点总数: 0', 'control_info': '', 'draw_info': 0, 'theta_error': 0.76, 'mapId': '1354291518018142209'}}
2021-04-02 14:14:10,947 data_manager.py[line:1405] INFO {'notice_info_': {'distance': '0 s 76.0', 'path_info': '当前目标点:0 目标点总数: 0', 'control_info': '', 'draw_info': 0, 'theta_error': 0.76, 'mapId': '1354291518018142209'}}
2021-04-02 14:14:20,496 data_manager.py[line:1405] INFO {'notice_info_': {'distance': '0 s 76.0', 'path_info': '当前目标点:0 目标点总数: 0', 'control_info': '', 'draw_info': 0, 'theta_error': 0.76, 'mapId': '1354291518018142209'}}
2021-04-02 14:14:20,999 data_manager.py[line:1405] INFO {'notice_info_': {'distance': '0 s 76.0', 'path_info': '当前目标点:0 目标点总数: 0', 'control_info': '', 'draw_info': 0, 'theta_error': 0.76, 'mapId': '1354291518018142209'}}
2021-04-02 14:14:30,049 data_manager.py[line:1405] INFO {'notice_info_': {'distance': '0 s 76.0', 'path_info': '当前目标点:0 目标点总数: 0', 'control_info': '', 'draw_info': 0, 'theta_error': 0.76, 'mapId': '1354291518018142209'}}
2021-04-02 14:14:30,552 data_manager.py[line:1405] INFO {'notice_info_': {'distance': '0 s 76.0', 'path_info': '当前目标点:0 目标点总数: 0', 'control_info': '', 'draw_info': 0, 'theta_error': 0.76, 'mapId': '1354291518018142209'}}
2021-04-02 14:14:40,102 data_manager.py[line:1405] INFO {'notice_info_': {'distance': '0 s 76.0', 'path_info': '当前目标点:0 目标点总数: 0', 'control_info': '', 'draw_info': 0, 'theta_error': 0.76, 'mapId': '1354291518018142209'}}
2021-04-02 14:14:40,606 data_manager.py[line:1405] INFO {'notice_info_': {'distance': '0 s 76.0', 'path_info': '当前目标点:0 目标点总数: 0', 'control_info': '', 'draw_info': 0, 'theta_error': 0.76, 'mapId': '1354291518018142209'}}
2021-04-02 14:14:50,160 data_manager.py[line:1405] INFO {'notice_info_': {'distance': '0 s 76.0', 'path_info': '当前目标点:0 目标点总数: 0', 'control_info': '', 'draw_info': 0, 'theta_error': 0.76, 'mapId': '1354291518018142209'}}
2021-04-02 14:14:50,663 data_manager.py[line:1405] INFO {'notice_info_': {'distance': '0 s 76.0', 'path_info': '当前目标点:0 目标点总数: 0', 'control_info': '', 'draw_info': 0, 'theta_error': 0.76, 'mapId': '1354291518018142209'}}
2021-04-02 14:15:00,217 data_manager.py[line:1405] INFO {'notice_info_': {'distance': '0 s 76.0', 'path_info': '当前目标点:0 目标点总数: 0', 'control_info': '', 'draw_info': 0, 'theta_error': 0.76, 'mapId': '1354291518018142209'}}
2021-04-02 14:15:00,720 data_manager.py[line:1405] INFO {'notice_info_': {'distance': '0 s 76.0', 'path_info': '当前目标点:0 目标点总数: 0', 'control_info': '', 'draw_info': 0, 'theta_error': 0.76, 'mapId': '1354291518018142209'}}
2021-04-02 14:15:10,274 data_manager.py[line:1405] INFO {'notice_info_': {'distance': '0 s 76.0', 'path_info': '当前目标点:0 目标点总数: 0', 'control_info': '', 'draw_info': 0, 'theta_error': 0.76, 'mapId': '1354291518018142209'}}
2021-04-02 14:15:10,778 data_manager.py[line:1405] INFO {'notice_info_': {'distance': '0 s 76.0', 'path_info': '当前目标点:0 目标点总数: 0', 'control_info': '', 'draw_info': 0, 'theta_error': 0.76, 'mapId': '1354291518018142209'}}
2021-04-02 14:15:20,333 data_manager.py[line:1405] INFO {'notice_info_': {'distance': '0 s 76.0', 'path_info': '当前目标点:0 目标点总数: 0', 'control_info': '', 'draw_info': 0, 'theta_error': 0.76, 'mapId': '1354291518018142209'}}
2021-04-02 14:15:20,836 data_manager.py[line:1405] INFO {'notice_info_': {'distance': '0 s 76.0', 'path_info': '当前目标点:0 目标点总数: 0', 'control_info': '', 'draw_info': 0, 'theta_error': 0.76, 'mapId': '1354291518018142209'}}
2021-04-02 14:15:30,487 data_manager.py[line:1405] INFO {'notice_info_': {'distance': '0 s 76.0', 'path_info': '当前目标点:0 目标点总数: 0', 'control_info': '', 'draw_info': 0, 'theta_error': 0.76, 'mapId': '1354291518018142209'}}
2021-04-02 14:15:30,991 data_manager.py[line:1405] INFO {'notice_info_': {'distance': '0 s 76.0', 'path_info': '当前目标点:0 目标点总数: 0', 'control_info': '', 'draw_info': 0, 'theta_error': 0.76, 'mapId': '1354291518018142209'}}
2021-04-02 14:15:40,397 data_manager.py[line:1405] INFO {'notice_info_': {'distance': '0 s 76.0', 'path_info': '当前目标点:0 目标点总数: 0', 'control_info': '', 'draw_info': 0, 'theta_error': 0.76, 'mapId': '1354291518018142209'}}
2021-04-02 14:15:40,900 data_manager.py[line:1405] INFO {'notice_info_': {'distance': '0 s 76.0', 'path_info': '当前目标点:0 目标点总数: 0', 'control_info': '', 'draw_info': 0, 'theta_error': 0.76, 'mapId': '1354291518018142209'}}
2021-04-02 14:15:50,452 data_manager.py[line:1405] INFO {'notice_info_': {'distance': '0 s 76.0', 'path_info': '当前目标点:0 目标点总数: 0', 'control_info': '', 'draw_info': 0, 'theta_error': 0.76, 'mapId': '1354291518018142209'}}
2021-04-02 14:15:50,956 data_manager.py[line:1405] INFO {'notice_info_': {'distance': '0 s 76.0', 'path_info': '当前目标点:0 目标点总数: 0', 'control_info': '', 'draw_info': 0, 'theta_error': 0.76, 'mapId': '1354291518018142209'}}
2021-04-02 14:16:00,002 data_manager.py[line:1405] INFO {'notice_info_': {'distance': '0 s 76.0', 'path_info': '当前目标点:0 目标点总数: 0', 'control_info': '', 'draw_info': 0, 'theta_error': 0.76, 'mapId': '1354291518018142209'}}
2021-04-02 14:16:00,505 data_manager.py[line:1405] INFO {'notice_info_': {'distance': '0 s 76.0', 'path_info': '当前目标点:0 目标点总数: 0', 'control_info': '', 'draw_info': 0, 'theta_error': 0.76, 'mapId': '1354291518018142209'}}
2021-04-02 14:16:10,059 data_manager.py[line:1405] INFO {'notice_info_': {'distance': '0 s 76.0', 'path_info': '当前目标点:0 目标点总数: 0', 'control_info': '', 'draw_info': 0, 'theta_error': 0.76, 'mapId': '1354291518018142209'}}
2021-04-02 14:16:10,563 data_manager.py[line:1405] INFO {'notice_info_': {'distance': '0 s 76.0', 'path_info': '当前目标点:0 目标点总数: 0', 'control_info': '', 'draw_info': 0, 'theta_error': 0.76, 'mapId': '1354291518018142209'}}
2021-04-02 14:16:30,681 data_manager.py[line:1405] INFO {'notice_info_': {'distance': '0 s 0', 'path_info': '当前目标点:0 目标点总数: 0', 'control_info': '', 'draw_info': 0, 'theta_error': 0, 'mapId': ''}}
2021-04-02 14:16:40,442 data_manager.py[line:1405] INFO {'notice_info_': {'distance': '0 s 0', 'path_info': '当前目标点:0 目标点总数: 0', 'control_info': '', 'draw_info': 0, 'theta_error': 0, 'mapId': ''}}
2021-04-02 14:16:40,943 data_manager.py[line:1405] INFO {'notice_info_': {'distance': '0 s 0', 'path_info': '当前目标点:0 目标点总数: 0', 'control_info': '', 'draw_info': 0, 'theta_error': 0, 'mapId': ''}}
2021-04-02 14:16:50,483 data_manager.py[line:1405] INFO {'notice_info_': {'distance': '0 s 0', 'path_info': '当前目标点:0 目标点总数: 0', 'control_info': '', 'draw_info': 0, 'theta_error': 0, 'mapId': '1354291518018142209'}}
2021-04-02 14:16:50,985 data_manager.py[line:1405] INFO {'notice_info_': {'distance': '0 s 0', 'path_info': '当前目标点:0 目标点总数: 0', 'control_info': '', 'draw_info': 0, 'theta_error': 0, 'mapId': '1354291518018142209'}}
2021-04-02 14:16:57,581 data_manager.py[line:976] INFO {'点击地点': [[114.523701, 30.506118]]}
2021-04-02 14:16:57,581 data_manager.py[line:1000] INFO {'全部距离': 90.06399612724321}
2021-04-02 14:17:00,047 data_manager.py[line:1405] INFO {'notice_info_': {'distance': '91.55 s 0', 'path_info': '当前目标点:0 目标点总数: 1', 'control_info': '', 'draw_info': 0, 'theta_error': 98.1, 'mapId': '1354291518018142209'}}
2021-04-02 14:17:00,550 data_manager.py[line:1405] INFO {'notice_info_': {'distance': '87.39 s 0', 'path_info': '当前目标点:0 目标点总数: 1', 'control_info': '', 'draw_info': 0, 'theta_error': 85.57, 'mapId': '1354291518018142209'}}
2021-04-02 14:18:20,338 data_manager.py[line:1405] INFO {'notice_info_': {'distance': '0 s 0', 'path_info': '当前目标点:0 目标点总数: 0', 'control_info': '', 'draw_info': 0, 'theta_error': 0, 'mapId': '1354291518018142209'}}
2021-04-02 14:18:20,841 data_manager.py[line:1405] INFO {'notice_info_': {'distance': '0 s 0', 'path_info': '当前目标点:0 目标点总数: 0', 'control_info': '', 'draw_info': 0, 'theta_error': 0, 'mapId': '1354291518018142209'}}
2021-04-02 14:18:25,840 data_manager.py[line:976] INFO {'点击地点': [[114.523701, 30.506406], [114.524414, 30.506118], [114.523785, 30.505968]]}
2021-04-02 14:18:25,840 data_manager.py[line:1000] INFO {'全部距离': 200.43732490129122}
2021-04-02 17:11:50,470 data_manager.py[line:1405] INFO {'notice_info_': {'distance': '0 s 0', 'path_info': '当前目标点:0 目标点总数: 0', 'control_info': '', 'draw_info': 0, 'theta_error': 0, 'mapId': ''}}
2021-04-02 17:11:50,972 data_manager.py[line:1405] INFO {'notice_info_': {'distance': '0 s 0', 'path_info': '当前目标点:0 目标点总数: 0', 'control_info': '', 'draw_info': 0, 'theta_error': 0, 'mapId': ''}}
2021-04-02 17:12:00,002 data_manager.py[line:1405] INFO {'notice_info_': {'distance': '0 s 0', 'path_info': '当前目标点:0 目标点总数: 0', 'control_info': '', 'draw_info': 0, 'theta_error': 0, 'mapId': '1354291518018142209'}}
2021-04-02 17:12:00,505 data_manager.py[line:1405] INFO {'notice_info_': {'distance': '0 s 0', 'path_info': '当前目标点:0 目标点总数: 0', 'control_info': '', 'draw_info': 0, 'theta_error': 0, 'mapId': '1354291518018142209'}}
2021-04-02 17:12:04,531 data_manager.py[line:976] INFO {'点击地点': [[114.523838, 30.506375], [114.524278, 30.506251], [114.523876, 30.506029]]}
2021-04-02 17:12:04,531 data_manager.py[line:1000] INFO {'全部距离': 148.7129286693783}
2021-04-02 17:14:40,385 data_manager.py[line:1405] INFO {'notice_info_': {'distance': '0 s 0', 'path_info': '当前目标点:0 目标点总数: 0', 'control_info': '', 'draw_info': 0, 'theta_error': 0, 'mapId': ''}}
2021-04-02 17:14:40,887 data_manager.py[line:1405] INFO {'notice_info_': {'distance': '0 s 0', 'path_info': '当前目标点:0 目标点总数: 0', 'control_info': '', 'draw_info': 0, 'theta_error': 0, 'mapId': ''}}
2021-04-02 17:14:50,427 data_manager.py[line:1405] INFO {'notice_info_': {'distance': '0 s 0', 'path_info': '当前目标点:0 目标点总数: 0', 'control_info': '', 'draw_info': 0, 'theta_error': 0, 'mapId': '1354291518018142209'}}
2021-04-02 17:14:50,930 data_manager.py[line:1405] INFO {'notice_info_': {'distance': '0 s 0', 'path_info': '当前目标点:0 目标点总数: 0', 'control_info': '', 'draw_info': 0, 'theta_error': 0, 'mapId': '1354291518018142209'}}
2021-04-02 17:14:51,063 data_manager.py[line:976] INFO {'点击地点': [[114.523747, 30.506506], [114.524202, 30.506218], [114.523747, 30.506068]]}
2021-04-02 17:15:00,483 data_manager.py[line:1405] INFO {'notice_info_': {'distance': '0 s 0', 'path_info': '当前目标点:0 目标点总数: 0', 'control_info': '', 'draw_info': 0, 'theta_error': 0, 'mapId': '1354291518018142209'}}
2021-04-02 17:15:00,987 data_manager.py[line:1405] INFO {'notice_info_': {'distance': '0 s 0', 'path_info': '当前目标点:0 目标点总数: 0', 'control_info': '', 'draw_info': 0, 'theta_error': 0, 'mapId': '1354291518018142209'}}
2021-04-02 17:15:10,040 data_manager.py[line:1405] INFO {'notice_info_': {'distance': '0 s 0', 'path_info': '当前目标点:0 目标点总数: 0', 'control_info': '', 'draw_info': 0, 'theta_error': 0, 'mapId': '1354291518018142209'}}
2021-04-02 17:15:10,544 data_manager.py[line:1405] INFO {'notice_info_': {'distance': '0 s 0', 'path_info': '当前目标点:0 目标点总数: 0', 'control_info': '', 'draw_info': 0, 'theta_error': 0, 'mapId': '1354291518018142209'}}
2021-04-02 17:15:20,095 data_manager.py[line:1405] INFO {'notice_info_': {'distance': '0 s 0', 'path_info': '当前目标点:0 目标点总数: 0', 'control_info': '', 'draw_info': 0, 'theta_error': 0, 'mapId': '1354291518018142209'}}
2021-04-02 17:15:20,600 data_manager.py[line:1405] INFO {'notice_info_': {'distance': '0 s 0', 'path_info': '当前目标点:0 目标点总数: 0', 'control_info': '', 'draw_info': 0, 'theta_error': 0, 'mapId': '1354291518018142209'}}
2021-04-02 17:15:30,155 data_manager.py[line:1405] INFO {'notice_info_': {'distance': '0 s 0', 'path_info': '当前目标点:0 目标点总数: 0', 'control_info': '', 'draw_info': 0, 'theta_error': 0, 'mapId': '1354291518018142209'}}
2021-04-02 17:15:30,659 data_manager.py[line:1405] INFO {'notice_info_': {'distance': '0 s 0', 'path_info': '当前目标点:0 目标点总数: 0', 'control_info': '', 'draw_info': 0, 'theta_error': 0, 'mapId': '1354291518018142209'}}
2021-04-02 17:15:40,217 data_manager.py[line:1405] INFO {'notice_info_': {'distance': '0 s 0', 'path_info': '当前目标点:0 目标点总数: 0', 'control_info': '', 'draw_info': 0, 'theta_error': 0, 'mapId': '1354291518018142209'}}
2021-04-02 17:15:40,720 data_manager.py[line:1405] INFO {'notice_info_': {'distance': '0 s 0', 'path_info': '当前目标点:0 目标点总数: 0', 'control_info': '', 'draw_info': 0, 'theta_error': 0, 'mapId': '1354291518018142209'}}
2021-04-02 17:15:47,858 data_manager.py[line:1000] INFO {'全部距离': 151.81715342072022}
2021-04-02 17:15:50,314 data_manager.py[line:1405] INFO {'notice_info_': {'distance': '0 s 0', 'path_info': '当前目标点:0 目标点总数: 0', 'control_info': '', 'draw_info': 0, 'theta_error': 0, 'mapId': '1354291518018142209'}}
2021-04-02 17:15:50,842 data_manager.py[line:1405] INFO {'notice_info_': {'distance': '0 s 0', 'path_info': '当前目标点:0 目标点总数: 0', 'control_info': '', 'draw_info': 0, 'theta_error': 0, 'mapId': '1354291518018142209'}}
2021-04-02 17:16:00,432 data_manager.py[line:1405] INFO {'notice_info_': {'distance': '0 s 0', 'path_info': '当前目标点:0 目标点总数: 3', 'control_info': '', 'draw_info': 0, 'theta_error': 0, 'mapId': '1354291518018142209'}}
2021-04-02 17:16:00,937 data_manager.py[line:1405] INFO {'notice_info_': {'distance': '0 s 0', 'path_info': '当前目标点:0 目标点总数: 3', 'control_info': '', 'draw_info': 0, 'theta_error': 0, 'mapId': '1354291518018142209'}}
2021-04-02 17:16:10,494 data_manager.py[line:1405] INFO {'notice_info_': {'distance': '0 s 0', 'path_info': '当前目标点:0 目标点总数: 3', 'control_info': '', 'draw_info': 0, 'theta_error': 0, 'mapId': '1354291518018142209'}}
2021-04-02 17:16:10,996 data_manager.py[line:1405] INFO {'notice_info_': {'distance': '0 s 0', 'path_info': '当前目标点:0 目标点总数: 3', 'control_info': '', 'draw_info': 0, 'theta_error': 0, 'mapId': '1354291518018142209'}}
2021-04-02 17:16:20,083 data_manager.py[line:1405] INFO {'notice_info_': {'distance': '0 s 0', 'path_info': '当前目标点:0 目标点总数: 3', 'control_info': '', 'draw_info': 0, 'theta_error': 0, 'mapId': '1354291518018142209'}}
2021-04-02 17:16:20,586 data_manager.py[line:1405] INFO {'notice_info_': {'distance': '0 s 0', 'path_info': '当前目标点:0 目标点总数: 3', 'control_info': '', 'draw_info': 0, 'theta_error': 0, 'mapId': '1354291518018142209'}}
2021-04-02 17:16:30,574 data_manager.py[line:1405] INFO {'notice_info_': {'distance': '0 s 0', 'path_info': '当前目标点:0 目标点总数: 3', 'control_info': '', 'draw_info': 0, 'theta_error': 0, 'mapId': '1354291518018142209'}}
2021-04-02 17:16:40,128 data_manager.py[line:1405] INFO {'notice_info_': {'distance': '0 s 0', 'path_info': '当前目标点:0 目标点总数: 3', 'control_info': '', 'draw_info': 0, 'theta_error': 0, 'mapId': '1354291518018142209'}}
2021-04-02 17:16:40,630 data_manager.py[line:1405] INFO {'notice_info_': {'distance': '0 s 0', 'path_info': '当前目标点:0 目标点总数: 3', 'control_info': '', 'draw_info': 0, 'theta_error': 0, 'mapId': '1354291518018142209'}}
2021-04-02 17:16:50,188 data_manager.py[line:1405] INFO {'notice_info_': {'distance': '0 s 0', 'path_info': '当前目标点:0 目标点总数: 3', 'control_info': '', 'draw_info': 0, 'theta_error': 0, 'mapId': '1354291518018142209'}}
2021-04-02 17:16:50,692 data_manager.py[line:1405] INFO {'notice_info_': {'distance': '0 s 0', 'path_info': '当前目标点:0 目标点总数: 3', 'control_info': '', 'draw_info': 0, 'theta_error': 0, 'mapId': '1354291518018142209'}}
2021-04-02 17:17:00,250 data_manager.py[line:1405] INFO {'notice_info_': {'distance': '0 s 0', 'path_info': '当前目标点:0 目标点总数: 3', 'control_info': '', 'draw_info': 0, 'theta_error': 0, 'mapId': '1354291518018142209'}}
2021-04-02 17:17:00,754 data_manager.py[line:1405] INFO {'notice_info_': {'distance': '0 s 0', 'path_info': '当前目标点:0 目标点总数: 3', 'control_info': '', 'draw_info': 0, 'theta_error': 0, 'mapId': '1354291518018142209'}}
2021-04-02 17:17:10,351 data_manager.py[line:1405] INFO {'notice_info_': {'distance': '0 s 0', 'path_info': '当前目标点:0 目标点总数: 3', 'control_info': '', 'draw_info': 0, 'theta_error': 0, 'mapId': '1354291518018142209'}}
2021-04-02 17:17:10,853 data_manager.py[line:1405] INFO {'notice_info_': {'distance': '0 s 0', 'path_info': '当前目标点:0 目标点总数: 3', 'control_info': '', 'draw_info': 0, 'theta_error': 0, 'mapId': '1354291518018142209'}}
2021-04-02 17:17:20,458 data_manager.py[line:1405] INFO {'notice_info_': {'distance': '0 s 0', 'path_info': '当前目标点:0 目标点总数: 3', 'control_info': '', 'draw_info': 0, 'theta_error': 0, 'mapId': '1354291518018142209'}}
2021-04-02 17:17:20,964 data_manager.py[line:1405] INFO {'notice_info_': {'distance': '0 s 0', 'path_info': '当前目标点:0 目标点总数: 3', 'control_info': '', 'draw_info': 0, 'theta_error': 0, 'mapId': '1354291518018142209'}}
2021-04-02 17:17:30,062 data_manager.py[line:1405] INFO {'notice_info_': {'distance': '0 s 0', 'path_info': '当前目标点:0 目标点总数: 3', 'control_info': '', 'draw_info': 0, 'theta_error': 0, 'mapId': '1354291518018142209'}}
2021-04-02 17:17:30,567 data_manager.py[line:1405] INFO {'notice_info_': {'distance': '0 s 0', 'path_info': '当前目标点:0 目标点总数: 3', 'control_info': '', 'draw_info': 0, 'theta_error': 0, 'mapId': '1354291518018142209'}}
2021-04-02 17:17:40,128 data_manager.py[line:1405] INFO {'notice_info_': {'distance': '0 s 0', 'path_info': '当前目标点:0 目标点总数: 3', 'control_info': '', 'draw_info': 0, 'theta_error': 0, 'mapId': '1354291518018142209'}}
2021-04-02 17:17:40,631 data_manager.py[line:1405] INFO {'notice_info_': {'distance': '0 s 0', 'path_info': '当前目标点:0 目标点总数: 3', 'control_info': '', 'draw_info': 0, 'theta_error': 0, 'mapId': '1354291518018142209'}}
2021-04-02 17:17:50,188 data_manager.py[line:1405] INFO {'notice_info_': {'distance': '0 s 0', 'path_info': '当前目标点:0 目标点总数: 3', 'control_info': '', 'draw_info': 0, 'theta_error': 0, 'mapId': '1354291518018142209'}}
2021-04-02 17:17:50,692 data_manager.py[line:1405] INFO {'notice_info_': {'distance': '0 s 0', 'path_info': '当前目标点:0 目标点总数: 3', 'control_info': '', 'draw_info': 0, 'theta_error': 0, 'mapId': '1354291518018142209'}}
2021-04-02 17:18:00,251 data_manager.py[line:1405] INFO {'notice_info_': {'distance': '0 s 0', 'path_info': '当前目标点:0 目标点总数: 3', 'control_info': '', 'draw_info': 0, 'theta_error': 0, 'mapId': '1354291518018142209'}}
2021-04-02 17:18:00,753 data_manager.py[line:1405] INFO {'notice_info_': {'distance': '0 s 0', 'path_info': '当前目标点:0 目标点总数: 3', 'control_info': '', 'draw_info': 0, 'theta_error': 0, 'mapId': '1354291518018142209'}}
2021-04-02 17:18:10,314 data_manager.py[line:1405] INFO {'notice_info_': {'distance': '0 s 0', 'path_info': '当前目标点:0 目标点总数: 3', 'control_info': '', 'draw_info': 0, 'theta_error': 0, 'mapId': '1354291518018142209'}}
2021-04-02 17:18:10,816 data_manager.py[line:1405] INFO {'notice_info_': {'distance': '0 s 0', 'path_info': '当前目标点:0 目标点总数: 3', 'control_info': '', 'draw_info': 0, 'theta_error': 0, 'mapId': '1354291518018142209'}}
2021-04-02 17:18:20,395 data_manager.py[line:1405] INFO {'notice_info_': {'distance': '0 s 0', 'path_info': '当前目标点:0 目标点总数: 3', 'control_info': '', 'draw_info': 0, 'theta_error': 0, 'mapId': '1354291518018142209'}}
2021-04-02 17:18:20,898 data_manager.py[line:1405] INFO {'notice_info_': {'distance': '0 s 0', 'path_info': '当前目标点:0 目标点总数: 3', 'control_info': '', 'draw_info': 0, 'theta_error': 0, 'mapId': '1354291518018142209'}}
2021-04-02 17:18:30,469 data_manager.py[line:1405] INFO {'notice_info_': {'distance': '0 s 0', 'path_info': '当前目标点:0 目标点总数: 3', 'control_info': '', 'draw_info': 0, 'theta_error': 0, 'mapId': '1354291518018142209'}}
2021-04-02 17:18:30,976 data_manager.py[line:1405] INFO {'notice_info_': {'distance': '0 s 0', 'path_info': '当前目标点:0 目标点总数: 3', 'control_info': '', 'draw_info': 0, 'theta_error': 0, 'mapId': '1354291518018142209'}}
2021-04-02 17:18:40,289 data_manager.py[line:1405] INFO {'notice_info_': {'distance': '0 s 0', 'path_info': '当前目标点:0 目标点总数: 3', 'control_info': '', 'draw_info': 0, 'theta_error': 0, 'mapId': '1354291518018142209'}}
2021-04-02 17:18:40,792 data_manager.py[line:1405] INFO {'notice_info_': {'distance': '0 s 0', 'path_info': '当前目标点:0 目标点总数: 3', 'control_info': '', 'draw_info': 0, 'theta_error': 0, 'mapId': '1354291518018142209'}}
2021-04-02 17:18:50,350 data_manager.py[line:1405] INFO {'notice_info_': {'distance': '0 s 0', 'path_info': '当前目标点:0 目标点总数: 3', 'control_info': '', 'draw_info': 0, 'theta_error': 0, 'mapId': '1354291518018142209'}}
2021-04-02 17:18:50,853 data_manager.py[line:1405] INFO {'notice_info_': {'distance': '0 s 0', 'path_info': '当前目标点:0 目标点总数: 3', 'control_info': '', 'draw_info': 0, 'theta_error': 0, 'mapId': '1354291518018142209'}}
2021-04-02 17:19:00,424 data_manager.py[line:1405] INFO {'notice_info_': {'distance': '0 s 0', 'path_info': '当前目标点:0 目标点总数: 3', 'control_info': '', 'draw_info': 0, 'theta_error': 0, 'mapId': '1354291518018142209'}}
2021-04-02 17:19:00,927 data_manager.py[line:1405] INFO {'notice_info_': {'distance': '0 s 0', 'path_info': '当前目标点:0 目标点总数: 3', 'control_info': '', 'draw_info': 0, 'theta_error': 0, 'mapId': '1354291518018142209'}}
2021-04-02 17:19:10,486 data_manager.py[line:1405] INFO {'notice_info_': {'distance': '0 s 0', 'path_info': '当前目标点:0 目标点总数: 3', 'control_info': '', 'draw_info': 0, 'theta_error': 0, 'mapId': '1354291518018142209'}}
2021-04-02 17:19:10,991 data_manager.py[line:1405] INFO {'notice_info_': {'distance': '0 s 0', 'path_info': '当前目标点:0 目标点总数: 3', 'control_info': '', 'draw_info': 0, 'theta_error': 0, 'mapId': '1354291518018142209'}}
2021-04-02 17:19:20,042 data_manager.py[line:1405] INFO {'notice_info_': {'distance': '0 s 0', 'path_info': '当前目标点:0 目标点总数: 3', 'control_info': '', 'draw_info': 0, 'theta_error': 0, 'mapId': '1354291518018142209'}}
2021-04-02 17:19:20,546 data_manager.py[line:1405] INFO {'notice_info_': {'distance': '0 s 0', 'path_info': '当前目标点:0 目标点总数: 3', 'control_info': '', 'draw_info': 0, 'theta_error': 0, 'mapId': '1354291518018142209'}}
2021-04-02 17:19:30,099 data_manager.py[line:1405] INFO {'notice_info_': {'distance': '0 s 0', 'path_info': '当前目标点:0 目标点总数: 3', 'control_info': '', 'draw_info': 0, 'theta_error': 0, 'mapId': '1354291518018142209'}}
2021-04-02 17:19:30,603 data_manager.py[line:1405] INFO {'notice_info_': {'distance': '0 s 0', 'path_info': '当前目标点:0 目标点总数: 3', 'control_info': '', 'draw_info': 0, 'theta_error': 0, 'mapId': '1354291518018142209'}}
2021-04-02 17:19:40,388 data_manager.py[line:1405] INFO {'notice_info_': {'distance': '0 s 0', 'path_info': '当前目标点:0 目标点总数: 3', 'control_info': '', 'draw_info': 0, 'theta_error': 0, 'mapId': '1354291518018142209'}}
2021-04-02 17:19:40,891 data_manager.py[line:1405] INFO {'notice_info_': {'distance': '0 s 0', 'path_info': '当前目标点:0 目标点总数: 3', 'control_info': '', 'draw_info': 0, 'theta_error': 0, 'mapId': '1354291518018142209'}}
2021-04-02 17:19:50,445 data_manager.py[line:1405] INFO {'notice_info_': {'distance': '0 s 0', 'path_info': '当前目标点:0 目标点总数: 3', 'control_info': '', 'draw_info': 0, 'theta_error': 0, 'mapId': '1354291518018142209'}}
2021-04-02 17:19:50,949 data_manager.py[line:1405] INFO {'notice_info_': {'distance': '0 s 0', 'path_info': '当前目标点:0 目标点总数: 3', 'control_info': '', 'draw_info': 0, 'theta_error': 0, 'mapId': '1354291518018142209'}}
2021-04-02 17:20:00,005 data_manager.py[line:1405] INFO {'notice_info_': {'distance': '0 s 0', 'path_info': '当前目标点:0 目标点总数: 3', 'control_info': '', 'draw_info': 0, 'theta_error': 0, 'mapId': '1354291518018142209'}}
2021-04-02 17:20:00,509 data_manager.py[line:1405] INFO {'notice_info_': {'distance': '0 s 0', 'path_info': '当前目标点:0 目标点总数: 3', 'control_info': '', 'draw_info': 0, 'theta_error': 0, 'mapId': '1354291518018142209'}}
2021-04-02 17:20:10,066 data_manager.py[line:1405] INFO {'notice_info_': {'distance': '0 s 0', 'path_info': '当前目标点:0 目标点总数: 3', 'control_info': '', 'draw_info': 0, 'theta_error': 0, 'mapId': '1354291518018142209'}}
2021-04-02 17:20:10,569 data_manager.py[line:1405] INFO {'notice_info_': {'distance': '0 s 0', 'path_info': '当前目标点:0 目标点总数: 3', 'control_info': '', 'draw_info': 0, 'theta_error': 0, 'mapId': '1354291518018142209'}}
2021-04-02 17:20:20,057 data_manager.py[line:1405] INFO {'notice_info_': {'distance': '0 s 0', 'path_info': '当前目标点:0 目标点总数: 3', 'control_info': '', 'draw_info': 0, 'theta_error': 0, 'mapId': '1354291518018142209'}}
2021-04-02 17:20:20,561 data_manager.py[line:1405] INFO {'notice_info_': {'distance': '0 s 0', 'path_info': '当前目标点:0 目标点总数: 3', 'control_info': '', 'draw_info': 0, 'theta_error': 0, 'mapId': '1354291518018142209'}}
2021-04-02 17:20:30,112 data_manager.py[line:1405] INFO {'notice_info_': {'distance': '0 s 0', 'path_info': '当前目标点:0 目标点总数: 3', 'control_info': '', 'draw_info': 0, 'theta_error': 0, 'mapId': '1354291518018142209'}}
2021-04-02 17:20:30,616 data_manager.py[line:1405] INFO {'notice_info_': {'distance': '0 s 0', 'path_info': '当前目标点:0 目标点总数: 3', 'control_info': '', 'draw_info': 0, 'theta_error': 0, 'mapId': '1354291518018142209'}}
2021-04-02 17:21:00,139 data_manager.py[line:1405] INFO {'notice_info_': {'distance': '0 s 0', 'path_info': '当前目标点:0 目标点总数: 0', 'control_info': '', 'draw_info': 0, 'theta_error': 0, 'mapId': ''}}
2021-04-02 17:21:00,640 data_manager.py[line:1405] INFO {'notice_info_': {'distance': '0 s 0', 'path_info': '当前目标点:0 目标点总数: 0', 'control_info': '', 'draw_info': 0, 'theta_error': 0, 'mapId': ''}}
2021-04-02 17:21:10,185 data_manager.py[line:1405] INFO {'notice_info_': {'distance': '0 s 0', 'path_info': '当前目标点:0 目标点总数: 0', 'control_info': '', 'draw_info': 0, 'theta_error': 0, 'mapId': '1354291518018142209'}}
2021-04-02 17:21:10,687 data_manager.py[line:1405] INFO {'notice_info_': {'distance': '0 s 0', 'path_info': '当前目标点:0 目标点总数: 0', 'control_info': '', 'draw_info': 0, 'theta_error': 0, 'mapId': '1354291518018142209'}}
2021-04-02 17:21:12,968 data_manager.py[line:976] INFO {'点击地点': [[114.523831, 30.506441], [114.524225, 30.506251], [114.523846, 30.506101]]}
2021-04-02 17:21:12,968 data_manager.py[line:1000] INFO {'全部距离': 135.58996684706008}
2021-04-02 17:27:40,496 data_manager.py[line:1405] INFO {'notice_info_': {'distance': '0 s 0', 'path_info': '当前目标点:0 目标点总数: 0', 'control_info': '', 'draw_info': 0, 'theta_error': 0, 'mapId': ''}}
2021-04-02 17:27:40,997 data_manager.py[line:1405] INFO {'notice_info_': {'distance': '0 s 0', 'path_info': '当前目标点:0 目标点总数: 0', 'control_info': '', 'draw_info': 0, 'theta_error': 0, 'mapId': ''}}
2021-04-02 17:27:50,028 data_manager.py[line:1405] INFO {'notice_info_': {'distance': '0 s 0', 'path_info': '当前目标点:0 目标点总数: 0', 'control_info': '', 'draw_info': 0, 'theta_error': 0, 'mapId': '1354291518018142209'}}
2021-04-02 17:27:50,531 data_manager.py[line:1405] INFO {'notice_info_': {'distance': '0 s 0', 'path_info': '当前目标点:0 目标点总数: 0', 'control_info': '', 'draw_info': 0, 'theta_error': 0, 'mapId': '1354291518018142209'}}
2021-04-02 17:27:54,685 data_manager.py[line:976] INFO {'点击地点': [[114.523785, 30.506441], [114.524157, 30.506251], [114.523876, 30.505918]]}
2021-04-02 17:27:54,685 data_manager.py[line:1000] INFO {'全部距离': 141.85858185524654}
2021-04-02 17:28:00,098 data_manager.py[line:1405] INFO {'notice_info_': {'distance': '29.76 s 0', 'path_info': '当前目标点:0 目标点总数: 3', 'control_info': '', 'draw_info': 0, 'theta_error': -22.0, 'mapId': '1354291518018142209'}}
2021-04-02 17:28:00,602 data_manager.py[line:1405] INFO {'notice_info_': {'distance': '23.64 s 0', 'path_info': '当前目标点:0 目标点总数: 3', 'control_info': '', 'draw_info': 0, 'theta_error': -10.31, 'mapId': '1354291518018142209'}}
2021-04-02 17:28:06,054 data_manager.py[line:976] INFO {'点击地点': [[114.523785, 30.506441], [114.524157, 30.506251], [114.523876, 30.505918]]}
2021-04-02 17:28:06,054 data_manager.py[line:1000] INFO {'全部距离': 270.33391704827477}
2021-04-02 17:28:08,056 data_manager.py[line:976] INFO {'点击地点': [[114.523785, 30.506441], [114.524157, 30.506251], [114.523876, 30.505918]]}
2021-04-02 17:28:08,056 data_manager.py[line:1000] INFO {'全部距离': 398.80925224130306}
2021-04-02 17:28:10,057 data_manager.py[line:976] INFO {'点击地点': [[114.523785, 30.506441], [114.524157, 30.506251], [114.523876, 30.505918]]}
2021-04-02 17:28:10,057 data_manager.py[line:1000] INFO {'全部距离': 527.2845874343313}
2021-04-02 17:28:10,155 data_manager.py[line:1405] INFO {'notice_info_': {'distance': '1.15 s 0', 'path_info': '当前目标点:0 目标点总数: 3', 'control_info': '', 'draw_info': 0, 'theta_error': 0.78, 'mapId': '1354291518018142209'}}
2021-04-02 17:28:10,658 data_manager.py[line:1405] INFO {'notice_info_': {'distance': '1.15 s 0', 'path_info': '当前目标点:0 目标点总数: 3', 'control_info': '', 'draw_info': 0, 'theta_error': 0.78, 'mapId': '1354291518018142209'}}
2021-04-02 17:28:12,060 data_manager.py[line:976] INFO {'点击地点': [[114.523785, 30.506441], [114.524157, 30.506251], [114.523876, 30.505918]]}
2021-04-02 17:28:12,060 data_manager.py[line:1000] INFO {'全部距离': 655.7599226273595}
2021-04-02 17:28:14,061 data_manager.py[line:976] INFO {'点击地点': [[114.523785, 30.506441], [114.524157, 30.506251], [114.523876, 30.505918]]}
2021-04-02 17:28:14,061 data_manager.py[line:1000] INFO {'全部距离': 784.2352578203877}
2021-04-02 17:28:16,062 data_manager.py[line:976] INFO {'点击地点': [[114.523785, 30.506441], [114.524157, 30.506251], [114.523876, 30.505918]]}
2021-04-02 17:28:16,062 data_manager.py[line:1000] INFO {'全部距离': 912.7105930134159}
2021-04-02 17:28:18,063 data_manager.py[line:976] INFO {'点击地点': [[114.523785, 30.506441], [114.524157, 30.506251], [114.523876, 30.505918]]}
2021-04-02 17:28:18,063 data_manager.py[line:1000] INFO {'全部距离': 1041.185928206444}
2021-04-02 17:30:20,256 data_manager.py[line:1405] INFO {'notice_info_': {'distance': '0 s 0', 'path_info': '当前目标点:0 目标点总数: 0', 'control_info': '', 'draw_info': 0, 'theta_error': 0, 'mapId': '1354291518018142209'}}
2021-04-02 17:30:20,759 data_manager.py[line:1405] INFO {'notice_info_': {'distance': '0 s 0', 'path_info': '当前目标点:0 目标点总数: 0', 'control_info': '', 'draw_info': 0, 'theta_error': 0, 'mapId': '1354291518018142209'}}
2021-04-02 17:30:24,176 data_manager.py[line:976] INFO {'点击地点': [[114.523671, 30.506388], [114.524164, 30.506264], [114.523967, 30.505905]]}
2021-04-02 17:30:24,176 data_manager.py[line:1000] INFO {'全部距离': 159.17009863511976}
2021-04-02 17:30:30,320 data_manager.py[line:1405] INFO {'notice_info_': {'distance': '32.27 s 0', 'path_info': '当前目标点:0 目标点总数: 3', 'control_info': '', 'draw_info': 0, 'theta_error': -11.4, 'mapId': '1354291518018142209'}}
2021-04-02 17:30:30,823 data_manager.py[line:1405] INFO {'notice_info_': {'distance': '24.05 s 0', 'path_info': '当前目标点:0 目标点总数: 3', 'control_info': '', 'draw_info': 0, 'theta_error': -1.37, 'mapId': '1354291518018142209'}}
2021-04-02 17:30:32,796 data_manager.py[line:976] INFO {'点击地点': [[114.523671, 30.506388], [114.524164, 30.506264], [114.523967, 30.505905]]}
2021-04-02 17:30:32,796 data_manager.py[line:1000] INFO {'全部距离': 253.05742343629882}
2021-04-02 17:31:10,465 data_manager.py[line:1405] INFO {'notice_info_': {'distance': '0 s 0', 'path_info': '当前目标点:0 目标点总数: 0', 'control_info': '', 'draw_info': 0, 'theta_error': 0, 'mapId': ''}}
2021-04-02 17:31:10,966 data_manager.py[line:1405] INFO {'notice_info_': {'distance': '0 s 0', 'path_info': '当前目标点:0 目标点总数: 0', 'control_info': '', 'draw_info': 0, 'theta_error': 0, 'mapId': '1354291518018142209'}}
2021-04-02 17:31:17,937 data_manager.py[line:976] INFO {'点击地点': [[114.523755, 30.506427], [114.524278, 30.506199], [114.52377, 30.506022]]}
2021-04-02 17:31:17,937 data_manager.py[line:1000] INFO {'全部距离': 166.19229523812177}
2021-04-02 17:31:20,029 data_manager.py[line:1405] INFO {'notice_info_': {'distance': '59.86 s 0', 'path_info': '当前目标点:0 目标点总数: 3', 'control_info': '', 'draw_info': 0, 'theta_error': 121.43, 'mapId': '1354291518018142209'}}
2021-04-02 17:31:20,532 data_manager.py[line:1405] INFO {'notice_info_': {'distance': '56.47 s 0', 'path_info': '当前目标点:0 目标点总数: 3', 'control_info': '', 'draw_info': 0, 'theta_error': 109.49, 'mapId': '1354291518018142209'}}
2021-04-02 17:31:30,092 data_manager.py[line:1405] INFO {'notice_info_': {'distance': '76.84 s 0', 'path_info': '当前目标点:1 目标点总数: 3', 'control_info': '', 'draw_info': 0, 'theta_error': -5.06, 'mapId': '1354291518018142209'}}
2021-04-02 17:31:30,595 data_manager.py[line:1405] INFO {'notice_info_': {'distance': '73.95 s 0', 'path_info': '当前目标点:1 目标点总数: 3', 'control_info': '', 'draw_info': 0, 'theta_error': -1.03, 'mapId': '1354291518018142209'}}
2021-04-02 17:31:40,150 data_manager.py[line:1405] INFO {'notice_info_': {'distance': '71.11 s 0', 'path_info': '当前目标点:1 目标点总数: 3', 'control_info': '', 'draw_info': 0, 'theta_error': -115.75, 'mapId': '1354291518018142209'}}
2021-04-02 17:31:40,652 data_manager.py[line:1405] INFO {'notice_info_': {'distance': '67.69 s 0', 'path_info': '当前目标点:1 目标点总数: 3', 'control_info': '', 'draw_info': 0, 'theta_error': -105.94, 'mapId': '1354291518018142209'}}
2021-04-02 17:31:50,207 data_manager.py[line:1405] INFO {'notice_info_': {'distance': '57.05 s 0', 'path_info': '当前目标点:1 目标点总数: 3', 'control_info': '', 'draw_info': 0, 'theta_error': -89.04, 'mapId': '1354291518018142209'}}
2021-04-02 17:31:50,712 data_manager.py[line:1405] INFO {'notice_info_': {'distance': '61.13 s 0', 'path_info': '当前目标点:1 目标点总数: 3', 'control_info': '', 'draw_info': 0, 'theta_error': -80.86, 'mapId': '1354291518018142209'}}
2021-04-02 17:32:00,268 data_manager.py[line:1405] INFO {'notice_info_': {'distance': '77.79 s 0', 'path_info': '当前目标点:1 目标点总数: 3', 'control_info': '', 'draw_info': 0, 'theta_error': -110.02, 'mapId': '1354291518018142209'}}
2021-04-02 17:32:00,771 data_manager.py[line:1405] INFO {'notice_info_': {'distance': '76.84 s 0', 'path_info': '当前目标点:1 目标点总数: 3', 'control_info': '', 'draw_info': 0, 'theta_error': -105.17, 'mapId': '1354291518018142209'}}
2021-04-02 17:33:40,251 data_manager.py[line:1408] INFO {'notice_info_': {'distance': '0 s 0', 'path_info': '当前目标点:0 目标点总数: 0', 'control_info': '', 'draw_info': 0, 'theta_error': 0, 'mapId': ''}}
2021-04-02 17:33:40,753 data_manager.py[line:1408] INFO {'notice_info_': {'distance': '0 s 0', 'path_info': '当前目标点:0 目标点总数: 0', 'control_info': '', 'draw_info': 0, 'theta_error': 0, 'mapId': ''}}
2021-04-02 17:33:50,281 data_manager.py[line:1408] INFO {'notice_info_': {'distance': '0 s 0', 'path_info': '当前目标点:0 目标点总数: 0', 'control_info': '', 'draw_info': 0, 'theta_error': 0, 'mapId': '1354291518018142209'}}
2021-04-02 17:33:50,785 data_manager.py[line:1408] INFO {'notice_info_': {'distance': '0 s 0', 'path_info': '当前目标点:0 目标点总数: 0', 'control_info': '', 'draw_info': 0, 'theta_error': 0, 'mapId': '1354291518018142209'}}
2021-04-02 17:33:52,231 data_manager.py[line:979] INFO {'点击地点': [[114.523565, 30.506512], [114.524149, 30.506342], [114.523527, 30.506009]]}
2021-04-02 17:33:52,231 data_manager.py[line:1003] INFO {'全部距离': 192.65986785199345}
2021-04-02 17:33:59,806 data_manager.py[line:979] INFO {'点击地点': [[114.523565, 30.506512], [114.524149, 30.506342], [114.523527, 30.506009]]}
2021-04-02 17:33:59,806 data_manager.py[line:1003] INFO {'全部距离': 322.4003141874752}
2021-04-02 17:34:00,337 data_manager.py[line:1408] INFO {'notice_info_': {'distance': '58.95 s 0', 'path_info': '当前目标点:0 目标点总数: 3', 'control_info': '', 'draw_info': 0, 'theta_error': 126.9, 'mapId': '1354291518018142209'}}
2021-04-02 17:34:00,840 data_manager.py[line:1408] INFO {'notice_info_': {'distance': '58.95 s 0', 'path_info': '当前目标点:0 目标点总数: 3', 'control_info': '', 'draw_info': 0, 'theta_error': 126.9, 'mapId': '1354291518018142209'}}
2021-04-02 17:34:01,808 data_manager.py[line:979] INFO {'点击地点': [[114.523565, 30.506512], [114.524149, 30.506342], [114.523527, 30.506009]]}
2021-04-02 17:34:01,808 data_manager.py[line:1003] INFO {'全部距离': 452.14076052295695}
2021-04-02 17:34:03,808 data_manager.py[line:979] INFO {'点击地点': [[114.523565, 30.506512], [114.524149, 30.506342], [114.523527, 30.506009]]}
2021-04-02 17:34:03,808 data_manager.py[line:1003] INFO {'全部距离': 581.8812068584386}
2021-04-02 17:34:05,809 data_manager.py[line:979] INFO {'点击地点': [[114.523565, 30.506512], [114.524149, 30.506342], [114.523527, 30.506009]]}
2021-04-02 17:34:05,809 data_manager.py[line:1003] INFO {'全部距离': 711.6216531939203}
2021-04-02 17:42:50,078 data_manager.py[line:1408] INFO {'notice_info_': {'distance': '0 s 0', 'path_info': '当前目标点:0 目标点总数: 0', 'control_info': '', 'draw_info': 0, 'theta_error': 0, 'mapId': ''}}
2021-04-02 17:42:50,579 data_manager.py[line:1408] INFO {'notice_info_': {'distance': '0 s 0', 'path_info': '当前目标点:0 目标点总数: 0', 'control_info': '', 'draw_info': 0, 'theta_error': 0, 'mapId': '1354291518018142209'}}
2021-04-02 17:42:56,642 data_manager.py[line:979] INFO {'点击地点': [[114.5238, 30.506323], [114.524309, 30.506101], [114.523884, 30.505911]]}
2021-04-02 17:42:56,642 data_manager.py[line:1003] INFO {'全部距离': 165.9277998086153}
2021-04-02 17:43:00,131 data_manager.py[line:1408] INFO {'notice_info_': {'distance': '54.09 s 0', 'path_info': '当前目标点:0 目标点总数: 3', 'control_info': '', 'draw_info': 0, 'theta_error': 53.19, 'mapId': '1354291518018142209'}}
2021-04-02 17:43:00,635 data_manager.py[line:1408] INFO {'notice_info_': {'distance': '50.52 s 0', 'path_info': '当前目标点:0 目标点总数: 3', 'control_info': '', 'draw_info': 0, 'theta_error': 30.29, 'mapId': '1354291518018142209'}}
2021-04-02 17:43:10,258 data_manager.py[line:1408] INFO {'notice_info_': {'distance': '25.31 s 0', 'path_info': '当前目标点:1 目标点总数: 3', 'control_info': '', 'draw_info': 0, 'theta_error': 2.3, 'mapId': '1354291518018142209'}}
2021-04-02 17:43:10,760 data_manager.py[line:1408] INFO {'notice_info_': {'distance': '16.09 s 0', 'path_info': '当前目标点:1 目标点总数: 3', 'control_info': '', 'draw_info': 0, 'theta_error': 0.44, 'mapId': '1354291518018142209'}}
2021-04-02 17:43:20,311 data_manager.py[line:1408] INFO {'notice_info_': {'distance': '0 s 78.8', 'path_info': '当前目标点:0 目标点总数: 0', 'control_info': '', 'draw_info': 0, 'theta_error': -0.88, 'mapId': '1354291518018142209'}}
2021-04-02 17:43:20,814 data_manager.py[line:1408] INFO {'notice_info_': {'distance': '0 s 78.8', 'path_info': '当前目标点:0 目标点总数: 0', 'control_info': '', 'draw_info': 0, 'theta_error': -0.88, 'mapId': '1354291518018142209'}}
2021-04-02 17:43:30,365 data_manager.py[line:1408] INFO {'notice_info_': {'distance': '0 s 78.8', 'path_info': '当前目标点:0 目标点总数: 0', 'control_info': '', 'draw_info': 0, 'theta_error': -0.88, 'mapId': '1354291518018142209'}}
2021-04-02 17:43:30,867 data_manager.py[line:1408] INFO {'notice_info_': {'distance': '0 s 78.8', 'path_info': '当前目标点:0 目标点总数: 0', 'control_info': '', 'draw_info': 0, 'theta_error': -0.88, 'mapId': '1354291518018142209'}}
2021-04-02 17:43:40,420 data_manager.py[line:1408] INFO {'notice_info_': {'distance': '0 s 78.8', 'path_info': '当前目标点:0 目标点总数: 0', 'control_info': '', 'draw_info': 0, 'theta_error': -0.88, 'mapId': '1354291518018142209'}}
2021-04-02 17:43:40,923 data_manager.py[line:1408] INFO {'notice_info_': {'distance': '0 s 78.8', 'path_info': '当前目标点:0 目标点总数: 0', 'control_info': '', 'draw_info': 0, 'theta_error': -0.88, 'mapId': '1354291518018142209'}}
2021-04-02 17:43:50,478 data_manager.py[line:1408] INFO {'notice_info_': {'distance': '0 s 78.8', 'path_info': '当前目标点:0 目标点总数: 0', 'control_info': '', 'draw_info': 0, 'theta_error': -0.88, 'mapId': '1354291518018142209'}}
2021-04-02 17:43:50,982 data_manager.py[line:1408] INFO {'notice_info_': {'distance': '0 s 78.8', 'path_info': '当前目标点:0 目标点总数: 0', 'control_info': '', 'draw_info': 0, 'theta_error': -0.88, 'mapId': '1354291518018142209'}}
2021-04-02 17:44:00,031 data_manager.py[line:1408] INFO {'notice_info_': {'distance': '0 s 78.8', 'path_info': '当前目标点:0 目标点总数: 0', 'control_info': '', 'draw_info': 0, 'theta_error': -0.88, 'mapId': '1354291518018142209'}}
2021-04-02 17:44:00,534 data_manager.py[line:1408] INFO {'notice_info_': {'distance': '0 s 78.8', 'path_info': '当前目标点:0 目标点总数: 0', 'control_info': '', 'draw_info': 0, 'theta_error': -0.88, 'mapId': '1354291518018142209'}}
2021-04-02 17:44:10,084 data_manager.py[line:1408] INFO {'notice_info_': {'distance': '0 s 78.8', 'path_info': '当前目标点:0 目标点总数: 0', 'control_info': '', 'draw_info': 0, 'theta_error': -0.88, 'mapId': '1354291518018142209'}}
2021-04-02 17:44:10,587 data_manager.py[line:1408] INFO {'notice_info_': {'distance': '0 s 78.8', 'path_info': '当前目标点:0 目标点总数: 0', 'control_info': '', 'draw_info': 0, 'theta_error': -0.88, 'mapId': '1354291518018142209'}}
2021-04-02 17:44:20,140 data_manager.py[line:1408] INFO {'notice_info_': {'distance': '0 s 78.8', 'path_info': '当前目标点:0 目标点总数: 0', 'control_info': '', 'draw_info': 0, 'theta_error': -0.88, 'mapId': '1354291518018142209'}}
2021-04-02 17:44:20,643 data_manager.py[line:1408] INFO {'notice_info_': {'distance': '0 s 78.8', 'path_info': '当前目标点:0 目标点总数: 0', 'control_info': '', 'draw_info': 0, 'theta_error': -0.88, 'mapId': '1354291518018142209'}}
2021-04-02 17:44:30,197 data_manager.py[line:1408] INFO {'notice_info_': {'distance': '0 s 78.8', 'path_info': '当前目标点:0 目标点总数: 0', 'control_info': '', 'draw_info': 0, 'theta_error': -0.88, 'mapId': '1354291518018142209'}}
2021-04-02 17:44:30,700 data_manager.py[line:1408] INFO {'notice_info_': {'distance': '0 s 78.8', 'path_info': '当前目标点:0 目标点总数: 0', 'control_info': '', 'draw_info': 0, 'theta_error': -0.88, 'mapId': '1354291518018142209'}}
2021-04-02 17:44:40,255 data_manager.py[line:1408] INFO {'notice_info_': {'distance': '0 s 78.8', 'path_info': '当前目标点:0 目标点总数: 0', 'control_info': '', 'draw_info': 0, 'theta_error': -0.88, 'mapId': '1354291518018142209'}}
2021-04-02 17:44:40,758 data_manager.py[line:1408] INFO {'notice_info_': {'distance': '0 s 78.8', 'path_info': '当前目标点:0 目标点总数: 0', 'control_info': '', 'draw_info': 0, 'theta_error': -0.88, 'mapId': '1354291518018142209'}}
2021-04-02 17:44:50,311 data_manager.py[line:1408] INFO {'notice_info_': {'distance': '0 s 78.8', 'path_info': '当前目标点:0 目标点总数: 0', 'control_info': '', 'draw_info': 0, 'theta_error': -0.88, 'mapId': '1354291518018142209'}}
2021-04-02 17:44:50,814 data_manager.py[line:1408] INFO {'notice_info_': {'distance': '0 s 78.8', 'path_info': '当前目标点:0 目标点总数: 0', 'control_info': '', 'draw_info': 0, 'theta_error': -0.88, 'mapId': '1354291518018142209'}}
2021-04-02 17:45:00,366 data_manager.py[line:1408] INFO {'notice_info_': {'distance': '0 s 78.8', 'path_info': '当前目标点:0 目标点总数: 0', 'control_info': '', 'draw_info': 0, 'theta_error': -0.88, 'mapId': '1354291518018142209'}}
2021-04-02 17:45:00,638 data_manager.py[line:979] INFO {'点击地点': [[114.523482, 30.505643], [114.524119, 30.505702], [114.524043, 30.505477], [114.523755, 30.505369]]}
2021-04-02 17:45:00,638 data_manager.py[line:1003] INFO {'全部距离': 166.44215527280608}
2021-04-02 17:45:00,869 data_manager.py[line:1408] INFO {'notice_info_': {'distance': '46.93 s 78.8', 'path_info': '当前目标点:0 目标点总数: 4', 'control_info': '', 'draw_info': 0, 'theta_error': 13.62, 'mapId': '1354291518018142209'}}
2021-04-02 17:45:10,424 data_manager.py[line:1408] INFO {'notice_info_': {'distance': '50.73 s 78.8', 'path_info': '当前目标点:1 目标点总数: 4', 'control_info': '', 'draw_info': 0, 'theta_error': 41.15, 'mapId': '1354291518018142209'}}
2021-04-02 17:45:10,927 data_manager.py[line:1408] INFO {'notice_info_': {'distance': '50.73 s 78.8', 'path_info': '当前目标点:1 目标点总数: 4', 'control_info': '', 'draw_info': 0, 'theta_error': 41.15, 'mapId': '1354291518018142209'}}
2021-04-02 17:45:20,346 data_manager.py[line:1408] INFO {'notice_info_': {'distance': '50.86 s 78.8', 'path_info': '当前目标点:1 目标点总数: 4', 'control_info': '', 'draw_info': 0, 'theta_error': 0.0, 'mapId': '1354291518018142209'}}
2021-04-02 17:45:20,848 data_manager.py[line:1408] INFO {'notice_info_': {'distance': '50.86 s 78.8', 'path_info': '当前目标点:1 目标点总数: 4', 'control_info': '', 'draw_info': 0, 'theta_error': 0.0, 'mapId': '1354291518018142209'}}
2021-04-02 17:45:30,401 data_manager.py[line:1408] INFO {'notice_info_': {'distance': '0 s 166.3', 'path_info': '当前目标点:0 目标点总数: 0', 'control_info': '', 'draw_info': 0, 'theta_error': 0.0, 'mapId': '1354291518018142209'}}
2021-04-02 17:45:30,904 data_manager.py[line:1408] INFO {'notice_info_': {'distance': '0 s 166.3', 'path_info': '当前目标点:0 目标点总数: 0', 'control_info': '', 'draw_info': 0, 'theta_error': 0.0, 'mapId': '1354291518018142209'}}
2021-04-02 17:45:38,902 data_manager.py[line:979] INFO {'点击地点': [[114.524263, 30.505434], [114.524358, 30.505562], [114.524346, 30.505702]]}
2021-04-02 17:45:38,902 data_manager.py[line:1003] INFO {'全部距离': 81.7057150839352}
2021-04-02 17:45:40,457 data_manager.py[line:1408] INFO {'notice_info_': {'distance': '43.19 s 166.3', 'path_info': '当前目标点:0 目标点总数: 3', 'control_info': '', 'draw_info': 0, 'theta_error': -73.13, 'mapId': '1354291518018142209'}}
2021-04-02 17:45:40,960 data_manager.py[line:1408] INFO {'notice_info_': {'distance': '41.11 s 166.3', 'path_info': '当前目标点:0 目标点总数: 3', 'control_info': '', 'draw_info': 0, 'theta_error': 34.31, 'mapId': '1354291518018142209'}}
2021-04-02 17:45:50,008 data_manager.py[line:1408] INFO {'notice_info_': {'distance': '2.4 s 166.3', 'path_info': '当前目标点:2 目标点总数: 3', 'control_info': '', 'draw_info': 0, 'theta_error': 13.88, 'mapId': '1354291518018142209'}}
2021-04-02 17:45:50,511 data_manager.py[line:1408] INFO {'notice_info_': {'distance': '2.4 s 166.3', 'path_info': '当前目标点:2 目标点总数: 3', 'control_info': '', 'draw_info': 0, 'theta_error': 13.88, 'mapId': '1354291518018142209'}}
2021-04-02 17:46:00,064 data_manager.py[line:1408] INFO {'notice_info_': {'distance': '2.4 s 166.3', 'path_info': '当前目标点:2 目标点总数: 3', 'control_info': '', 'draw_info': 0, 'theta_error': 13.88, 'mapId': '1354291518018142209'}}
2021-04-02 17:46:00,566 data_manager.py[line:1408] INFO {'notice_info_': {'distance': '2.4 s 166.3', 'path_info': '当前目标点:2 目标点总数: 3', 'control_info': '', 'draw_info': 0, 'theta_error': 13.88, 'mapId': '1354291518018142209'}}
2021-04-02 17:46:10,114 data_manager.py[line:1408] INFO {'notice_info_': {'distance': '2.4 s 166.3', 'path_info': '当前目标点:2 目标点总数: 3', 'control_info': '', 'draw_info': 0, 'theta_error': 13.88, 'mapId': '1354291518018142209'}}
2021-04-02 17:46:10,617 data_manager.py[line:1408] INFO {'notice_info_': {'distance': '2.4 s 166.3', 'path_info': '当前目标点:2 目标点总数: 3', 'control_info': '', 'draw_info': 0, 'theta_error': 13.88, 'mapId': '1354291518018142209'}}
2021-04-02 17:46:20,511 data_manager.py[line:1409] INFO {'notice_info_': {'distance': '0 s 0', 'path_info': '当前目标点:0 目标点总数: 0', 'control_info': '', 'draw_info': 0, 'theta_error': 0, 'mapId': ''}}
2021-04-02 17:46:30,037 data_manager.py[line:1409] INFO {'notice_info_': {'distance': '0 s 0', 'path_info': '当前目标点:0 目标点总数: 0', 'control_info': '', 'draw_info': 0, 'theta_error': 0, 'mapId': '1354291518018142209'}}
2021-04-02 17:46:30,541 data_manager.py[line:1409] INFO {'notice_info_': {'distance': '0 s 0', 'path_info': '当前目标点:0 目标点总数: 0', 'control_info': '', 'draw_info': 0, 'theta_error': 0, 'mapId': '1354291518018142209'}}
2021-04-02 17:46:38,376 data_manager.py[line:980] INFO {'点击地点': [[114.523793, 30.50648], [114.524149, 30.506395], [114.523906, 30.506225]]}
2021-04-02 17:46:38,376 data_manager.py[line:1004] INFO {'全部距离': 116.00395240820892}
2021-04-02 17:46:40,090 data_manager.py[line:1409] INFO {'notice_info_': {'distance': '50.87 s 0', 'path_info': '当前目标点:0 目标点总数: 3', 'control_info': '', 'draw_info': 0, 'theta_error': 118.9, 'mapId': '1354291518018142209'}}
2021-04-02 17:46:40,593 data_manager.py[line:1409] INFO {'notice_info_': {'distance': '47.67 s 0', 'path_info': '当前目标点:0 目标点总数: 3', 'control_info': '', 'draw_info': 0, 'theta_error': 115.13, 'mapId': '1354291518018142209'}}
2021-04-02 17:46:50,147 data_manager.py[line:1409] INFO {'notice_info_': {'distance': '15.0 s 0', 'path_info': '当前目标点:1 目标点总数: 3', 'control_info': '', 'draw_info': 0, 'theta_error': -1.7, 'mapId': '1354291518018142209'}}
2021-04-02 17:46:50,650 data_manager.py[line:1409] INFO {'notice_info_': {'distance': '5.82 s 0', 'path_info': '当前目标点:1 目标点总数: 3', 'control_info': '', 'draw_info': 0, 'theta_error': -0.79, 'mapId': '1354291518018142209'}}
2021-04-02 17:47:00,202 data_manager.py[line:1409] INFO {'notice_info_': {'distance': '0 s 75.9', 'path_info': '当前目标点:0 目标点总数: 0', 'control_info': '', 'draw_info': 0, 'theta_error': 15.81, 'mapId': '1354291518018142209'}}
2021-04-02 17:47:00,705 data_manager.py[line:1409] INFO {'notice_info_': {'distance': '0 s 75.9', 'path_info': '当前目标点:0 目标点总数: 0', 'control_info': '', 'draw_info': 0, 'theta_error': 15.81, 'mapId': '1354291518018142209'}}
2021-04-02 17:47:08,240 data_manager.py[line:980] INFO {'点击地点': [[114.523693, 30.506023], [114.524175, 30.50598], [114.524, 30.505895], [114.523924, 30.50581]]}
2021-04-02 17:47:08,240 data_manager.py[line:1004] INFO {'全部距离': 108.73893773459008}
2021-04-02 17:47:10,258 data_manager.py[line:1409] INFO {'notice_info_': {'distance': '6.33 s 75.9', 'path_info': '当前目标点:0 目标点总数: 4', 'control_info': '', 'draw_info': 0, 'theta_error': 2.08, 'mapId': '1354291518018142209'}}
2021-04-02 17:47:10,760 data_manager.py[line:1409] INFO {'notice_info_': {'distance': '46.67 s 75.9', 'path_info': '当前目标点:1 目标点总数: 4', 'control_info': '', 'draw_info': 0, 'theta_error': 126.23, 'mapId': '1354291518018142209'}}
2021-04-02 17:47:20,446 data_manager.py[line:1409] INFO {'notice_info_': {'distance': '17.0 s 75.9', 'path_info': '当前目标点:2 目标点总数: 4', 'control_info': '', 'draw_info': 0, 'theta_error': -78.93, 'mapId': '1354291518018142209'}}
2021-04-02 17:47:20,949 data_manager.py[line:1409] INFO {'notice_info_': {'distance': '13.08 s 75.9', 'path_info': '当前目标点:2 目标点总数: 4', 'control_info': '', 'draw_info': 0, 'theta_error': -29.78, 'mapId': '1354291518018142209'}}
2021-04-02 17:47:30,003 data_manager.py[line:1409] INFO {'notice_info_': {'distance': '3.44 s 75.9', 'path_info': '当前目标点:3 目标点总数: 4', 'control_info': '', 'draw_info': 0, 'theta_error': 102.3, 'mapId': '1354291518018142209'}}
2021-04-02 17:47:30,505 data_manager.py[line:1409] INFO {'notice_info_': {'distance': '3.91 s 75.9', 'path_info': '当前目标点:3 目标点总数: 4', 'control_info': '', 'draw_info': 0, 'theta_error': 106.08, 'mapId': '1354291518018142209'}}
2021-04-02 17:47:40,130 data_manager.py[line:1409] INFO {'notice_info_': {'distance': '6.1 s 75.9', 'path_info': '当前目标点:3 目标点总数: 4', 'control_info': '', 'draw_info': 0, 'theta_error': 90.11, 'mapId': '1354291518018142209'}}
2021-04-02 17:47:40,633 data_manager.py[line:1409] INFO {'notice_info_': {'distance': '5.98 s 75.9', 'path_info': '当前目标点:3 目标点总数: 4', 'control_info': '', 'draw_info': 0, 'theta_error': 92.19, 'mapId': '1354291518018142209'}}
2021-04-02 17:47:50,182 data_manager.py[line:1409] INFO {'notice_info_': {'distance': '0 s 42.2', 'path_info': '当前目标点:0 目标点总数: 0', 'control_info': '', 'draw_info': 0, 'theta_error': 93.52, 'mapId': '1354291518018142209'}}
2021-04-02 17:47:50,685 data_manager.py[line:1409] INFO {'notice_info_': {'distance': '0 s 42.2', 'path_info': '当前目标点:0 目标点总数: 0', 'control_info': '', 'draw_info': 0, 'theta_error': 93.52, 'mapId': '1354291518018142209'}}
2021-04-02 17:47:51,314 data_manager.py[line:980] INFO {'点击地点': [[114.524325, 30.50581], [114.524356, 30.506072], [114.524693, 30.505964]]}
2021-04-02 17:47:51,314 data_manager.py[line:1004] INFO {'全部距离': 106.8167268350327}
2021-04-02 17:48:00,240 data_manager.py[line:1409] INFO {'notice_info_': {'distance': '29.19 s 42.2', 'path_info': '当前目标点:2 目标点总数: 3', 'control_info': '', 'draw_info': 0, 'theta_error': -82.22, 'mapId': '1354291518018142209'}}
2021-04-02 17:48:00,743 data_manager.py[line:1409] INFO {'notice_info_': {'distance': '26.3 s 42.2', 'path_info': '当前目标点:2 目标点总数: 3', 'control_info': '', 'draw_info': 0, 'theta_error': -43.71, 'mapId': '1354291518018142209'}}
2021-04-02 17:48:10,298 data_manager.py[line:1409] INFO {'notice_info_': {'distance': '0 s 93.0', 'path_info': '当前目标点:0 目标点总数: 0', 'control_info': '', 'draw_info': 0, 'theta_error': 2.08, 'mapId': '1354291518018142209'}}
2021-04-02 17:48:10,800 data_manager.py[line:1409] INFO {'notice_info_': {'distance': '0 s 93.0', 'path_info': '当前目标点:0 目标点总数: 0', 'control_info': '', 'draw_info': 0, 'theta_error': 2.08, 'mapId': '1354291518018142209'}}
2021-04-02 17:48:20,355 data_manager.py[line:1409] INFO {'notice_info_': {'distance': '0 s 93.0', 'path_info': '当前目标点:0 目标点总数: 0', 'control_info': '', 'draw_info': 0, 'theta_error': 2.08, 'mapId': '1354291518018142209'}}
2021-04-02 17:48:20,857 data_manager.py[line:1409] INFO {'notice_info_': {'distance': '0 s 93.0', 'path_info': '当前目标点:0 目标点总数: 0', 'control_info': '', 'draw_info': 0, 'theta_error': 2.08, 'mapId': '1354291518018142209'}}
2021-04-02 17:48:30,411 data_manager.py[line:1409] INFO {'notice_info_': {'distance': '0 s 93.0', 'path_info': '当前目标点:0 目标点总数: 0', 'control_info': '', 'draw_info': 0, 'theta_error': 2.08, 'mapId': '1354291518018142209'}}
2021-04-02 17:48:30,914 data_manager.py[line:1409] INFO {'notice_info_': {'distance': '0 s 93.0', 'path_info': '当前目标点:0 目标点总数: 0', 'control_info': '', 'draw_info': 0, 'theta_error': 2.08, 'mapId': '1354291518018142209'}}
2021-04-02 17:48:40,462 data_manager.py[line:1409] INFO {'notice_info_': {'distance': '0 s 93.0', 'path_info': '当前目标点:0 目标点总数: 0', 'control_info': '', 'draw_info': 0, 'theta_error': 2.08, 'mapId': '1354291518018142209'}}
2021-04-02 17:48:40,965 data_manager.py[line:1409] INFO {'notice_info_': {'distance': '0 s 93.0', 'path_info': '当前目标点:0 目标点总数: 0', 'control_info': '', 'draw_info': 0, 'theta_error': 2.08, 'mapId': '1354291518018142209'}}
2021-04-02 17:48:50,014 data_manager.py[line:1409] INFO {'notice_info_': {'distance': '0 s 93.0', 'path_info': '当前目标点:0 目标点总数: 0', 'control_info': '', 'draw_info': 0, 'theta_error': 2.08, 'mapId': '1354291518018142209'}}
2021-04-02 17:48:50,517 data_manager.py[line:1409] INFO {'notice_info_': {'distance': '0 s 93.0', 'path_info': '当前目标点:0 目标点总数: 0', 'control_info': '', 'draw_info': 0, 'theta_error': 2.08, 'mapId': '1354291518018142209'}}
2021-04-02 17:49:00,097 data_manager.py[line:1409] INFO {'notice_info_': {'distance': '0 s 93.0', 'path_info': '当前目标点:0 目标点总数: 0', 'control_info': '', 'draw_info': 0, 'theta_error': 2.08, 'mapId': '1354291518018142209'}}
2021-04-02 17:49:00,600 data_manager.py[line:1409] INFO {'notice_info_': {'distance': '0 s 93.0', 'path_info': '当前目标点:0 目标点总数: 0', 'control_info': '', 'draw_info': 0, 'theta_error': 2.08, 'mapId': '1354291518018142209'}}
2021-04-02 17:49:10,152 data_manager.py[line:1409] INFO {'notice_info_': {'distance': '0 s 93.0', 'path_info': '当前目标点:0 目标点总数: 0', 'control_info': '', 'draw_info': 0, 'theta_error': 2.08, 'mapId': '1354291518018142209'}}
2021-04-02 17:49:10,654 data_manager.py[line:1409] INFO {'notice_info_': {'distance': '0 s 93.0', 'path_info': '当前目标点:0 目标点总数: 0', 'control_info': '', 'draw_info': 0, 'theta_error': 2.08, 'mapId': '1354291518018142209'}}
