2022-02-16 14:05:17,026 data_manager.py[line:871] INFO {'请求 url': 'https://ship.xxlun.com/union/admin/xxl/mileage/getOne?deviceId=XXLJC4LCGSCSD1DA008', 'status_code': 200}
2022-02-16 14:05:17,730 data_manager.py[line:933] INFO {'mileage/getOne': {'id': '1484430868180877314', 'deviceId': 'XXLJC4LCGSCSD1DA008', 'total': '0', 'totalTime': '49', 'gmtCreate': '2022-01-21 15:41:13', 'gmtModified': '2022-01-21 15:42:12'}}
2022-02-16 14:05:20,445 data_manager.py[line:2007] INFO {'notice_info_': {'distance': '0', 'path_info': '当前:0 总共:0 离岸:0.0 ', 'progress': 0, 'control_info': '等待中', 'draw_info': 0, 'audio_light_info': 0, 'headlight_info': 0, 'side_light_info': 1, 'theta_error': 0, 'mapId': ''}}
2022-02-16 14:05:20,971 data_manager.py[line:871] INFO {'请求 url': 'https://ship.xxlun.com/union/admin/xxl/mileage/upData', 'status_code': 200}
2022-02-16 14:05:21,000 data_manager.py[line:1783] INFO {'更新里程和时间成功': {'deviceId': 'XXLJC4LCGSCSD1DA008', 'id': '1484430868180877314', 'total': '0', 'totalTime': '54'}}
2022-02-16 14:05:30,060 data_manager.py[line:2007] INFO {'notice_info_': {'distance': '0', 'path_info': '当前:0 总共:0 离岸:0.0 ', 'progress': 0, 'control_info': '等待中', 'draw_info': 0, 'audio_light_info': 0, 'headlight_info': 0, 'side_light_info': 1, 'theta_error': 0, 'mapId': ''}}
2022-02-16 14:05:30,766 data_manager.py[line:871] INFO {'请求 url': 'https://ship.xxlun.com/union/admin/xxl/mileage/upData', 'status_code': 200}
2022-02-16 14:05:30,780 data_manager.py[line:1783] INFO {'更新里程和时间成功': {'deviceId': 'XXLJC4LCGSCSD1DA008', 'id': '1484430868180877314', 'total': '0', 'totalTime': '64'}}
2022-02-16 14:05:30,780 data_manager.py[line:1848] INFO {'status_data_': '{"dump_energy": 99.8, "current_lng_lat": [114.524096, 30.506853], "direction": 1, "speed": null, "ship_code": "XXLJC4LCGSCSD1DA008", "totle_time": 64, "runtime": 15, "totle_distance": 0, "run_distance": 0, "mapId": "", "ping": 0, "draw_time": [0, 1], "dock_lng_lat": [114.524096, 30.506853], "home_lng_lat": [114.524096, 30.506853]}'}
2022-02-16 14:05:40,651 data_manager.py[line:2007] INFO {'notice_info_': {'distance': '0', 'path_info': '当前:0 总共:0 离岸:0.0 ', 'progress': 0, 'control_info': '等待中', 'draw_info': 0, 'audio_light_info': 0, 'headlight_info': 0, 'side_light_info': 1, 'theta_error': 0, 'mapId': ''}}
2022-02-16 14:05:40,757 data_manager.py[line:871] INFO {'请求 url': 'https://ship.xxlun.com/union/admin/xxl/mileage/upData', 'status_code': 200}
2022-02-16 14:05:40,801 data_manager.py[line:1783] INFO {'更新里程和时间成功': {'deviceId': 'XXLJC4LCGSCSD1DA008', 'id': '1484430868180877314', 'total': '0', 'totalTime': '74'}}
2022-02-16 14:05:40,861 data_manager.py[line:1848] INFO {'status_data_': '{"dump_energy": 99.8, "current_lng_lat": [114.524096, 30.506853], "direction": 1, "speed": null, "ship_code": "XXLJC4LCGSCSD1DA008", "totle_time": 74, "runtime": 25, "totle_distance": 0, "run_distance": 0, "mapId": "", "ping": 31.8, "draw_time": [0, 1], "dock_lng_lat": [114.524096, 30.506853], "home_lng_lat": [114.524096, 30.506853]}'}
2022-02-16 14:05:50,176 data_manager.py[line:2007] INFO {'notice_info_': {'distance': '0', 'path_info': '当前:0 总共:0 离岸:0.0 ', 'progress': 0, 'control_info': '等待中', 'draw_info': 0, 'audio_light_info': 0, 'headlight_info': 0, 'side_light_info': 1, 'theta_error': 0, 'mapId': ''}}
2022-02-16 14:05:50,748 data_manager.py[line:871] INFO {'请求 url': 'https://ship.xxlun.com/union/admin/xxl/mileage/upData', 'status_code': 200}
2022-02-16 14:05:50,836 data_manager.py[line:1783] INFO {'更新里程和时间成功': {'deviceId': 'XXLJC4LCGSCSD1DA008', 'id': '1484430868180877314', 'total': '0', 'totalTime': '84'}}
2022-02-16 14:05:50,881 data_manager.py[line:1848] INFO {'status_data_': '{"dump_energy": 99.7, "current_lng_lat": [114.524096, 30.506853], "direction": 1, "speed": null, "ship_code": "XXLJC4LCGSCSD1DA008", "totle_time": 84, "runtime": 35, "totle_distance": 0, "run_distance": 0, "mapId": "", "ping": 32.2, "draw_time": [0, 1], "dock_lng_lat": [114.524096, 30.506853], "home_lng_lat": [114.524096, 30.506853]}'}
2022-02-16 14:06:00,738 data_manager.py[line:871] INFO {'请求 url': 'https://ship.xxlun.com/union/admin/xxl/mileage/upData', 'status_code': 200}
2022-02-16 14:06:00,766 data_manager.py[line:1783] INFO {'更新里程和时间成功': {'deviceId': 'XXLJC4LCGSCSD1DA008', 'id': '1484430868180877314', 'total': '0', 'totalTime': '94'}}
2022-02-16 14:06:00,841 data_manager.py[line:1848] INFO {'status_data_': '{"dump_energy": 99.6, "current_lng_lat": [114.524096, 30.506853], "direction": 1, "speed": null, "ship_code": "XXLJC4LCGSCSD1DA008", "totle_time": 94, "runtime": 45, "totle_distance": 0, "run_distance": 0, "mapId": "", "ping": 32.2, "draw_time": [0, 1], "dock_lng_lat": [114.524096, 30.506853], "home_lng_lat": [114.524096, 30.506853]}'}
2022-02-16 14:06:00,871 data_manager.py[line:2007] INFO {'notice_info_': {'distance': '0', 'path_info': '当前:0 总共:0 离岸:0.0 ', 'progress': 0, 'control_info': '等待中', 'draw_info': 0, 'audio_light_info': 0, 'headlight_info': 0, 'side_light_info': 1, 'theta_error': 0, 'mapId': ''}}
2022-02-16 14:06:10,527 data_manager.py[line:2007] INFO {'notice_info_': {'distance': '0', 'path_info': '当前:0 总共:0 离岸:0.0 ', 'progress': 0, 'control_info': '等待中', 'draw_info': 0, 'audio_light_info': 0, 'headlight_info': 0, 'side_light_info': 1, 'theta_error': 0, 'mapId': ''}}
2022-02-16 14:06:10,754 data_manager.py[line:871] INFO {'请求 url': 'https://ship.xxlun.com/union/admin/xxl/mileage/upData', 'status_code': 200}
2022-02-16 14:06:10,784 data_manager.py[line:1783] INFO {'更新里程和时间成功': {'deviceId': 'XXLJC4LCGSCSD1DA008', 'id': '1484430868180877314', 'total': '0', 'totalTime': '104'}}
2022-02-16 14:06:10,812 data_manager.py[line:1848] INFO {'status_data_': '{"dump_energy": 99.5, "current_lng_lat": [114.524096, 30.506853], "direction": 1, "speed": null, "ship_code": "XXLJC4LCGSCSD1DA008", "totle_time": 104, "runtime": 55, "totle_distance": 0, "run_distance": 0, "mapId": "", "ping": 60.2, "draw_time": [0, 1], "dock_lng_lat": [114.524096, 30.506853], "home_lng_lat": [114.524096, 30.506853]}'}
2022-02-16 14:06:20,217 data_manager.py[line:2007] INFO {'notice_info_': {'distance': '0', 'path_info': '当前:0 总共:0 离岸:0.0 ', 'progress': 0, 'control_info': '等待中', 'draw_info': 0, 'audio_light_info': 0, 'headlight_info': 0, 'side_light_info': 1, 'theta_error': 0, 'mapId': ''}}
2022-02-16 14:06:20,893 data_manager.py[line:871] INFO {'请求 url': 'https://ship.xxlun.com/union/admin/xxl/mileage/upData', 'status_code': 200}
2022-02-16 14:06:20,922 data_manager.py[line:1783] INFO {'更新里程和时间成功': {'deviceId': 'XXLJC4LCGSCSD1DA008', 'id': '1484430868180877314', 'total': '0', 'totalTime': '114'}}
2022-02-16 14:06:20,952 data_manager.py[line:1848] INFO {'status_data_': '{"dump_energy": 99.4, "current_lng_lat": [114.524096, 30.506853], "direction": 1, "speed": null, "ship_code": "XXLJC4LCGSCSD1DA008", "totle_time": 114, "runtime": 65, "totle_distance": 0, "run_distance": 0, "mapId": "", "ping": 60.2, "draw_time": [0, 1], "dock_lng_lat": [114.524096, 30.506853], "home_lng_lat": [114.524096, 30.506853]}'}
2022-02-16 14:06:30,823 data_manager.py[line:871] INFO {'请求 url': 'https://ship.xxlun.com/union/admin/xxl/mileage/upData', 'status_code': 200}
2022-02-16 14:06:30,867 data_manager.py[line:1783] INFO {'更新里程和时间成功': {'deviceId': 'XXLJC4LCGSCSD1DA008', 'id': '1484430868180877314', 'total': '0', 'totalTime': '124'}}
2022-02-16 14:06:30,867 data_manager.py[line:2007] INFO {'notice_info_': {'distance': '0', 'path_info': '当前:0 总共:0 离岸:0.0 ', 'progress': 0, 'control_info': '等待中', 'draw_info': 0, 'audio_light_info': 0, 'headlight_info': 0, 'side_light_info': 1, 'theta_error': 0, 'mapId': ''}}
2022-02-16 14:06:30,912 data_manager.py[line:1848] INFO {'status_data_': '{"dump_energy": 99.3, "current_lng_lat": [114.524096, 30.506853], "direction": 1, "speed": null, "ship_code": "XXLJC4LCGSCSD1DA008", "totle_time": 124, "runtime": 75, "totle_distance": 0, "run_distance": 0, "mapId": "", "ping": 55.2, "draw_time": [0, 1], "dock_lng_lat": [114.524096, 30.506853], "home_lng_lat": [114.524096, 30.506853]}'}
2022-02-16 14:06:40,557 data_manager.py[line:2007] INFO {'notice_info_': {'distance': '0', 'path_info': '当前:0 总共:0 离岸:0.0 ', 'progress': 0, 'control_info': '等待中', 'draw_info': 0, 'audio_light_info': 0, 'headlight_info': 0, 'side_light_info': 1, 'theta_error': 0, 'mapId': ''}}
2022-02-16 14:06:40,978 data_manager.py[line:871] INFO {'请求 url': 'https://ship.xxlun.com/union/admin/xxl/mileage/upData', 'status_code': 200}
2022-02-16 14:06:40,992 data_manager.py[line:1783] INFO {'更新里程和时间成功': {'deviceId': 'XXLJC4LCGSCSD1DA008', 'id': '1484430868180877314', 'total': '0', 'totalTime': '134'}}
2022-02-16 14:06:50,067 data_manager.py[line:2007] INFO {'notice_info_': {'distance': '0', 'path_info': '当前:0 总共:0 离岸:0.0 ', 'progress': 0, 'control_info': '等待中', 'draw_info': 0, 'audio_light_info': 0, 'headlight_info': 0, 'side_light_info': 1, 'theta_error': 0, 'mapId': ''}}
2022-02-16 14:06:50,942 data_manager.py[line:871] INFO {'请求 url': 'https://ship.xxlun.com/union/admin/xxl/mileage/upData', 'status_code': 200}
2022-02-16 14:06:50,952 data_manager.py[line:1783] INFO {'更新里程和时间成功': {'deviceId': 'XXLJC4LCGSCSD1DA008', 'id': '1484430868180877314', 'total': '0', 'totalTime': '144'}}
2022-02-16 14:06:50,997 data_manager.py[line:1848] INFO {'status_data_': '{"dump_energy": 99.2, "current_lng_lat": [114.524096, 30.506853], "direction": 1, "speed": null, "ship_code": "XXLJC4LCGSCSD1DA008", "totle_time": 144, "runtime": 95, "totle_distance": 0, "run_distance": 0, "mapId": "", "ping": 52.0, "draw_time": [0, 1], "dock_lng_lat": [114.524096, 30.506853], "home_lng_lat": [114.524096, 30.506853]}'}
2022-02-16 14:11:03,694 data_manager.py[line:871] INFO {'请求 url': 'https://ship.xxlun.com/union/admin/xxl/mileage/getOne?deviceId=XXLJC4LCGSCSD1DA008', 'status_code': 200}
2022-02-16 14:11:03,705 data_manager.py[line:933] INFO {'mileage/getOne': {'id': '1484430868180877314', 'deviceId': 'XXLJC4LCGSCSD1DA008', 'total': '0', 'totalTime': '144', 'gmtCreate': '2022-01-21 15:41:13', 'gmtModified': '2022-02-16 14:06:51'}}
2022-02-16 14:11:10,605 data_manager.py[line:2007] INFO {'notice_info_': {'distance': '0', 'path_info': '当前:0 总共:0 离岸:0.0 ', 'progress': 0, 'control_info': '等待中', 'draw_info': 0, 'audio_light_info': 0, 'headlight_info': 0, 'side_light_info': 1, 'theta_error': 0, 'mapId': ''}}
2022-02-16 14:11:10,968 data_manager.py[line:871] INFO {'请求 url': 'https://ship.xxlun.com/union/admin/xxl/mileage/upData', 'status_code': 200}
2022-02-16 14:11:10,995 data_manager.py[line:1783] INFO {'更新里程和时间成功': {'deviceId': 'XXLJC4LCGSCSD1DA008', 'id': '1484430868180877314', 'total': '0', 'totalTime': '151'}}
