2021-03-08 09:34:10,519 data_manager.py[line:1246] INFO {'notice_info_': {'distance': '0 s 0', 'path_info': '当前目标点:0 目标点总数: 0', 'control_info': '', 'draw_info': 0, 'theta_error': 0, 'mapId': ''}}
2021-03-08 09:34:10,540 data_manager.py[line:1084] INFO {'fakedate': {'weather': {'windSpeed': 9.1, 'windDirection': '135', 'rainfall': 7.3, 'illuminance': 3.1, 'temperature': 22, 'humidity': 51, 'pm25': 10, 'pm10': 39}, 'water': {'wt': 5.8, 'ph': 9.0, 'doDo': 8.8, 'cod': 2.1, 'ec': 52.4, 'td': 0.6, 'nh3Nh4': 0.46, 'tn': 11.8, 'tp': 0.1}, 'deviceId': '3c50f4c3-a9c1-4872-9f18-883af014380a', 'mapId': ''}}
2021-03-08 09:34:20,533 data_manager.py[line:1246] INFO {'notice_info_': {'distance': '0 s 0', 'path_info': '当前目标点:0 目标点总数: 0', 'control_info': '', 'draw_info': 0, 'theta_error': 0, 'mapId': ''}}
2021-03-08 09:34:20,866 data_manager.py[line:1084] INFO {'fakedate': {'weather': {'windSpeed': 6.3, 'windDirection': '45', 'rainfall': 6.0, 'illuminance': 2.7, 'temperature': 24, 'humidity': 48, 'pm25': 10, 'pm10': 32}, 'water': {'wt': 7.0, 'ph': 5.8, 'doDo': 3.0, 'cod': 14.9, 'ec': 53.9, 'td': 0.8, 'nh3Nh4': 0.98, 'tn': 13.8, 'tp': 0.0}, 'deviceId': '3c50f4c3-a9c1-4872-9f18-883af014380a', 'mapId': ''}}
2021-03-08 09:34:24,468 data_manager.py[line:899] INFO {'点击地点': [[114.523759, 30.505948]]}
2021-03-08 09:34:24,468 data_manager.py[line:934] INFO {'全部距离': 105.68363117446867}
2021-03-08 09:34:24,468 data_manager.py[line:686] INFO {'目标真实GPS': [114.524072, 30.506789], 'distance': 105.62525507586727}
2021-03-08 09:34:24,969 data_manager.py[line:686] INFO {'目标真实GPS': [114.524072, 30.506789], 'distance': 105.62525507586727}
2021-03-08 09:34:25,471 data_manager.py[line:686] INFO {'目标真实GPS': [114.524084, 30.506821], 'distance': 105.70215753695445}
2021-03-08 09:34:25,973 data_manager.py[line:686] INFO {'目标真实GPS': [114.524084, 30.506821], 'distance': 105.75035387067405}
2021-03-08 09:34:26,474 data_manager.py[line:686] INFO {'目标真实GPS': [114.524084, 30.506821], 'distance': 105.79899211899443}
2021-03-08 09:34:26,976 data_manager.py[line:686] INFO {'目标真实GPS': [114.524084, 30.506821], 'distance': 105.8196702456215}
2021-03-08 09:34:27,478 data_manager.py[line:686] INFO {'目标真实GPS': [114.524084, 30.506821], 'distance': 105.70685649132758}
2021-03-08 09:34:27,980 data_manager.py[line:686] INFO {'目标真实GPS': [114.524084, 30.506821], 'distance': 105.4888817016057}
2021-03-08 09:34:28,481 data_manager.py[line:686] INFO {'目标真实GPS': [114.524072, 30.506789], 'distance': 105.1654446861378}
2021-03-08 09:34:28,983 data_manager.py[line:686] INFO {'目标真实GPS': [114.524072, 30.506789], 'distance': 104.46863824811881}
2021-03-08 09:34:29,484 data_manager.py[line:686] INFO {'目标真实GPS': [114.524072, 30.506789], 'distance': 103.31949840902371}
2021-03-08 09:34:29,986 data_manager.py[line:686] INFO {'目标真实GPS': [114.524072, 30.506789], 'distance': 102.01122099777731}
2021-03-08 09:34:30,488 data_manager.py[line:686] INFO {'目标真实GPS': [114.52406, 30.506757], 'distance': 100.78329920929866}
2021-03-08 09:34:30,583 data_manager.py[line:1246] INFO {'notice_info_': {'distance': '100.78329920929866 s 0', 'path_info': '当前目标点:0 目标点总数: 1', 'control_info': '', 'draw_info': 0, 'theta_error': 13.6971984970358, 'mapId': '1354291518018142209'}}
2021-03-08 09:34:30,988 data_manager.py[line:686] INFO {'目标真实GPS': [114.52406, 30.506757], 'distance': 98.5440727974997}
2021-03-08 09:34:31,490 data_manager.py[line:686] INFO {'目标真实GPS': [114.524048, 30.506725], 'distance': 94.93722680169485}
2021-03-08 09:34:31,992 data_manager.py[line:686] INFO {'目标真实GPS': [114.524036, 30.506693], 'distance': 91.92793662611768}
2021-03-08 09:34:32,492 data_manager.py[line:686] INFO {'目标真实GPS': [114.524024, 30.506661], 'distance': 90.14891194300687}
2021-03-08 09:34:32,994 data_manager.py[line:686] INFO {'目标真实GPS': [114.524024, 30.506661], 'distance': 87.93258013613696}
2021-03-08 09:34:33,496 data_manager.py[line:686] INFO {'目标真实GPS': [114.524012, 30.506629], 'distance': 85.21860251808761}
2021-03-08 09:34:33,997 data_manager.py[line:686] INFO {'目标真实GPS': [114.524, 30.506596], 'distance': 80.91498178016903}
2021-03-08 09:34:34,499 data_manager.py[line:686] INFO {'目标真实GPS': [114.523988, 30.506564], 'distance': 76.60194302215632}
2021-03-08 09:34:35,001 data_manager.py[line:686] INFO {'目标真实GPS': [114.523976, 30.506532], 'distance': 74.14487381823655}
2021-03-08 09:34:35,502 data_manager.py[line:686] INFO {'目标真实GPS': [114.523964, 30.5065], 'distance': 71.10590821280442}
2021-03-08 09:34:36,004 data_manager.py[line:686] INFO {'目标真实GPS': [114.523952, 30.506468], 'distance': 66.55574774969398}
2021-03-08 09:34:36,506 data_manager.py[line:686] INFO {'目标真实GPS': [114.52394, 30.506436], 'distance': 62.13500619953173}
2021-03-08 09:34:37,006 data_manager.py[line:686] INFO {'目标真实GPS': [114.523928, 30.506404], 'distance': 58.84819784337449}
2021-03-08 09:34:37,508 data_manager.py[line:686] INFO {'目标真实GPS': [114.523916, 30.506372], 'distance': 54.96170636002331}
2021-03-08 09:34:38,010 data_manager.py[line:686] INFO {'目标真实GPS': [114.523905, 30.50634], 'distance': 50.357141528883325}
2021-03-08 09:34:38,512 data_manager.py[line:686] INFO {'目标真实GPS': [114.523893, 30.506308], 'distance': 46.59039348344935}
2021-03-08 09:34:39,013 data_manager.py[line:686] INFO {'目标真实GPS': [114.523881, 30.506276], 'distance': 43.28250804120297}
2021-03-08 09:34:39,515 data_manager.py[line:686] INFO {'目标真实GPS': [114.523869, 30.506244], 'distance': 38.78101910814639}
2021-03-08 09:34:40,016 data_manager.py[line:686] INFO {'目标真实GPS': [114.523857, 30.506212], 'distance': 34.51282719106706}
2021-03-08 09:34:40,114 data_manager.py[line:1084] INFO {'fakedate': {'weather': {'windSpeed': 3.3, 'windDirection': '180', 'rainfall': 4.4, 'illuminance': 6.2, 'temperature': 29, 'humidity': 60, 'pm25': 20, 'pm10': 34}, 'water': {'wt': 16.1, 'ph': 6.9, 'doDo': 9.4, 'cod': 7.8, 'ec': 48.7, 'td': 0.9, 'nh3Nh4': 0.05, 'tn': 18.8, 'tp': 0.2}, 'deviceId': '3c50f4c3-a9c1-4872-9f18-883af014380a', 'mapId': '1354291518018142209'}}
2021-03-08 09:34:40,518 data_manager.py[line:686] INFO {'目标真实GPS': [114.523845, 30.50618], 'distance': 31.37912150910889}
2021-03-08 09:34:40,637 data_manager.py[line:1246] INFO {'notice_info_': {'distance': '31.37912150910889 s 0', 'path_info': '当前目标点:0 目标点总数: 1', 'control_info': '', 'draw_info': 0, 'theta_error': 2.902402721383737, 'mapId': '1354291518018142209'}}
2021-03-08 09:34:41,020 data_manager.py[line:686] INFO {'目标真实GPS': [114.523833, 30.506147], 'distance': 27.36532004063906}
2021-03-08 09:34:41,521 data_manager.py[line:686] INFO {'目标真实GPS': [114.523821, 30.506115], 'distance': 23.600701520326236}
2021-03-08 09:34:42,023 data_manager.py[line:686] INFO {'目标真实GPS': [114.523809, 30.506083], 'distance': 20.664747647967463}
2021-03-08 09:34:42,525 data_manager.py[line:686] INFO {'目标真实GPS': [114.523797, 30.506051], 'distance': 16.751173982122612}
2021-03-08 09:34:43,026 data_manager.py[line:686] INFO {'目标真实GPS': [114.523785, 30.506019], 'distance': 12.96896330937146}
2021-03-08 09:34:43,528 data_manager.py[line:686] INFO {'目标真实GPS': [114.523773, 30.505987], 'distance': 9.725030282763976}
2021-03-08 09:34:44,030 data_manager.py[line:686] INFO {'目标真实GPS': [114.523761, 30.505948], 'distance': 5.2223984409238104}
2021-03-08 09:34:50,233 data_manager.py[line:1084] INFO {'fakedate': {'weather': {'windSpeed': 7.5, 'windDirection': '180', 'rainfall': 8.3, 'illuminance': 7.2, 'temperature': 8, 'humidity': 76, 'pm25': 19, 'pm10': 20}, 'water': {'wt': 4.1, 'ph': 7.5, 'doDo': 3.4, 'cod': 8.5, 'ec': 51.6, 'td': 0.8, 'nh3Nh4': 0.67, 'tn': 17.3, 'tp': 0.1}, 'deviceId': '3c50f4c3-a9c1-4872-9f18-883af014380a', 'mapId': '1354291518018142209'}}
2021-03-08 09:34:50,673 data_manager.py[line:1246] INFO {'notice_info_': {'distance': '0 s 97.9', 'path_info': '当前目标点:0 目标点总数: 0', 'control_info': '停止', 'draw_info': 0, 'theta_error': 51.671706825412286, 'mapId': '1354291518018142209'}}
2021-03-08 09:34:52,656 data_manager.py[line:899] INFO {'点击地点': [[114.524045, 30.506915], [114.524051, 30.506901], [114.524071, 30.506883], [114.524094, 30.506864], [114.524113, 30.506846], [114.524135, 30.506828], [114.524158, 30.506809], [114.524179, 30.50679], [114.524201, 30.506772], [114.524221, 30.506754], [114.524242, 30.506735], [114.524265, 30.506716], [114.524286, 30.506698], [114.524285, 30.50668], [114.524286, 30.506661], [114.524285, 30.506643], [114.524286, 30.506624], [114.524286, 30.506606], [114.524286, 30.506587], [114.524285, 30.506569], [114.524308, 30.506549], [114.524307, 30.506531], [114.524308, 30.506513], [114.524329, 30.506494], [114.524351, 30.506475], [114.52435, 30.506457], [114.524351, 30.506439], [114.524351, 30.50642], [114.524351, 30.506401], [114.524372, 30.506383], [114.524394, 30.506365], [114.524415, 30.506346], [114.524436, 30.506328], [114.524458, 30.50631], [114.524479, 30.506291], [114.5245, 30.506273], [114.524522, 30.506254], [114.524544, 30.506235], [114.524565, 30.506216], [114.524586, 30.506199], [114.524609, 30.506179], [114.52463, 30.506161], [114.524651, 30.506142], [114.524672, 30.506125], [114.524694, 30.506106], [114.524694, 30.506087], [114.524716, 30.506069], [114.524737, 30.50605], [114.524759, 30.50605], [114.52478, 30.50605], [114.524801, 30.506051], [114.524823, 30.50605], [114.524844, 30.506032], [114.524866, 30.506031], [114.524888, 30.506031], [114.524909, 30.506031], [114.52493, 30.506033], [114.524952, 30.506013], [114.524974, 30.506012], [114.524995, 30.506013], [114.525017, 30.506012], [114.525038, 30.506013], [114.525059, 30.506014], [114.52508, 30.506014], [114.525103, 30.506012], [114.525124, 30.506013], [114.525145, 30.506013], [114.525167, 30.506013], [114.525188, 30.506013], [114.52521, 30.506012], [114.525231, 30.506014], [114.525252, 30.506014], [114.525274, 30.506013], [114.525296, 30.506013], [114.525317, 30.506014], [114.525338, 30.506032], [114.52536, 30.506031], [114.525382, 30.506049], [114.525403, 30.506051], [114.525424, 30.50607], [114.525446, 30.506086], [114.525468, 30.506105], [114.525489, 30.506125], [114.525489, 30.506143], [114.525489, 30.506161], [114.525489, 30.506179], [114.525489, 30.506197], [114.525489, 30.506216], [114.525511, 30.506234], [114.525511, 30.506253], [114.525511, 30.506272], [114.525532, 30.506292], [114.525532, 30.506308], [114.525553, 30.506328], [114.525554, 30.506345], [114.525575, 30.506366], [114.525575, 30.506383], [114.525597, 30.506401], [114.525596, 30.506421], [114.525596, 30.506439], [114.525617, 30.506458], [114.525617, 30.506458], [114.525596, 30.506439], [114.525575, 30.50642], [114.525553, 30.506402], [114.525532, 30.506383], [114.52551, 30.506365], [114.525488, 30.506348], [114.525489, 30.506328], [114.525489, 30.506309], [114.525489, 30.50629], [114.525489, 30.506271], [114.525489, 30.506253], [114.525489, 30.506234], [114.525489, 30.506216], [114.525489, 30.506197], [114.525489, 30.506179], [114.525489, 30.506161], [114.525489, 30.506143], [114.525489, 30.506125], [114.525468, 30.506105], [114.525446, 30.506086], [114.525424, 30.50607], [114.525403, 30.506051], [114.525382, 30.506049], [114.52536, 30.506031], [114.525338, 30.506032], [114.525317, 30.506014], [114.525296, 30.506013], [114.525274, 30.506013], [114.525252, 30.506014], [114.525231, 30.506014], [114.52521, 30.506012], [114.525188, 30.506013], [114.525167, 30.506013], [114.525145, 30.506013], [114.525124, 30.506013], [114.525103, 30.506012], [114.52508, 30.506014], [114.525059, 30.506014], [114.525038, 30.506013], [114.525017, 30.506012], [114.524995, 30.506013], [114.524974, 30.506012], [114.524952, 30.506013], [114.52493, 30.506033], [114.524909, 30.506031], [114.524888, 30.506031], [114.524866, 30.506031], [114.524844, 30.506032], [114.524823, 30.50605], [114.524801, 30.506051], [114.52478, 30.50605], [114.524759, 30.50605], [114.524737, 30.50605], [114.524716, 30.506069], [114.524694, 30.506087], [114.524672, 30.506106], [114.524651, 30.506125], [114.524629, 30.506143], [114.524608, 30.506161], [114.524587, 30.506179], [114.524565, 30.506198], [114.524543, 30.506217], [114.524522, 30.506236], [114.524501, 30.506254], [114.524479, 30.506272], [114.524458, 30.50629], [114.524436, 30.50631], [114.524414, 30.50631], [114.524394, 30.506327], [114.524372, 30.506328], [114.52435, 30.506347], [114.524328, 30.506347], [114.524307, 30.506365], [114.524286, 30.506365], [114.524264, 30.506365], [114.524243, 30.506383], [114.524222, 30.506383], [114.524201, 30.506401], [114.524178, 30.506402], [114.524157, 30.50642], [114.524135, 30.50642], [114.524114, 30.506439], [114.524093, 30.506439], [114.524071, 30.506458], [114.52405, 30.506457], [114.523518, 30.506467], [114.522997, 30.506467], [114.522482, 30.506467], [114.521961, 30.506466], [114.521439, 30.506466], [114.52144, 30.506018], [114.52196, 30.506021], [114.522482, 30.506023], [114.523003, 30.506018], [114.523518, 30.506018], [114.524039, 30.506018], [114.52456, 30.506018], [114.525602, 30.506017], [114.526122, 30.506019], [114.525602, 30.505575], [114.525081, 30.505569], [114.52456, 30.505574], [114.524039, 30.505574], [114.523518, 30.505574], [114.523002, 30.505573], [114.522482, 30.505573], [114.52196, 30.505575], [114.522998, 30.505124], [114.523524, 30.505125], [114.524039, 30.505125], [114.52456, 30.505125], [114.525081, 30.505126], [114.525602, 30.505124], [114.525086, 30.504676], [114.52456, 30.504676], [114.524039, 30.504676], [114.523518, 30.504676], [114.524043, 30.504227], [114.524564, 30.504226], [114.525087, 30.504228]]}
2021-03-08 09:34:57,445 data_manager.py[line:934] INFO {'全部距离': 2481.5648667392957}
2021-03-08 09:34:57,452 data_manager.py[line:686] INFO {'目标真实GPS': [114.523762, 30.505976], 'distance': 111.66707449797377}
2021-03-08 09:34:57,953 data_manager.py[line:686] INFO {'目标真实GPS': [114.523762, 30.505976], 'distance': 111.77470251027077}
2021-03-08 09:34:58,459 data_manager.py[line:686] INFO {'目标真实GPS': [114.523762, 30.505976], 'distance': 111.77470251027077}
2021-03-08 09:34:58,966 data_manager.py[line:686] INFO {'目标真实GPS': [114.523762, 30.505976], 'distance': 111.66707449797377}
2021-03-08 09:34:59,472 data_manager.py[line:686] INFO {'目标真实GPS': [114.523772, 30.506008], 'distance': 111.0700532072779}
2021-03-08 09:34:59,979 data_manager.py[line:686] INFO {'目标真实GPS': [114.523772, 30.506008], 'distance': 109.61485751335834}
2021-03-08 09:35:00,359 data_manager.py[line:1084] INFO {'fakedate': {'weather': {'windSpeed': 6.4, 'windDirection': '225', 'rainfall': 4.7, 'illuminance': 1.5, 'temperature': 36, 'humidity': 46, 'pm25': 9, 'pm10': 36}, 'water': {'wt': 18.1, 'ph': 6.2, 'doDo': 3.2, 'cod': 1.1, 'ec': 57.0, 'td': 1.0, 'nh3Nh4': 0.78, 'tn': 7.5, 'tp': 0.2}, 'deviceId': '3c50f4c3-a9c1-4872-9f18-883af014380a', 'mapId': '1354291518018142209'}}
2021-03-08 09:35:00,486 data_manager.py[line:686] INFO {'目标真实GPS': [114.523772, 30.506008], 'distance': 107.84734047188246}
2021-03-08 09:35:00,758 data_manager.py[line:1246] INFO {'notice_info_': {'distance': '107.84734047188246 s 97.9', 'path_info': '当前目标点:0 目标点总数: 38', 'control_info': '', 'draw_info': 0, 'theta_error': -28.029214403289302, 'mapId': '1354291518018142209'}}
2021-03-08 09:35:00,993 data_manager.py[line:686] INFO {'目标真实GPS': [114.523782, 30.506041], 'distance': 106.2195005394211}
2021-03-08 09:35:01,500 data_manager.py[line:686] INFO {'目标真实GPS': [114.523791, 30.506073], 'distance': 103.55874222489953}
2021-03-08 09:35:02,002 data_manager.py[line:686] INFO {'目标真实GPS': [114.523801, 30.506106], 'distance': 99.41640140510154}
2021-03-08 09:35:02,508 data_manager.py[line:686] INFO {'目标真实GPS': [114.523811, 30.506139], 'distance': 95.50611179731824}
2021-03-08 09:35:08,459 data_manager.py[line:1111] INFO {'base_setting': {'speed_grade': 3, 'arrive_range': 2.5, 'keep_point': 5, 'secure_distance': 15, 'row': 50, 'col': 50, 'pool_name': '梁子湖', 'video_url': 'http://123.32132.321321.213', 'info_type': 3}}
2021-03-08 09:35:10,485 data_manager.py[line:1084] INFO {'fakedate': {'weather': {'windSpeed': 6.3, 'windDirection': '135', 'rainfall': 9.0, 'illuminance': 2.4, 'temperature': 32, 'humidity': 84, 'pm25': 19, 'pm10': 20}, 'water': {'wt': 14.2, 'ph': 5.7, 'doDo': 4.6, 'cod': 16.8, 'ec': 56.4, 'td': 0.8, 'nh3Nh4': 0.22, 'tn': 11.3, 'tp': 0.2}, 'deviceId': '3c50f4c3-a9c1-4872-9f18-883af014380a', 'mapId': ''}}
2021-03-08 09:35:10,793 data_manager.py[line:1246] INFO {'notice_info_': {'distance': '0 s 13510.0', 'path_info': '当前目标点:0 目标点总数: 0', 'control_info': '停止', 'draw_info': 0, 'theta_error': 13.329421683477335, 'mapId': ''}}
2021-03-08 11:58:40,254 data_manager.py[line:1245] INFO {'notice_info_': {'distance': '0 s 0', 'path_info': '当前目标点:0 目标点总数: 0', 'control_info': '', 'draw_info': 0, 'theta_error': 0, 'mapId': ''}}
2021-03-08 11:58:40,283 data_manager.py[line:1083] INFO {'fakedate': {'weather': {'windSpeed': 6.0, 'windDirection': '135', 'rainfall': 4.9, 'illuminance': 2.4, 'temperature': 35, 'humidity': 78, 'pm25': 14, 'pm10': 21}, 'water': {'wt': 8.8, 'ph': 7.0, 'doDo': 9.2, 'cod': 12.2, 'ec': 58.7, 'td': 0.7, 'nh3Nh4': 0.5, 'tn': 18.2, 'tp': 0.1}, 'deviceId': '3c50f4c3-a9c1-4872-9f18-883af014380a', 'mapId': ''}}
2021-03-08 11:58:49,193 data_manager.py[line:898] INFO {'点击地点': [[114.524092, 30.505789]]}
2021-03-08 11:58:49,193 data_manager.py[line:933] INFO {'全部距离': 118.31202255685695}
2021-03-08 11:58:49,193 data_manager.py[line:685] INFO {'目标真实GPS': [114.524096, 30.506819], 'distance': 118.75622029974261}
2021-03-08 11:58:49,695 data_manager.py[line:685] INFO {'目标真实GPS': [114.524096, 30.506819], 'distance': 118.75622029974261}
2021-03-08 11:58:50,196 data_manager.py[line:685] INFO {'目标真实GPS': [114.524096, 30.506819], 'distance': 118.75622029974261}
2021-03-08 11:58:50,264 data_manager.py[line:1245] INFO {'notice_info_': {'distance': '118.75622029974261 s 0', 'path_info': '当前目标点:0 目标点总数: 1', 'control_info': '', 'draw_info': 0, 'theta_error': 157.55, 'mapId': '1354291518018142209'}}
2021-03-08 11:58:50,407 data_manager.py[line:1083] INFO {'fakedate': {'weather': {'windSpeed': 9.8, 'windDirection': '45', 'rainfall': 2.5, 'illuminance': 1.1, 'temperature': 12, 'humidity': 68, 'pm25': 5, 'pm10': 35}, 'water': {'wt': 14.6, 'ph': 5.9, 'doDo': 6.3, 'cod': 1.4, 'ec': 56.7, 'td': 0.2, 'nh3Nh4': 0.4, 'tn': 19.6, 'tp': 0.2}, 'deviceId': '3c50f4c3-a9c1-4872-9f18-883af014380a', 'mapId': '1354291518018142209'}}
2021-03-08 11:58:50,698 data_manager.py[line:685] INFO {'目标真实GPS': [114.524096, 30.506819], 'distance': 118.75622029974261}
2021-03-08 11:58:51,200 data_manager.py[line:685] INFO {'目标真实GPS': [114.524096, 30.506819], 'distance': 118.75622029974261}
2021-03-08 11:58:51,701 data_manager.py[line:685] INFO {'目标真实GPS': [114.524096, 30.506819], 'distance': 118.86741518997063}
2021-03-08 11:58:52,203 data_manager.py[line:685] INFO {'目标真实GPS': [114.524096, 30.506819], 'distance': 118.97861008097354}
2021-03-08 11:58:52,705 data_manager.py[line:685] INFO {'目标真实GPS': [114.524096, 30.506819], 'distance': 119.08980497133649}
2021-03-08 11:58:53,206 data_manager.py[line:685] INFO {'目标真实GPS': [114.524096, 30.506819], 'distance': 119.20099986176665}
2021-03-08 11:58:53,708 data_manager.py[line:685] INFO {'目标真实GPS': [114.524096, 30.506819], 'distance': 119.31219475297112}
2021-03-08 11:58:54,210 data_manager.py[line:685] INFO {'目标真实GPS': [114.524096, 30.506819], 'distance': 119.42338964353509}
2021-03-08 11:58:54,711 data_manager.py[line:685] INFO {'目标真实GPS': [114.524096, 30.506819], 'distance': 119.5345845341657}
2021-03-08 11:58:55,213 data_manager.py[line:685] INFO {'目标真实GPS': [114.524096, 30.506819], 'distance': 119.64574107013304}
2021-03-08 11:58:55,715 data_manager.py[line:685] INFO {'目标真实GPS': [114.524096, 30.506819], 'distance': 119.75697431633435}
2021-03-08 11:58:56,216 data_manager.py[line:685] INFO {'目标真实GPS': [114.524096, 30.506819], 'distance': 119.86847548093841}
2021-03-08 11:58:56,718 data_manager.py[line:685] INFO {'目标真实GPS': [114.524096, 30.506819], 'distance': 119.98070279890563}
2021-03-08 11:58:57,220 data_manager.py[line:685] INFO {'目标真实GPS': [114.524096, 30.506819], 'distance': 119.98315066911802}
2021-03-08 11:58:57,720 data_manager.py[line:685] INFO {'目标真实GPS': [114.524096, 30.506819], 'distance': 119.87563440745866}
2021-03-08 11:58:58,222 data_manager.py[line:685] INFO {'目标真实GPS': [114.524096, 30.506819], 'distance': 119.65958658426842}
2021-03-08 11:58:58,724 data_manager.py[line:685] INFO {'目标真实GPS': [114.524096, 30.506819], 'distance': 119.33250131498902}
2021-03-08 11:58:59,225 data_manager.py[line:685] INFO {'目标真实GPS': [114.524096, 30.506819], 'distance': 118.8955174672279}
2021-03-08 11:58:59,727 data_manager.py[line:685] INFO {'目标真实GPS': [114.524096, 30.506819], 'distance': 118.34630602737346}
2021-03-08 11:59:00,229 data_manager.py[line:685] INFO {'目标真实GPS': [114.524096, 30.506819], 'distance': 117.79287265364658}
2021-03-08 11:59:00,309 data_manager.py[line:1245] INFO {'notice_info_': {'distance': '117.79287265364658 s 0', 'path_info': '当前目标点:0 目标点总数: 1', 'control_info': '', 'draw_info': 0, 'theta_error': 61.66514623351986, 'mapId': '1354291518018142209'}}
2021-03-08 11:59:00,530 data_manager.py[line:1083] INFO {'fakedate': {'weather': {'windSpeed': 3.3, 'windDirection': '315', 'rainfall': 6.6, 'illuminance': 5.3, 'temperature': 12, 'humidity': 52, 'pm25': 13, 'pm10': 29}, 'water': {'wt': 9.3, 'ph': 5.4, 'doDo': 2.2, 'cod': 9.1, 'ec': 58.3, 'td': 0.8, 'nh3Nh4': 0.51, 'tn': 11.2, 'tp': 0.0}, 'deviceId': '3c50f4c3-a9c1-4872-9f18-883af014380a', 'mapId': '1354291518018142209'}}
2021-03-08 11:59:00,730 data_manager.py[line:685] INFO {'目标真实GPS': [114.524096, 30.506786], 'distance': 117.1259163916295}
2021-03-08 11:59:01,231 data_manager.py[line:685] INFO {'目标真实GPS': [114.524096, 30.506786], 'distance': 115.67164910730034}
2021-03-08 11:59:01,732 data_manager.py[line:685] INFO {'目标真实GPS': [114.524096, 30.506752], 'distance': 113.43051787779804}
2021-03-08 11:59:02,234 data_manager.py[line:685] INFO {'目标真实GPS': [114.524095, 30.506718], 'distance': 110.30553364499606}
2021-03-08 11:59:02,736 data_manager.py[line:685] INFO {'目标真实GPS': [114.524095, 30.506685], 'distance': 107.19537697931328}
2021-03-08 11:59:03,237 data_manager.py[line:685] INFO {'目标真实GPS': [114.524095, 30.506685], 'distance': 104.75302479598163}
2021-03-08 11:59:03,739 data_manager.py[line:685] INFO {'目标真实GPS': [114.524095, 30.506651], 'distance': 102.52928685774587}
2021-03-08 11:59:04,241 data_manager.py[line:685] INFO {'目标真实GPS': [114.524095, 30.506617], 'distance': 99.7455759015232}
