2021-01-07 15:22:56,417 baidu_map.py[line:299] INFO {'png_url': 'https://restapi.amap.com/v3/staticmap?location=114.431708,30.522303&zoom=15&size=1024*1024&scale=1&key=8177df6428097c5e23d3280ffdc5a13a'}
2021-01-07 15:22:58,854 baidu_map.py[line:314] INFO {'save_img_path': 'D:\\pythonProject\\usv\\baiduMap\\imgs\\gaode_114.431708_30.522303_15_1.png'}
2021-01-07 15:22:58,877 baidu_map.py[line:403] DEBUG {'pix_to_gps len(cnts)': 2052}
2021-01-07 15:22:58,934 baidu_map.py[line:403] DEBUG {'pix_to_gps len(cnts)': 1}
2021-01-07 15:25:41,798 baidu_map.py[line:299] INFO {'png_url': 'https://restapi.amap.com/v3/staticmap?location=114.381798,30.554091&zoom=13&size=1024*1024&scale=1&key=8177df6428097c5e23d3280ffdc5a13a'}
2021-01-07 15:25:43,678 baidu_map.py[line:314] INFO {'save_img_path': 'D:\\pythonProject\\usv\\baiduMap\\imgs\\gaode_114.381798_30.554091_13_1.png'}
2021-01-07 15:25:43,811 baidu_map.py[line:403] DEBUG {'pix_to_gps len(cnts)': 4871}
2021-01-07 15:25:43,891 baidu_map.py[line:403] DEBUG {'pix_to_gps len(cnts)': 1}
2021-01-07 15:46:56,173 baidu_map.py[line:299] INFO {'png_url': 'https://restapi.amap.com/v3/staticmap?location=114.431751,30.523338&zoom=13&size=1024*1024&scale=1&key=8177df6428097c5e23d3280ffdc5a13a'}
2021-01-07 15:46:59,900 baidu_map.py[line:314] INFO {'save_img_path': 'D:\\pythonProject\\usv\\baiduMap\\imgs\\gaode_114.431751_30.523338_13_1.png'}
2021-01-07 15:46:59,919 baidu_map.py[line:403] DEBUG {'pix_to_gps len(cnts)': 445}
2021-01-07 15:46:59,928 baidu_map.py[line:403] DEBUG {'pix_to_gps len(cnts)': 1}
2021-01-07 15:47:02,169 baidu_map.py[line:299] INFO {'png_url': 'https://restapi.amap.com/v3/staticmap?location=114.386261,30.550691&zoom=13&size=1024*1024&scale=1&key=8177df6428097c5e23d3280ffdc5a13a'}
2021-01-07 15:47:04,795 baidu_map.py[line:314] INFO {'save_img_path': 'D:\\pythonProject\\usv\\baiduMap\\imgs\\gaode_114.386261_30.550691_13_1.png'}
2021-01-07 15:47:04,817 baidu_map.py[line:403] DEBUG {'pix_to_gps len(cnts)': 4870}
2021-01-07 15:47:04,900 baidu_map.py[line:403] DEBUG {'pix_to_gps len(cnts)': 1}
2021-01-07 15:47:40,938 baidu_map.py[line:299] INFO {'png_url': 'https://restapi.amap.com/v3/staticmap?location=114.431408,30.523486&zoom=13&size=1024*1024&scale=1&key=8177df6428097c5e23d3280ffdc5a13a'}
2021-01-07 15:47:43,503 baidu_map.py[line:314] INFO {'save_img_path': 'D:\\pythonProject\\usv\\baiduMap\\imgs\\gaode_114.431408_30.523486_13_1.png'}
2021-01-07 15:47:43,520 baidu_map.py[line:403] DEBUG {'pix_to_gps len(cnts)': 443}
2021-01-07 15:47:43,529 baidu_map.py[line:403] DEBUG {'pix_to_gps len(cnts)': 1}
2021-01-07 15:53:51,403 baidu_map.py[line:299] INFO {'png_url': 'https://restapi.amap.com/v3/staticmap?location=114.431408,30.523190&zoom=13&size=1024*1024&scale=1&key=8177df6428097c5e23d3280ffdc5a13a'}
2021-01-07 15:53:53,114 baidu_map.py[line:314] INFO {'save_img_path': 'D:\\pythonProject\\usv\\baiduMap\\imgs\\gaode_114.431408_30.523190_13_1.png'}
2021-01-07 15:53:53,134 baidu_map.py[line:403] DEBUG {'pix_to_gps len(cnts)': 445}
2021-01-07 15:53:53,144 baidu_map.py[line:403] DEBUG {'pix_to_gps len(cnts)': 1}
2021-01-07 15:55:11,499 baidu_map.py[line:299] INFO {'png_url': 'https://restapi.amap.com/v3/staticmap?location=114.384716,30.550395&zoom=13&size=1024*1024&scale=1&key=8177df6428097c5e23d3280ffdc5a13a'}
2021-01-07 15:55:14,607 baidu_map.py[line:314] INFO {'save_img_path': 'D:\\pythonProject\\usv\\baiduMap\\imgs\\gaode_114.384716_30.550395_13_1.png'}
2021-01-07 15:55:14,629 baidu_map.py[line:403] DEBUG {'pix_to_gps len(cnts)': 4871}
2021-01-07 15:55:14,708 baidu_map.py[line:403] DEBUG {'pix_to_gps len(cnts)': 1}
2021-01-07 16:01:01,143 baidu_map.py[line:299] INFO {'png_url': 'https://restapi.amap.com/v3/staticmap?location=114.432610,30.534724&zoom=13&size=1024*1024&scale=1&key=8177df6428097c5e23d3280ffdc5a13a'}
2021-01-07 16:01:03,153 baidu_map.py[line:314] INFO {'save_img_path': 'D:\\pythonProject\\usv\\baiduMap\\imgs\\gaode_114.432610_30.534724_13_1.png'}
2021-01-07 16:01:03,181 baidu_map.py[line:403] DEBUG {'pix_to_gps len(cnts)': 5773}
2021-01-07 16:01:03,309 baidu_map.py[line:403] DEBUG {'pix_to_gps len(cnts)': 1}
2021-01-07 16:02:10,180 baidu_map.py[line:299] INFO {'png_url': 'https://restapi.amap.com/v3/staticmap?location=114.437588,30.539011&zoom=13&size=1024*1024&scale=1&key=8177df6428097c5e23d3280ffdc5a13a'}
2021-01-07 16:02:12,581 baidu_map.py[line:314] INFO {'save_img_path': 'D:\\pythonProject\\usv\\baiduMap\\imgs\\gaode_114.437588_30.539011_13_1.png'}
2021-01-07 16:02:12,728 baidu_map.py[line:403] DEBUG {'pix_to_gps len(cnts)': 6016}
2021-01-07 16:02:12,839 baidu_map.py[line:403] DEBUG {'pix_to_gps len(cnts)': 1}
2021-01-07 16:10:09,504 baidu_map.py[line:299] INFO {'png_url': 'https://restapi.amap.com/v3/staticmap?location=114.432266,30.522895&zoom=13&size=1024*1024&scale=1&key=8177df6428097c5e23d3280ffdc5a13a'}
2021-01-07 16:10:10,871 baidu_map.py[line:314] INFO {'save_img_path': 'D:\\pythonProject\\usv\\baiduMap\\imgs\\gaode_114.432266_30.522895_13_1.png'}
2021-01-07 16:10:10,891 baidu_map.py[line:403] DEBUG {'pix_to_gps len(cnts)': 445}
2021-01-07 16:10:10,899 baidu_map.py[line:403] DEBUG {'pix_to_gps len(cnts)': 1}
2021-01-07 16:18:17,397 baidu_map.py[line:299] INFO {'png_url': 'https://restapi.amap.com/v3/staticmap?location=114.432095,30.522895&zoom=13&size=1024*1024&scale=1&key=8177df6428097c5e23d3280ffdc5a13a'}
2021-01-07 16:18:18,827 baidu_map.py[line:314] INFO {'save_img_path': 'D:\\pythonProject\\usv\\baiduMap\\imgs\\gaode_114.432095_30.522895_13_1.png'}
2021-01-07 16:18:18,846 baidu_map.py[line:403] DEBUG {'pix_to_gps len(cnts)': 445}
2021-01-07 16:18:18,854 baidu_map.py[line:403] DEBUG {'pix_to_gps len(cnts)': 1}
2021-01-07 16:18:51,279 baidu_map.py[line:299] INFO {'png_url': 'https://restapi.amap.com/v3/staticmap?location=114.553356,30.536054&zoom=13&size=1024*1024&scale=1&key=8177df6428097c5e23d3280ffdc5a13a'}
2021-01-07 16:18:52,323 baidu_map.py[line:314] INFO {'save_img_path': 'D:\\pythonProject\\usv\\baiduMap\\imgs\\gaode_114.553356_30.536054_13_1.png'}
2021-01-07 16:18:52,341 baidu_map.py[line:403] DEBUG {'pix_to_gps len(cnts)': 3800}
2021-01-07 16:18:52,406 baidu_map.py[line:403] DEBUG {'pix_to_gps len(cnts)': 1}
2021-01-07 16:21:53,019 baidu_map.py[line:299] INFO {'png_url': 'https://restapi.amap.com/v3/staticmap?location=114.386845,30.551873&zoom=13&size=1024*1024&scale=1&key=8177df6428097c5e23d3280ffdc5a13a'}
2021-01-07 16:21:54,643 baidu_map.py[line:314] INFO {'save_img_path': 'D:\\pythonProject\\usv\\baiduMap\\imgs\\gaode_114.386845_30.551873_13_1.png'}
2021-01-07 16:21:54,665 baidu_map.py[line:403] DEBUG {'pix_to_gps len(cnts)': 4854}
2021-01-07 16:21:54,742 baidu_map.py[line:403] DEBUG {'pix_to_gps len(cnts)': 1}
2021-01-07 16:24:01,446 baidu_map.py[line:299] INFO {'png_url': 'https://restapi.amap.com/v3/staticmap?location=114.431580,30.522303&zoom=13&size=1024*1024&scale=1&key=8177df6428097c5e23d3280ffdc5a13a'}
2021-01-07 16:24:07,496 baidu_map.py[line:314] INFO {'save_img_path': 'D:\\pythonProject\\usv\\baiduMap\\imgs\\gaode_114.431580_30.522303_13_1.png'}
2021-01-07 16:24:07,529 baidu_map.py[line:403] DEBUG {'pix_to_gps len(cnts)': 445}
2021-01-07 16:24:07,564 baidu_map.py[line:403] DEBUG {'pix_to_gps len(cnts)': 1}
2021-01-07 16:24:38,672 baidu_map.py[line:299] INFO {'png_url': 'https://restapi.amap.com/v3/staticmap?location=114.431751,30.522155&zoom=13&size=1024*1024&scale=1&key=8177df6428097c5e23d3280ffdc5a13a'}
2021-01-07 16:24:41,809 baidu_map.py[line:314] INFO {'save_img_path': 'D:\\pythonProject\\usv\\baiduMap\\imgs\\gaode_114.431751_30.522155_13_1.png'}
2021-01-07 16:24:41,839 baidu_map.py[line:403] DEBUG {'pix_to_gps len(cnts)': 445}
2021-01-07 16:24:41,847 baidu_map.py[line:403] DEBUG {'pix_to_gps len(cnts)': 1}
2021-01-07 16:24:56,367 baidu_map.py[line:299] INFO {'png_url': 'https://restapi.amap.com/v3/staticmap?location=114.431923,30.522599&zoom=13&size=1024*1024&scale=1&key=8177df6428097c5e23d3280ffdc5a13a'}
2021-01-07 16:24:58,993 baidu_map.py[line:314] INFO {'save_img_path': 'D:\\pythonProject\\usv\\baiduMap\\imgs\\gaode_114.431923_30.522599_13_1.png'}
2021-01-07 16:24:59,009 baidu_map.py[line:403] DEBUG {'pix_to_gps len(cnts)': 445}
2021-01-07 16:24:59,017 baidu_map.py[line:403] DEBUG {'pix_to_gps len(cnts)': 1}
2021-01-07 16:26:03,483 baidu_map.py[line:299] INFO {'png_url': 'https://restapi.amap.com/v3/staticmap?location=114.431751,30.523486&zoom=13&size=1024*1024&scale=1&key=8177df6428097c5e23d3280ffdc5a13a'}
2021-01-07 16:26:05,237 baidu_map.py[line:314] INFO {'save_img_path': 'D:\\pythonProject\\usv\\baiduMap\\imgs\\gaode_114.431751_30.523486_13_1.png'}
2021-01-07 16:26:05,255 baidu_map.py[line:403] DEBUG {'pix_to_gps len(cnts)': 443}
2021-01-07 16:26:05,264 baidu_map.py[line:403] DEBUG {'pix_to_gps len(cnts)': 1}
2021-01-07 16:26:49,677 baidu_map.py[line:299] INFO {'png_url': 'https://restapi.amap.com/v3/staticmap?location=114.431279,30.521490&zoom=15&size=1024*1024&scale=1&key=8177df6428097c5e23d3280ffdc5a13a'}
2021-01-07 16:26:51,404 baidu_map.py[line:314] INFO {'save_img_path': 'D:\\pythonProject\\usv\\baiduMap\\imgs\\gaode_114.431279_30.521490_15_1.png'}
2021-01-07 16:26:51,421 baidu_map.py[line:403] DEBUG {'pix_to_gps len(cnts)': 2061}
2021-01-07 16:26:51,457 baidu_map.py[line:403] DEBUG {'pix_to_gps len(cnts)': 1}
2021-01-07 16:28:16,991 baidu_map.py[line:300] INFO {'png_url': 'https://restapi.amap.com/v3/staticmap?location=114.380940,30.547882&zoom=13&size=1024*1024&scale=1&key=8177df6428097c5e23d3280ffdc5a13a'}
2021-01-07 16:28:18,470 baidu_map.py[line:315] INFO {'save_img_path': 'D:\\pythonProject\\usv\\baiduMap\\imgs\\gaode_114.380940_30.547882_13_1.png'}
2021-01-07 16:28:18,495 baidu_map.py[line:404] DEBUG {'pix_to_gps len(cnts)': 4896}
2021-01-07 16:28:18,584 baidu_map.py[line:404] DEBUG {'pix_to_gps len(cnts)': 1}
2021-01-07 16:28:34,630 baidu_map.py[line:300] INFO {'png_url': 'https://restapi.amap.com/v3/staticmap?location=114.433811,30.538864&zoom=13&size=1024*1024&scale=1&key=8177df6428097c5e23d3280ffdc5a13a'}
2021-01-07 16:28:36,150 baidu_map.py[line:315] INFO {'save_img_path': 'D:\\pythonProject\\usv\\baiduMap\\imgs\\gaode_114.433811_30.538864_13_1.png'}
2021-01-07 16:28:36,175 baidu_map.py[line:404] DEBUG {'pix_to_gps len(cnts)': 5995}
2021-01-07 16:28:36,277 baidu_map.py[line:404] DEBUG {'pix_to_gps len(cnts)': 1}
2021-01-07 16:29:32,076 baidu_map.py[line:315] INFO {'save_img_path': 'D:\\pythonProject\\usv\\baiduMap\\imgs\\gaode_114.431408_30.523042_13_1.png'}
2021-01-07 16:29:32,206 baidu_map.py[line:404] DEBUG {'pix_to_gps len(cnts)': 445}
2021-01-07 16:29:32,217 baidu_map.py[line:404] DEBUG {'pix_to_gps len(cnts)': 1}
2021-01-07 16:33:33,289 baidu_map.py[line:300] INFO {'png_url': 'https://restapi.amap.com/v3/staticmap?location=114.431580,30.522895&zoom=13&size=1024*1024&scale=1&key=8177df6428097c5e23d3280ffdc5a13a'}
2021-01-07 16:33:35,832 baidu_map.py[line:315] INFO {'save_img_path': 'D:\\pythonProject\\usv\\baiduMap\\imgs\\gaode_114.431580_30.522895_13_1.png'}
2021-01-07 16:33:35,851 baidu_map.py[line:404] DEBUG {'pix_to_gps len(cnts)': 445}
2021-01-07 16:33:35,860 baidu_map.py[line:404] DEBUG {'pix_to_gps len(cnts)': 1}
2021-01-07 16:36:00,376 baidu_map.py[line:300] INFO {'png_url': 'https://restapi.amap.com/v3/staticmap?location=114.434498,30.535759&zoom=13&size=1024*1024&scale=1&key=8177df6428097c5e23d3280ffdc5a13a'}
2021-01-07 16:36:02,202 baidu_map.py[line:315] INFO {'save_img_path': 'D:\\pythonProject\\usv\\baiduMap\\imgs\\gaode_114.434498_30.535759_13_1.png'}
2021-01-07 16:36:02,225 baidu_map.py[line:404] DEBUG {'pix_to_gps len(cnts)': 5808}
2021-01-07 16:36:02,324 baidu_map.py[line:404] DEBUG {'pix_to_gps len(cnts)': 1}
2021-01-07 16:36:17,035 baidu_map.py[line:300] INFO {'png_url': 'https://restapi.amap.com/v3/staticmap?location=114.432610,30.533245&zoom=13&size=1024*1024&scale=1&key=8177df6428097c5e23d3280ffdc5a13a'}
2021-01-07 16:36:18,420 baidu_map.py[line:315] INFO {'save_img_path': 'D:\\pythonProject\\usv\\baiduMap\\imgs\\gaode_114.432610_30.533245_13_1.png'}
2021-01-07 16:36:18,443 baidu_map.py[line:404] DEBUG {'pix_to_gps len(cnts)': 5738}
2021-01-07 16:36:18,557 baidu_map.py[line:404] DEBUG {'pix_to_gps len(cnts)': 1}
2021-01-07 16:41:03,493 baidu_map.py[line:300] INFO {'png_url': 'https://restapi.amap.com/v3/staticmap?location=114.389866,30.543742&zoom=13&size=1024*1024&scale=1&key=8177df6428097c5e23d3280ffdc5a13a'}
2021-01-07 16:41:04,974 baidu_map.py[line:315] INFO {'save_img_path': 'D:\\pythonProject\\usv\\baiduMap\\imgs\\gaode_114.389866_30.543742_13_1.png'}
2021-01-07 16:41:05,008 baidu_map.py[line:404] DEBUG {'pix_to_gps len(cnts)': 4855}
2021-01-07 16:41:05,101 baidu_map.py[line:404] DEBUG {'pix_to_gps len(cnts)': 1}
2021-01-07 16:46:55,192 baidu_map.py[line:300] INFO {'png_url': 'https://restapi.amap.com/v3/staticmap?location=114.382828,30.541525&zoom=13&size=1024*1024&scale=1&key=8177df6428097c5e23d3280ffdc5a13a'}
2021-01-07 16:46:57,355 baidu_map.py[line:315] INFO {'save_img_path': 'D:\\pythonProject\\usv\\baiduMap\\imgs\\gaode_114.382828_30.541525_13_1.png'}
2021-01-07 16:46:57,379 baidu_map.py[line:404] DEBUG {'pix_to_gps len(cnts)': 4734}
2021-01-07 16:46:57,462 baidu_map.py[line:404] DEBUG {'pix_to_gps len(cnts)': 1}
2021-01-07 16:47:16,143 baidu_map.py[line:300] INFO {'png_url': 'https://restapi.amap.com/v3/staticmap?location=114.379223,30.546699&zoom=13&size=1024*1024&scale=1&key=8177df6428097c5e23d3280ffdc5a13a'}
2021-01-07 16:47:17,549 baidu_map.py[line:315] INFO {'save_img_path': 'D:\\pythonProject\\usv\\baiduMap\\imgs\\gaode_114.379223_30.546699_13_1.png'}
2021-01-07 16:47:17,571 baidu_map.py[line:404] DEBUG {'pix_to_gps len(cnts)': 4896}
2021-01-07 16:47:17,648 baidu_map.py[line:404] DEBUG {'pix_to_gps len(cnts)': 1}
2021-01-07 16:47:29,677 baidu_map.py[line:300] INFO {'png_url': 'https://restapi.amap.com/v3/staticmap?location=114.431236,30.527922&zoom=13&size=1024*1024&scale=1&key=8177df6428097c5e23d3280ffdc5a13a'}
2021-01-07 16:47:31,410 baidu_map.py[line:315] INFO {'save_img_path': 'D:\\pythonProject\\usv\\baiduMap\\imgs\\gaode_114.431236_30.527922_13_1.png'}
2021-01-07 16:47:31,430 baidu_map.py[line:404] DEBUG {'pix_to_gps len(cnts)': 443}
2021-01-07 16:47:31,437 baidu_map.py[line:404] DEBUG {'pix_to_gps len(cnts)': 1}
2021-01-07 16:48:11,730 baidu_map.py[line:300] INFO {'png_url': 'https://restapi.amap.com/v3/staticmap?location=114.390381,30.546404&zoom=13&size=1024*1024&scale=1&key=8177df6428097c5e23d3280ffdc5a13a'}
2021-01-07 16:48:13,085 baidu_map.py[line:315] INFO {'save_img_path': 'D:\\pythonProject\\usv\\baiduMap\\imgs\\gaode_114.390381_30.546404_13_1.png'}
2021-01-07 16:48:13,109 baidu_map.py[line:404] DEBUG {'pix_to_gps len(cnts)': 4854}
2021-01-07 16:48:13,194 baidu_map.py[line:404] DEBUG {'pix_to_gps len(cnts)': 1}
2021-01-07 16:48:35,225 baidu_map.py[line:300] INFO {'png_url': 'https://restapi.amap.com/v3/staticmap?location=114.378021,30.545369&zoom=13&size=1024*1024&scale=1&key=8177df6428097c5e23d3280ffdc5a13a'}
2021-01-07 16:48:36,590 baidu_map.py[line:315] INFO {'save_img_path': 'D:\\pythonProject\\usv\\baiduMap\\imgs\\gaode_114.378021_30.545369_13_1.png'}
2021-01-07 16:48:36,617 baidu_map.py[line:404] DEBUG {'pix_to_gps len(cnts)': 4856}
2021-01-07 16:48:36,693 baidu_map.py[line:404] DEBUG {'pix_to_gps len(cnts)': 1}
2021-01-07 16:49:26,740 baidu_map.py[line:300] INFO {'png_url': 'https://restapi.amap.com/v3/staticmap?location=114.381111,30.543447&zoom=13&size=1024*1024&scale=1&key=8177df6428097c5e23d3280ffdc5a13a'}
2021-01-07 16:49:28,776 baidu_map.py[line:315] INFO {'save_img_path': 'D:\\pythonProject\\usv\\baiduMap\\imgs\\gaode_114.381111_30.543447_13_1.png'}
2021-01-07 16:49:28,807 baidu_map.py[line:404] DEBUG {'pix_to_gps len(cnts)': 4804}
2021-01-07 16:49:28,905 baidu_map.py[line:404] DEBUG {'pix_to_gps len(cnts)': 1}
2021-01-07 16:50:18,970 baidu_map.py[line:300] INFO {'png_url': 'https://restapi.amap.com/v3/staticmap?location=114.382656,30.542855&zoom=13&size=1024*1024&scale=1&key=8177df6428097c5e23d3280ffdc5a13a'}
2021-01-07 16:50:20,553 baidu_map.py[line:315] INFO {'save_img_path': 'D:\\pythonProject\\usv\\baiduMap\\imgs\\gaode_114.382656_30.542855_13_1.png'}
2021-01-07 16:50:20,587 baidu_map.py[line:404] DEBUG {'pix_to_gps len(cnts)': 4823}
2021-01-07 16:50:20,664 baidu_map.py[line:404] DEBUG {'pix_to_gps len(cnts)': 1}
2021-01-07 16:50:52,703 baidu_map.py[line:300] INFO {'png_url': 'https://restapi.amap.com/v3/staticmap?location=114.385059,30.543299&zoom=13&size=1024*1024&scale=1&key=8177df6428097c5e23d3280ffdc5a13a'}
2021-01-07 16:50:54,411 baidu_map.py[line:315] INFO {'save_img_path': 'D:\\pythonProject\\usv\\baiduMap\\imgs\\gaode_114.385059_30.543299_13_1.png'}
2021-01-07 16:50:54,449 baidu_map.py[line:404] DEBUG {'pix_to_gps len(cnts)': 4838}
2021-01-07 16:50:54,533 baidu_map.py[line:404] DEBUG {'pix_to_gps len(cnts)': 1}
2021-01-07 16:51:58,589 baidu_map.py[line:300] INFO {'png_url': 'https://restapi.amap.com/v3/staticmap?location=114.382313,30.544777&zoom=13&size=1024*1024&scale=1&key=8177df6428097c5e23d3280ffdc5a13a'}
2021-01-07 16:52:01,153 baidu_map.py[line:315] INFO {'save_img_path': 'D:\\pythonProject\\usv\\baiduMap\\imgs\\gaode_114.382313_30.544777_13_1.png'}
2021-01-07 16:52:01,174 baidu_map.py[line:404] DEBUG {'pix_to_gps len(cnts)': 4896}
2021-01-07 16:52:01,253 baidu_map.py[line:404] DEBUG {'pix_to_gps len(cnts)': 1}
2021-01-07 16:52:35,293 baidu_map.py[line:300] INFO {'png_url': 'https://restapi.amap.com/v3/staticmap?location=114.376476,30.545812&zoom=13&size=1024*1024&scale=1&key=8177df6428097c5e23d3280ffdc5a13a'}
2021-01-07 16:52:36,582 baidu_map.py[line:315] INFO {'save_img_path': 'D:\\pythonProject\\usv\\baiduMap\\imgs\\gaode_114.376476_30.545812_13_1.png'}
2021-01-07 16:52:36,605 baidu_map.py[line:404] DEBUG {'pix_to_gps len(cnts)': 4854}
2021-01-07 16:52:36,725 baidu_map.py[line:404] DEBUG {'pix_to_gps len(cnts)': 1}
2021-01-07 16:53:08,789 baidu_map.py[line:300] INFO {'png_url': 'https://restapi.amap.com/v3/staticmap?location=114.380596,30.547882&zoom=13&size=1024*1024&scale=1&key=8177df6428097c5e23d3280ffdc5a13a'}
2021-01-07 16:53:10,563 baidu_map.py[line:315] INFO {'save_img_path': 'D:\\pythonProject\\usv\\baiduMap\\imgs\\gaode_114.380596_30.547882_13_1.png'}
2021-01-07 16:53:10,591 baidu_map.py[line:404] DEBUG {'pix_to_gps len(cnts)': 4896}
2021-01-07 16:53:10,672 baidu_map.py[line:404] DEBUG {'pix_to_gps len(cnts)': 1}
2021-01-07 16:54:44,744 baidu_map.py[line:300] INFO {'png_url': 'https://restapi.amap.com/v3/staticmap?location=114.381798,30.544629&zoom=13&size=1024*1024&scale=1&key=8177df6428097c5e23d3280ffdc5a13a'}
2021-01-07 16:54:47,169 baidu_map.py[line:315] INFO {'save_img_path': 'D:\\pythonProject\\usv\\baiduMap\\imgs\\gaode_114.381798_30.544629_13_1.png'}
2021-01-07 16:54:47,192 baidu_map.py[line:404] DEBUG {'pix_to_gps len(cnts)': 4891}
2021-01-07 16:54:47,297 baidu_map.py[line:404] DEBUG {'pix_to_gps len(cnts)': 1}
2021-01-07 16:55:21,338 baidu_map.py[line:300] INFO {'png_url': 'https://restapi.amap.com/v3/staticmap?location=114.379910,30.543595&zoom=13&size=1024*1024&scale=1&key=8177df6428097c5e23d3280ffdc5a13a'}
2021-01-07 16:55:23,672 baidu_map.py[line:315] INFO {'save_img_path': 'D:\\pythonProject\\usv\\baiduMap\\imgs\\gaode_114.379910_30.543595_13_1.png'}
2021-01-07 16:55:23,695 baidu_map.py[line:404] DEBUG {'pix_to_gps len(cnts)': 4816}
2021-01-07 16:55:23,779 baidu_map.py[line:404] DEBUG {'pix_to_gps len(cnts)': 1}
2021-01-07 16:55:49,812 baidu_map.py[line:300] INFO {'png_url': 'https://restapi.amap.com/v3/staticmap?location=114.379051,30.546108&zoom=13&size=1024*1024&scale=1&key=8177df6428097c5e23d3280ffdc5a13a'}
2021-01-07 16:55:52,548 baidu_map.py[line:315] INFO {'save_img_path': 'D:\\pythonProject\\usv\\baiduMap\\imgs\\gaode_114.379051_30.546108_13_1.png'}
2021-01-07 16:55:52,572 baidu_map.py[line:404] DEBUG {'pix_to_gps len(cnts)': 4896}
2021-01-07 16:55:52,655 baidu_map.py[line:404] DEBUG {'pix_to_gps len(cnts)': 1}
2021-01-07 16:56:12,704 baidu_map.py[line:300] INFO {'png_url': 'https://restapi.amap.com/v3/staticmap?location=114.381111,30.543003&zoom=13&size=1024*1024&scale=1&key=8177df6428097c5e23d3280ffdc5a13a'}
2021-01-07 16:56:17,825 baidu_map.py[line:315] INFO {'save_img_path': 'D:\\pythonProject\\usv\\baiduMap\\imgs\\gaode_114.381111_30.543003_13_1.png'}
2021-01-07 16:56:17,846 baidu_map.py[line:404] DEBUG {'pix_to_gps len(cnts)': 4790}
2021-01-07 16:56:17,928 baidu_map.py[line:404] DEBUG {'pix_to_gps len(cnts)': 1}
2021-01-07 16:56:31,955 baidu_map.py[line:300] INFO {'png_url': 'https://restapi.amap.com/v3/staticmap?location=114.374245,30.549212&zoom=13&size=1024*1024&scale=1&key=8177df6428097c5e23d3280ffdc5a13a'}
2021-01-07 16:56:35,041 baidu_map.py[line:315] INFO {'save_img_path': 'D:\\pythonProject\\usv\\baiduMap\\imgs\\gaode_114.374245_30.549212_13_1.png'}
2021-01-07 16:56:35,061 baidu_map.py[line:404] DEBUG {'pix_to_gps len(cnts)': 4896}
2021-01-07 16:56:35,149 baidu_map.py[line:404] DEBUG {'pix_to_gps len(cnts)': 1}
2021-01-07 16:57:01,184 baidu_map.py[line:300] INFO {'png_url': 'https://restapi.amap.com/v3/staticmap?location=114.375790,30.548030&zoom=13&size=1024*1024&scale=1&key=8177df6428097c5e23d3280ffdc5a13a'}
2021-01-07 16:57:03,574 baidu_map.py[line:315] INFO {'save_img_path': 'D:\\pythonProject\\usv\\baiduMap\\imgs\\gaode_114.375790_30.548030_13_1.png'}
2021-01-07 16:57:03,604 baidu_map.py[line:404] DEBUG {'pix_to_gps len(cnts)': 4895}
2021-01-07 16:57:03,696 baidu_map.py[line:404] DEBUG {'pix_to_gps len(cnts)': 1}
2021-01-07 16:57:33,735 baidu_map.py[line:300] INFO {'png_url': 'https://restapi.amap.com/v3/staticmap?location=114.384373,30.545517&zoom=13&size=1024*1024&scale=1&key=8177df6428097c5e23d3280ffdc5a13a'}
2021-01-07 16:57:36,371 baidu_map.py[line:315] INFO {'save_img_path': 'D:\\pythonProject\\usv\\baiduMap\\imgs\\gaode_114.384373_30.545517_13_1.png'}
2021-01-07 16:57:36,392 baidu_map.py[line:404] DEBUG {'pix_to_gps len(cnts)': 4895}
2021-01-07 16:57:36,479 baidu_map.py[line:404] DEBUG {'pix_to_gps len(cnts)': 1}
2021-01-07 16:58:44,548 baidu_map.py[line:300] INFO {'png_url': 'https://restapi.amap.com/v3/staticmap?location=114.384716,30.545073&zoom=13&size=1024*1024&scale=1&key=8177df6428097c5e23d3280ffdc5a13a'}
2021-01-07 16:58:47,312 baidu_map.py[line:315] INFO {'save_img_path': 'D:\\pythonProject\\usv\\baiduMap\\imgs\\gaode_114.384716_30.545073_13_1.png'}
2021-01-07 16:58:47,335 baidu_map.py[line:404] DEBUG {'pix_to_gps len(cnts)': 4895}
2021-01-07 16:58:47,428 baidu_map.py[line:404] DEBUG {'pix_to_gps len(cnts)': 1}
2021-01-07 16:59:55,489 baidu_map.py[line:300] INFO {'png_url': 'https://restapi.amap.com/v3/staticmap?location=114.377335,30.544482&zoom=13&size=1024*1024&scale=1&key=8177df6428097c5e23d3280ffdc5a13a'}
2021-01-07 16:59:58,430 baidu_map.py[line:315] INFO {'save_img_path': 'D:\\pythonProject\\usv\\baiduMap\\imgs\\gaode_114.377335_30.544482_13_1.png'}
2021-01-07 16:59:58,454 baidu_map.py[line:404] DEBUG {'pix_to_gps len(cnts)': 4859}
2021-01-07 16:59:58,541 baidu_map.py[line:404] DEBUG {'pix_to_gps len(cnts)': 1}
2021-01-07 17:00:52,632 baidu_map.py[line:300] INFO {'png_url': 'https://restapi.amap.com/v3/staticmap?location=114.380425,30.544629&zoom=13&size=1024*1024&scale=1&key=8177df6428097c5e23d3280ffdc5a13a'}
2021-01-07 17:00:56,687 baidu_map.py[line:315] INFO {'save_img_path': 'D:\\pythonProject\\usv\\baiduMap\\imgs\\gaode_114.380425_30.544629_13_1.png'}
2021-01-07 17:00:56,709 baidu_map.py[line:404] DEBUG {'pix_to_gps len(cnts)': 4851}
2021-01-07 17:00:56,793 baidu_map.py[line:404] DEBUG {'pix_to_gps len(cnts)': 1}
2021-01-07 17:01:14,823 baidu_map.py[line:300] INFO {'png_url': 'https://restapi.amap.com/v3/staticmap?location=114.384201,30.543595&zoom=13&size=1024*1024&scale=1&key=8177df6428097c5e23d3280ffdc5a13a'}
2021-01-07 17:01:19,019 baidu_map.py[line:315] INFO {'save_img_path': 'D:\\pythonProject\\usv\\baiduMap\\imgs\\gaode_114.384201_30.543595_13_1.png'}
2021-01-07 17:01:19,051 baidu_map.py[line:404] DEBUG {'pix_to_gps len(cnts)': 4858}
2021-01-07 17:01:19,135 baidu_map.py[line:404] DEBUG {'pix_to_gps len(cnts)': 1}
2021-01-07 17:02:25,199 baidu_map.py[line:300] INFO {'png_url': 'https://restapi.amap.com/v3/staticmap?location=114.381626,30.543299&zoom=13&size=1024*1024&scale=1&key=8177df6428097c5e23d3280ffdc5a13a'}
2021-01-07 17:02:29,386 baidu_map.py[line:315] INFO {'save_img_path': 'D:\\pythonProject\\usv\\baiduMap\\imgs\\gaode_114.381626_30.543299_13_1.png'}
2021-01-07 17:02:29,409 baidu_map.py[line:404] DEBUG {'pix_to_gps len(cnts)': 4838}
2021-01-07 17:02:29,501 baidu_map.py[line:404] DEBUG {'pix_to_gps len(cnts)': 1}
2021-01-07 17:02:51,548 baidu_map.py[line:300] INFO {'png_url': 'https://restapi.amap.com/v3/staticmap?location=114.373730,30.546108&zoom=13&size=1024*1024&scale=1&key=8177df6428097c5e23d3280ffdc5a13a'}
2021-01-07 17:02:54,457 baidu_map.py[line:315] INFO {'save_img_path': 'D:\\pythonProject\\usv\\baiduMap\\imgs\\gaode_114.373730_30.546108_13_1.png'}
2021-01-07 17:02:54,491 baidu_map.py[line:404] DEBUG {'pix_to_gps len(cnts)': 4867}
2021-01-07 17:02:54,608 baidu_map.py[line:404] DEBUG {'pix_to_gps len(cnts)': 1}
2021-01-07 17:04:20,688 baidu_map.py[line:300] INFO {'png_url': 'https://restapi.amap.com/v3/staticmap?location=114.386948,30.543151&zoom=13&size=1024*1024&scale=1&key=8177df6428097c5e23d3280ffdc5a13a'}
2021-01-07 17:04:24,301 baidu_map.py[line:315] INFO {'save_img_path': 'D:\\pythonProject\\usv\\baiduMap\\imgs\\gaode_114.386948_30.543151_13_1.png'}
2021-01-07 17:04:24,329 baidu_map.py[line:404] DEBUG {'pix_to_gps len(cnts)': 4835}
2021-01-07 17:04:24,412 baidu_map.py[line:404] DEBUG {'pix_to_gps len(cnts)': 1}
2021-01-07 17:04:42,443 baidu_map.py[line:300] INFO {'png_url': 'https://restapi.amap.com/v3/staticmap?location=114.377335,30.547586&zoom=13&size=1024*1024&scale=1&key=8177df6428097c5e23d3280ffdc5a13a'}
2021-01-07 17:04:44,819 baidu_map.py[line:315] INFO {'save_img_path': 'D:\\pythonProject\\usv\\baiduMap\\imgs\\gaode_114.377335_30.547586_13_1.png'}
2021-01-07 17:04:44,840 baidu_map.py[line:404] DEBUG {'pix_to_gps len(cnts)': 4896}
2021-01-07 17:04:44,919 baidu_map.py[line:404] DEBUG {'pix_to_gps len(cnts)': 1}
2021-01-07 17:04:56,955 baidu_map.py[line:300] INFO {'png_url': 'https://restapi.amap.com/v3/staticmap?location=114.384888,30.542855&zoom=13&size=1024*1024&scale=1&key=8177df6428097c5e23d3280ffdc5a13a'}
2021-01-07 17:05:01,131 baidu_map.py[line:315] INFO {'save_img_path': 'D:\\pythonProject\\usv\\baiduMap\\imgs\\gaode_114.384888_30.542855_13_1.png'}
2021-01-07 17:05:01,153 baidu_map.py[line:404] DEBUG {'pix_to_gps len(cnts)': 4823}
2021-01-07 17:05:01,232 baidu_map.py[line:404] DEBUG {'pix_to_gps len(cnts)': 1}
2021-01-07 17:05:25,269 baidu_map.py[line:300] INFO {'png_url': 'https://restapi.amap.com/v3/staticmap?location=114.378193,30.549065&zoom=13&size=1024*1024&scale=1&key=8177df6428097c5e23d3280ffdc5a13a'}
2021-01-07 17:05:27,750 baidu_map.py[line:315] INFO {'save_img_path': 'D:\\pythonProject\\usv\\baiduMap\\imgs\\gaode_114.378193_30.549065_13_1.png'}
2021-01-07 17:05:27,773 baidu_map.py[line:404] DEBUG {'pix_to_gps len(cnts)': 4896}
2021-01-07 17:05:27,866 baidu_map.py[line:404] DEBUG {'pix_to_gps len(cnts)': 1}
2021-01-07 17:05:35,891 baidu_map.py[line:300] INFO {'png_url': 'https://restapi.amap.com/v3/staticmap?location=114.431580,30.528514&zoom=13&size=1024*1024&scale=1&key=8177df6428097c5e23d3280ffdc5a13a'}
2021-01-07 17:05:37,957 baidu_map.py[line:315] INFO {'save_img_path': 'D:\\pythonProject\\usv\\baiduMap\\imgs\\gaode_114.431580_30.528514_13_1.png'}
2021-01-07 17:05:37,976 baidu_map.py[line:344] INFO 无法在点击处找到湖
2021-01-07 17:05:49,984 baidu_map.py[line:300] INFO {'png_url': 'https://restapi.amap.com/v3/staticmap?location=114.482048,30.549065&zoom=13&size=1024*1024&scale=1&key=8177df6428097c5e23d3280ffdc5a13a'}
2021-01-07 17:05:52,103 baidu_map.py[line:315] INFO {'save_img_path': 'D:\\pythonProject\\usv\\baiduMap\\imgs\\gaode_114.482048_30.549065_13_1.png'}
2021-01-07 17:05:52,121 baidu_map.py[line:404] DEBUG {'pix_to_gps len(cnts)': 1697}
2021-01-07 17:05:52,153 baidu_map.py[line:404] DEBUG {'pix_to_gps len(cnts)': 1}
2021-01-07 17:09:31,881 baidu_map.py[line:300] INFO {'png_url': 'https://restapi.amap.com/v3/staticmap?location=114.381626,30.544777&zoom=13&size=1024*1024&scale=1&key=8177df6428097c5e23d3280ffdc5a13a'}
2021-01-07 17:09:36,475 baidu_map.py[line:315] INFO {'save_img_path': 'D:\\pythonProject\\usv\\baiduMap\\imgs\\gaode_114.381626_30.544777_13_1.png'}
2021-01-07 17:09:36,499 baidu_map.py[line:404] DEBUG {'pix_to_gps len(cnts)': 4894}
2021-01-07 17:09:36,585 baidu_map.py[line:404] DEBUG {'pix_to_gps len(cnts)': 1}
2021-01-07 17:09:39,886 baidu_map.py[line:315] INFO {'save_img_path': 'D:\\pythonProject\\usv\\baiduMap\\imgs\\gaode_114.381626_30.544777_13_1.png'}
2021-01-07 17:09:39,910 baidu_map.py[line:404] DEBUG {'pix_to_gps len(cnts)': 4894}
2021-01-07 17:09:40,093 baidu_map.py[line:404] DEBUG {'pix_to_gps len(cnts)': 1}
2021-01-07 17:09:49,885 baidu_map.py[line:315] INFO {'save_img_path': 'D:\\pythonProject\\usv\\baiduMap\\imgs\\gaode_114.381626_30.544777_13_1.png'}
2021-01-07 17:09:49,908 baidu_map.py[line:404] DEBUG {'pix_to_gps len(cnts)': 4894}
2021-01-07 17:09:49,997 baidu_map.py[line:404] DEBUG {'pix_to_gps len(cnts)': 1}
2021-01-07 17:09:59,889 baidu_map.py[line:315] INFO {'save_img_path': 'D:\\pythonProject\\usv\\baiduMap\\imgs\\gaode_114.381626_30.544777_13_1.png'}
2021-01-07 17:09:59,919 baidu_map.py[line:404] DEBUG {'pix_to_gps len(cnts)': 4894}
2021-01-07 17:10:00,007 baidu_map.py[line:404] DEBUG {'pix_to_gps len(cnts)': 1}
2021-01-07 17:10:09,887 baidu_map.py[line:315] INFO {'save_img_path': 'D:\\pythonProject\\usv\\baiduMap\\imgs\\gaode_114.381626_30.544777_13_1.png'}
2021-01-07 17:10:09,911 baidu_map.py[line:404] DEBUG {'pix_to_gps len(cnts)': 4894}
2021-01-07 17:10:09,997 baidu_map.py[line:404] DEBUG {'pix_to_gps len(cnts)': 1}
2021-01-07 17:10:19,888 baidu_map.py[line:315] INFO {'save_img_path': 'D:\\pythonProject\\usv\\baiduMap\\imgs\\gaode_114.381626_30.544777_13_1.png'}
2021-01-07 17:10:19,921 baidu_map.py[line:404] DEBUG {'pix_to_gps len(cnts)': 4894}
2021-01-07 17:10:20,022 baidu_map.py[line:404] DEBUG {'pix_to_gps len(cnts)': 1}
2021-01-07 17:10:29,888 baidu_map.py[line:315] INFO {'save_img_path': 'D:\\pythonProject\\usv\\baiduMap\\imgs\\gaode_114.381626_30.544777_13_1.png'}
2021-01-07 17:10:29,912 baidu_map.py[line:404] DEBUG {'pix_to_gps len(cnts)': 4894}
2021-01-07 17:10:30,001 baidu_map.py[line:404] DEBUG {'pix_to_gps len(cnts)': 1}
2021-01-07 17:10:39,888 baidu_map.py[line:315] INFO {'save_img_path': 'D:\\pythonProject\\usv\\baiduMap\\imgs\\gaode_114.381626_30.544777_13_1.png'}
2021-01-07 17:10:39,912 baidu_map.py[line:404] DEBUG {'pix_to_gps len(cnts)': 4894}
2021-01-07 17:10:39,999 baidu_map.py[line:404] DEBUG {'pix_to_gps len(cnts)': 1}
2021-01-07 17:10:49,889 baidu_map.py[line:315] INFO {'save_img_path': 'D:\\pythonProject\\usv\\baiduMap\\imgs\\gaode_114.381626_30.544777_13_1.png'}
2021-01-07 17:10:49,913 baidu_map.py[line:404] DEBUG {'pix_to_gps len(cnts)': 4894}
2021-01-07 17:10:49,994 baidu_map.py[line:404] DEBUG {'pix_to_gps len(cnts)': 1}
2021-01-07 17:10:59,889 baidu_map.py[line:315] INFO {'save_img_path': 'D:\\pythonProject\\usv\\baiduMap\\imgs\\gaode_114.381626_30.544777_13_1.png'}
2021-01-07 17:10:59,915 baidu_map.py[line:404] DEBUG {'pix_to_gps len(cnts)': 4894}
2021-01-07 17:11:00,011 baidu_map.py[line:404] DEBUG {'pix_to_gps len(cnts)': 1}
2021-01-07 17:11:09,892 baidu_map.py[line:315] INFO {'save_img_path': 'D:\\pythonProject\\usv\\baiduMap\\imgs\\gaode_114.381626_30.544777_13_1.png'}
2021-01-07 17:11:09,918 baidu_map.py[line:404] DEBUG {'pix_to_gps len(cnts)': 4894}
2021-01-07 17:11:10,011 baidu_map.py[line:404] DEBUG {'pix_to_gps len(cnts)': 1}
2021-01-07 17:11:19,892 baidu_map.py[line:315] INFO {'save_img_path': 'D:\\pythonProject\\usv\\baiduMap\\imgs\\gaode_114.381626_30.544777_13_1.png'}
2021-01-07 17:11:19,921 baidu_map.py[line:404] DEBUG {'pix_to_gps len(cnts)': 4894}
2021-01-07 17:11:20,206 baidu_map.py[line:404] DEBUG {'pix_to_gps len(cnts)': 1}
2021-01-07 17:11:43,722 baidu_map.py[line:300] INFO {'png_url': 'https://restapi.amap.com/v3/staticmap?location=114.381970,30.547438&zoom=13&size=1024*1024&scale=1&key=8177df6428097c5e23d3280ffdc5a13a'}
2021-01-07 17:11:45,862 baidu_map.py[line:315] INFO {'save_img_path': 'D:\\pythonProject\\usv\\baiduMap\\imgs\\gaode_114.381970_30.547438_13_1.png'}
2021-01-07 17:11:45,891 baidu_map.py[line:404] DEBUG {'pix_to_gps len(cnts)': 4898}
2021-01-07 17:11:45,993 baidu_map.py[line:404] DEBUG {'pix_to_gps len(cnts)': 1}
2021-01-07 17:11:48,727 baidu_map.py[line:315] INFO {'save_img_path': 'D:\\pythonProject\\usv\\baiduMap\\imgs\\gaode_114.381970_30.547438_13_1.png'}
2021-01-07 17:11:48,753 baidu_map.py[line:404] DEBUG {'pix_to_gps len(cnts)': 4898}
2021-01-07 17:11:48,835 baidu_map.py[line:404] DEBUG {'pix_to_gps len(cnts)': 1}
2021-01-07 17:17:43,222 baidu_map.py[line:300] INFO {'png_url': 'https://restapi.amap.com/v3/staticmap?location=114.384716,30.544186&zoom=13&size=1024*1024&scale=1&key=8177df6428097c5e23d3280ffdc5a13a'}
2021-01-07 17:17:45,768 baidu_map.py[line:315] INFO {'save_img_path': 'D:\\pythonProject\\usv\\baiduMap\\imgs\\gaode_114.384716_30.544186_13_1.png'}
2021-01-07 17:17:45,795 baidu_map.py[line:404] DEBUG {'pix_to_gps len(cnts)': 4876}
2021-01-07 17:17:45,879 baidu_map.py[line:404] DEBUG {'pix_to_gps len(cnts)': 1}
2021-01-07 17:20:26,396 baidu_map.py[line:300] INFO {'png_url': 'https://restapi.amap.com/v3/staticmap?location=114.380425,30.546551&zoom=13&size=1024*1024&scale=1&key=8177df6428097c5e23d3280ffdc5a13a'}
2021-01-07 17:20:31,048 baidu_map.py[line:315] INFO {'save_img_path': 'D:\\pythonProject\\usv\\baiduMap\\imgs\\gaode_114.380425_30.546551_13_1.png'}
2021-01-07 17:20:31,071 baidu_map.py[line:404] DEBUG {'pix_to_gps len(cnts)': 4896}
2021-01-07 17:20:31,164 baidu_map.py[line:404] DEBUG {'pix_to_gps len(cnts)': 1}
2021-01-07 17:20:51,195 baidu_map.py[line:300] INFO {'png_url': 'https://restapi.amap.com/v3/staticmap?location=114.381455,30.547734&zoom=13&size=1024*1024&scale=1&key=8177df6428097c5e23d3280ffdc5a13a'}
2021-01-07 17:20:53,485 baidu_map.py[line:315] INFO {'save_img_path': 'D:\\pythonProject\\usv\\baiduMap\\imgs\\gaode_114.381455_30.547734_13_1.png'}
2021-01-07 17:20:53,517 baidu_map.py[line:404] DEBUG {'pix_to_gps len(cnts)': 4901}
2021-01-07 17:20:53,610 baidu_map.py[line:404] DEBUG {'pix_to_gps len(cnts)': 1}
2021-01-07 17:21:15,642 baidu_map.py[line:300] INFO {'png_url': 'https://restapi.amap.com/v3/staticmap?location=114.380425,30.547143&zoom=13&size=1024*1024&scale=1&key=8177df6428097c5e23d3280ffdc5a13a'}
2021-01-07 17:21:20,122 baidu_map.py[line:315] INFO {'save_img_path': 'D:\\pythonProject\\usv\\baiduMap\\imgs\\gaode_114.380425_30.547143_13_1.png'}
2021-01-07 17:21:20,150 baidu_map.py[line:404] DEBUG {'pix_to_gps len(cnts)': 4896}
2021-01-07 17:21:20,241 baidu_map.py[line:404] DEBUG {'pix_to_gps len(cnts)': 1}
2021-01-07 17:21:22,265 baidu_map.py[line:300] INFO {'png_url': 'https://restapi.amap.com/v3/staticmap?location=114.379223,30.539751&zoom=13&size=1024*1024&scale=1&key=8177df6428097c5e23d3280ffdc5a13a'}
2021-01-07 17:21:28,586 baidu_map.py[line:315] INFO {'save_img_path': 'D:\\pythonProject\\usv\\baiduMap\\imgs\\gaode_114.379223_30.539751_13_1.png'}
2021-01-07 17:21:28,616 baidu_map.py[line:404] DEBUG {'pix_to_gps len(cnts)': 4675}
2021-01-07 17:21:28,719 baidu_map.py[line:404] DEBUG {'pix_to_gps len(cnts)': 1}
2021-01-07 17:22:20,769 baidu_map.py[line:300] INFO {'png_url': 'https://restapi.amap.com/v3/staticmap?location=114.380081,30.548325&zoom=13&size=1024*1024&scale=1&key=8177df6428097c5e23d3280ffdc5a13a'}
2021-01-07 17:22:23,364 baidu_map.py[line:315] INFO {'save_img_path': 'D:\\pythonProject\\usv\\baiduMap\\imgs\\gaode_114.380081_30.548325_13_1.png'}
2021-01-07 17:22:23,386 baidu_map.py[line:404] DEBUG {'pix_to_gps len(cnts)': 4896}
2021-01-07 17:22:23,469 baidu_map.py[line:404] DEBUG {'pix_to_gps len(cnts)': 1}
2021-01-07 17:22:53,510 baidu_map.py[line:300] INFO {'png_url': 'https://restapi.amap.com/v3/staticmap?location=114.385231,30.548030&zoom=13&size=1024*1024&scale=1&key=8177df6428097c5e23d3280ffdc5a13a'}
2021-01-07 17:22:56,022 baidu_map.py[line:315] INFO {'save_img_path': 'D:\\pythonProject\\usv\\baiduMap\\imgs\\gaode_114.385231_30.548030_13_1.png'}
2021-01-07 17:22:56,048 baidu_map.py[line:404] DEBUG {'pix_to_gps len(cnts)': 4893}
2021-01-07 17:22:56,143 baidu_map.py[line:404] DEBUG {'pix_to_gps len(cnts)': 1}
2021-01-07 17:23:30,185 baidu_map.py[line:300] INFO {'png_url': 'https://restapi.amap.com/v3/staticmap?location=114.387806,30.546551&zoom=13&size=1024*1024&scale=1&key=8177df6428097c5e23d3280ffdc5a13a'}
2021-01-07 17:23:32,103 baidu_map.py[line:315] INFO {'save_img_path': 'D:\\pythonProject\\usv\\baiduMap\\imgs\\gaode_114.387806_30.546551_13_1.png'}
2021-01-07 17:23:32,125 baidu_map.py[line:404] DEBUG {'pix_to_gps len(cnts)': 4899}
2021-01-07 17:23:32,207 baidu_map.py[line:404] DEBUG {'pix_to_gps len(cnts)': 1}
2021-01-07 17:24:04,285 baidu_map.py[line:300] INFO {'png_url': 'https://restapi.amap.com/v3/staticmap?location=114.378021,30.543447&zoom=13&size=1024*1024&scale=1&key=8177df6428097c5e23d3280ffdc5a13a'}
2021-01-07 17:24:07,085 baidu_map.py[line:315] INFO {'save_img_path': 'D:\\pythonProject\\usv\\baiduMap\\imgs\\gaode_114.378021_30.543447_13_1.png'}
2021-01-07 17:24:07,118 baidu_map.py[line:404] DEBUG {'pix_to_gps len(cnts)': 4815}
2021-01-07 17:24:07,232 baidu_map.py[line:404] DEBUG {'pix_to_gps len(cnts)': 1}
2021-01-07 17:24:33,278 baidu_map.py[line:300] INFO {'png_url': 'https://restapi.amap.com/v3/staticmap?location=114.387806,30.546847&zoom=13&size=1024*1024&scale=1&key=8177df6428097c5e23d3280ffdc5a13a'}
2021-01-07 17:24:37,164 baidu_map.py[line:315] INFO {'save_img_path': 'D:\\pythonProject\\usv\\baiduMap\\imgs\\gaode_114.387806_30.546847_13_1.png'}
2021-01-07 17:24:37,210 baidu_map.py[line:404] DEBUG {'pix_to_gps len(cnts)': 4893}
2021-01-07 17:24:37,615 baidu_map.py[line:404] DEBUG {'pix_to_gps len(cnts)': 1}
2021-01-07 17:24:59,713 baidu_map.py[line:300] INFO {'png_url': 'https://restapi.amap.com/v3/staticmap?location=114.373730,30.548178&zoom=13&size=1024*1024&scale=1&key=8177df6428097c5e23d3280ffdc5a13a'}
2021-01-07 17:25:02,755 baidu_map.py[line:315] INFO {'save_img_path': 'D:\\pythonProject\\usv\\baiduMap\\imgs\\gaode_114.373730_30.548178_13_1.png'}
2021-01-07 17:25:02,801 baidu_map.py[line:404] DEBUG {'pix_to_gps len(cnts)': 4856}
2021-01-07 17:25:03,267 baidu_map.py[line:404] DEBUG {'pix_to_gps len(cnts)': 1}
2021-01-07 17:25:31,346 baidu_map.py[line:300] INFO {'png_url': 'https://restapi.amap.com/v3/staticmap?location=114.384201,30.544925&zoom=13&size=1024*1024&scale=1&key=8177df6428097c5e23d3280ffdc5a13a'}
2021-01-07 17:25:33,277 baidu_map.py[line:315] INFO {'save_img_path': 'D:\\pythonProject\\usv\\baiduMap\\imgs\\gaode_114.384201_30.544925_13_1.png'}
2021-01-07 17:25:33,300 baidu_map.py[line:404] DEBUG {'pix_to_gps len(cnts)': 4895}
2021-01-07 17:25:33,403 baidu_map.py[line:404] DEBUG {'pix_to_gps len(cnts)': 1}
2021-01-07 17:27:04,114 baidu_map.py[line:300] INFO {'png_url': 'https://restapi.amap.com/v3/staticmap?location=114.431451,30.522673&zoom=15&size=1024*1024&scale=1&key=8177df6428097c5e23d3280ffdc5a13a'}
2021-01-07 17:27:05,623 baidu_map.py[line:315] INFO {'save_img_path': 'D:\\pythonProject\\usv\\baiduMap\\imgs\\gaode_114.431451_30.522673_15_1.png'}
2021-01-07 17:27:05,654 baidu_map.py[line:404] DEBUG {'pix_to_gps len(cnts)': 2052}
2021-01-07 17:27:05,691 baidu_map.py[line:404] DEBUG {'pix_to_gps len(cnts)': 1}
2021-01-07 17:27:50,083 baidu_map.py[line:300] INFO {'png_url': 'https://restapi.amap.com/v3/staticmap?location=114.431940,30.521638&zoom=15&size=1024*1024&scale=1&key=8177df6428097c5e23d3280ffdc5a13a'}
2021-01-07 17:27:51,576 baidu_map.py[line:315] INFO {'save_img_path': 'D:\\pythonProject\\usv\\baiduMap\\imgs\\gaode_114.431940_30.521638_15_1.png'}
2021-01-07 17:27:51,593 baidu_map.py[line:404] DEBUG {'pix_to_gps len(cnts)': 2050}
2021-01-07 17:27:51,626 baidu_map.py[line:404] DEBUG {'pix_to_gps len(cnts)': 1}
2021-01-07 17:28:21,660 baidu_map.py[line:300] INFO {'png_url': 'https://restapi.amap.com/v3/staticmap?location=114.431254,30.525778&zoom=15&size=1024*1024&scale=1&key=8177df6428097c5e23d3280ffdc5a13a'}
2021-01-07 17:28:24,892 baidu_map.py[line:315] INFO {'save_img_path': 'D:\\pythonProject\\usv\\baiduMap\\imgs\\gaode_114.431254_30.525778_15_1.png'}
2021-01-07 17:28:24,909 baidu_map.py[line:404] DEBUG {'pix_to_gps len(cnts)': 2067}
2021-01-07 17:28:24,943 baidu_map.py[line:404] DEBUG {'pix_to_gps len(cnts)': 1}
2021-01-07 17:28:36,968 baidu_map.py[line:300] INFO {'png_url': 'https://restapi.amap.com/v3/staticmap?location=114.431683,30.524780&zoom=15&size=1024*1024&scale=1&key=8177df6428097c5e23d3280ffdc5a13a'}
2021-01-07 17:28:39,621 baidu_map.py[line:315] INFO {'save_img_path': 'D:\\pythonProject\\usv\\baiduMap\\imgs\\gaode_114.431683_30.524780_15_1.png'}
2021-01-07 17:28:39,638 baidu_map.py[line:404] DEBUG {'pix_to_gps len(cnts)': 2053}
2021-01-07 17:28:39,679 baidu_map.py[line:404] DEBUG {'pix_to_gps len(cnts)': 1}
2021-01-07 17:28:57,711 baidu_map.py[line:300] INFO {'png_url': 'https://restapi.amap.com/v3/staticmap?location=114.340118,30.568281&zoom=14&size=1024*1024&scale=1&key=8177df6428097c5e23d3280ffdc5a13a'}
2021-01-07 17:28:59,812 baidu_map.py[line:315] INFO {'save_img_path': 'D:\\pythonProject\\usv\\baiduMap\\imgs\\gaode_114.340118_30.568281_14_1.png'}
2021-01-07 17:28:59,830 baidu_map.py[line:404] DEBUG {'pix_to_gps len(cnts)': 1716}
2021-01-07 17:28:59,857 baidu_map.py[line:404] DEBUG {'pix_to_gps len(cnts)': 1}
2021-01-07 17:29:16,222 baidu_map.py[line:300] INFO {'png_url': 'https://restapi.amap.com/v3/staticmap?location=114.345182,30.569242&zoom=14&size=1024*1024&scale=1&key=8177df6428097c5e23d3280ffdc5a13a'}
2021-01-07 17:29:17,898 baidu_map.py[line:315] INFO {'save_img_path': 'D:\\pythonProject\\usv\\baiduMap\\imgs\\gaode_114.345182_30.569242_14_1.png'}
2021-01-07 17:29:17,923 baidu_map.py[line:404] DEBUG {'pix_to_gps len(cnts)': 1707}
2021-01-07 17:29:17,970 baidu_map.py[line:404] DEBUG {'pix_to_gps len(cnts)': 1}
2021-01-07 17:29:40,017 baidu_map.py[line:300] INFO {'png_url': 'https://restapi.amap.com/v3/staticmap?location=114.334454,30.568207&zoom=14&size=1024*1024&scale=1&key=8177df6428097c5e23d3280ffdc5a13a'}
2021-01-07 17:29:42,472 baidu_map.py[line:315] INFO {'save_img_path': 'D:\\pythonProject\\usv\\baiduMap\\imgs\\gaode_114.334454_30.568207_14_1.png'}
2021-01-07 17:29:42,505 baidu_map.py[line:404] DEBUG {'pix_to_gps len(cnts)': 1712}
2021-01-07 17:29:42,544 baidu_map.py[line:404] DEBUG {'pix_to_gps len(cnts)': 1}
2021-01-07 17:30:04,582 baidu_map.py[line:300] INFO {'png_url': 'https://restapi.amap.com/v3/staticmap?location=114.431468,30.525260&zoom=15&size=1024*1024&scale=1&key=8177df6428097c5e23d3280ffdc5a13a'}
2021-01-07 17:30:05,962 baidu_map.py[line:315] INFO {'save_img_path': 'D:\\pythonProject\\usv\\baiduMap\\imgs\\gaode_114.431468_30.525260_15_1.png'}
2021-01-07 17:30:05,979 baidu_map.py[line:404] DEBUG {'pix_to_gps len(cnts)': 2052}
2021-01-07 17:30:06,016 baidu_map.py[line:404] DEBUG {'pix_to_gps len(cnts)': 1}
2021-01-07 17:30:26,052 baidu_map.py[line:300] INFO {'png_url': 'https://restapi.amap.com/v3/staticmap?location=114.431640,30.524928&zoom=15&size=1024*1024&scale=1&key=8177df6428097c5e23d3280ffdc5a13a'}
2021-01-07 17:30:27,413 baidu_map.py[line:315] INFO {'save_img_path': 'D:\\pythonProject\\usv\\baiduMap\\imgs\\gaode_114.431640_30.524928_15_1.png'}
2021-01-07 17:30:27,439 baidu_map.py[line:404] DEBUG {'pix_to_gps len(cnts)': 2052}
2021-01-07 17:30:27,475 baidu_map.py[line:404] DEBUG {'pix_to_gps len(cnts)': 1}
2021-01-07 17:30:37,499 baidu_map.py[line:300] INFO {'png_url': 'https://restapi.amap.com/v3/staticmap?location=114.432241,30.521712&zoom=15&size=1024*1024&scale=1&key=8177df6428097c5e23d3280ffdc5a13a'}
2021-01-07 17:30:40,047 baidu_map.py[line:315] INFO {'save_img_path': 'D:\\pythonProject\\usv\\baiduMap\\imgs\\gaode_114.432241_30.521712_15_1.png'}
2021-01-07 17:30:40,065 baidu_map.py[line:404] DEBUG {'pix_to_gps len(cnts)': 2053}
2021-01-07 17:30:40,101 baidu_map.py[line:404] DEBUG {'pix_to_gps len(cnts)': 1}
2021-01-07 17:30:50,138 baidu_map.py[line:300] INFO {'png_url': 'https://restapi.amap.com/v3/staticmap?location=114.430910,30.525519&zoom=15&size=1024*1024&scale=1&key=8177df6428097c5e23d3280ffdc5a13a'}
2021-01-07 17:30:52,596 baidu_map.py[line:315] INFO {'save_img_path': 'D:\\pythonProject\\usv\\baiduMap\\imgs\\gaode_114.430910_30.525519_15_1.png'}
2021-01-07 17:30:52,614 baidu_map.py[line:404] DEBUG {'pix_to_gps len(cnts)': 2067}
2021-01-07 17:30:52,647 baidu_map.py[line:404] DEBUG {'pix_to_gps len(cnts)': 1}
2021-01-07 17:31:28,693 baidu_map.py[line:300] INFO {'png_url': 'https://restapi.amap.com/v3/staticmap?location=114.339432,30.567173&zoom=14&size=1024*1024&scale=1&key=8177df6428097c5e23d3280ffdc5a13a'}
2021-01-07 17:31:30,176 baidu_map.py[line:315] INFO {'save_img_path': 'D:\\pythonProject\\usv\\baiduMap\\imgs\\gaode_114.339432_30.567173_14_1.png'}
2021-01-07 17:31:30,209 baidu_map.py[line:404] DEBUG {'pix_to_gps len(cnts)': 1727}
2021-01-07 17:31:30,237 baidu_map.py[line:404] DEBUG {'pix_to_gps len(cnts)': 1}
2021-01-08 09:32:58,897 baidu_map.py[line:300] INFO {'png_url': 'https://restapi.amap.com/v3/staticmap?location=114.432256,30.525192&zoom=14&size=1024*1024&scale=1&key=8177df6428097c5e23d3280ffdc5a13a'}
2021-01-08 09:33:00,008 baidu_map.py[line:315] INFO {'save_img_path': 'D:\\pythonProject\\usv\\baiduMap\\imgs\\gaode_114.432256_30.525192_14_1.png'}
2021-01-08 09:33:00,029 baidu_map.py[line:404] DEBUG {'pix_to_gps len(cnts)': 1277}
2021-01-08 09:33:00,051 baidu_map.py[line:404] DEBUG {'pix_to_gps len(cnts)': 1}
2021-01-08 09:33:26,182 baidu_map.py[line:300] INFO {'png_url': 'https://restapi.amap.com/v3/staticmap?location=114.431180,30.521224&zoom=15&size=1024*1024&scale=1&key=8177df6428097c5e23d3280ffdc5a13a'}
2021-01-08 09:33:30,677 baidu_map.py[line:315] INFO {'save_img_path': 'D:\\pythonProject\\usv\\baiduMap\\imgs\\gaode_114.431180_30.521224_15_1.png'}
2021-01-08 09:33:30,698 baidu_map.py[line:404] DEBUG {'pix_to_gps len(cnts)': 2068}
2021-01-08 09:33:30,734 baidu_map.py[line:404] DEBUG {'pix_to_gps len(cnts)': 1}
2021-01-08 09:47:01,216 baidu_map.py[line:300] INFO {'png_url': 'https://restapi.amap.com/v3/staticmap?location=114.431237,30.525786&zoom=15&size=1024*1024&scale=1&key=8177df6428097c5e23d3280ffdc5a13a'}
2021-01-08 09:47:02,055 baidu_map.py[line:315] INFO {'save_img_path': 'D:\\pythonProject\\usv\\baiduMap\\imgs\\gaode_114.431237_30.525786_15_1.png'}
2021-01-08 09:47:02,076 baidu_map.py[line:404] DEBUG {'pix_to_gps len(cnts)': 2067}
2021-01-08 09:47:02,109 baidu_map.py[line:404] DEBUG {'pix_to_gps len(cnts)': 1}
2021-01-08 09:48:24,175 baidu_map.py[line:300] INFO {'png_url': 'https://restapi.amap.com/v3/staticmap?location=114.431344,30.525453&zoom=15&size=1024*1024&scale=1&key=8177df6428097c5e23d3280ffdc5a13a'}
2021-01-08 09:48:25,218 baidu_map.py[line:315] INFO {'save_img_path': 'D:\\pythonProject\\usv\\baiduMap\\imgs\\gaode_114.431344_30.525453_15_1.png'}
2021-01-08 09:48:25,234 baidu_map.py[line:404] DEBUG {'pix_to_gps len(cnts)': 2067}
2021-01-08 09:48:25,270 baidu_map.py[line:404] DEBUG {'pix_to_gps len(cnts)': 1}
2021-01-08 09:49:15,316 baidu_map.py[line:300] INFO {'png_url': 'https://restapi.amap.com/v3/staticmap?location=114.431001,30.526322&zoom=15&size=1024*1024&scale=1&key=8177df6428097c5e23d3280ffdc5a13a'}
2021-01-08 09:49:16,205 baidu_map.py[line:315] INFO {'save_img_path': 'D:\\pythonProject\\usv\\baiduMap\\imgs\\gaode_114.431001_30.526322_15_1.png'}
2021-01-08 09:49:16,222 baidu_map.py[line:404] DEBUG {'pix_to_gps len(cnts)': 2053}
2021-01-08 09:49:16,261 baidu_map.py[line:404] DEBUG {'pix_to_gps len(cnts)': 1}
2021-01-08 10:13:29,113 baidu_map.py[line:300] INFO {'png_url': 'https://restapi.amap.com/v3/staticmap?location=114.431451,30.525482&zoom=15&size=1024*1024&scale=1&key=8177df6428097c5e23d3280ffdc5a13a'}
2021-01-08 10:13:30,329 baidu_map.py[line:315] INFO {'save_img_path': 'D:\\pythonProject\\usv\\baiduMap\\imgs\\gaode_114.431451_30.525482_15_1.png'}
2021-01-08 10:13:31,178 baidu_map.py[line:404] DEBUG {'pix_to_gps len(cnts)': 2067}
2021-01-08 10:13:31,248 baidu_map.py[line:404] DEBUG {'pix_to_gps len(cnts)': 1}
2021-01-08 10:13:49,352 baidu_map.py[line:300] INFO {'png_url': 'https://restapi.amap.com/v3/staticmap?location=114.431193,30.525778&zoom=15&size=1024*1024&scale=1&key=8177df6428097c5e23d3280ffdc5a13a'}
2021-01-08 10:13:50,209 baidu_map.py[line:315] INFO {'save_img_path': 'D:\\pythonProject\\usv\\baiduMap\\imgs\\gaode_114.431193_30.525778_15_1.png'}
2021-01-08 10:13:50,226 baidu_map.py[line:404] DEBUG {'pix_to_gps len(cnts)': 2067}
2021-01-08 10:13:50,262 baidu_map.py[line:404] DEBUG {'pix_to_gps len(cnts)': 1}
2021-01-08 10:13:52,285 baidu_map.py[line:300] INFO {'png_url': 'https://restapi.amap.com/v3/staticmap?location=114.431537,30.525482&zoom=15&size=1024*1024&scale=1&key=8177df6428097c5e23d3280ffdc5a13a'}
2021-01-08 10:13:53,096 baidu_map.py[line:315] INFO {'save_img_path': 'D:\\pythonProject\\usv\\baiduMap\\imgs\\gaode_114.431537_30.525482_15_1.png'}
2021-01-08 10:13:53,113 baidu_map.py[line:404] DEBUG {'pix_to_gps len(cnts)': 2051}
2021-01-08 10:13:53,146 baidu_map.py[line:404] DEBUG {'pix_to_gps len(cnts)': 1}
2021-01-08 10:21:33,780 baidu_map.py[line:300] INFO {'png_url': 'https://restapi.amap.com/v3/staticmap?location=114.431365,30.524632&zoom=15&size=1024*1024&scale=1&key=8177df6428097c5e23d3280ffdc5a13a'}
2021-01-08 10:21:34,479 baidu_map.py[line:315] INFO {'save_img_path': 'D:\\pythonProject\\usv\\baiduMap\\imgs\\gaode_114.431365_30.524632_15_1.png'}
2021-01-08 10:21:34,590 baidu_map.py[line:404] DEBUG {'pix_to_gps len(cnts)': 2053}
2021-01-08 10:21:34,627 baidu_map.py[line:404] DEBUG {'pix_to_gps len(cnts)': 1}
2021-01-08 10:21:52,672 baidu_map.py[line:300] INFO {'png_url': 'https://restapi.amap.com/v3/staticmap?location=114.431554,30.524928&zoom=15&size=1024*1024&scale=1&key=8177df6428097c5e23d3280ffdc5a13a'}
2021-01-08 10:21:53,628 baidu_map.py[line:315] INFO {'save_img_path': 'D:\\pythonProject\\usv\\baiduMap\\imgs\\gaode_114.431554_30.524928_15_1.png'}
2021-01-08 10:21:53,659 baidu_map.py[line:404] DEBUG {'pix_to_gps len(cnts)': 2052}
2021-01-08 10:21:53,691 baidu_map.py[line:404] DEBUG {'pix_to_gps len(cnts)': 1}
2021-01-08 10:22:05,738 baidu_map.py[line:300] INFO {'png_url': 'https://restapi.amap.com/v3/staticmap?location=114.431254,30.526185&zoom=15&size=1024*1024&scale=1&key=8177df6428097c5e23d3280ffdc5a13a'}
2021-01-08 10:22:06,559 baidu_map.py[line:315] INFO {'save_img_path': 'D:\\pythonProject\\usv\\baiduMap\\imgs\\gaode_114.431254_30.526185_15_1.png'}
2021-01-08 10:22:06,576 baidu_map.py[line:404] DEBUG {'pix_to_gps len(cnts)': 2068}
2021-01-08 10:22:06,609 baidu_map.py[line:404] DEBUG {'pix_to_gps len(cnts)': 1}
2021-01-08 10:36:51,741 baidu_map.py[line:300] INFO {'png_url': 'https://restapi.amap.com/v3/staticmap?location=114.431408,30.522895&zoom=13&size=1024*1024&scale=1&key=8177df6428097c5e23d3280ffdc5a13a'}
2021-01-08 10:36:53,567 baidu_map.py[line:315] INFO {'save_img_path': 'D:\\pythonProject\\usv\\baiduMap\\imgs\\gaode_114.431408_30.522895_13_1.png'}
2021-01-08 10:36:53,584 baidu_map.py[line:404] DEBUG {'pix_to_gps len(cnts)': 445}
2021-01-08 10:36:53,593 baidu_map.py[line:404] DEBUG {'pix_to_gps len(cnts)': 1}
2021-01-08 10:37:01,755 baidu_map.py[line:300] INFO {'png_url': 'https://restapi.amap.com/v3/staticmap?location=114.431580,30.523930&zoom=13&size=1024*1024&scale=1&key=8177df6428097c5e23d3280ffdc5a13a'}
2021-01-08 10:37:02,803 baidu_map.py[line:315] INFO {'save_img_path': 'D:\\pythonProject\\usv\\baiduMap\\imgs\\gaode_114.431580_30.523930_13_1.png'}
2021-01-08 10:37:02,828 baidu_map.py[line:404] DEBUG {'pix_to_gps len(cnts)': 443}
2021-01-08 10:37:02,838 baidu_map.py[line:404] DEBUG {'pix_to_gps len(cnts)': 1}
2021-01-08 10:37:44,896 baidu_map.py[line:300] INFO {'png_url': 'https://restapi.amap.com/v3/staticmap?location=114.435185,30.540194&zoom=13&size=1024*1024&scale=1&key=8177df6428097c5e23d3280ffdc5a13a'}
2021-01-08 10:37:46,276 baidu_map.py[line:315] INFO {'save_img_path': 'D:\\pythonProject\\usv\\baiduMap\\imgs\\gaode_114.435185_30.540194_13_1.png'}
2021-01-08 10:37:46,299 baidu_map.py[line:404] DEBUG {'pix_to_gps len(cnts)': 6024}
2021-01-08 10:37:46,411 baidu_map.py[line:404] DEBUG {'pix_to_gps len(cnts)': 1}
2021-01-08 10:37:53,044 baidu_map.py[line:300] INFO {'png_url': 'https://restapi.amap.com/v3/staticmap?location=114.435700,30.539455&zoom=13&size=1024*1024&scale=1&key=8177df6428097c5e23d3280ffdc5a13a'}
2021-01-08 10:37:54,248 baidu_map.py[line:315] INFO {'save_img_path': 'D:\\pythonProject\\usv\\baiduMap\\imgs\\gaode_114.435700_30.539455_13_1.png'}
2021-01-08 10:37:54,272 baidu_map.py[line:404] DEBUG {'pix_to_gps len(cnts)': 6024}
2021-01-08 10:37:54,376 baidu_map.py[line:404] DEBUG {'pix_to_gps len(cnts)': 1}
2021-01-08 10:38:02,425 baidu_map.py[line:300] INFO {'png_url': 'https://restapi.amap.com/v3/staticmap?location=114.383514,30.544186&zoom=13&size=1024*1024&scale=1&key=8177df6428097c5e23d3280ffdc5a13a'}
2021-01-08 10:38:03,669 baidu_map.py[line:315] INFO {'save_img_path': 'D:\\pythonProject\\usv\\baiduMap\\imgs\\gaode_114.383514_30.544186_13_1.png'}
2021-01-08 10:38:03,692 baidu_map.py[line:404] DEBUG {'pix_to_gps len(cnts)': 4874}
2021-01-08 10:38:03,775 baidu_map.py[line:404] DEBUG {'pix_to_gps len(cnts)': 1}
2021-01-08 10:38:35,845 baidu_map.py[line:300] INFO {'png_url': 'https://restapi.amap.com/v3/staticmap?location=114.386948,30.544777&zoom=13&size=1024*1024&scale=1&key=8177df6428097c5e23d3280ffdc5a13a'}
2021-01-08 10:38:37,065 baidu_map.py[line:315] INFO {'save_img_path': 'D:\\pythonProject\\usv\\baiduMap\\imgs\\gaode_114.386948_30.544777_13_1.png'}
2021-01-08 10:38:37,088 baidu_map.py[line:404] DEBUG {'pix_to_gps len(cnts)': 4891}
2021-01-08 10:38:37,181 baidu_map.py[line:404] DEBUG {'pix_to_gps len(cnts)': 1}
2021-01-08 10:38:55,234 baidu_map.py[line:300] INFO {'png_url': 'https://restapi.amap.com/v3/staticmap?location=114.385574,30.545517&zoom=13&size=1024*1024&scale=1&key=8177df6428097c5e23d3280ffdc5a13a'}
2021-01-08 10:38:56,128 baidu_map.py[line:315] INFO {'save_img_path': 'D:\\pythonProject\\usv\\baiduMap\\imgs\\gaode_114.385574_30.545517_13_1.png'}
2021-01-08 10:38:56,154 baidu_map.py[line:404] DEBUG {'pix_to_gps len(cnts)': 4893}
2021-01-08 10:38:56,234 baidu_map.py[line:404] DEBUG {'pix_to_gps len(cnts)': 1}
2021-01-08 10:39:16,299 baidu_map.py[line:300] INFO {'png_url': 'https://restapi.amap.com/v3/staticmap?location=114.385231,30.519937&zoom=13&size=1024*1024&scale=1&key=8177df6428097c5e23d3280ffdc5a13a'}
2021-01-08 10:39:17,354 baidu_map.py[line:315] INFO {'save_img_path': 'D:\\pythonProject\\usv\\baiduMap\\imgs\\gaode_114.385231_30.519937_13_1.png'}
2021-01-08 10:39:17,372 baidu_map.py[line:404] DEBUG {'pix_to_gps len(cnts)': 668}
2021-01-08 10:39:17,383 baidu_map.py[line:404] DEBUG {'pix_to_gps len(cnts)': 1}
2021-01-08 10:39:39,748 baidu_map.py[line:300] INFO {'png_url': 'https://restapi.amap.com/v3/staticmap?location=114.384201,30.543890&zoom=13&size=1024*1024&scale=1&key=8177df6428097c5e23d3280ffdc5a13a'}
2021-01-08 10:39:40,773 baidu_map.py[line:315] INFO {'save_img_path': 'D:\\pythonProject\\usv\\baiduMap\\imgs\\gaode_114.384201_30.543890_13_1.png'}
2021-01-08 10:39:40,795 baidu_map.py[line:404] DEBUG {'pix_to_gps len(cnts)': 4865}
2021-01-08 10:39:40,892 baidu_map.py[line:404] DEBUG {'pix_to_gps len(cnts)': 1}
2021-01-08 10:39:48,958 baidu_map.py[line:300] INFO {'png_url': 'https://restapi.amap.com/v3/staticmap?location=114.437759,30.538568&zoom=13&size=1024*1024&scale=1&key=8177df6428097c5e23d3280ffdc5a13a'}
2021-01-08 10:39:50,121 baidu_map.py[line:315] INFO {'save_img_path': 'D:\\pythonProject\\usv\\baiduMap\\imgs\\gaode_114.437759_30.538568_13_1.png'}
2021-01-08 10:39:50,144 baidu_map.py[line:404] DEBUG {'pix_to_gps len(cnts)': 6002}
2021-01-08 10:39:50,246 baidu_map.py[line:404] DEBUG {'pix_to_gps len(cnts)': 1}
2021-01-08 10:39:56,291 baidu_map.py[line:300] INFO {'png_url': 'https://restapi.amap.com/v3/staticmap?location=114.385403,30.546108&zoom=13&size=1024*1024&scale=1&key=8177df6428097c5e23d3280ffdc5a13a'}
2021-01-08 10:39:57,198 baidu_map.py[line:315] INFO {'save_img_path': 'D:\\pythonProject\\usv\\baiduMap\\imgs\\gaode_114.385403_30.546108_13_1.png'}
2021-01-08 10:39:57,219 baidu_map.py[line:404] DEBUG {'pix_to_gps len(cnts)': 4893}
2021-01-08 10:39:57,303 baidu_map.py[line:404] DEBUG {'pix_to_gps len(cnts)': 1}
2021-01-08 10:40:13,365 baidu_map.py[line:300] INFO {'png_url': 'https://restapi.amap.com/v3/staticmap?location=114.383514,30.542855&zoom=13&size=1024*1024&scale=1&key=8177df6428097c5e23d3280ffdc5a13a'}
2021-01-08 10:40:14,427 baidu_map.py[line:315] INFO {'save_img_path': 'D:\\pythonProject\\usv\\baiduMap\\imgs\\gaode_114.383514_30.542855_13_1.png'}
2021-01-08 10:40:14,447 baidu_map.py[line:404] DEBUG {'pix_to_gps len(cnts)': 4829}
2021-01-08 10:40:14,528 baidu_map.py[line:404] DEBUG {'pix_to_gps len(cnts)': 1}
2021-01-08 11:08:51,480 baidu_map.py[line:300] INFO {'png_url': 'https://restapi.amap.com/v3/staticmap?location=114.431892,30.521282&zoom=16&size=1024*1024&scale=1&key=8177df6428097c5e23d3280ffdc5a13a'}
2021-01-08 11:08:53,779 baidu_map.py[line:315] INFO {'save_img_path': 'D:\\pythonProject\\usv\\baiduMap\\imgs\\gaode_114.431892_30.521282_16_1.png'}
2021-01-08 11:08:56,225 baidu_map.py[line:404] DEBUG {'pix_to_gps len(cnts)': 3029}
2021-01-08 11:08:56,528 baidu_map.py[line:404] DEBUG {'pix_to_gps len(cnts)': 1}
2021-01-08 11:19:30,048 baidu_map.py[line:300] INFO {'png_url': 'https://restapi.amap.com/v3/staticmap?location=114.431708,30.523708&zoom=15&size=1024*1024&scale=1&key=8177df6428097c5e23d3280ffdc5a13a'}
2021-01-08 11:19:30,996 baidu_map.py[line:315] INFO {'save_img_path': 'D:\\pythonProject\\usv\\baiduMap\\imgs\\gaode_114.431708_30.523708_15_1.png'}
2021-01-08 11:19:31,015 baidu_map.py[line:404] DEBUG {'pix_to_gps len(cnts)': 2053}
2021-01-08 11:19:31,049 baidu_map.py[line:404] DEBUG {'pix_to_gps len(cnts)': 1}
2021-01-08 11:19:47,086 baidu_map.py[line:300] INFO {'png_url': 'https://restapi.amap.com/v3/staticmap?location=114.431580,30.521712&zoom=15&size=1024*1024&scale=1&key=8177df6428097c5e23d3280ffdc5a13a'}
2021-01-08 11:19:47,803 baidu_map.py[line:315] INFO {'save_img_path': 'D:\\pythonProject\\usv\\baiduMap\\imgs\\gaode_114.431580_30.521712_15_1.png'}
2021-01-08 11:19:47,820 baidu_map.py[line:404] DEBUG {'pix_to_gps len(cnts)': 2050}
2021-01-08 11:19:47,854 baidu_map.py[line:404] DEBUG {'pix_to_gps len(cnts)': 1}
2021-01-08 11:21:25,988 baidu_map.py[line:300] INFO {'png_url': 'https://restapi.amap.com/v3/staticmap?location=114.431494,30.522192&zoom=15&size=1024*1024&scale=1&key=8177df6428097c5e23d3280ffdc5a13a'}
2021-01-08 11:21:27,329 baidu_map.py[line:315] INFO {'save_img_path': 'D:\\pythonProject\\usv\\baiduMap\\imgs\\gaode_114.431494_30.522192_15_1.png'}
2021-01-08 11:21:27,348 baidu_map.py[line:404] DEBUG {'pix_to_gps len(cnts)': 2051}
2021-01-08 11:21:27,383 baidu_map.py[line:404] DEBUG {'pix_to_gps len(cnts)': 1}
2021-01-08 11:21:43,614 baidu_map.py[line:300] INFO {'png_url': 'https://restapi.amap.com/v3/staticmap?location=114.430979,30.522710&zoom=15&size=1024*1024&scale=1&key=8177df6428097c5e23d3280ffdc5a13a'}
2021-01-08 11:21:44,581 baidu_map.py[line:315] INFO {'save_img_path': 'D:\\pythonProject\\usv\\baiduMap\\imgs\\gaode_114.430979_30.522710_15_1.png'}
2021-01-08 11:21:44,598 baidu_map.py[line:404] DEBUG {'pix_to_gps len(cnts)': 2077}
2021-01-08 11:21:44,631 baidu_map.py[line:404] DEBUG {'pix_to_gps len(cnts)': 1}
2021-01-08 11:22:48,691 baidu_map.py[line:300] INFO {'png_url': 'https://restapi.amap.com/v3/staticmap?location=114.431880,30.521490&zoom=15&size=1024*1024&scale=1&key=8177df6428097c5e23d3280ffdc5a13a'}
2021-01-08 11:22:49,589 baidu_map.py[line:315] INFO {'save_img_path': 'D:\\pythonProject\\usv\\baiduMap\\imgs\\gaode_114.431880_30.521490_15_1.png'}
2021-01-08 11:22:49,607 baidu_map.py[line:404] DEBUG {'pix_to_gps len(cnts)': 2067}
2021-01-08 11:22:49,643 baidu_map.py[line:404] DEBUG {'pix_to_gps len(cnts)': 1}
2021-01-08 11:23:01,679 baidu_map.py[line:300] INFO {'png_url': 'https://restapi.amap.com/v3/staticmap?location=114.431269,30.522451&zoom=16&size=1024*1024&scale=1&key=8177df6428097c5e23d3280ffdc5a13a'}
2021-01-08 11:23:02,323 baidu_map.py[line:315] INFO {'save_img_path': 'D:\\pythonProject\\usv\\baiduMap\\imgs\\gaode_114.431269_30.522451_16_1.png'}
2021-01-08 11:23:02,339 baidu_map.py[line:404] DEBUG {'pix_to_gps len(cnts)': 3087}
2021-01-08 11:23:02,390 baidu_map.py[line:404] DEBUG {'pix_to_gps len(cnts)': 1}
2021-01-08 11:23:12,435 baidu_map.py[line:300] INFO {'png_url': 'https://restapi.amap.com/v3/staticmap?location=114.431322,30.522377&zoom=16&size=1024*1024&scale=1&key=8177df6428097c5e23d3280ffdc5a13a'}
2021-01-08 11:23:13,282 baidu_map.py[line:315] INFO {'save_img_path': 'D:\\pythonProject\\usv\\baiduMap\\imgs\\gaode_114.431322_30.522377_16_1.png'}
2021-01-08 11:23:13,299 baidu_map.py[line:404] DEBUG {'pix_to_gps len(cnts)': 3051}
2021-01-08 11:23:13,349 baidu_map.py[line:404] DEBUG {'pix_to_gps len(cnts)': 1}
2021-01-08 11:23:25,383 baidu_map.py[line:300] INFO {'png_url': 'https://restapi.amap.com/v3/staticmap?location=114.430721,30.524965&zoom=13&size=1024*1024&scale=1&key=8177df6428097c5e23d3280ffdc5a13a'}
2021-01-08 11:23:26,281 baidu_map.py[line:315] INFO {'save_img_path': 'D:\\pythonProject\\usv\\baiduMap\\imgs\\gaode_114.430721_30.524965_13_1.png'}
2021-01-08 11:23:26,297 baidu_map.py[line:404] DEBUG {'pix_to_gps len(cnts)': 443}
2021-01-08 11:23:26,305 baidu_map.py[line:404] DEBUG {'pix_to_gps len(cnts)': 1}
2021-01-08 11:29:02,500 baidu_map.py[line:300] INFO {'png_url': 'https://restapi.amap.com/v3/staticmap?location=114.430721,30.523486&zoom=13&size=1024*1024&scale=1&key=8177df6428097c5e23d3280ffdc5a13a'}
2021-01-08 11:29:03,621 baidu_map.py[line:315] INFO {'save_img_path': 'D:\\pythonProject\\usv\\baiduMap\\imgs\\gaode_114.430721_30.523486_13_1.png'}
2021-01-08 11:29:03,640 baidu_map.py[line:404] DEBUG {'pix_to_gps len(cnts)': 445}
2021-01-08 11:29:03,649 baidu_map.py[line:404] DEBUG {'pix_to_gps len(cnts)': 1}
2021-01-08 11:29:57,846 baidu_map.py[line:300] INFO {'png_url': 'https://restapi.amap.com/v3/staticmap?location=114.431408,30.528070&zoom=13&size=1024*1024&scale=1&key=8177df6428097c5e23d3280ffdc5a13a'}
2021-01-08 11:29:59,021 baidu_map.py[line:315] INFO {'save_img_path': 'D:\\pythonProject\\usv\\baiduMap\\imgs\\gaode_114.431408_30.528070_13_1.png'}
2021-01-08 11:29:59,038 baidu_map.py[line:404] DEBUG {'pix_to_gps len(cnts)': 443}
2021-01-08 11:29:59,045 baidu_map.py[line:404] DEBUG {'pix_to_gps len(cnts)': 1}
2021-01-08 11:30:27,090 baidu_map.py[line:300] INFO {'png_url': 'https://restapi.amap.com/v3/staticmap?location=114.434155,30.537533&zoom=13&size=1024*1024&scale=1&key=8177df6428097c5e23d3280ffdc5a13a'}
2021-01-08 11:30:27,999 baidu_map.py[line:315] INFO {'save_img_path': 'D:\\pythonProject\\usv\\baiduMap\\imgs\\gaode_114.434155_30.537533_13_1.png'}
2021-01-08 11:30:28,021 baidu_map.py[line:404] DEBUG {'pix_to_gps len(cnts)': 5872}
2021-01-08 11:30:28,123 baidu_map.py[line:404] DEBUG {'pix_to_gps len(cnts)': 1}
2021-01-08 11:31:08,353 baidu_map.py[line:300] INFO {'png_url': 'https://restapi.amap.com/v3/staticmap?location=114.384201,30.544777&zoom=13&size=1024*1024&scale=1&key=8177df6428097c5e23d3280ffdc5a13a'}
2021-01-08 11:31:09,642 baidu_map.py[line:315] INFO {'save_img_path': 'D:\\pythonProject\\usv\\baiduMap\\imgs\\gaode_114.384201_30.544777_13_1.png'}
2021-01-08 11:31:09,666 baidu_map.py[line:404] DEBUG {'pix_to_gps len(cnts)': 4893}
2021-01-08 11:31:09,746 baidu_map.py[line:404] DEBUG {'pix_to_gps len(cnts)': 1}
2021-01-08 11:31:32,044 baidu_map.py[line:300] INFO {'png_url': 'https://restapi.amap.com/v3/staticmap?location=114.436558,30.539455&zoom=13&size=1024*1024&scale=1&key=8177df6428097c5e23d3280ffdc5a13a'}
2021-01-08 11:31:33,216 baidu_map.py[line:315] INFO {'save_img_path': 'D:\\pythonProject\\usv\\baiduMap\\imgs\\gaode_114.436558_30.539455_13_1.png'}
2021-01-08 11:31:33,238 baidu_map.py[line:404] DEBUG {'pix_to_gps len(cnts)': 6018}
2021-01-08 11:31:33,334 baidu_map.py[line:404] DEBUG {'pix_to_gps len(cnts)': 1}
2021-01-08 11:31:41,394 baidu_map.py[line:300] INFO {'png_url': 'https://restapi.amap.com/v3/staticmap?location=114.385403,30.547586&zoom=13&size=1024*1024&scale=1&key=8177df6428097c5e23d3280ffdc5a13a'}
2021-01-08 11:31:42,267 baidu_map.py[line:315] INFO {'save_img_path': 'D:\\pythonProject\\usv\\baiduMap\\imgs\\gaode_114.385403_30.547586_13_1.png'}
2021-01-08 11:31:42,651 baidu_map.py[line:404] DEBUG {'pix_to_gps len(cnts)': 4893}
2021-01-08 11:31:42,732 baidu_map.py[line:404] DEBUG {'pix_to_gps len(cnts)': 1}
2021-01-08 11:31:50,767 baidu_map.py[line:300] INFO {'png_url': 'https://restapi.amap.com/v3/staticmap?location=114.430893,30.524521&zoom=13&size=1024*1024&scale=1&key=8177df6428097c5e23d3280ffdc5a13a'}
2021-01-08 11:31:51,809 baidu_map.py[line:315] INFO {'save_img_path': 'D:\\pythonProject\\usv\\baiduMap\\imgs\\gaode_114.430893_30.524521_13_1.png'}
2021-01-08 11:31:51,871 baidu_map.py[line:404] DEBUG {'pix_to_gps len(cnts)': 442}
2021-01-08 11:31:51,879 baidu_map.py[line:404] DEBUG {'pix_to_gps len(cnts)': 1}
2021-01-08 11:31:59,976 baidu_map.py[line:300] INFO {'png_url': 'https://restapi.amap.com/v3/staticmap?location=114.379566,30.545221&zoom=13&size=1024*1024&scale=1&key=8177df6428097c5e23d3280ffdc5a13a'}
2021-01-08 11:32:00,878 baidu_map.py[line:315] INFO {'save_img_path': 'D:\\pythonProject\\usv\\baiduMap\\imgs\\gaode_114.379566_30.545221_13_1.png'}
2021-01-08 11:32:00,903 baidu_map.py[line:404] DEBUG {'pix_to_gps len(cnts)': 4856}
2021-01-08 11:32:00,992 baidu_map.py[line:404] DEBUG {'pix_to_gps len(cnts)': 1}
2021-01-08 11:33:27,246 baidu_map.py[line:300] INFO {'png_url': 'https://restapi.amap.com/v3/staticmap?location=114.380425,30.548325&zoom=13&size=1024*1024&scale=1&key=8177df6428097c5e23d3280ffdc5a13a'}
2021-01-08 11:33:28,104 baidu_map.py[line:315] INFO {'save_img_path': 'D:\\pythonProject\\usv\\baiduMap\\imgs\\gaode_114.380425_30.548325_13_1.png'}
2021-01-08 11:33:28,128 baidu_map.py[line:404] DEBUG {'pix_to_gps len(cnts)': 4896}
2021-01-08 11:33:28,215 baidu_map.py[line:404] DEBUG {'pix_to_gps len(cnts)': 1}
2021-01-08 11:34:36,302 baidu_map.py[line:300] INFO {'png_url': 'https://restapi.amap.com/v3/staticmap?location=114.431923,30.523190&zoom=13&size=1024*1024&scale=1&key=8177df6428097c5e23d3280ffdc5a13a'}
2021-01-08 11:34:37,194 baidu_map.py[line:315] INFO {'save_img_path': 'D:\\pythonProject\\usv\\baiduMap\\imgs\\gaode_114.431923_30.523190_13_1.png'}
2021-01-08 11:34:37,221 baidu_map.py[line:404] DEBUG {'pix_to_gps len(cnts)': 445}
2021-01-08 11:34:37,231 baidu_map.py[line:404] DEBUG {'pix_to_gps len(cnts)': 1}
2021-01-08 11:34:47,262 baidu_map.py[line:300] INFO {'png_url': 'https://restapi.amap.com/v3/staticmap?location=114.431408,30.524373&zoom=13&size=1024*1024&scale=1&key=8177df6428097c5e23d3280ffdc5a13a'}
2021-01-08 11:34:48,061 baidu_map.py[line:315] INFO {'save_img_path': 'D:\\pythonProject\\usv\\baiduMap\\imgs\\gaode_114.431408_30.524373_13_1.png'}
2021-01-08 11:34:48,085 baidu_map.py[line:404] DEBUG {'pix_to_gps len(cnts)': 443}
2021-01-08 11:34:48,093 baidu_map.py[line:404] DEBUG {'pix_to_gps len(cnts)': 1}
2021-01-08 11:35:06,141 baidu_map.py[line:300] INFO {'png_url': 'https://restapi.amap.com/v3/staticmap?location=114.382485,30.541229&zoom=13&size=1024*1024&scale=1&key=8177df6428097c5e23d3280ffdc5a13a'}
2021-01-08 11:35:07,483 baidu_map.py[line:315] INFO {'save_img_path': 'D:\\pythonProject\\usv\\baiduMap\\imgs\\gaode_114.382485_30.541229_13_1.png'}
2021-01-08 11:35:07,505 baidu_map.py[line:404] DEBUG {'pix_to_gps len(cnts)': 4706}
2021-01-08 11:35:07,581 baidu_map.py[line:404] DEBUG {'pix_to_gps len(cnts)': 1}
2021-01-08 11:36:03,845 baidu_map.py[line:300] INFO {'png_url': 'https://restapi.amap.com/v3/staticmap?location=114.389351,30.548178&zoom=13&size=1024*1024&scale=1&key=8177df6428097c5e23d3280ffdc5a13a'}
2021-01-08 11:36:04,938 baidu_map.py[line:315] INFO {'save_img_path': 'D:\\pythonProject\\usv\\baiduMap\\imgs\\gaode_114.389351_30.548178_13_1.png'}
2021-01-08 11:36:04,962 baidu_map.py[line:404] DEBUG {'pix_to_gps len(cnts)': 4854}
2021-01-08 11:36:05,042 baidu_map.py[line:404] DEBUG {'pix_to_gps len(cnts)': 1}
2021-01-08 11:36:33,089 baidu_map.py[line:300] INFO {'png_url': 'https://restapi.amap.com/v3/staticmap?location=114.431580,30.521712&zoom=13&size=1024*1024&scale=1&key=8177df6428097c5e23d3280ffdc5a13a'}
2021-01-08 11:36:34,368 baidu_map.py[line:315] INFO {'save_img_path': 'D:\\pythonProject\\usv\\baiduMap\\imgs\\gaode_114.431580_30.521712_13_1.png'}
2021-01-08 11:36:34,385 baidu_map.py[line:404] DEBUG {'pix_to_gps len(cnts)': 445}
2021-01-08 11:36:34,393 baidu_map.py[line:404] DEBUG {'pix_to_gps len(cnts)': 1}
2021-01-08 11:37:12,449 baidu_map.py[line:300] INFO {'png_url': 'https://restapi.amap.com/v3/staticmap?location=114.378880,30.541820&zoom=13&size=1024*1024&scale=1&key=8177df6428097c5e23d3280ffdc5a13a'}
2021-01-08 11:37:13,326 baidu_map.py[line:315] INFO {'save_img_path': 'D:\\pythonProject\\usv\\baiduMap\\imgs\\gaode_114.378880_30.541820_13_1.png'}
2021-01-08 11:37:13,360 baidu_map.py[line:404] DEBUG {'pix_to_gps len(cnts)': 4786}
2021-01-08 11:37:13,445 baidu_map.py[line:404] DEBUG {'pix_to_gps len(cnts)': 1}
2021-01-08 11:37:19,481 baidu_map.py[line:300] INFO {'png_url': 'https://restapi.amap.com/v3/staticmap?location=114.431923,30.523930&zoom=13&size=1024*1024&scale=1&key=8177df6428097c5e23d3280ffdc5a13a'}
2021-01-08 11:37:20,451 baidu_map.py[line:315] INFO {'save_img_path': 'D:\\pythonProject\\usv\\baiduMap\\imgs\\gaode_114.431923_30.523930_13_1.png'}
2021-01-08 11:37:20,474 baidu_map.py[line:404] DEBUG {'pix_to_gps len(cnts)': 443}
2021-01-08 11:37:20,482 baidu_map.py[line:404] DEBUG {'pix_to_gps len(cnts)': 1}
2021-01-08 11:39:24,757 baidu_map.py[line:300] INFO {'png_url': 'https://restapi.amap.com/v3/staticmap?location=114.380081,30.545960&zoom=13&size=1024*1024&scale=1&key=8177df6428097c5e23d3280ffdc5a13a'}
2021-01-08 11:39:25,682 baidu_map.py[line:315] INFO {'save_img_path': 'D:\\pythonProject\\usv\\baiduMap\\imgs\\gaode_114.380081_30.545960_13_1.png'}
2021-01-08 11:39:25,705 baidu_map.py[line:404] DEBUG {'pix_to_gps len(cnts)': 4896}
2021-01-08 11:39:25,788 baidu_map.py[line:404] DEBUG {'pix_to_gps len(cnts)': 1}
2021-01-08 11:40:33,924 baidu_map.py[line:300] INFO {'png_url': 'https://restapi.amap.com/v3/staticmap?location=114.431065,30.524225&zoom=13&size=1024*1024&scale=1&key=8177df6428097c5e23d3280ffdc5a13a'}
2021-01-08 11:40:34,967 baidu_map.py[line:315] INFO {'save_img_path': 'D:\\pythonProject\\usv\\baiduMap\\imgs\\gaode_114.431065_30.524225_13_1.png'}
2021-01-08 11:40:34,983 baidu_map.py[line:404] DEBUG {'pix_to_gps len(cnts)': 443}
2021-01-08 11:40:34,991 baidu_map.py[line:404] DEBUG {'pix_to_gps len(cnts)': 1}
2021-01-08 11:52:35,926 baidu_map.py[line:300] INFO {'png_url': 'https://restapi.amap.com/v3/staticmap?location=114.385403,30.544186&zoom=13&size=1024*1024&scale=1&key=8177df6428097c5e23d3280ffdc5a13a'}
2021-01-08 11:52:37,129 baidu_map.py[line:315] INFO {'save_img_path': 'D:\\pythonProject\\usv\\baiduMap\\imgs\\gaode_114.385403_30.544186_13_1.png'}
2021-01-08 11:52:37,150 baidu_map.py[line:404] DEBUG {'pix_to_gps len(cnts)': 4874}
2021-01-08 11:52:37,231 baidu_map.py[line:404] DEBUG {'pix_to_gps len(cnts)': 1}
2021-01-08 12:25:52,654 baidu_map.py[line:300] INFO {'png_url': 'https://restapi.amap.com/v3/staticmap?location=114.431623,30.526739&zoom=14&size=1024*1024&scale=1&key=8177df6428097c5e23d3280ffdc5a13a'}
2021-01-08 12:25:53,644 baidu_map.py[line:315] INFO {'save_img_path': 'D:\\pythonProject\\usv\\baiduMap\\imgs\\gaode_114.431623_30.526739_14_1.png'}
2021-01-08 12:25:53,661 baidu_map.py[line:404] DEBUG {'pix_to_gps len(cnts)': 1277}
2021-01-08 12:25:53,683 baidu_map.py[line:404] DEBUG {'pix_to_gps len(cnts)': 1}
2021-01-08 12:26:02,000 baidu_map.py[line:300] INFO {'png_url': 'https://restapi.amap.com/v3/staticmap?location=114.382055,30.526000&zoom=13&size=1024*1024&scale=1&key=8177df6428097c5e23d3280ffdc5a13a'}
2021-01-08 12:26:02,977 baidu_map.py[line:315] INFO {'save_img_path': 'D:\\pythonProject\\usv\\baiduMap\\imgs\\gaode_114.382055_30.526000_13_1.png'}
2021-01-08 12:26:02,993 baidu_map.py[line:404] DEBUG {'pix_to_gps len(cnts)': 667}
2021-01-08 12:26:03,004 baidu_map.py[line:404] DEBUG {'pix_to_gps len(cnts)': 1}
2021-01-08 12:26:11,052 baidu_map.py[line:300] INFO {'png_url': 'https://restapi.amap.com/v3/staticmap?location=114.379309,30.540638&zoom=13&size=1024*1024&scale=1&key=8177df6428097c5e23d3280ffdc5a13a'}
2021-01-08 12:26:12,127 baidu_map.py[line:315] INFO {'save_img_path': 'D:\\pythonProject\\usv\\baiduMap\\imgs\\gaode_114.379309_30.540638_13_1.png'}
2021-01-08 12:26:12,151 baidu_map.py[line:404] DEBUG {'pix_to_gps len(cnts)': 4681}
2021-01-08 12:26:12,230 baidu_map.py[line:404] DEBUG {'pix_to_gps len(cnts)': 1}
2021-01-08 12:27:24,390 baidu_map.py[line:300] INFO {'png_url': 'https://restapi.amap.com/v3/staticmap?location=114.430807,30.522303&zoom=13&size=1024*1024&scale=1&key=8177df6428097c5e23d3280ffdc5a13a'}
2021-01-08 12:27:25,408 baidu_map.py[line:315] INFO {'save_img_path': 'D:\\pythonProject\\usv\\baiduMap\\imgs\\gaode_114.430807_30.522303_13_1.png'}
2021-01-08 12:27:25,425 baidu_map.py[line:404] DEBUG {'pix_to_gps len(cnts)': 445}
2021-01-08 12:27:25,432 baidu_map.py[line:404] DEBUG {'pix_to_gps len(cnts)': 1}
2021-01-08 12:27:41,459 baidu_map.py[line:300] INFO {'png_url': 'https://restapi.amap.com/v3/staticmap?location=114.380940,30.542264&zoom=13&size=1024*1024&scale=1&key=8177df6428097c5e23d3280ffdc5a13a'}
2021-01-08 12:27:42,547 baidu_map.py[line:315] INFO {'save_img_path': 'D:\\pythonProject\\usv\\baiduMap\\imgs\\gaode_114.380940_30.542264_13_1.png'}
2021-01-08 12:27:42,568 baidu_map.py[line:404] DEBUG {'pix_to_gps len(cnts)': 4757}
2021-01-08 12:27:42,660 baidu_map.py[line:404] DEBUG {'pix_to_gps len(cnts)': 1}
2021-01-08 12:27:49,028 baidu_map.py[line:300] INFO {'png_url': 'https://restapi.amap.com/v3/staticmap?location=114.384201,30.521859&zoom=13&size=1024*1024&scale=1&key=8177df6428097c5e23d3280ffdc5a13a'}
2021-01-08 12:27:50,037 baidu_map.py[line:315] INFO {'save_img_path': 'D:\\pythonProject\\usv\\baiduMap\\imgs\\gaode_114.384201_30.521859_13_1.png'}
2021-01-08 12:27:50,054 baidu_map.py[line:404] DEBUG {'pix_to_gps len(cnts)': 668}
2021-01-08 12:27:50,065 baidu_map.py[line:404] DEBUG {'pix_to_gps len(cnts)': 1}
2021-01-08 12:28:10,168 baidu_map.py[line:300] INFO {'png_url': 'https://restapi.amap.com/v3/staticmap?location=114.431408,30.522007&zoom=13&size=1024*1024&scale=1&key=8177df6428097c5e23d3280ffdc5a13a'}
2021-01-08 12:28:11,221 baidu_map.py[line:315] INFO {'save_img_path': 'D:\\pythonProject\\usv\\baiduMap\\imgs\\gaode_114.431408_30.522007_13_1.png'}
2021-01-08 12:28:11,248 baidu_map.py[line:404] DEBUG {'pix_to_gps len(cnts)': 445}
2021-01-08 12:28:11,255 baidu_map.py[line:404] DEBUG {'pix_to_gps len(cnts)': 1}
2021-01-08 14:22:40,393 baidu_map.py[line:300] INFO {'png_url': 'https://restapi.amap.com/v3/staticmap?location=114.431537,30.522303&zoom=15&size=1024*1024&scale=1&key=8177df6428097c5e23d3280ffdc5a13a'}
2021-01-08 14:22:43,191 baidu_map.py[line:315] INFO {'save_img_path': 'D:\\pythonProject\\usv\\baiduMap\\imgs\\gaode_114.431537_30.522303_15_1.png'}
2021-01-08 14:22:43,910 baidu_map.py[line:404] DEBUG {'pix_to_gps len(cnts)': 2054}
2021-01-08 14:22:43,959 baidu_map.py[line:404] DEBUG {'pix_to_gps len(cnts)': 1}
2021-01-08 14:23:24,110 baidu_map.py[line:300] INFO {'png_url': 'https://restapi.amap.com/v3/staticmap?location=114.432352,30.521305&zoom=15&size=1024*1024&scale=1&key=8177df6428097c5e23d3280ffdc5a13a'}
2021-01-08 14:23:25,921 baidu_map.py[line:315] INFO {'save_img_path': 'D:\\pythonProject\\usv\\baiduMap\\imgs\\gaode_114.432352_30.521305_15_1.png'}
2021-01-08 14:23:25,938 baidu_map.py[line:404] DEBUG {'pix_to_gps len(cnts)': 2052}
2021-01-08 14:23:25,975 baidu_map.py[line:404] DEBUG {'pix_to_gps len(cnts)': 1}
2021-01-08 14:23:44,167 baidu_map.py[line:300] INFO {'png_url': 'https://restapi.amap.com/v3/staticmap?location=114.431365,30.521896&zoom=15&size=1024*1024&scale=1&key=8177df6428097c5e23d3280ffdc5a13a'}
2021-01-08 14:23:51,014 baidu_map.py[line:315] INFO {'save_img_path': 'D:\\pythonProject\\usv\\baiduMap\\imgs\\gaode_114.431365_30.521896_15_1.png'}
2021-01-08 14:23:51,033 baidu_map.py[line:404] DEBUG {'pix_to_gps len(cnts)': 2052}
2021-01-08 14:23:51,071 baidu_map.py[line:404] DEBUG {'pix_to_gps len(cnts)': 1}
2021-01-08 14:23:53,120 baidu_map.py[line:300] INFO {'png_url': 'https://restapi.amap.com/v3/staticmap?location=114.431751,30.521970&zoom=15&size=1024*1024&scale=1&key=8177df6428097c5e23d3280ffdc5a13a'}
2021-01-08 14:23:56,515 baidu_map.py[line:315] INFO {'save_img_path': 'D:\\pythonProject\\usv\\baiduMap\\imgs\\gaode_114.431751_30.521970_15_1.png'}
2021-01-08 14:23:56,536 baidu_map.py[line:404] DEBUG {'pix_to_gps len(cnts)': 2052}
2021-01-08 14:23:56,665 baidu_map.py[line:404] DEBUG {'pix_to_gps len(cnts)': 1}
