2021-01-26 14:03:47,523 baidu_map.py[line:317] INFO {'png_url': 'https://restapi.amap.com/v3/staticmap?location=114.430298,30.523059&zoom=15&size=1024*1024&scale=1&key=8177df6428097c5e23d3280ffdc5a13a'}
2021-01-26 14:03:49,051 baidu_map.py[line:332] INFO {'save_img_path': 'D:\\pythonProject\\usv\\baiduMap\\imgs\\gaode_114.430298_30.523059_15_1.png'}
2021-01-26 14:03:49,862 baidu_map.py[line:450] DEBUG {'pix_to_gps len(cnts)': 2078}
2021-01-26 14:03:49,909 baidu_map.py[line:450] DEBUG {'pix_to_gps len(cnts)': 1}
2021-01-26 14:04:15,514 baidu_map.py[line:317] INFO {'png_url': 'https://restapi.amap.com/v3/staticmap?location=114.426736,30.524057&zoom=15&size=1024*1024&scale=1&key=8177df6428097c5e23d3280ffdc5a13a'}
2021-01-26 14:04:16,809 baidu_map.py[line:332] INFO {'save_img_path': 'D:\\pythonProject\\usv\\baiduMap\\imgs\\gaode_114.426736_30.524057_15_1.png'}
2021-01-26 14:04:16,853 baidu_map.py[line:450] DEBUG {'pix_to_gps len(cnts)': 453}
2021-01-26 14:04:16,881 baidu_map.py[line:450] DEBUG {'pix_to_gps len(cnts)': 1}
2021-01-26 14:04:36,760 baidu_map.py[line:553] DEBUG {'(x, y, w, h)': (412, 458, 154, 132)}
2021-01-26 14:04:36,773 baidu_map.py[line:450] DEBUG {'pix_to_gps len(cnts)': 20}
2021-01-26 14:04:38,193 baidu_map.py[line:553] DEBUG {'(x, y, w, h)': (412, 458, 154, 132)}
2021-01-26 14:04:38,193 baidu_map.py[line:450] DEBUG {'pix_to_gps len(cnts)': 20}
2021-01-26 14:11:55,079 baidu_map.py[line:317] INFO {'png_url': 'https://restapi.amap.com/v3/staticmap?location=114.435276,30.517019&zoom=14&size=1024*1024&scale=1&key=8177df6428097c5e23d3280ffdc5a13a'}
2021-01-26 14:11:58,508 baidu_map.py[line:332] INFO {'save_img_path': 'D:\\pythonProject\\usv\\baiduMap\\imgs\\gaode_114.435276_30.517019_14_1.png'}
2021-01-26 14:11:58,528 baidu_map.py[line:364] INFO 无法在点击处找到湖
2021-01-26 14:12:00,030 baidu_map.py[line:317] INFO {'png_url': 'https://apis.map.qq.com/ws/staticmap/v2/?center=30.517019,114.435276&zoom=14&size=1024*1024&scale=1&maptype=roadmap&key=PSABZ-URMWP-3ATDK-VBRCR-FBBMF-YHFCE'}
2021-01-26 14:12:05,421 baidu_map.py[line:332] INFO {'save_img_path': 'D:\\pythonProject\\usv\\baiduMap\\imgs\\tecent_114.435276_30.517019_14_1.png'}
2021-01-26 14:12:05,523 baidu_map.py[line:364] INFO 无法在点击处找到湖
2021-01-26 14:12:07,026 baidu_map.py[line:317] INFO {'png_url': 'http://api.map.baidu.com/staticimage/v2?ak=wIt2mDCMGWRIi2pioR8GZnfrhSKQHzLY&center=114.435276,30.517019&width=1024&height=1024&zoom=14'}
2021-01-26 14:12:12,818 baidu_map.py[line:332] INFO {'save_img_path': 'D:\\pythonProject\\usv\\baiduMap\\imgs\\baidu_114.435276_30_14.png'}
2021-01-26 14:12:12,864 baidu_map.py[line:364] INFO 无法在点击处找到湖
2021-01-26 14:12:14,372 baidu_map.py[line:332] INFO {'save_img_path': 'D:\\pythonProject\\usv\\baiduMap\\imgs\\gaode_114.435276_30.517019_14_1.png'}
2021-01-26 14:12:14,439 baidu_map.py[line:364] INFO 无法在点击处找到湖
2021-01-26 14:12:15,946 baidu_map.py[line:332] INFO {'save_img_path': 'D:\\pythonProject\\usv\\baiduMap\\imgs\\tecent_114.435276_30.517019_14_1.png'}
2021-01-26 14:12:15,995 baidu_map.py[line:364] INFO 无法在点击处找到湖
2021-01-26 14:12:15,996 baidu_map.py[line:317] INFO {'png_url': 'http://api.map.baidu.com/staticimage/v2?ak=wIt2mDCMGWRIi2pioR8GZnfrhSKQHzLY&center=114.426347,30.524049&width=1024&height=1024&zoom=16'}
2021-01-26 14:12:17,224 baidu_map.py[line:332] INFO {'save_img_path': 'D:\\pythonProject\\usv\\baiduMap\\imgs\\baidu_114.426347_30_16.png'}
2021-01-26 14:12:17,247 baidu_map.py[line:364] INFO 无法在点击处找到湖
2021-01-26 14:12:18,748 baidu_map.py[line:317] INFO {'png_url': 'https://restapi.amap.com/v3/staticmap?location=114.431624,30.524561&zoom=15&size=1024*1024&scale=1&key=8177df6428097c5e23d3280ffdc5a13a'}
2021-01-26 14:12:23,524 baidu_map.py[line:332] INFO {'save_img_path': 'D:\\pythonProject\\usv\\baiduMap\\imgs\\gaode_114.431624_30.524561_15_1.png'}
2021-01-26 14:12:23,557 baidu_map.py[line:450] DEBUG {'pix_to_gps len(cnts)': 2053}
2021-01-26 14:12:23,613 baidu_map.py[line:450] DEBUG {'pix_to_gps len(cnts)': 1}
2021-01-26 14:12:23,692 baidu_map.py[line:317] INFO {'png_url': 'https://restapi.amap.com/v3/staticmap?location=114.426347,30.524049&zoom=16&size=1024*1024&scale=1&key=8177df6428097c5e23d3280ffdc5a13a'}
2021-01-26 14:12:24,768 baidu_map.py[line:332] INFO {'save_img_path': 'D:\\pythonProject\\usv\\baiduMap\\imgs\\gaode_114.426347_30.524049_16_1.png'}
2021-01-26 14:12:24,807 baidu_map.py[line:450] DEBUG {'pix_to_gps len(cnts)': 910}
2021-01-26 14:12:24,843 baidu_map.py[line:450] DEBUG {'pix_to_gps len(cnts)': 1}
2021-01-26 14:12:57,464 baidu_map.py[line:553] DEBUG {'(x, y, w, h)': (348, 403, 307, 266)}
2021-01-26 14:12:57,464 baidu_map.py[line:450] DEBUG {'pix_to_gps len(cnts)': 20}
2021-01-26 14:13:09,297 baidu_map.py[line:553] DEBUG {'(x, y, w, h)': (348, 403, 307, 266)}
2021-01-26 14:13:09,298 baidu_map.py[line:450] DEBUG {'pix_to_gps len(cnts)': 20}
2021-01-26 14:20:08,729 baidu_map.py[line:317] INFO {'png_url': 'https://restapi.amap.com/v3/staticmap?location=114.431504,30.524770&zoom=15&size=1024*1024&scale=1&key=8177df6428097c5e23d3280ffdc5a13a'}
2021-01-26 14:20:09,745 baidu_map.py[line:332] INFO {'save_img_path': 'D:\\pythonProject\\usv\\baiduMap\\imgs\\gaode_114.431504_30.524770_15_1.png'}
2021-01-26 14:20:09,786 baidu_map.py[line:450] DEBUG {'pix_to_gps len(cnts)': 2052}
2021-01-26 14:20:09,827 baidu_map.py[line:450] DEBUG {'pix_to_gps len(cnts)': 1}
2021-01-26 14:20:12,970 baidu_map.py[line:317] INFO {'png_url': 'https://restapi.amap.com/v3/staticmap?location=114.425667,30.524291&zoom=14&size=1024*1024&scale=1&key=8177df6428097c5e23d3280ffdc5a13a'}
2021-01-26 14:20:14,482 baidu_map.py[line:332] INFO {'save_img_path': 'D:\\pythonProject\\usv\\baiduMap\\imgs\\gaode_114.425667_30.524291_14_1.png'}
2021-01-26 14:20:14,507 baidu_map.py[line:450] DEBUG {'pix_to_gps len(cnts)': 222}
2021-01-26 14:20:14,513 baidu_map.py[line:450] DEBUG {'pix_to_gps len(cnts)': 1}
2021-01-26 14:20:17,800 baidu_map.py[line:553] DEBUG {'(x, y, w, h)': (487, 492, 76, 66)}
2021-01-26 14:20:17,800 baidu_map.py[line:450] DEBUG {'pix_to_gps len(cnts)': 17}
2021-01-26 14:20:22,815 baidu_map.py[line:553] DEBUG {'(x, y, w, h)': (379, 227, 414, 653)}
2021-01-26 14:20:22,826 baidu_map.py[line:450] DEBUG {'pix_to_gps len(cnts)': 196}
2021-01-27 12:53:51,625 baidu_map.py[line:317] INFO {'png_url': 'https://restapi.amap.com/v3/staticmap?location=114.524523,30.505501&zoom=16&size=1024*1024&scale=1&key=8177df6428097c5e23d3280ffdc5a13a'}
2021-01-27 12:53:52,256 baidu_map.py[line:332] INFO {'save_img_path': 'D:\\pythonProject\\usv\\baiduMap\\imgs\\gaode_114.524523_30.505501_16_1.png'}
2021-01-27 12:53:52,273 baidu_map.py[line:364] INFO 无法在点击处找到湖
2021-01-27 12:53:53,776 baidu_map.py[line:317] INFO {'png_url': 'https://apis.map.qq.com/ws/staticmap/v2/?center=30.505501,114.524523&zoom=16&size=1024*1024&scale=1&maptype=roadmap&key=PSABZ-URMWP-3ATDK-VBRCR-FBBMF-YHFCE'}
2021-01-27 12:53:54,678 baidu_map.py[line:332] INFO {'save_img_path': 'D:\\pythonProject\\usv\\baiduMap\\imgs\\tecent_114.524523_30.505501_16_1.png'}
2021-01-27 12:53:54,725 baidu_map.py[line:450] DEBUG {'pix_to_gps len(cnts)': 1176}
2021-01-27 12:53:54,742 baidu_map.py[line:450] DEBUG {'pix_to_gps len(cnts)': 1}
2021-01-27 12:54:03,588 baidu_map.py[line:553] DEBUG {'(x, y, w, h)': (256, 412, 366, 202)}
2021-01-27 12:54:03,589 baidu_map.py[line:450] DEBUG {'pix_to_gps len(cnts)': 45}
2021-01-27 12:56:51,615 baidu_map.py[line:317] INFO {'png_url': 'https://restapi.amap.com/v3/staticmap?location=114.525901,30.507943&zoom=16&size=1024*1024&scale=1&key=8177df6428097c5e23d3280ffdc5a13a'}
2021-01-27 12:56:52,138 baidu_map.py[line:332] INFO {'save_img_path': 'D:\\pythonProject\\usv\\baiduMap\\imgs\\gaode_114.525901_30.507943_16_1.png'}
2021-01-27 12:56:52,154 baidu_map.py[line:364] INFO 无法在点击处找到湖
2021-01-27 12:56:53,656 baidu_map.py[line:317] INFO {'png_url': 'https://apis.map.qq.com/ws/staticmap/v2/?center=30.507943,114.525901&zoom=16&size=1024*1024&scale=1&maptype=roadmap&key=PSABZ-URMWP-3ATDK-VBRCR-FBBMF-YHFCE'}
2021-01-27 12:56:54,656 baidu_map.py[line:332] INFO {'save_img_path': 'D:\\pythonProject\\usv\\baiduMap\\imgs\\tecent_114.525901_30.507943_16_1.png'}
2021-01-27 12:56:54,684 baidu_map.py[line:364] INFO 无法在点击处找到湖
2021-01-27 12:56:56,186 baidu_map.py[line:317] INFO {'png_url': 'http://api.map.baidu.com/staticimage/v2?ak=wIt2mDCMGWRIi2pioR8GZnfrhSKQHzLY&center=114.525901,30.507943&width=1024&height=1024&zoom=16'}
2021-01-27 12:56:56,774 baidu_map.py[line:332] INFO {'save_img_path': 'D:\\pythonProject\\usv\\baiduMap\\imgs\\baidu_114.525901_30_16.png'}
2021-01-27 12:56:56,789 baidu_map.py[line:364] INFO 无法在点击处找到湖
2021-01-27 12:56:58,292 baidu_map.py[line:332] INFO {'save_img_path': 'D:\\pythonProject\\usv\\baiduMap\\imgs\\gaode_114.525901_30.507943_16_1.png'}
2021-01-27 12:56:58,308 baidu_map.py[line:364] INFO 无法在点击处找到湖
2021-01-27 12:56:59,812 baidu_map.py[line:332] INFO {'save_img_path': 'D:\\pythonProject\\usv\\baiduMap\\imgs\\tecent_114.525901_30.507943_16_1.png'}
2021-01-27 12:56:59,859 baidu_map.py[line:364] INFO 无法在点击处找到湖
2021-01-27 12:57:01,360 baidu_map.py[line:332] INFO {'save_img_path': 'D:\\pythonProject\\usv\\baiduMap\\imgs\\baidu_114.525901_30_16.png'}
2021-01-27 12:57:01,375 baidu_map.py[line:364] INFO 无法在点击处找到湖
2021-01-27 12:57:02,879 baidu_map.py[line:332] INFO {'save_img_path': 'D:\\pythonProject\\usv\\baiduMap\\imgs\\gaode_114.525901_30.507943_16_1.png'}
2021-01-27 12:57:02,905 baidu_map.py[line:364] INFO 无法在点击处找到湖
2021-01-27 12:57:04,408 baidu_map.py[line:332] INFO {'save_img_path': 'D:\\pythonProject\\usv\\baiduMap\\imgs\\tecent_114.525901_30.507943_16_1.png'}
2021-01-27 12:57:04,455 baidu_map.py[line:364] INFO 无法在点击处找到湖
2021-01-27 12:57:05,957 baidu_map.py[line:332] INFO {'save_img_path': 'D:\\pythonProject\\usv\\baiduMap\\imgs\\baidu_114.525901_30_16.png'}
2021-01-27 12:57:05,982 baidu_map.py[line:364] INFO 无法在点击处找到湖
2021-01-27 12:57:07,487 baidu_map.py[line:332] INFO {'save_img_path': 'D:\\pythonProject\\usv\\baiduMap\\imgs\\gaode_114.525901_30.507943_16_1.png'}
2021-01-27 12:57:07,502 baidu_map.py[line:364] INFO 无法在点击处找到湖
2021-01-27 12:57:09,003 baidu_map.py[line:332] INFO {'save_img_path': 'D:\\pythonProject\\usv\\baiduMap\\imgs\\tecent_114.525901_30.507943_16_1.png'}
2021-01-27 12:57:09,031 baidu_map.py[line:364] INFO 无法在点击处找到湖
2021-01-27 12:57:10,535 baidu_map.py[line:332] INFO {'save_img_path': 'D:\\pythonProject\\usv\\baiduMap\\imgs\\baidu_114.525901_30_16.png'}
2021-01-27 12:57:10,568 baidu_map.py[line:364] INFO 无法在点击处找到湖
2021-01-27 12:57:12,071 baidu_map.py[line:332] INFO {'save_img_path': 'D:\\pythonProject\\usv\\baiduMap\\imgs\\gaode_114.525901_30.507943_16_1.png'}
2021-01-27 12:57:12,087 baidu_map.py[line:364] INFO 无法在点击处找到湖
2021-01-27 12:57:13,590 baidu_map.py[line:332] INFO {'save_img_path': 'D:\\pythonProject\\usv\\baiduMap\\imgs\\tecent_114.525901_30.507943_16_1.png'}
2021-01-27 12:57:13,620 baidu_map.py[line:364] INFO 无法在点击处找到湖
2021-01-27 12:57:15,124 baidu_map.py[line:332] INFO {'save_img_path': 'D:\\pythonProject\\usv\\baiduMap\\imgs\\baidu_114.525901_30_16.png'}
2021-01-27 12:57:15,140 baidu_map.py[line:364] INFO 无法在点击处找到湖
2021-01-27 12:57:16,642 baidu_map.py[line:332] INFO {'save_img_path': 'D:\\pythonProject\\usv\\baiduMap\\imgs\\gaode_114.525901_30.507943_16_1.png'}
2021-01-27 12:57:16,655 baidu_map.py[line:364] INFO 无法在点击处找到湖
2021-01-27 12:57:18,158 baidu_map.py[line:332] INFO {'save_img_path': 'D:\\pythonProject\\usv\\baiduMap\\imgs\\tecent_114.525901_30.507943_16_1.png'}
2021-01-27 12:57:18,188 baidu_map.py[line:364] INFO 无法在点击处找到湖
2021-01-27 12:57:19,690 baidu_map.py[line:332] INFO {'save_img_path': 'D:\\pythonProject\\usv\\baiduMap\\imgs\\baidu_114.525901_30_16.png'}
2021-01-27 12:57:19,706 baidu_map.py[line:364] INFO 无法在点击处找到湖
2021-01-27 12:57:21,208 baidu_map.py[line:332] INFO {'save_img_path': 'D:\\pythonProject\\usv\\baiduMap\\imgs\\gaode_114.525901_30.507943_16_1.png'}
2021-01-27 12:57:21,223 baidu_map.py[line:364] INFO 无法在点击处找到湖
2021-01-27 12:57:22,726 baidu_map.py[line:332] INFO {'save_img_path': 'D:\\pythonProject\\usv\\baiduMap\\imgs\\tecent_114.525901_30.507943_16_1.png'}
2021-01-27 12:57:22,764 baidu_map.py[line:364] INFO 无法在点击处找到湖
2021-01-27 12:57:24,265 baidu_map.py[line:332] INFO {'save_img_path': 'D:\\pythonProject\\usv\\baiduMap\\imgs\\baidu_114.525901_30_16.png'}
2021-01-27 12:57:24,279 baidu_map.py[line:364] INFO 无法在点击处找到湖
2021-01-27 12:57:25,782 baidu_map.py[line:332] INFO {'save_img_path': 'D:\\pythonProject\\usv\\baiduMap\\imgs\\gaode_114.525901_30.507943_16_1.png'}
2021-01-27 12:57:25,798 baidu_map.py[line:364] INFO 无法在点击处找到湖
2021-01-27 12:57:27,300 baidu_map.py[line:332] INFO {'save_img_path': 'D:\\pythonProject\\usv\\baiduMap\\imgs\\tecent_114.525901_30.507943_16_1.png'}
2021-01-27 12:57:27,340 baidu_map.py[line:364] INFO 无法在点击处找到湖
2021-01-27 12:57:28,842 baidu_map.py[line:332] INFO {'save_img_path': 'D:\\pythonProject\\usv\\baiduMap\\imgs\\baidu_114.525901_30_16.png'}
2021-01-27 12:57:28,859 baidu_map.py[line:364] INFO 无法在点击处找到湖
2021-01-27 12:57:30,363 baidu_map.py[line:332] INFO {'save_img_path': 'D:\\pythonProject\\usv\\baiduMap\\imgs\\gaode_114.525901_30.507943_16_1.png'}
2021-01-27 12:57:30,393 baidu_map.py[line:364] INFO 无法在点击处找到湖
2021-01-27 12:57:31,894 baidu_map.py[line:332] INFO {'save_img_path': 'D:\\pythonProject\\usv\\baiduMap\\imgs\\tecent_114.525901_30.507943_16_1.png'}
2021-01-27 12:57:31,922 baidu_map.py[line:364] INFO 无法在点击处找到湖
2021-01-27 12:57:33,425 baidu_map.py[line:332] INFO {'save_img_path': 'D:\\pythonProject\\usv\\baiduMap\\imgs\\baidu_114.525901_30_16.png'}
2021-01-27 12:57:33,441 baidu_map.py[line:364] INFO 无法在点击处找到湖
2021-01-27 12:57:34,944 baidu_map.py[line:332] INFO {'save_img_path': 'D:\\pythonProject\\usv\\baiduMap\\imgs\\gaode_114.525901_30.507943_16_1.png'}
2021-01-27 12:57:34,972 baidu_map.py[line:364] INFO 无法在点击处找到湖
2021-01-27 12:57:36,476 baidu_map.py[line:332] INFO {'save_img_path': 'D:\\pythonProject\\usv\\baiduMap\\imgs\\tecent_114.525901_30.507943_16_1.png'}
2021-01-27 12:57:36,523 baidu_map.py[line:364] INFO 无法在点击处找到湖
2021-01-27 12:57:38,027 baidu_map.py[line:332] INFO {'save_img_path': 'D:\\pythonProject\\usv\\baiduMap\\imgs\\baidu_114.525901_30_16.png'}
2021-01-27 12:57:38,064 baidu_map.py[line:364] INFO 无法在点击处找到湖
2021-01-27 12:57:39,565 baidu_map.py[line:332] INFO {'save_img_path': 'D:\\pythonProject\\usv\\baiduMap\\imgs\\gaode_114.525901_30.507943_16_1.png'}
2021-01-27 12:57:39,580 baidu_map.py[line:364] INFO 无法在点击处找到湖
2021-01-27 12:57:41,092 baidu_map.py[line:332] INFO {'save_img_path': 'D:\\pythonProject\\usv\\baiduMap\\imgs\\tecent_114.525901_30.507943_16_1.png'}
2021-01-27 12:57:41,120 baidu_map.py[line:364] INFO 无法在点击处找到湖
2021-01-27 12:57:42,623 baidu_map.py[line:332] INFO {'save_img_path': 'D:\\pythonProject\\usv\\baiduMap\\imgs\\baidu_114.525901_30_16.png'}
2021-01-27 12:57:42,637 baidu_map.py[line:364] INFO 无法在点击处找到湖
2021-01-27 12:57:44,141 baidu_map.py[line:332] INFO {'save_img_path': 'D:\\pythonProject\\usv\\baiduMap\\imgs\\gaode_114.525901_30.507943_16_1.png'}
2021-01-27 12:57:44,157 baidu_map.py[line:364] INFO 无法在点击处找到湖
2021-01-27 12:57:45,659 baidu_map.py[line:332] INFO {'save_img_path': 'D:\\pythonProject\\usv\\baiduMap\\imgs\\tecent_114.525901_30.507943_16_1.png'}
2021-01-27 12:57:45,686 baidu_map.py[line:364] INFO 无法在点击处找到湖
2021-01-27 12:57:47,188 baidu_map.py[line:332] INFO {'save_img_path': 'D:\\pythonProject\\usv\\baiduMap\\imgs\\baidu_114.525901_30_16.png'}
2021-01-27 12:57:47,202 baidu_map.py[line:364] INFO 无法在点击处找到湖
2021-01-27 12:57:48,705 baidu_map.py[line:332] INFO {'save_img_path': 'D:\\pythonProject\\usv\\baiduMap\\imgs\\gaode_114.525901_30.507943_16_1.png'}
2021-01-27 12:57:48,720 baidu_map.py[line:364] INFO 无法在点击处找到湖
2021-01-27 12:57:50,223 baidu_map.py[line:332] INFO {'save_img_path': 'D:\\pythonProject\\usv\\baiduMap\\imgs\\tecent_114.525901_30.507943_16_1.png'}
2021-01-27 12:57:50,270 baidu_map.py[line:364] INFO 无法在点击处找到湖
2021-01-27 12:57:51,774 baidu_map.py[line:332] INFO {'save_img_path': 'D:\\pythonProject\\usv\\baiduMap\\imgs\\baidu_114.525901_30_16.png'}
2021-01-27 12:57:51,789 baidu_map.py[line:364] INFO 无法在点击处找到湖
2021-01-27 12:57:53,292 baidu_map.py[line:332] INFO {'save_img_path': 'D:\\pythonProject\\usv\\baiduMap\\imgs\\gaode_114.525901_30.507943_16_1.png'}
2021-01-27 12:57:53,321 baidu_map.py[line:364] INFO 无法在点击处找到湖
2021-01-27 12:57:54,823 baidu_map.py[line:332] INFO {'save_img_path': 'D:\\pythonProject\\usv\\baiduMap\\imgs\\tecent_114.525901_30.507943_16_1.png'}
2021-01-27 12:57:54,850 baidu_map.py[line:364] INFO 无法在点击处找到湖
2021-01-27 12:57:56,353 baidu_map.py[line:332] INFO {'save_img_path': 'D:\\pythonProject\\usv\\baiduMap\\imgs\\baidu_114.525901_30_16.png'}
2021-01-27 12:57:56,370 baidu_map.py[line:364] INFO 无法在点击处找到湖
2021-01-27 12:57:57,874 baidu_map.py[line:332] INFO {'save_img_path': 'D:\\pythonProject\\usv\\baiduMap\\imgs\\gaode_114.525901_30.507943_16_1.png'}
2021-01-27 12:57:57,906 baidu_map.py[line:364] INFO 无法在点击处找到湖
2021-01-27 12:57:59,409 baidu_map.py[line:332] INFO {'save_img_path': 'D:\\pythonProject\\usv\\baiduMap\\imgs\\tecent_114.525901_30.507943_16_1.png'}
2021-01-27 12:57:59,437 baidu_map.py[line:364] INFO 无法在点击处找到湖
2021-01-27 12:58:00,940 baidu_map.py[line:332] INFO {'save_img_path': 'D:\\pythonProject\\usv\\baiduMap\\imgs\\baidu_114.525901_30_16.png'}
2021-01-27 12:58:00,957 baidu_map.py[line:364] INFO 无法在点击处找到湖
2021-01-27 12:58:02,458 baidu_map.py[line:332] INFO {'save_img_path': 'D:\\pythonProject\\usv\\baiduMap\\imgs\\gaode_114.525901_30.507943_16_1.png'}
2021-01-27 12:58:02,472 baidu_map.py[line:364] INFO 无法在点击处找到湖
2021-01-27 12:58:03,975 baidu_map.py[line:332] INFO {'save_img_path': 'D:\\pythonProject\\usv\\baiduMap\\imgs\\tecent_114.525901_30.507943_16_1.png'}
2021-01-27 12:58:04,024 baidu_map.py[line:364] INFO 无法在点击处找到湖
2021-01-27 12:58:05,528 baidu_map.py[line:332] INFO {'save_img_path': 'D:\\pythonProject\\usv\\baiduMap\\imgs\\baidu_114.525901_30_16.png'}
2021-01-27 12:58:05,560 baidu_map.py[line:364] INFO 无法在点击处找到湖
2021-01-27 12:58:07,061 baidu_map.py[line:332] INFO {'save_img_path': 'D:\\pythonProject\\usv\\baiduMap\\imgs\\gaode_114.525901_30.507943_16_1.png'}
2021-01-27 12:58:07,075 baidu_map.py[line:364] INFO 无法在点击处找到湖
2021-01-27 12:58:08,577 baidu_map.py[line:332] INFO {'save_img_path': 'D:\\pythonProject\\usv\\baiduMap\\imgs\\tecent_114.525901_30.507943_16_1.png'}
2021-01-27 12:58:08,604 baidu_map.py[line:364] INFO 无法在点击处找到湖
2021-01-27 12:58:10,107 baidu_map.py[line:332] INFO {'save_img_path': 'D:\\pythonProject\\usv\\baiduMap\\imgs\\baidu_114.525901_30_16.png'}
2021-01-27 12:58:10,136 baidu_map.py[line:364] INFO 无法在点击处找到湖
2021-01-27 12:58:11,637 baidu_map.py[line:332] INFO {'save_img_path': 'D:\\pythonProject\\usv\\baiduMap\\imgs\\gaode_114.525901_30.507943_16_1.png'}
2021-01-27 12:58:11,651 baidu_map.py[line:364] INFO 无法在点击处找到湖
2021-01-27 12:58:13,154 baidu_map.py[line:332] INFO {'save_img_path': 'D:\\pythonProject\\usv\\baiduMap\\imgs\\tecent_114.525901_30.507943_16_1.png'}
2021-01-27 12:58:13,206 baidu_map.py[line:364] INFO 无法在点击处找到湖
2021-01-27 12:58:14,708 baidu_map.py[line:332] INFO {'save_img_path': 'D:\\pythonProject\\usv\\baiduMap\\imgs\\baidu_114.525901_30_16.png'}
2021-01-27 12:58:14,722 baidu_map.py[line:364] INFO 无法在点击处找到湖
2021-01-27 12:58:16,225 baidu_map.py[line:332] INFO {'save_img_path': 'D:\\pythonProject\\usv\\baiduMap\\imgs\\gaode_114.525901_30.507943_16_1.png'}
2021-01-27 12:58:16,255 baidu_map.py[line:364] INFO 无法在点击处找到湖
2021-01-27 12:58:17,756 baidu_map.py[line:332] INFO {'save_img_path': 'D:\\pythonProject\\usv\\baiduMap\\imgs\\tecent_114.525901_30.507943_16_1.png'}
2021-01-27 12:58:17,805 baidu_map.py[line:364] INFO 无法在点击处找到湖
2021-01-27 12:58:19,307 baidu_map.py[line:332] INFO {'save_img_path': 'D:\\pythonProject\\usv\\baiduMap\\imgs\\baidu_114.525901_30_16.png'}
2021-01-27 12:58:19,321 baidu_map.py[line:364] INFO 无法在点击处找到湖
2021-01-27 12:58:20,822 baidu_map.py[line:332] INFO {'save_img_path': 'D:\\pythonProject\\usv\\baiduMap\\imgs\\gaode_114.525901_30.507943_16_1.png'}
2021-01-27 12:58:20,836 baidu_map.py[line:364] INFO 无法在点击处找到湖
2021-01-27 12:58:22,336 baidu_map.py[line:317] INFO {'png_url': 'https://apis.map.qq.com/ws/staticmap/v2/?center=30.505462,114.524405&zoom=16&size=1024*1024&scale=1&maptype=roadmap&key=PSABZ-URMWP-3ATDK-VBRCR-FBBMF-YHFCE'}
2021-01-27 12:58:23,114 baidu_map.py[line:332] INFO {'save_img_path': 'D:\\pythonProject\\usv\\baiduMap\\imgs\\tecent_114.524405_30.505462_16_1.png'}
2021-01-27 12:58:23,143 baidu_map.py[line:450] DEBUG {'pix_to_gps len(cnts)': 1176}
2021-01-27 12:58:23,161 baidu_map.py[line:450] DEBUG {'pix_to_gps len(cnts)': 1}
2021-01-27 12:58:40,665 baidu_map.py[line:553] DEBUG {'(x, y, w, h)': (262, 410, 366, 202)}
2021-01-27 12:58:40,669 baidu_map.py[line:450] DEBUG {'pix_to_gps len(cnts)': 45}
2021-01-27 13:01:08,260 baidu_map.py[line:317] INFO {'png_url': 'https://restapi.amap.com/v3/staticmap?location=114.448821,30.519592&zoom=13&size=1024*1024&scale=1&key=8177df6428097c5e23d3280ffdc5a13a'}
2021-01-27 13:01:09,412 baidu_map.py[line:332] INFO {'save_img_path': 'D:\\pythonProject\\usv\\baiduMap\\imgs\\gaode_114.448821_30.519592_13_1.png'}
2021-01-27 13:01:09,431 baidu_map.py[line:364] INFO 无法在点击处找到湖
2021-01-27 13:01:10,932 baidu_map.py[line:317] INFO {'png_url': 'https://apis.map.qq.com/ws/staticmap/v2/?center=30.519592,114.448821&zoom=13&size=1024*1024&scale=1&maptype=roadmap&key=PSABZ-URMWP-3ATDK-VBRCR-FBBMF-YHFCE'}
2021-01-27 13:01:12,236 baidu_map.py[line:332] INFO {'save_img_path': 'D:\\pythonProject\\usv\\baiduMap\\imgs\\tecent_114.448821_30.519592_13_1.png'}
2021-01-27 13:01:12,358 baidu_map.py[line:364] INFO 无法在点击处找到湖
2021-01-27 13:01:13,859 baidu_map.py[line:317] INFO {'png_url': 'http://api.map.baidu.com/staticimage/v2?ak=wIt2mDCMGWRIi2pioR8GZnfrhSKQHzLY&center=114.448821,30.519592&width=1024&height=1024&zoom=13'}
2021-01-27 13:01:14,631 baidu_map.py[line:332] INFO {'save_img_path': 'D:\\pythonProject\\usv\\baiduMap\\imgs\\baidu_114.448821_30_13.png'}
2021-01-27 13:01:14,649 baidu_map.py[line:364] INFO 无法在点击处找到湖
2021-01-27 13:01:16,153 baidu_map.py[line:332] INFO {'save_img_path': 'D:\\pythonProject\\usv\\baiduMap\\imgs\\gaode_114.448821_30.519592_13_1.png'}
2021-01-27 13:01:16,172 baidu_map.py[line:364] INFO 无法在点击处找到湖
2021-01-27 13:01:17,673 baidu_map.py[line:332] INFO {'save_img_path': 'D:\\pythonProject\\usv\\baiduMap\\imgs\\tecent_114.448821_30.519592_13_1.png'}
2021-01-27 13:01:17,712 baidu_map.py[line:364] INFO 无法在点击处找到湖
2021-01-27 13:01:19,214 baidu_map.py[line:332] INFO {'save_img_path': 'D:\\pythonProject\\usv\\baiduMap\\imgs\\baidu_114.448821_30_13.png'}
2021-01-27 13:01:19,230 baidu_map.py[line:364] INFO 无法在点击处找到湖
2021-01-27 13:01:20,735 baidu_map.py[line:332] INFO {'save_img_path': 'D:\\pythonProject\\usv\\baiduMap\\imgs\\gaode_114.448821_30.519592_13_1.png'}
2021-01-27 13:01:20,753 baidu_map.py[line:364] INFO 无法在点击处找到湖
2021-01-27 13:01:22,254 baidu_map.py[line:332] INFO {'save_img_path': 'D:\\pythonProject\\usv\\baiduMap\\imgs\\tecent_114.448821_30.519592_13_1.png'}
2021-01-27 13:01:22,302 baidu_map.py[line:364] INFO 无法在点击处找到湖
2021-01-27 13:01:23,803 baidu_map.py[line:332] INFO {'save_img_path': 'D:\\pythonProject\\usv\\baiduMap\\imgs\\baidu_114.448821_30_13.png'}
2021-01-27 13:01:23,820 baidu_map.py[line:364] INFO 无法在点击处找到湖
2021-01-27 13:01:25,322 baidu_map.py[line:317] INFO {'png_url': 'https://restapi.amap.com/v3/staticmap?location=114.524522,30.505870&zoom=16&size=1024*1024&scale=1&key=8177df6428097c5e23d3280ffdc5a13a'}
2021-01-27 13:01:25,865 baidu_map.py[line:332] INFO {'save_img_path': 'D:\\pythonProject\\usv\\baiduMap\\imgs\\gaode_114.524522_30.505870_16_1.png'}
2021-01-27 13:01:25,878 baidu_map.py[line:364] INFO 无法在点击处找到湖
2021-01-27 13:01:27,380 baidu_map.py[line:317] INFO {'png_url': 'https://apis.map.qq.com/ws/staticmap/v2/?center=30.505870,114.524522&zoom=16&size=1024*1024&scale=1&maptype=roadmap&key=PSABZ-URMWP-3ATDK-VBRCR-FBBMF-YHFCE'}
2021-01-27 13:01:28,285 baidu_map.py[line:332] INFO {'save_img_path': 'D:\\pythonProject\\usv\\baiduMap\\imgs\\tecent_114.524522_30.505870_16_1.png'}
2021-01-27 13:01:28,326 baidu_map.py[line:450] DEBUG {'pix_to_gps len(cnts)': 1176}
2021-01-27 13:01:28,344 baidu_map.py[line:450] DEBUG {'pix_to_gps len(cnts)': 1}
2021-01-27 13:01:36,961 baidu_map.py[line:553] DEBUG {'(x, y, w, h)': (256, 432, 366, 202)}
2021-01-27 13:01:36,966 baidu_map.py[line:450] DEBUG {'pix_to_gps len(cnts)': 45}
2021-01-27 13:02:20,717 baidu_map.py[line:317] INFO {'png_url': 'https://restapi.amap.com/v3/staticmap?location=114.524591,30.505299&zoom=15&size=1024*1024&scale=1&key=8177df6428097c5e23d3280ffdc5a13a'}
2021-01-27 13:02:21,459 baidu_map.py[line:332] INFO {'save_img_path': 'D:\\pythonProject\\usv\\baiduMap\\imgs\\gaode_114.524591_30.505299_15_1.png'}
2021-01-27 13:02:21,488 baidu_map.py[line:364] INFO 无法在点击处找到湖
2021-01-27 13:02:22,989 baidu_map.py[line:317] INFO {'png_url': 'https://apis.map.qq.com/ws/staticmap/v2/?center=30.505299,114.524591&zoom=15&size=1024*1024&scale=1&maptype=roadmap&key=PSABZ-URMWP-3ATDK-VBRCR-FBBMF-YHFCE'}
2021-01-27 13:02:25,039 baidu_map.py[line:332] INFO {'save_img_path': 'D:\\pythonProject\\usv\\baiduMap\\imgs\\tecent_114.524591_30.505299_15_1.png'}
2021-01-27 13:02:25,083 baidu_map.py[line:450] DEBUG {'pix_to_gps len(cnts)': 527}
2021-01-27 13:02:25,091 baidu_map.py[line:450] DEBUG {'pix_to_gps len(cnts)': 1}
2021-01-27 13:02:28,972 baidu_map.py[line:553] DEBUG {'(x, y, w, h)': (425, 461, 140, 95)}
2021-01-27 13:02:28,972 baidu_map.py[line:450] DEBUG {'pix_to_gps len(cnts)': 34}
2021-01-27 13:05:18,190 baidu_map.py[line:317] INFO {'png_url': 'https://restapi.amap.com/v3/staticmap?location=114.524434,30.505440&zoom=15&size=1024*1024&scale=1&key=8177df6428097c5e23d3280ffdc5a13a'}
2021-01-27 13:05:18,981 baidu_map.py[line:332] INFO {'save_img_path': 'D:\\pythonProject\\usv\\baiduMap\\imgs\\gaode_114.524434_30.505440_15_1.png'}
2021-01-27 13:05:19,007 baidu_map.py[line:364] INFO 无法在点击处找到湖
2021-01-27 13:05:20,509 baidu_map.py[line:317] INFO {'png_url': 'https://apis.map.qq.com/ws/staticmap/v2/?center=30.505440,114.524434&zoom=15&size=1024*1024&scale=1&maptype=roadmap&key=PSABZ-URMWP-3ATDK-VBRCR-FBBMF-YHFCE'}
2021-01-27 13:05:21,605 baidu_map.py[line:332] INFO {'save_img_path': 'D:\\pythonProject\\usv\\baiduMap\\imgs\\tecent_114.524434_30.505440_15_1.png'}
2021-01-27 13:05:21,637 baidu_map.py[line:450] DEBUG {'pix_to_gps len(cnts)': 527}
2021-01-27 13:05:21,645 baidu_map.py[line:450] DEBUG {'pix_to_gps len(cnts)': 1}
2021-01-27 13:06:08,267 baidu_map.py[line:553] DEBUG {'(x, y, w, h)': (429, 464, 140, 95)}
2021-01-27 13:06:08,268 baidu_map.py[line:450] DEBUG {'pix_to_gps len(cnts)': 34}
2021-01-27 13:08:39,246 baidu_map.py[line:553] DEBUG {'(x, y, w, h)': (429, 464, 140, 95)}
2021-01-27 13:08:39,246 baidu_map.py[line:450] DEBUG {'pix_to_gps len(cnts)': 34}
2021-01-27 13:08:51,922 baidu_map.py[line:317] INFO {'png_url': 'https://apis.map.qq.com/ws/staticmap/v2/?center=30.505600,114.524325&zoom=16&size=1024*1024&scale=1&maptype=roadmap&key=PSABZ-URMWP-3ATDK-VBRCR-FBBMF-YHFCE'}
2021-01-27 13:08:52,648 baidu_map.py[line:332] INFO {'save_img_path': 'D:\\pythonProject\\usv\\baiduMap\\imgs\\tecent_114.524325_30.505600_16_1.png'}
2021-01-27 13:08:52,687 baidu_map.py[line:450] DEBUG {'pix_to_gps len(cnts)': 1176}
2021-01-27 13:08:52,705 baidu_map.py[line:450] DEBUG {'pix_to_gps len(cnts)': 1}
2021-01-27 13:09:02,908 baidu_map.py[line:450] DEBUG {'pix_to_gps len(cnts)': 2}
2021-01-27 13:11:40,948 baidu_map.py[line:317] INFO {'png_url': 'https://restapi.amap.com/v3/staticmap?location=114.447619,30.519074&zoom=13&size=1024*1024&scale=1&key=8177df6428097c5e23d3280ffdc5a13a'}
2021-01-27 13:11:41,958 baidu_map.py[line:332] INFO {'save_img_path': 'D:\\pythonProject\\usv\\baiduMap\\imgs\\gaode_114.447619_30.519074_13_1.png'}
2021-01-27 13:11:41,979 baidu_map.py[line:364] INFO 无法在点击处找到湖
2021-01-27 13:11:43,482 baidu_map.py[line:317] INFO {'png_url': 'https://apis.map.qq.com/ws/staticmap/v2/?center=30.519074,114.447619&zoom=13&size=1024*1024&scale=1&maptype=roadmap&key=PSABZ-URMWP-3ATDK-VBRCR-FBBMF-YHFCE'}
2021-01-27 13:11:44,568 baidu_map.py[line:332] INFO {'save_img_path': 'D:\\pythonProject\\usv\\baiduMap\\imgs\\tecent_114.447619_30.519074_13_1.png'}
2021-01-27 13:11:44,614 baidu_map.py[line:364] INFO 无法在点击处找到湖
2021-01-27 13:11:46,115 baidu_map.py[line:317] INFO {'png_url': 'http://api.map.baidu.com/staticimage/v2?ak=wIt2mDCMGWRIi2pioR8GZnfrhSKQHzLY&center=114.447619,30.519074&width=1024&height=1024&zoom=13'}
2021-01-27 13:11:46,901 baidu_map.py[line:332] INFO {'save_img_path': 'D:\\pythonProject\\usv\\baiduMap\\imgs\\baidu_114.447619_30_13.png'}
2021-01-27 13:11:46,919 baidu_map.py[line:364] INFO 无法在点击处找到湖
2021-01-27 13:11:48,420 baidu_map.py[line:332] INFO {'save_img_path': 'D:\\pythonProject\\usv\\baiduMap\\imgs\\gaode_114.447619_30.519074_13_1.png'}
2021-01-27 13:11:48,437 baidu_map.py[line:364] INFO 无法在点击处找到湖
2021-01-27 13:11:49,941 baidu_map.py[line:332] INFO {'save_img_path': 'D:\\pythonProject\\usv\\baiduMap\\imgs\\tecent_114.447619_30.519074_13_1.png'}
2021-01-27 13:11:49,982 baidu_map.py[line:364] INFO 无法在点击处找到湖
2021-01-27 13:11:51,484 baidu_map.py[line:332] INFO {'save_img_path': 'D:\\pythonProject\\usv\\baiduMap\\imgs\\baidu_114.447619_30_13.png'}
2021-01-27 13:11:51,507 baidu_map.py[line:364] INFO 无法在点击处找到湖
2021-01-27 13:11:53,009 baidu_map.py[line:332] INFO {'save_img_path': 'D:\\pythonProject\\usv\\baiduMap\\imgs\\gaode_114.447619_30.519074_13_1.png'}
2021-01-27 13:11:53,034 baidu_map.py[line:364] INFO 无法在点击处找到湖
2021-01-27 13:12:57,773 baidu_map.py[line:317] INFO {'png_url': 'https://restapi.amap.com/v3/staticmap?location=114.450023,30.520701&zoom=13&size=1024*1024&scale=1&key=8177df6428097c5e23d3280ffdc5a13a'}
2021-01-27 13:12:58,717 baidu_map.py[line:332] INFO {'save_img_path': 'D:\\pythonProject\\usv\\baiduMap\\imgs\\gaode_114.450023_30.520701_13_1.png'}
2021-01-27 13:12:58,740 baidu_map.py[line:364] INFO 无法在点击处找到湖
2021-01-27 13:13:00,242 baidu_map.py[line:317] INFO {'png_url': 'https://apis.map.qq.com/ws/staticmap/v2/?center=30.520701,114.450023&zoom=13&size=1024*1024&scale=1&maptype=roadmap&key=PSABZ-URMWP-3ATDK-VBRCR-FBBMF-YHFCE'}
2021-01-27 13:13:02,005 baidu_map.py[line:332] INFO {'save_img_path': 'D:\\pythonProject\\usv\\baiduMap\\imgs\\tecent_114.450023_30.520701_13_1.png'}
2021-01-27 13:13:02,045 baidu_map.py[line:364] INFO 无法在点击处找到湖
2021-01-27 13:13:03,546 baidu_map.py[line:317] INFO {'png_url': 'http://api.map.baidu.com/staticimage/v2?ak=wIt2mDCMGWRIi2pioR8GZnfrhSKQHzLY&center=114.450023,30.520701&width=1024&height=1024&zoom=13'}
2021-01-27 13:13:04,212 baidu_map.py[line:332] INFO {'save_img_path': 'D:\\pythonProject\\usv\\baiduMap\\imgs\\baidu_114.450023_30_13.png'}
2021-01-27 13:13:04,230 baidu_map.py[line:364] INFO 无法在点击处找到湖
2021-01-27 13:13:10,234 baidu_map.py[line:317] INFO {'png_url': 'https://restapi.amap.com/v3/staticmap?location=114.432256,30.524324&zoom=13&size=1024*1024&scale=1&key=8177df6428097c5e23d3280ffdc5a13a'}
2021-01-27 13:13:11,040 baidu_map.py[line:332] INFO {'save_img_path': 'D:\\pythonProject\\usv\\baiduMap\\imgs\\gaode_114.432256_30.524324_13_1.png'}
2021-01-27 13:13:11,066 baidu_map.py[line:450] DEBUG {'pix_to_gps len(cnts)': 443}
2021-01-27 13:13:11,074 baidu_map.py[line:450] DEBUG {'pix_to_gps len(cnts)': 1}
2021-01-27 13:15:46,145 baidu_map.py[line:317] INFO {'png_url': 'https://restapi.amap.com/v3/staticmap?location=114.524135,30.505719&zoom=16&size=1024*1024&scale=1&key=8177df6428097c5e23d3280ffdc5a13a'}
2021-01-27 13:15:46,684 baidu_map.py[line:332] INFO {'save_img_path': 'D:\\pythonProject\\usv\\baiduMap\\imgs\\gaode_114.524135_30.505719_16_1.png'}
2021-01-27 13:15:46,701 baidu_map.py[line:364] INFO 无法在点击处找到湖
2021-01-27 13:15:48,203 baidu_map.py[line:317] INFO {'png_url': 'https://apis.map.qq.com/ws/staticmap/v2/?center=30.505667,114.518312&zoom=16&size=1024*1024&scale=1&maptype=roadmap&key=PSABZ-URMWP-3ATDK-VBRCR-FBBMF-YHFCE'}
2021-01-27 13:15:49,253 baidu_map.py[line:332] INFO {'save_img_path': 'D:\\pythonProject\\usv\\baiduMap\\imgs\\tecent_114.518312_30.505667_16_1.png'}
2021-01-27 13:15:49,291 baidu_map.py[line:364] INFO 无法在点击处找到湖
2021-01-27 13:15:50,793 baidu_map.py[line:317] INFO {'png_url': 'http://api.map.baidu.com/staticimage/v2?ak=wIt2mDCMGWRIi2pioR8GZnfrhSKQHzLY&center=114.518312,30.505667&width=1024&height=1024&zoom=16'}
2021-01-27 13:15:51,584 baidu_map.py[line:332] INFO {'save_img_path': 'D:\\pythonProject\\usv\\baiduMap\\imgs\\baidu_114.518312_30_16.png'}
2021-01-27 13:15:51,600 baidu_map.py[line:364] INFO 无法在点击处找到湖
2021-01-27 13:15:53,101 baidu_map.py[line:317] INFO {'png_url': 'https://restapi.amap.com/v3/staticmap?location=114.518312,30.505667&zoom=16&size=1024*1024&scale=1&key=8177df6428097c5e23d3280ffdc5a13a'}
2021-01-27 13:15:53,594 baidu_map.py[line:332] INFO {'save_img_path': 'D:\\pythonProject\\usv\\baiduMap\\imgs\\gaode_114.518312_30.505667_16_1.png'}
2021-01-27 13:15:53,608 baidu_map.py[line:364] INFO 无法在点击处找到湖
2021-01-27 13:16:01,116 baidu_map.py[line:317] INFO {'png_url': 'https://apis.map.qq.com/ws/staticmap/v2/?center=30.506874,114.524415&zoom=18&size=1024*1024&scale=1&maptype=roadmap&key=PSABZ-URMWP-3ATDK-VBRCR-FBBMF-YHFCE'}
2021-01-27 13:16:01,859 baidu_map.py[line:332] INFO {'save_img_path': 'D:\\pythonProject\\usv\\baiduMap\\imgs\\tecent_114.524415_30.506874_18_1.png'}
2021-01-27 13:16:01,900 baidu_map.py[line:450] DEBUG {'pix_to_gps len(cnts)': 3512}
2021-01-27 13:16:01,951 baidu_map.py[line:450] DEBUG {'pix_to_gps len(cnts)': 1}
2021-01-27 13:17:59,829 baidu_map.py[line:317] INFO {'png_url': 'https://restapi.amap.com/v3/staticmap?location=114.524576,30.505736&zoom=16&size=1024*1024&scale=1&key=8177df6428097c5e23d3280ffdc5a13a'}
2021-01-27 13:18:00,373 baidu_map.py[line:332] INFO {'save_img_path': 'D:\\pythonProject\\usv\\baiduMap\\imgs\\gaode_114.524576_30.505736_16_1.png'}
2021-01-27 13:18:00,388 baidu_map.py[line:364] INFO 无法在点击处找到湖
2021-01-27 13:18:01,890 baidu_map.py[line:317] INFO {'png_url': 'https://apis.map.qq.com/ws/staticmap/v2/?center=30.505736,114.524576&zoom=16&size=1024*1024&scale=1&maptype=roadmap&key=PSABZ-URMWP-3ATDK-VBRCR-FBBMF-YHFCE'}
2021-01-27 13:18:02,706 baidu_map.py[line:332] INFO {'save_img_path': 'D:\\pythonProject\\usv\\baiduMap\\imgs\\tecent_114.524576_30.505736_16_1.png'}
2021-01-27 13:18:02,735 baidu_map.py[line:450] DEBUG {'pix_to_gps len(cnts)': 1176}
2021-01-27 13:18:02,752 baidu_map.py[line:450] DEBUG {'pix_to_gps len(cnts)': 1}
2021-01-27 13:19:16,719 baidu_map.py[line:317] INFO {'png_url': 'https://restapi.amap.com/v3/staticmap?location=114.524456,30.505563&zoom=16&size=1024*1024&scale=1&key=8177df6428097c5e23d3280ffdc5a13a'}
2021-01-27 13:19:17,283 baidu_map.py[line:332] INFO {'save_img_path': 'D:\\pythonProject\\usv\\baiduMap\\imgs\\gaode_114.524456_30.505563_16_1.png'}
2021-01-27 13:19:17,307 baidu_map.py[line:364] INFO 无法在点击处找到湖
2021-01-27 13:19:18,809 baidu_map.py[line:317] INFO {'png_url': 'https://apis.map.qq.com/ws/staticmap/v2/?center=30.505563,114.524456&zoom=16&size=1024*1024&scale=1&maptype=roadmap&key=PSABZ-URMWP-3ATDK-VBRCR-FBBMF-YHFCE'}
2021-01-27 13:19:19,596 baidu_map.py[line:332] INFO {'save_img_path': 'D:\\pythonProject\\usv\\baiduMap\\imgs\\tecent_114.524456_30.505563_16_1.png'}
2021-01-27 13:19:19,627 baidu_map.py[line:450] DEBUG {'pix_to_gps len(cnts)': 1176}
2021-01-27 13:19:19,645 baidu_map.py[line:450] DEBUG {'pix_to_gps len(cnts)': 1}
2021-01-27 13:19:30,184 baidu_map.py[line:553] DEBUG {'(x, y, w, h)': (260, 416, 366, 202)}
2021-01-27 13:19:30,188 baidu_map.py[line:450] DEBUG {'pix_to_gps len(cnts)': 45}
2021-01-27 13:22:08,289 baidu_map.py[line:317] INFO {'png_url': 'https://restapi.amap.com/v3/staticmap?location=114.524201,30.505475&zoom=16&size=1024*1024&scale=1&key=8177df6428097c5e23d3280ffdc5a13a'}
2021-01-27 13:22:08,886 baidu_map.py[line:332] INFO {'save_img_path': 'D:\\pythonProject\\usv\\baiduMap\\imgs\\gaode_114.524201_30.505475_16_1.png'}
2021-01-27 13:22:08,903 baidu_map.py[line:364] INFO 无法在点击处找到湖
2021-01-27 13:22:10,404 baidu_map.py[line:317] INFO {'png_url': 'https://apis.map.qq.com/ws/staticmap/v2/?center=30.505475,114.524201&zoom=16&size=1024*1024&scale=1&maptype=roadmap&key=PSABZ-URMWP-3ATDK-VBRCR-FBBMF-YHFCE'}
2021-01-27 13:22:11,147 baidu_map.py[line:332] INFO {'save_img_path': 'D:\\pythonProject\\usv\\baiduMap\\imgs\\tecent_114.524201_30.505475_16_1.png'}
2021-01-27 13:22:11,177 baidu_map.py[line:450] DEBUG {'pix_to_gps len(cnts)': 1176}
2021-01-27 13:22:11,202 baidu_map.py[line:450] DEBUG {'pix_to_gps len(cnts)': 1}
2021-01-27 13:22:14,462 baidu_map.py[line:553] DEBUG {'(x, y, w, h)': (271, 411, 366, 202)}
2021-01-27 13:22:14,466 baidu_map.py[line:450] DEBUG {'pix_to_gps len(cnts)': 45}
2021-01-27 13:22:17,484 baidu_map.py[line:450] DEBUG {'pix_to_gps len(cnts)': 29}
2021-01-27 13:23:38,750 baidu_map.py[line:317] INFO {'png_url': 'https://restapi.amap.com/v3/staticmap?location=114.524472,30.505634&zoom=16&size=1024*1024&scale=1&key=8177df6428097c5e23d3280ffdc5a13a'}
2021-01-27 13:23:39,385 baidu_map.py[line:332] INFO {'save_img_path': 'D:\\pythonProject\\usv\\baiduMap\\imgs\\gaode_114.524472_30.505634_16_1.png'}
2021-01-27 13:23:39,401 baidu_map.py[line:364] INFO 无法在点击处找到湖
2021-01-27 13:23:40,903 baidu_map.py[line:317] INFO {'png_url': 'https://apis.map.qq.com/ws/staticmap/v2/?center=30.505634,114.524472&zoom=16&size=1024*1024&scale=1&maptype=roadmap&key=PSABZ-URMWP-3ATDK-VBRCR-FBBMF-YHFCE'}
2021-01-27 13:23:41,861 baidu_map.py[line:332] INFO {'save_img_path': 'D:\\pythonProject\\usv\\baiduMap\\imgs\\tecent_114.524472_30.505634_16_1.png'}
2021-01-27 13:23:41,899 baidu_map.py[line:450] DEBUG {'pix_to_gps len(cnts)': 1176}
2021-01-27 13:23:41,916 baidu_map.py[line:450] DEBUG {'pix_to_gps len(cnts)': 1}
2021-01-27 13:23:44,671 baidu_map.py[line:553] DEBUG {'(x, y, w, h)': (259, 420, 366, 202)}
2021-01-27 13:23:44,672 baidu_map.py[line:450] DEBUG {'pix_to_gps len(cnts)': 45}
2021-01-27 13:23:47,154 baidu_map.py[line:450] DEBUG {'pix_to_gps len(cnts)': 45}
2021-01-27 13:25:29,004 baidu_map.py[line:317] INFO {'png_url': 'https://restapi.amap.com/v3/staticmap?location=114.524698,30.505455&zoom=16&size=1024*1024&scale=1&key=8177df6428097c5e23d3280ffdc5a13a'}
2021-01-27 13:25:29,616 baidu_map.py[line:332] INFO {'save_img_path': 'D:\\pythonProject\\usv\\baiduMap\\imgs\\gaode_114.524698_30.505455_16_1.png'}
2021-01-27 13:25:29,633 baidu_map.py[line:364] INFO 无法在点击处找到湖
2021-01-27 13:25:31,134 baidu_map.py[line:317] INFO {'png_url': 'https://apis.map.qq.com/ws/staticmap/v2/?center=30.505455,114.524698&zoom=16&size=1024*1024&scale=1&maptype=roadmap&key=PSABZ-URMWP-3ATDK-VBRCR-FBBMF-YHFCE'}
2021-01-27 13:25:31,985 baidu_map.py[line:332] INFO {'save_img_path': 'D:\\pythonProject\\usv\\baiduMap\\imgs\\tecent_114.524698_30.505455_16_1.png'}
2021-01-27 13:25:32,013 baidu_map.py[line:450] DEBUG {'pix_to_gps len(cnts)': 1176}
2021-01-27 13:25:32,031 baidu_map.py[line:450] DEBUG {'pix_to_gps len(cnts)': 1}
2021-01-27 13:32:33,531 baidu_map.py[line:317] INFO {'png_url': 'https://restapi.amap.com/v3/staticmap?location=114.431822,30.525691&zoom=14&size=1024*1024&scale=1&key=8177df6428097c5e23d3280ffdc5a13a'}
2021-01-27 13:32:34,652 baidu_map.py[line:332] INFO {'save_img_path': 'D:\\pythonProject\\usv\\baiduMap\\imgs\\gaode_114.431822_30.525691_14_1.png'}
2021-01-27 13:32:34,671 baidu_map.py[line:364] INFO 无法在点击处找到湖
2021-01-27 13:32:36,172 baidu_map.py[line:317] INFO {'png_url': 'https://apis.map.qq.com/ws/staticmap/v2/?center=30.525691,114.431822&zoom=14&size=1024*1024&scale=1&maptype=roadmap&key=PSABZ-URMWP-3ATDK-VBRCR-FBBMF-YHFCE'}
2021-01-27 13:32:37,355 baidu_map.py[line:332] INFO {'save_img_path': 'D:\\pythonProject\\usv\\baiduMap\\imgs\\tecent_114.431822_30.525691_14_1.png'}
2021-01-27 13:32:37,398 baidu_map.py[line:450] DEBUG {'pix_to_gps len(cnts)': 5283}
2021-01-27 13:32:37,497 baidu_map.py[line:450] DEBUG {'pix_to_gps len(cnts)': 1}
2021-01-27 13:32:48,053 baidu_map.py[line:317] INFO {'png_url': 'https://apis.map.qq.com/ws/staticmap/v2/?center=30.523782,114.426522&zoom=15&size=1024*1024&scale=1&maptype=roadmap&key=PSABZ-URMWP-3ATDK-VBRCR-FBBMF-YHFCE'}
2021-01-27 13:32:49,253 baidu_map.py[line:332] INFO {'save_img_path': 'D:\\pythonProject\\usv\\baiduMap\\imgs\\tecent_114.426522_30.523782_15_1.png'}
2021-01-27 13:32:49,296 baidu_map.py[line:450] DEBUG {'pix_to_gps len(cnts)': 230}
2021-01-27 13:32:49,300 baidu_map.py[line:450] DEBUG {'pix_to_gps len(cnts)': 1}
2021-01-27 13:33:12,661 baidu_map.py[line:553] DEBUG {'(x, y, w, h)': (477, 488, 66, 58)}
2021-01-27 13:33:12,661 baidu_map.py[line:450] DEBUG {'pix_to_gps len(cnts)': 12}
2021-01-27 13:33:12,690 baidu_map.py[line:450] DEBUG {'pix_to_gps len(cnts)': 12}
2021-01-27 13:46:43,715 baidu_map.py[line:553] DEBUG {'(x, y, w, h)': (477, 488, 66, 58)}
2021-01-27 13:46:43,715 baidu_map.py[line:450] DEBUG {'pix_to_gps len(cnts)': 12}
2021-01-27 13:46:43,731 baidu_map.py[line:450] DEBUG {'pix_to_gps len(cnts)': 12}
2021-01-27 13:46:44,133 baidu_map.py[line:553] DEBUG {'(x, y, w, h)': (477, 488, 66, 58)}
2021-01-27 13:46:44,134 baidu_map.py[line:450] DEBUG {'pix_to_gps len(cnts)': 12}
2021-01-27 13:46:44,167 baidu_map.py[line:450] DEBUG {'pix_to_gps len(cnts)': 12}
2021-01-27 13:46:52,989 baidu_map.py[line:553] DEBUG {'(x, y, w, h)': (477, 488, 66, 58)}
2021-01-27 13:46:52,989 baidu_map.py[line:450] DEBUG {'pix_to_gps len(cnts)': 12}
2021-01-27 13:46:53,005 baidu_map.py[line:450] DEBUG {'pix_to_gps len(cnts)': 12}
2021-01-27 13:47:20,272 baidu_map.py[line:450] DEBUG {'pix_to_gps len(cnts)': 2}
2021-01-27 13:48:25,026 baidu_map.py[line:553] DEBUG {'(x, y, w, h)': (477, 488, 66, 58)}
2021-01-27 13:48:25,026 baidu_map.py[line:450] DEBUG {'pix_to_gps len(cnts)': 12}
2021-01-27 13:48:25,038 baidu_map.py[line:450] DEBUG {'pix_to_gps len(cnts)': 12}
2021-01-27 13:48:46,897 baidu_map.py[line:450] DEBUG {'pix_to_gps len(cnts)': 3}
2021-01-27 13:49:42,857 baidu_map.py[line:450] DEBUG {'pix_to_gps len(cnts)': 5}
2021-01-27 13:50:36,002 baidu_map.py[line:450] DEBUG {'pix_to_gps len(cnts)': 2}
2021-01-27 13:50:47,029 baidu_map.py[line:553] DEBUG {'(x, y, w, h)': (477, 488, 66, 58)}
2021-01-27 13:50:47,029 baidu_map.py[line:450] DEBUG {'pix_to_gps len(cnts)': 12}
2021-01-27 13:50:47,056 baidu_map.py[line:450] DEBUG {'pix_to_gps len(cnts)': 12}
2021-01-27 13:52:28,094 baidu_map.py[line:450] DEBUG {'pix_to_gps len(cnts)': 2}
2021-01-27 13:52:29,505 baidu_map.py[line:450] DEBUG {'pix_to_gps len(cnts)': 2}
2021-01-27 13:57:23,806 baidu_map.py[line:317] INFO {'png_url': 'https://restapi.amap.com/v3/staticmap?location=114.524406,30.505317&zoom=16&size=1024*1024&scale=1&key=8177df6428097c5e23d3280ffdc5a13a'}
2021-01-27 13:57:24,382 baidu_map.py[line:332] INFO {'save_img_path': 'D:\\pythonProject\\usv\\baiduMap\\imgs\\gaode_114.524406_30.505317_16_1.png'}
2021-01-27 13:57:24,398 baidu_map.py[line:364] INFO 无法在点击处找到湖
2021-01-27 13:57:25,900 baidu_map.py[line:317] INFO {'png_url': 'https://apis.map.qq.com/ws/staticmap/v2/?center=30.505317,114.524406&zoom=16&size=1024*1024&scale=1&maptype=roadmap&key=PSABZ-URMWP-3ATDK-VBRCR-FBBMF-YHFCE'}
2021-01-27 13:57:26,791 baidu_map.py[line:332] INFO {'save_img_path': 'D:\\pythonProject\\usv\\baiduMap\\imgs\\tecent_114.524406_30.505317_16_1.png'}
2021-01-27 13:57:26,819 baidu_map.py[line:450] DEBUG {'pix_to_gps len(cnts)': 1176}
2021-01-27 13:57:26,838 baidu_map.py[line:450] DEBUG {'pix_to_gps len(cnts)': 1}
2021-01-27 13:57:28,872 baidu_map.py[line:553] DEBUG {'(x, y, w, h)': (262, 403, 366, 202)}
2021-01-27 13:57:28,878 baidu_map.py[line:450] DEBUG {'pix_to_gps len(cnts)': 45}
2021-01-27 13:57:31,366 baidu_map.py[line:450] DEBUG {'pix_to_gps len(cnts)': 45}
2021-01-27 13:57:41,895 baidu_map.py[line:317] INFO {'png_url': 'https://apis.map.qq.com/ws/staticmap/v2/?center=30.523806,114.431912&zoom=13&size=1024*1024&scale=1&maptype=roadmap&key=PSABZ-URMWP-3ATDK-VBRCR-FBBMF-YHFCE'}
2021-01-27 13:57:43,400 baidu_map.py[line:332] INFO {'save_img_path': 'D:\\pythonProject\\usv\\baiduMap\\imgs\\tecent_114.431912_30.523806_13_1.png'}
2021-01-27 13:57:43,446 baidu_map.py[line:450] DEBUG {'pix_to_gps len(cnts)': 2334}
2021-01-27 13:57:43,486 baidu_map.py[line:450] DEBUG {'pix_to_gps len(cnts)': 1}
2021-01-27 19:36:33,137 baidu_map.py[line:317] INFO {'png_url': 'https://restapi.amap.com/v3/staticmap?location=114.524418,30.505374&zoom=17&size=1024*1024&scale=1&key=8177df6428097c5e23d3280ffdc5a13a'}
2021-01-27 19:36:34,344 baidu_map.py[line:332] INFO {'save_img_path': 'D:\\pythonProject\\usv\\baiduMap\\imgs\\gaode_114.524418_30.505374_17_1.png'}
2021-01-27 19:36:34,637 baidu_map.py[line:364] INFO 无法在点击处找到湖
2021-01-27 19:36:36,142 baidu_map.py[line:317] INFO {'png_url': 'https://apis.map.qq.com/ws/staticmap/v2/?center=30.505374,114.524418&zoom=17&size=1024*1024&scale=1&maptype=roadmap&key=PSABZ-URMWP-3ATDK-VBRCR-FBBMF-YHFCE'}
2021-01-27 19:36:36,902 baidu_map.py[line:332] INFO {'save_img_path': 'D:\\pythonProject\\usv\\baiduMap\\imgs\\tecent_114.524418_30.505374_17_1.png'}
2021-01-27 19:36:36,958 baidu_map.py[line:450] DEBUG {'pix_to_gps len(cnts)': 2309}
2021-01-27 19:36:37,017 baidu_map.py[line:450] DEBUG {'pix_to_gps len(cnts)': 1}
2021-01-27 19:36:47,751 baidu_map.py[line:317] INFO {'png_url': 'https://apis.map.qq.com/ws/staticmap/v2/?center=30.505646,114.524540&zoom=15&size=1024*1024&scale=1&maptype=roadmap&key=PSABZ-URMWP-3ATDK-VBRCR-FBBMF-YHFCE'}
2021-01-27 19:36:49,280 baidu_map.py[line:332] INFO {'save_img_path': 'D:\\pythonProject\\usv\\baiduMap\\imgs\\tecent_114.524540_30.505646_15_1.png'}
2021-01-27 19:36:49,342 baidu_map.py[line:450] DEBUG {'pix_to_gps len(cnts)': 527}
2021-01-27 19:36:49,362 baidu_map.py[line:450] DEBUG {'pix_to_gps len(cnts)': 1}
2021-01-27 19:37:04,372 baidu_map.py[line:450] DEBUG {'pix_to_gps len(cnts)': 3}
2021-01-27 19:42:40,231 baidu_map.py[line:317] INFO {'png_url': 'https://restapi.amap.com/v3/staticmap?location=114.524192,30.505614&zoom=17&size=1024*1024&scale=1&key=8177df6428097c5e23d3280ffdc5a13a'}
2021-01-27 19:42:40,901 baidu_map.py[line:332] INFO {'save_img_path': 'D:\\pythonProject\\usv\\baiduMap\\imgs\\gaode_114.524192_30.505614_17_1.png'}
2021-01-27 19:42:40,932 baidu_map.py[line:364] INFO 无法在点击处找到湖
2021-01-27 19:42:42,433 baidu_map.py[line:317] INFO {'png_url': 'https://apis.map.qq.com/ws/staticmap/v2/?center=30.505614,114.524192&zoom=17&size=1024*1024&scale=1&maptype=roadmap&key=PSABZ-URMWP-3ATDK-VBRCR-FBBMF-YHFCE'}
2021-01-27 19:42:43,232 baidu_map.py[line:332] INFO {'save_img_path': 'D:\\pythonProject\\usv\\baiduMap\\imgs\\tecent_114.524192_30.505614_17_1.png'}
2021-01-27 19:42:43,283 baidu_map.py[line:450] DEBUG {'pix_to_gps len(cnts)': 2309}
2021-01-27 19:42:43,348 baidu_map.py[line:450] DEBUG {'pix_to_gps len(cnts)': 1}
2021-01-27 19:42:46,988 baidu_map.py[line:450] DEBUG {'pix_to_gps len(cnts)': 17}
2021-01-28 09:49:16,084 baidu_map.py[line:317] INFO {'png_url': 'https://restapi.amap.com/v3/staticmap?location=114.412182,30.518754&zoom=13&size=1024*1024&scale=1&key=8177df6428097c5e23d3280ffdc5a13a'}
2021-01-28 09:49:17,500 baidu_map.py[line:332] INFO {'save_img_path': 'D:\\pythonProject\\usv\\baiduMap\\imgs\\gaode_114.412182_30.518754_13_1.png'}
2021-01-28 09:49:17,524 baidu_map.py[line:364] INFO 无法在点击处找到湖
2021-01-28 09:49:19,027 baidu_map.py[line:317] INFO {'png_url': 'https://apis.map.qq.com/ws/staticmap/v2/?center=30.518754,114.412182&zoom=13&size=1024*1024&scale=1&maptype=roadmap&key=PSABZ-URMWP-3ATDK-VBRCR-FBBMF-YHFCE'}
2021-01-28 09:49:22,214 baidu_map.py[line:332] INFO {'save_img_path': 'D:\\pythonProject\\usv\\baiduMap\\imgs\\tecent_114.412182_30.518754_13_1.png'}
2021-01-28 09:49:22,258 baidu_map.py[line:364] INFO 无法在点击处找到湖
2021-01-28 09:49:23,762 baidu_map.py[line:317] INFO {'png_url': 'http://api.map.baidu.com/staticimage/v2?ak=wIt2mDCMGWRIi2pioR8GZnfrhSKQHzLY&center=114.412182,30.518754&width=1024&height=1024&zoom=13'}
2021-01-28 09:49:24,505 baidu_map.py[line:332] INFO {'save_img_path': 'D:\\pythonProject\\usv\\baiduMap\\imgs\\baidu_114.412182_30_13.png'}
2021-01-28 09:49:24,536 baidu_map.py[line:364] INFO 无法在点击处找到湖
2021-01-28 09:49:26,038 baidu_map.py[line:332] INFO {'save_img_path': 'D:\\pythonProject\\usv\\baiduMap\\imgs\\baidu_114.412182_30_13.png'}
2021-01-28 09:49:26,060 baidu_map.py[line:364] INFO 无法在点击处找到湖
2021-01-28 09:49:27,562 baidu_map.py[line:332] INFO {'save_img_path': 'D:\\pythonProject\\usv\\baiduMap\\imgs\\baidu_114.412182_30_13.png'}
2021-01-28 09:49:27,584 baidu_map.py[line:364] INFO 无法在点击处找到湖
2021-01-28 09:49:29,086 baidu_map.py[line:332] INFO {'save_img_path': 'D:\\pythonProject\\usv\\baiduMap\\imgs\\baidu_114.412182_30_13.png'}
2021-01-28 09:49:29,109 baidu_map.py[line:364] INFO 无法在点击处找到湖
2021-01-28 09:49:30,610 baidu_map.py[line:332] INFO {'save_img_path': 'D:\\pythonProject\\usv\\baiduMap\\imgs\\baidu_114.412182_30_13.png'}
2021-01-28 09:49:30,629 baidu_map.py[line:364] INFO 无法在点击处找到湖
2021-01-28 09:49:32,130 baidu_map.py[line:332] INFO {'save_img_path': 'D:\\pythonProject\\usv\\baiduMap\\imgs\\baidu_114.412182_30_13.png'}
2021-01-28 09:49:32,150 baidu_map.py[line:364] INFO 无法在点击处找到湖
2021-01-28 09:49:33,653 baidu_map.py[line:332] INFO {'save_img_path': 'D:\\pythonProject\\usv\\baiduMap\\imgs\\baidu_114.412182_30_13.png'}
2021-01-28 09:49:33,672 baidu_map.py[line:364] INFO 无法在点击处找到湖
2021-01-28 09:49:35,173 baidu_map.py[line:332] INFO {'save_img_path': 'D:\\pythonProject\\usv\\baiduMap\\imgs\\baidu_114.412182_30_13.png'}
2021-01-28 09:49:35,193 baidu_map.py[line:364] INFO 无法在点击处找到湖
2021-01-28 09:49:36,694 baidu_map.py[line:332] INFO {'save_img_path': 'D:\\pythonProject\\usv\\baiduMap\\imgs\\baidu_114.412182_30_13.png'}
2021-01-28 09:49:36,714 baidu_map.py[line:364] INFO 无法在点击处找到湖
2021-01-28 09:49:38,216 baidu_map.py[line:332] INFO {'save_img_path': 'D:\\pythonProject\\usv\\baiduMap\\imgs\\baidu_114.412182_30_13.png'}
2021-01-28 09:49:38,236 baidu_map.py[line:364] INFO 无法在点击处找到湖
2021-01-28 09:49:39,737 baidu_map.py[line:332] INFO {'save_img_path': 'D:\\pythonProject\\usv\\baiduMap\\imgs\\baidu_114.412182_30_13.png'}
2021-01-28 09:49:39,757 baidu_map.py[line:364] INFO 无法在点击处找到湖
2021-01-28 10:24:48,973 baidu_map.py[line:317] INFO {'png_url': 'https://restapi.amap.com/v3/staticmap?location=114.442747,30.523155&zoom=14&size=1024*1024&scale=1&key=8177df6428097c5e23d3280ffdc5a13a'}
2021-01-28 10:24:51,006 baidu_map.py[line:332] INFO {'save_img_path': 'D:\\pythonProject\\usv\\baiduMap\\imgs\\gaode_114.442747_30.523155_14_1.png'}
2021-01-28 10:24:51,031 baidu_map.py[line:364] INFO 无法在点击处找到湖
2021-01-28 10:24:52,532 baidu_map.py[line:317] INFO {'png_url': 'https://apis.map.qq.com/ws/staticmap/v2/?center=30.523155,114.442747&zoom=14&size=1024*1024&scale=1&maptype=roadmap&key=PSABZ-URMWP-3ATDK-VBRCR-FBBMF-YHFCE'}
2021-01-28 10:24:53,983 baidu_map.py[line:332] INFO {'save_img_path': 'D:\\pythonProject\\usv\\baiduMap\\imgs\\tecent_114.442747_30.523155_14_1.png'}
2021-01-28 10:24:54,025 baidu_map.py[line:364] INFO 无法在点击处找到湖
2021-01-28 10:24:55,526 baidu_map.py[line:317] INFO {'png_url': 'http://api.map.baidu.com/staticimage/v2?ak=wIt2mDCMGWRIi2pioR8GZnfrhSKQHzLY&center=114.442747,30.523155&width=1024&height=1024&zoom=14'}
2021-01-28 10:24:56,231 baidu_map.py[line:332] INFO {'save_img_path': 'D:\\pythonProject\\usv\\baiduMap\\imgs\\baidu_114.442747_30_14.png'}
2021-01-28 10:24:56,264 baidu_map.py[line:364] INFO 无法在点击处找到湖
2021-01-28 10:24:57,766 baidu_map.py[line:332] INFO {'save_img_path': 'D:\\pythonProject\\usv\\baiduMap\\imgs\\baidu_114.442747_30_14.png'}
2021-01-28 10:24:57,784 baidu_map.py[line:364] INFO 无法在点击处找到湖
2021-01-28 10:24:59,285 baidu_map.py[line:332] INFO {'save_img_path': 'D:\\pythonProject\\usv\\baiduMap\\imgs\\baidu_114.442747_30_14.png'}
2021-01-28 10:24:59,303 baidu_map.py[line:364] INFO 无法在点击处找到湖
2021-01-28 10:25:00,805 baidu_map.py[line:332] INFO {'save_img_path': 'D:\\pythonProject\\usv\\baiduMap\\imgs\\baidu_114.442747_30_14.png'}
2021-01-28 10:25:00,822 baidu_map.py[line:364] INFO 无法在点击处找到湖
2021-01-28 10:25:02,324 baidu_map.py[line:332] INFO {'save_img_path': 'D:\\pythonProject\\usv\\baiduMap\\imgs\\baidu_114.442747_30_14.png'}
2021-01-28 10:25:02,341 baidu_map.py[line:364] INFO 无法在点击处找到湖
2021-01-28 10:25:03,842 baidu_map.py[line:332] INFO {'save_img_path': 'D:\\pythonProject\\usv\\baiduMap\\imgs\\baidu_114.442747_30_14.png'}
2021-01-28 10:25:03,861 baidu_map.py[line:364] INFO 无法在点击处找到湖
2021-01-28 10:25:05,363 baidu_map.py[line:332] INFO {'save_img_path': 'D:\\pythonProject\\usv\\baiduMap\\imgs\\baidu_114.442747_30_14.png'}
2021-01-28 10:25:05,379 baidu_map.py[line:364] INFO 无法在点击处找到湖
2021-01-28 10:27:05,094 baidu_map.py[line:317] INFO {'png_url': 'https://restapi.amap.com/v3/staticmap?location=114.444787,30.522401&zoom=13&size=1024*1024&scale=1&key=8177df6428097c5e23d3280ffdc5a13a'}
2021-01-28 10:27:05,920 baidu_map.py[line:332] INFO {'save_img_path': 'D:\\pythonProject\\usv\\baiduMap\\imgs\\gaode_114.444787_30.522401_13_1.png'}
2021-01-28 10:27:05,945 baidu_map.py[line:364] INFO 无法在点击处找到湖
2021-01-28 10:27:07,448 baidu_map.py[line:317] INFO {'png_url': 'https://apis.map.qq.com/ws/staticmap/v2/?center=30.522401,114.444787&zoom=13&size=1024*1024&scale=1&maptype=roadmap&key=PSABZ-URMWP-3ATDK-VBRCR-FBBMF-YHFCE'}
2021-01-28 10:27:09,254 baidu_map.py[line:332] INFO {'save_img_path': 'D:\\pythonProject\\usv\\baiduMap\\imgs\\tecent_114.444787_30.522401_13_1.png'}
2021-01-28 10:27:09,295 baidu_map.py[line:364] INFO 无法在点击处找到湖
2021-01-28 10:27:10,796 baidu_map.py[line:317] INFO {'png_url': 'http://api.map.baidu.com/staticimage/v2?ak=wIt2mDCMGWRIi2pioR8GZnfrhSKQHzLY&center=114.444787,30.522401&width=1024&height=1024&zoom=13'}
2021-01-28 10:27:11,428 baidu_map.py[line:332] INFO {'save_img_path': 'D:\\pythonProject\\usv\\baiduMap\\imgs\\baidu_114.444787_30_13.png'}
2021-01-28 10:27:11,446 baidu_map.py[line:364] INFO 无法在点击处找到湖
2021-01-28 10:27:18,954 baidu_map.py[line:317] INFO {'png_url': 'https://restapi.amap.com/v3/staticmap?location=114.431141,30.524575&zoom=14&size=1024*1024&scale=1&key=8177df6428097c5e23d3280ffdc5a13a'}
2021-01-28 10:27:20,097 baidu_map.py[line:332] INFO {'save_img_path': 'D:\\pythonProject\\usv\\baiduMap\\imgs\\gaode_114.431141_30.524575_14_1.png'}
2021-01-28 10:27:20,114 baidu_map.py[line:450] DEBUG {'pix_to_gps len(cnts)': 1221}
2021-01-28 10:27:20,133 baidu_map.py[line:450] DEBUG {'pix_to_gps len(cnts)': 1}
2021-01-28 10:27:29,288 baidu_map.py[line:317] INFO {'png_url': 'https://restapi.amap.com/v3/staticmap?location=114.431413,30.525590&zoom=15&size=1024*1024&scale=1&key=8177df6428097c5e23d3280ffdc5a13a'}
2021-01-28 10:27:31,164 baidu_map.py[line:332] INFO {'save_img_path': 'D:\\pythonProject\\usv\\baiduMap\\imgs\\gaode_114.431413_30.525590_15_1.png'}
2021-01-28 10:27:31,182 baidu_map.py[line:450] DEBUG {'pix_to_gps len(cnts)': 2051}
2021-01-28 10:27:31,212 baidu_map.py[line:450] DEBUG {'pix_to_gps len(cnts)': 1}
2021-01-28 15:17:32,701 baidu_map.py[line:317] INFO {'png_url': 'https://restapi.amap.com/v3/staticmap?location=114.524059,30.505484&zoom=15&size=1024*1024&scale=1&key=8177df6428097c5e23d3280ffdc5a13a'}
2021-01-28 15:17:33,561 baidu_map.py[line:332] INFO {'save_img_path': 'D:\\pythonProject\\usv\\baiduMap\\imgs\\gaode_114.524059_30.505484_15_1.png'}
2021-01-28 15:17:33,844 baidu_map.py[line:364] INFO 无法在点击处找到湖
2021-01-28 15:17:35,360 baidu_map.py[line:317] INFO {'png_url': 'https://apis.map.qq.com/ws/staticmap/v2/?center=30.505484,114.524059&zoom=15&size=1024*1024&scale=1&maptype=roadmap&key=PSABZ-URMWP-3ATDK-VBRCR-FBBMF-YHFCE'}
2021-01-28 15:17:36,552 baidu_map.py[line:332] INFO {'save_img_path': 'D:\\pythonProject\\usv\\baiduMap\\imgs\\tecent_114.524059_30.505484_15_1.png'}
2021-01-28 15:17:36,602 baidu_map.py[line:450] DEBUG {'pix_to_gps len(cnts)': 527}
2021-01-28 15:17:36,622 baidu_map.py[line:450] DEBUG {'pix_to_gps len(cnts)': 1}
2021-01-28 15:18:42,958 baidu_map.py[line:553] DEBUG {'(x, y, w, h)': (438, 466, 140, 95)}
2021-01-28 15:18:42,958 baidu_map.py[line:450] DEBUG {'pix_to_gps len(cnts)': 34}
2021-01-28 15:18:43,555 baidu_map.py[line:450] DEBUG {'pix_to_gps len(cnts)': 34}
2021-01-28 15:19:20,495 baidu_map.py[line:317] INFO {'png_url': 'https://apis.map.qq.com/ws/staticmap/v2/?center=30.505558,114.524163&zoom=16&size=1024*1024&scale=1&maptype=roadmap&key=PSABZ-URMWP-3ATDK-VBRCR-FBBMF-YHFCE'}
2021-01-28 15:19:21,468 baidu_map.py[line:332] INFO {'save_img_path': 'D:\\pythonProject\\usv\\baiduMap\\imgs\\tecent_114.524163_30.505558_16_1.png'}
2021-01-28 15:19:21,499 baidu_map.py[line:450] DEBUG {'pix_to_gps len(cnts)': 1179}
2021-01-28 15:19:21,519 baidu_map.py[line:450] DEBUG {'pix_to_gps len(cnts)': 1}
