2021-04-23 12:57:11,569 server_data.py[line:489] INFO {'topic': 'pool_click_3c50f4c3-a9c1-4872-9f18-883af014380a', 'qos': 0}
2021-04-23 12:57:11,571 server_data.py[line:489] INFO {'topic': 'control_data_3c50f4c3-a9c1-4872-9f18-883af014380a', 'qos': 0}
2021-04-23 12:57:11,571 server_data.py[line:489] INFO {'topic': 'path_confirm_3c50f4c3-a9c1-4872-9f18-883af014380a', 'qos': 0}
2021-04-23 12:57:11,572 server_data.py[line:489] INFO {'topic': 'user_lng_lat_3c50f4c3-a9c1-4872-9f18-883af014380a', 'qos': 0}
2021-04-23 12:57:11,572 server_data.py[line:489] INFO {'topic': 'start_3c50f4c3-a9c1-4872-9f18-883af014380a', 'qos': 0}
2021-04-23 12:57:11,572 server_data.py[line:489] INFO {'topic': 'switch_3c50f4c3-a9c1-4872-9f18-883af014380a', 'qos': 0}
2021-04-23 12:57:11,573 server_data.py[line:489] INFO {'topic': 'pool_info_3c50f4c3-a9c1-4872-9f18-883af014380a', 'qos': 0}
2021-04-23 12:57:11,574 server_data.py[line:489] INFO {'topic': 'auto_lng_lat_3c50f4c3-a9c1-4872-9f18-883af014380a', 'qos': 0}
2021-04-23 12:57:11,574 server_data.py[line:489] INFO {'topic': 'path_planning_3c50f4c3-a9c1-4872-9f18-883af014380a', 'qos': 0}
2021-04-23 12:57:11,574 server_data.py[line:489] INFO {'topic': 'status_data_3c50f4c3-a9c1-4872-9f18-883af014380a', 'qos': 0}
2021-04-23 12:57:11,574 server_data.py[line:489] INFO {'topic': 'base_setting_3c50f4c3-a9c1-4872-9f18-883af014380a', 'qos': 0}
2021-04-23 12:57:11,574 server_data.py[line:489] INFO {'topic': 'height_setting_3c50f4c3-a9c1-4872-9f18-883af014380a', 'qos': 0}
2021-04-23 12:57:11,575 server_data.py[line:489] INFO {'topic': 'refresh_3c50f4c3-a9c1-4872-9f18-883af014380a', 'qos': 0}
2021-04-23 12:57:11,575 server_data.py[line:489] INFO {'topic': 'reset_pool_3c50f4c3-a9c1-4872-9f18-883af014380a', 'qos': 0}
2021-04-23 12:57:11,575 server_data.py[line:489] INFO {'topic': 'heart_3c50f4c3-a9c1-4872-9f18-883af014380a', 'qos': 0}
2021-04-23 12:57:11,576 server_data.py[line:489] INFO {'topic': 'set_home_3c50f4c3-a9c1-4872-9f18-883af014380a', 'qos': 0}
2021-04-23 12:57:11,576 server_data.py[line:489] INFO {'topic': 'path_planning_confirm_3c50f4c3-a9c1-4872-9f18-883af014380a', 'qos': 0}
2021-04-23 12:57:11,680 server_data.py[line:178] INFO Connected with result code:  0
2021-04-23 12:57:27,836 server_data.py[line:429] INFO {'refresh_setting ': {'info_type': 1}}
2021-04-23 12:57:27,836 server_data.py[line:369] INFO {'base_setting ': {'info_type': 1}}
2021-04-23 12:57:28,710 server_data.py[line:369] INFO {'base_setting ': {'speed_grade': 3, 'arrive_range': 2.5, 'keep_point': 5, 'secure_distance': 15, 'row': 50, 'col': 50, 'pool_name': '梁子湖', 'video_url': 'http://123.32132.321321.213', 'info_type': 3}}
2021-04-23 12:57:43,632 server_data.py[line:248] INFO {'topic': 'pool_click_3c50f4c3-a9c1-4872-9f18-883af014380a', 'lng_lat': [114.523991, 30.505881], 'zoom': 17.5}
2021-04-23 12:58:26,794 server_data.py[line:248] INFO {'topic': 'pool_click_3c50f4c3-a9c1-4872-9f18-883af014380a', 'lng_lat': [114.524006, 30.505992], 'zoom': 17.5}
2021-04-23 12:58:30,002 server_data.py[line:355] INFO {'topic': 'pool_info_3c50f4c3-a9c1-4872-9f18-883af014380a', 'mapId': '1354291518018142209'}
2021-04-23 12:58:30,898 server_data.py[line:429] INFO {'refresh_setting ': {'mapId': '1354291518018142209', 'sampling_points': [], 'path_points': [], 'info_type': 2}}
2021-04-23 12:58:57,430 server_data.py[line:282] INFO {'topic': 'user_lng_lat_3c50f4c3-a9c1-4872-9f18-883af014380a', 'target_lng_lat': [[114.524028, 30.505927]], 'zoom': 18, 'meter_pix': 0.7276185727642822, 'back_home': 0, 'fix_point': None}
2021-04-23 12:58:57,628 server_data.py[line:319] INFO {'topic': 'path_planning_3c50f4c3-a9c1-4872-9f18-883af014380a', 'sampling_points': [[114.524028, 30.505927]], 'path_points': [[114.524028, 30.505927]]}
2021-04-23 13:03:25,609 server_data.py[line:429] INFO {'refresh_setting ': {'info_type': 1}}
2021-04-23 13:03:25,610 server_data.py[line:369] INFO {'base_setting ': {'info_type': 1}}
2021-04-23 13:03:25,808 server_data.py[line:369] INFO {'base_setting ': {'speed_grade': 3, 'arrive_range': 2.5, 'keep_point': 5, 'secure_distance': 15, 'row': 50, 'col': 50, 'pool_name': '湖北省武汉市江夏区豹式值捞岫ヂ', 'video_url': 'http://123.32132.321321.213', 'info_type': 3}}
2021-04-23 13:03:26,101 server_data.py[line:429] INFO {'refresh_setting ': {'mapId': '1354291518018142209', 'sampling_points': [], 'path_points': [], 'info_type': 2}}
2021-04-23 13:03:30,404 server_data.py[line:446] INFO {'topic': 'reset_pool_3c50f4c3-a9c1-4872-9f18-883af014380a', 'reset_pool': 1}
2021-04-23 13:03:31,406 server_data.py[line:248] INFO {'topic': 'pool_click_3c50f4c3-a9c1-4872-9f18-883af014380a', 'lng_lat': [114.524083, 30.505568], 'zoom': 17.5}
2021-04-23 13:03:31,927 server_data.py[line:429] INFO {'refresh_setting ': {'info_type': 1}}
2021-04-23 13:03:31,927 server_data.py[line:369] INFO {'base_setting ': {'info_type': 1}}
2021-04-23 13:03:32,018 server_data.py[line:369] INFO {'base_setting ': {'speed_grade': 3, 'arrive_range': 2.5, 'keep_point': 5, 'secure_distance': 15, 'row': 50, 'col': 50, 'pool_name': '湖北省武汉市江夏区豹式值捞岫ヂ', 'video_url': 'http://123.32132.321321.213', 'info_type': 3}}
2021-04-23 13:03:33,736 server_data.py[line:355] INFO {'topic': 'pool_info_3c50f4c3-a9c1-4872-9f18-883af014380a', 'mapId': '1354291518018142209'}
2021-04-23 13:03:33,737 server_data.py[line:369] INFO {'base_setting ': {'speed_grade': 3, 'arrive_range': 2.5, 'keep_point': 5, 'secure_distance': 15, 'row': 50, 'col': 50, 'pool_name': '湖北省武汉市江夏区豹式值朗榛路', 'video_url': 'http://123.32132.321321.213', 'info_type': 3}}
2021-04-23 13:03:35,132 server_data.py[line:429] INFO {'refresh_setting ': {'mapId': '1354291518018142209', 'sampling_points': [], 'path_points': [], 'info_type': 2}}
2021-04-23 13:03:36,644 server_data.py[line:446] INFO {'topic': 'reset_pool_3c50f4c3-a9c1-4872-9f18-883af014380a', 'reset_pool': 1}
2021-04-23 13:03:37,621 server_data.py[line:248] INFO {'topic': 'pool_click_3c50f4c3-a9c1-4872-9f18-883af014380a', 'lng_lat': [114.523438, 30.50613], 'zoom': 17.5}
2021-04-23 13:03:38,284 server_data.py[line:429] INFO {'refresh_setting ': {'info_type': 1}}
2021-04-23 13:03:38,284 server_data.py[line:369] INFO {'base_setting ': {'info_type': 1}}
2021-04-23 13:03:38,427 server_data.py[line:369] INFO {'base_setting ': {'speed_grade': 3, 'arrive_range': 2.5, 'keep_point': 5, 'secure_distance': 15, 'row': 50, 'col': 50, 'pool_name': '湖北省武汉市江夏区豹式值朗榛路', 'video_url': 'http://123.32132.321321.213', 'info_type': 3}}
2021-04-23 13:03:39,171 server_data.py[line:355] INFO {'topic': 'pool_info_3c50f4c3-a9c1-4872-9f18-883af014380a', 'mapId': '1354291518018142209'}
2021-04-23 13:03:39,171 server_data.py[line:369] INFO {'base_setting ': {'speed_grade': 3, 'arrive_range': 2.5, 'keep_point': 5, 'secure_distance': 15, 'row': 50, 'col': 50, 'pool_name': '湖北省武汉市江夏区豹式值捞岫ヂ', 'video_url': 'http://123.32132.321321.213', 'info_type': 3}}
2021-04-23 13:03:40,144 server_data.py[line:429] INFO {'refresh_setting ': {'mapId': '1354291518018142209', 'sampling_points': [], 'path_points': [], 'info_type': 2}}
2021-04-23 13:03:41,503 server_data.py[line:446] INFO {'topic': 'reset_pool_3c50f4c3-a9c1-4872-9f18-883af014380a', 'reset_pool': 1}
2021-04-23 13:03:42,189 server_data.py[line:248] INFO {'topic': 'pool_click_3c50f4c3-a9c1-4872-9f18-883af014380a', 'lng_lat': [114.523529, 30.505882], 'zoom': 17.5}
2021-04-23 13:03:43,135 server_data.py[line:429] INFO {'refresh_setting ': {'info_type': 1}}
2021-04-23 13:03:43,136 server_data.py[line:369] INFO {'base_setting ': {'info_type': 1}}
2021-04-23 13:03:43,235 server_data.py[line:369] INFO {'base_setting ': {'speed_grade': 3, 'arrive_range': 2.5, 'keep_point': 5, 'secure_distance': 10, 'row': 50, 'col': 50, 'pool_name': '湖北省武汉市江夏区豹式值捞岫ヂ', 'video_url': 'http://123.32132.321321.213', 'info_type': 3}}
2021-04-23 13:03:44,077 server_data.py[line:355] INFO {'topic': 'pool_info_3c50f4c3-a9c1-4872-9f18-883af014380a', 'mapId': '1354291518018142209'}
2021-04-23 13:03:44,077 server_data.py[line:369] INFO {'base_setting ': {'speed_grade': 3, 'arrive_range': 2.5, 'keep_point': 5, 'secure_distance': 10, 'row': 50, 'col': 50, 'pool_name': '湖北省武汉市江夏区豹式值朗榛路', 'video_url': 'http://123.32132.321321.213', 'info_type': 3}}
2021-04-23 13:03:45,161 server_data.py[line:429] INFO {'refresh_setting ': {'mapId': '1354291518018142209', 'sampling_points': [], 'path_points': [], 'info_type': 2}}
2021-04-23 13:03:45,733 server_data.py[line:446] INFO {'topic': 'reset_pool_3c50f4c3-a9c1-4872-9f18-883af014380a', 'reset_pool': 1}
2021-04-23 13:03:46,498 server_data.py[line:248] INFO {'topic': 'pool_click_3c50f4c3-a9c1-4872-9f18-883af014380a', 'lng_lat': [114.523127, 30.505947], 'zoom': 17.5}
2021-04-23 13:03:47,428 server_data.py[line:429] INFO {'refresh_setting ': {'info_type': 1}}
2021-04-23 13:03:47,428 server_data.py[line:369] INFO {'base_setting ': {'info_type': 1}}
2021-04-23 13:03:47,539 server_data.py[line:369] INFO {'base_setting ': {'speed_grade': 3, 'arrive_range': 2.5, 'keep_point': 5, 'secure_distance': 10, 'row': 50, 'col': 50, 'pool_name': '湖北省武汉市江夏区豹式值朗榛路', 'video_url': 'http://123.32132.321321.213', 'info_type': 3}}
2021-04-23 13:03:47,949 server_data.py[line:355] INFO {'topic': 'pool_info_3c50f4c3-a9c1-4872-9f18-883af014380a', 'mapId': '1354291518018142209'}
2021-04-23 13:03:47,950 server_data.py[line:369] INFO {'base_setting ': {'speed_grade': 3, 'arrive_range': 2.5, 'keep_point': 5, 'secure_distance': 10, 'row': 50, 'col': 50, 'pool_name': '湖北省武汉市江夏区豹式值朗榛路', 'video_url': 'http://123.32132.321321.213', 'info_type': 3}}
2021-04-23 13:03:49,173 server_data.py[line:429] INFO {'refresh_setting ': {'mapId': '1354291518018142209', 'sampling_points': [], 'path_points': [], 'info_type': 2}}
2021-04-23 13:03:51,312 server_data.py[line:446] INFO {'topic': 'reset_pool_3c50f4c3-a9c1-4872-9f18-883af014380a', 'reset_pool': 1}
2021-04-23 13:03:52,193 server_data.py[line:248] INFO {'topic': 'pool_click_3c50f4c3-a9c1-4872-9f18-883af014380a', 'lng_lat': [114.523673, 30.505719], 'zoom': 17.5}
2021-04-23 13:03:52,956 server_data.py[line:429] INFO {'refresh_setting ': {'info_type': 1}}
2021-04-23 13:03:52,956 server_data.py[line:369] INFO {'base_setting ': {'info_type': 1}}
2021-04-23 13:03:53,016 server_data.py[line:369] INFO {'base_setting ': {'speed_grade': 3, 'arrive_range': 2.5, 'keep_point': 5, 'secure_distance': 10, 'row': 50, 'col': 50, 'pool_name': '湖北省武汉市江夏区豹式值朗榛路', 'video_url': 'http://123.32132.321321.213', 'info_type': 3}}
2021-04-23 13:03:53,818 server_data.py[line:355] INFO {'topic': 'pool_info_3c50f4c3-a9c1-4872-9f18-883af014380a', 'mapId': '1354291518018142209'}
2021-04-23 13:03:53,819 server_data.py[line:369] INFO {'base_setting ': {'speed_grade': 3, 'arrive_range': 2.5, 'keep_point': 5, 'secure_distance': 10, 'row': 50, 'col': 50, 'pool_name': '湖北省武汉市江夏区豹式值朗榛路', 'video_url': 'http://123.32132.321321.213', 'info_type': 3}}
2021-04-23 13:03:55,187 server_data.py[line:429] INFO {'refresh_setting ': {'mapId': '1354291518018142209', 'sampling_points': [], 'path_points': [], 'info_type': 2}}
2021-04-23 13:05:01,608 server_data.py[line:446] INFO {'topic': 'reset_pool_3c50f4c3-a9c1-4872-9f18-883af014380a', 'reset_pool': 1}
2021-04-23 13:05:02,377 server_data.py[line:248] INFO {'topic': 'pool_click_3c50f4c3-a9c1-4872-9f18-883af014380a', 'lng_lat': [114.523946, 30.506326], 'zoom': 17.5}
2021-04-23 13:05:03,805 server_data.py[line:355] INFO {'topic': 'pool_info_3c50f4c3-a9c1-4872-9f18-883af014380a', 'mapId': '1354291518018142209'}
2021-04-23 13:05:03,806 server_data.py[line:369] INFO {'base_setting ': {'speed_grade': 3, 'arrive_range': 2.5, 'keep_point': 5, 'secure_distance': 10, 'row': 50, 'col': 50, 'pool_name': '湖北省武汉市江夏区豹式值捞岫ヂ', 'video_url': 'http://123.32132.321321.213', 'info_type': 3}}
2021-04-23 13:05:14,430 server_data.py[line:429] INFO {'refresh_setting ': {'info_type': 1}}
2021-04-23 13:05:14,431 server_data.py[line:369] INFO {'base_setting ': {'info_type': 1}}
2021-04-23 13:05:14,469 server_data.py[line:369] INFO {'base_setting ': {'speed_grade': 3, 'arrive_range': 2.5, 'keep_point': 5, 'secure_distance': 10, 'row': 50, 'col': 50, 'pool_name': '湖北省武汉市江夏区豹式值捞岫ヂ', 'video_url': 'http://123.32132.321321.213', 'info_type': 3}}
2021-04-23 13:05:14,618 server_data.py[line:429] INFO {'refresh_setting ': {'mapId': '1354291518018142209', 'sampling_points': [], 'path_points': [], 'info_type': 2}}
2021-04-23 13:05:18,451 server_data.py[line:446] INFO {'topic': 'reset_pool_3c50f4c3-a9c1-4872-9f18-883af014380a', 'reset_pool': 1}
2021-04-23 13:05:20,169 server_data.py[line:429] INFO {'refresh_setting ': {'info_type': 1}}
2021-04-23 13:05:20,169 server_data.py[line:369] INFO {'base_setting ': {'info_type': 1}}
2021-04-23 13:05:20,279 server_data.py[line:369] INFO {'base_setting ': {'speed_grade': 3, 'arrive_range': 2.5, 'keep_point': 5, 'secure_distance': 10, 'row': 50, 'col': 50, 'pool_name': '湖北省武汉市江夏区豹式值捞岫ヂ', 'video_url': 'http://123.32132.321321.213', 'info_type': 3}}
2021-04-23 13:05:24,718 server_data.py[line:248] INFO {'topic': 'pool_click_3c50f4c3-a9c1-4872-9f18-883af014380a', 'lng_lat': [114.52337, 30.505875], 'zoom': 17.5}
2021-04-23 13:05:25,666 server_data.py[line:355] INFO {'topic': 'pool_info_3c50f4c3-a9c1-4872-9f18-883af014380a', 'mapId': '1354291518018142209'}
2021-04-23 13:05:25,667 server_data.py[line:369] INFO {'base_setting ': {'speed_grade': 3, 'arrive_range': 2.5, 'keep_point': 5, 'secure_distance': 10, 'row': 50, 'col': 50, 'pool_name': '湖北省武汉市江夏区豹式值朗榛路', 'video_url': 'http://123.32132.321321.213', 'info_type': 3}}
2021-04-23 13:05:26,185 server_data.py[line:429] INFO {'refresh_setting ': {'mapId': '1354291518018142209', 'sampling_points': [], 'path_points': [], 'info_type': 2}}
2021-04-23 13:05:46,600 server_data.py[line:446] INFO {'topic': 'reset_pool_3c50f4c3-a9c1-4872-9f18-883af014380a', 'reset_pool': 1}
2021-04-23 13:05:48,391 server_data.py[line:429] INFO {'refresh_setting ': {'info_type': 1}}
2021-04-23 13:05:48,392 server_data.py[line:369] INFO {'base_setting ': {'info_type': 1}}
2021-04-23 13:05:48,565 server_data.py[line:369] INFO {'base_setting ': {'speed_grade': 3, 'arrive_range': 2.5, 'keep_point': 5, 'secure_distance': 10, 'row': 50, 'col': 50, 'pool_name': '湖北省武汉市江夏区豹式值朗榛路', 'video_url': 'http://123.32132.321321.213', 'info_type': 3}}
2021-04-23 13:05:51,130 server_data.py[line:248] INFO {'topic': 'pool_click_3c50f4c3-a9c1-4872-9f18-883af014380a', 'lng_lat': [114.523559, 30.505941], 'zoom': 17.5}
2021-04-23 13:05:52,530 server_data.py[line:355] INFO {'topic': 'pool_info_3c50f4c3-a9c1-4872-9f18-883af014380a', 'mapId': '1354291518018142209'}
2021-04-23 13:05:52,531 server_data.py[line:369] INFO {'base_setting ': {'speed_grade': 3, 'arrive_range': 2.5, 'keep_point': 5, 'secure_distance': 10, 'row': 50, 'col': 50, 'pool_name': '湖北省武汉市江夏区豹式值捞岫ヂ', 'video_url': 'http://123.32132.321321.213', 'info_type': 3}}
2021-04-23 13:05:53,300 server_data.py[line:429] INFO {'refresh_setting ': {'mapId': '1354291518018142209', 'sampling_points': [], 'path_points': [], 'info_type': 2}}
2021-04-23 13:05:54,674 server_data.py[line:296] INFO {'topic': 'auto_lng_lat_3c50f4c3-a9c1-4872-9f18-883af014380a', 'row_gap': 1}
2021-04-23 13:05:54,801 server_data.py[line:319] INFO {'topic': 'path_planning_3c50f4c3-a9c1-4872-9f18-883af014380a', 'sampling_points': [[114.52394, 30.506917], [114.524461, 30.506918], [114.52394, 30.506469], [114.52342, 30.506469], [114.522898, 30.506468], [114.522378, 30.506469], [114.521857, 30.506469], [114.521336, 30.506469], [114.521336, 30.506021], [114.521857, 30.50602], [114.522377, 30.506019], [114.522898, 30.50602], [114.523419, 30.50602], [114.52394, 30.50602], [114.524461, 30.50602], [114.525503, 30.50602], [114.526024, 30.506019], [114.526024, 30.50557], [114.525503, 30.50557], [114.524982, 30.505571], [114.524461, 30.50557], [114.52394, 30.505571], [114.523419, 30.505571], [114.522898, 30.505571], [114.522378, 30.505571], [114.521857, 30.50557], [114.522898, 30.505122], [114.523419, 30.505122], [114.523941, 30.505122], [114.524461, 30.505122], [114.524983, 30.505123], [114.525502, 30.505121], [114.525504, 30.504674], [114.524981, 30.504672], [114.524461, 30.504673], [114.52394, 30.504673], [114.52342, 30.504673], [114.523939, 30.504224], [114.524463, 30.504225], [114.524981, 30.504224]], 'path_points': [[114.52394, 30.506917], [114.524461, 30.506918], [114.52394, 30.506469], [114.52342, 30.506469], [114.522898, 30.506468], [114.522378, 30.506469], [114.521857, 30.506469], [114.521336, 30.506469], [114.521336, 30.506021], [114.521857, 30.50602], [114.522377, 30.506019], [114.522898, 30.50602], [114.523419, 30.50602], [114.52394, 30.50602], [114.524461, 30.50602], [114.525503, 30.50602], [114.526024, 30.506019], [114.526024, 30.50557], [114.525503, 30.50557], [114.524982, 30.505571], [114.524461, 30.50557], [114.52394, 30.505571], [114.523419, 30.505571], [114.522898, 30.505571], [114.522378, 30.505571], [114.521857, 30.50557], [114.522898, 30.505122], [114.523419, 30.505122], [114.523941, 30.505122], [114.524461, 30.505122], [114.524983, 30.505123], [114.525502, 30.505121], [114.525504, 30.504674], [114.524981, 30.504672], [114.524461, 30.504673], [114.52394, 30.504673], [114.52342, 30.504673], [114.523939, 30.504224], [114.524463, 30.504225], [114.524981, 30.504224]]}
2021-04-23 13:06:03,074 server_data.py[line:346] INFO {'topic': 'start_3c50f4c3-a9c1-4872-9f18-883af014380a', 'b_start': 1}
2021-04-23 13:07:06,367 server_data.py[line:216] INFO {'topic': 'control_data_3c50f4c3-a9c1-4872-9f18-883af014380a', 'control_move_direction': -1}
2021-04-23 13:08:05,424 server_data.py[line:216] INFO {'topic': 'control_data_3c50f4c3-a9c1-4872-9f18-883af014380a', 'control_move_direction': -1}
2021-04-23 13:14:27,607 server_data.py[line:429] INFO {'refresh_setting ': {'info_type': 1}}
2021-04-23 13:14:27,607 server_data.py[line:369] INFO {'base_setting ': {'info_type': 1}}
2021-04-23 13:14:27,775 server_data.py[line:369] INFO {'base_setting ': {'speed_grade': 3, 'arrive_range': 2.5, 'keep_point': 5, 'secure_distance': 10, 'row': 50, 'col': 50, 'pool_name': '湖北省武汉市江夏区豹式值捞岫ヂ', 'video_url': 'http://123.32132.321321.213', 'info_type': 3}}
2021-04-23 13:14:27,994 server_data.py[line:429] INFO {'refresh_setting ': {'mapId': '1354291518018142209', 'sampling_points': [], 'path_points': [], 'info_type': 2}}
2021-04-23 13:14:40,229 server_data.py[line:489] INFO {'topic': 'pool_click_3c50f4c3-a9c1-4872-9f18-883af014380a', 'qos': 0}
2021-04-23 13:14:40,230 server_data.py[line:489] INFO {'topic': 'control_data_3c50f4c3-a9c1-4872-9f18-883af014380a', 'qos': 0}
2021-04-23 13:14:40,230 server_data.py[line:489] INFO {'topic': 'path_confirm_3c50f4c3-a9c1-4872-9f18-883af014380a', 'qos': 0}
2021-04-23 13:14:40,230 server_data.py[line:489] INFO {'topic': 'user_lng_lat_3c50f4c3-a9c1-4872-9f18-883af014380a', 'qos': 0}
2021-04-23 13:14:40,230 server_data.py[line:489] INFO {'topic': 'start_3c50f4c3-a9c1-4872-9f18-883af014380a', 'qos': 0}
2021-04-23 13:14:40,230 server_data.py[line:489] INFO {'topic': 'switch_3c50f4c3-a9c1-4872-9f18-883af014380a', 'qos': 0}
2021-04-23 13:14:40,231 server_data.py[line:489] INFO {'topic': 'pool_info_3c50f4c3-a9c1-4872-9f18-883af014380a', 'qos': 0}
2021-04-23 13:14:40,231 server_data.py[line:489] INFO {'topic': 'auto_lng_lat_3c50f4c3-a9c1-4872-9f18-883af014380a', 'qos': 0}
2021-04-23 13:14:40,231 server_data.py[line:489] INFO {'topic': 'path_planning_3c50f4c3-a9c1-4872-9f18-883af014380a', 'qos': 0}
2021-04-23 13:14:40,231 server_data.py[line:489] INFO {'topic': 'status_data_3c50f4c3-a9c1-4872-9f18-883af014380a', 'qos': 0}
2021-04-23 13:14:40,231 server_data.py[line:489] INFO {'topic': 'base_setting_3c50f4c3-a9c1-4872-9f18-883af014380a', 'qos': 0}
2021-04-23 13:14:40,231 server_data.py[line:489] INFO {'topic': 'height_setting_3c50f4c3-a9c1-4872-9f18-883af014380a', 'qos': 0}
2021-04-23 13:14:40,232 server_data.py[line:489] INFO {'topic': 'refresh_3c50f4c3-a9c1-4872-9f18-883af014380a', 'qos': 0}
2021-04-23 13:14:40,232 server_data.py[line:489] INFO {'topic': 'reset_pool_3c50f4c3-a9c1-4872-9f18-883af014380a', 'qos': 0}
2021-04-23 13:14:40,232 server_data.py[line:489] INFO {'topic': 'heart_3c50f4c3-a9c1-4872-9f18-883af014380a', 'qos': 0}
2021-04-23 13:14:40,232 server_data.py[line:489] INFO {'topic': 'set_home_3c50f4c3-a9c1-4872-9f18-883af014380a', 'qos': 0}
2021-04-23 13:14:40,232 server_data.py[line:489] INFO {'topic': 'path_planning_confirm_3c50f4c3-a9c1-4872-9f18-883af014380a', 'qos': 0}
2021-04-23 13:14:40,247 server_data.py[line:178] INFO Connected with result code:  0
2021-04-23 13:15:07,029 server_data.py[line:282] INFO {'topic': 'user_lng_lat_3c50f4c3-a9c1-4872-9f18-883af014380a', 'target_lng_lat': [[114.521872, 30.506559]], 'zoom': 17, 'meter_pix': 0.7429089441149934, 'back_home': 0, 'fix_point': None}
2021-04-23 13:15:07,032 server_data.py[line:319] INFO {'topic': 'path_planning_3c50f4c3-a9c1-4872-9f18-883af014380a', 'sampling_points': [[114.521872, 30.506559]], 'path_points': [[114.521872, 30.506559]]}
2021-04-23 13:15:16,600 server_data.py[line:282] INFO {'topic': 'user_lng_lat_3c50f4c3-a9c1-4872-9f18-883af014380a', 'target_lng_lat': [[114.522432, 30.506492]], 'zoom': 17, 'meter_pix': 0.7429089441149934, 'back_home': 0, 'fix_point': None}
2021-04-23 13:15:16,651 server_data.py[line:319] INFO {'topic': 'path_planning_3c50f4c3-a9c1-4872-9f18-883af014380a', 'sampling_points': [[114.522432, 30.506492]], 'path_points': [[114.522432, 30.506492]]}
2021-04-23 13:15:23,778 server_data.py[line:282] INFO {'topic': 'user_lng_lat_3c50f4c3-a9c1-4872-9f18-883af014380a', 'target_lng_lat': [[114.522712, 30.506438]], 'zoom': 17, 'meter_pix': 0.7429089441149934, 'back_home': 0, 'fix_point': None}
2021-04-23 13:15:23,864 server_data.py[line:319] INFO {'topic': 'path_planning_3c50f4c3-a9c1-4872-9f18-883af014380a', 'sampling_points': [[114.522712, 30.506438]], 'path_points': [[114.522712, 30.506438]]}
2021-04-23 13:16:08,647 server_data.py[line:429] INFO {'refresh_setting ': {'info_type': 1}}
2021-04-23 13:16:08,648 server_data.py[line:369] INFO {'base_setting ': {'info_type': 1}}
2021-04-23 13:16:08,813 server_data.py[line:369] INFO {'base_setting ': {'speed_grade': 3, 'arrive_range': 2.5, 'keep_point': 5, 'secure_distance': 10, 'row': 50, 'col': 50, 'pool_name': '湖北省武汉市江夏区豹式值捞岫ヂ', 'video_url': 'http://123.32132.321321.213', 'info_type': 3}}
2021-04-23 13:16:12,486 server_data.py[line:248] INFO {'topic': 'pool_click_3c50f4c3-a9c1-4872-9f18-883af014380a', 'lng_lat': [114.523731, 30.505729], 'zoom': 17.5}
2021-04-23 13:16:14,710 server_data.py[line:355] INFO {'topic': 'pool_info_3c50f4c3-a9c1-4872-9f18-883af014380a', 'mapId': '1354291518018142209'}
2021-04-23 13:16:14,711 server_data.py[line:369] INFO {'base_setting ': {'speed_grade': 3, 'arrive_range': 2.5, 'keep_point': 5, 'secure_distance': 10, 'row': 50, 'col': 50, 'pool_name': '湖北省武汉市江夏区豹式值朗榛路', 'video_url': 'http://123.32132.321321.213', 'info_type': 3}}
2021-04-23 13:16:16,020 server_data.py[line:429] INFO {'refresh_setting ': {'mapId': '1354291518018142209', 'sampling_points': [], 'path_points': [], 'info_type': 2}}
2021-04-23 13:16:22,083 server_data.py[line:282] INFO {'topic': 'user_lng_lat_3c50f4c3-a9c1-4872-9f18-883af014380a', 'target_lng_lat': [[114.523985, 30.506878]], 'zoom': 18, 'meter_pix': 0.3638067386729754, 'back_home': 0, 'fix_point': None}
2021-04-23 13:16:22,205 server_data.py[line:319] INFO {'topic': 'path_planning_3c50f4c3-a9c1-4872-9f18-883af014380a', 'sampling_points': [[114.523985, 30.506878]], 'path_points': [[114.523984, 30.506881]]}
2021-04-23 13:16:25,714 server_data.py[line:216] INFO {'topic': 'control_data_3c50f4c3-a9c1-4872-9f18-883af014380a', 'control_move_direction': -1}
2021-04-23 13:16:27,561 server_data.py[line:400] INFO {'height_setting_data': {'info_type': 1}}
2021-04-23 13:16:28,349 server_data.py[line:400] INFO {'height_setting_data': {'motor_forward': 200, 'motor_steer': 200, 'kp': '3.0', 'ki': '0.3', 'kd': '1', 'full_speed_meter': 6, 'check_status_interval': 1, 'max_pwm': 1800, 'min_pwm': 1200, 'left_motor_cw': 1, 'right_motor_cw': 0, 'draw_time': 30, 'pid_interval': 0.1, 'start_sleep_time': 6, 'motor_init_time': 4, 'check_network_interval': 10, 'stop_pwm': 1510, 'network_backhome': 0, 'energy_backhome': 0, 'find_points_num': 5, 'b_tsp': 0, 'b_check_network': 0, 'b_play_audio': 0, 'home_debug': 1, 'obstacle_avoid_type': 1, 'path_plan_type': 1, 'path_track_type': '1', 'calibration_compass': 0, 'info_type': 3}}
2021-04-23 13:19:12,603 server_data.py[line:489] INFO {'topic': 'pool_click_3c50f4c3-a9c1-4872-9f18-883af014380a', 'qos': 0}
2021-04-23 13:19:12,604 server_data.py[line:489] INFO {'topic': 'control_data_3c50f4c3-a9c1-4872-9f18-883af014380a', 'qos': 0}
2021-04-23 13:19:12,604 server_data.py[line:489] INFO {'topic': 'path_confirm_3c50f4c3-a9c1-4872-9f18-883af014380a', 'qos': 0}
2021-04-23 13:19:12,604 server_data.py[line:489] INFO {'topic': 'user_lng_lat_3c50f4c3-a9c1-4872-9f18-883af014380a', 'qos': 0}
2021-04-23 13:19:12,605 server_data.py[line:489] INFO {'topic': 'start_3c50f4c3-a9c1-4872-9f18-883af014380a', 'qos': 0}
2021-04-23 13:19:12,605 server_data.py[line:489] INFO {'topic': 'switch_3c50f4c3-a9c1-4872-9f18-883af014380a', 'qos': 0}
2021-04-23 13:19:12,605 server_data.py[line:489] INFO {'topic': 'pool_info_3c50f4c3-a9c1-4872-9f18-883af014380a', 'qos': 0}
2021-04-23 13:19:12,605 server_data.py[line:489] INFO {'topic': 'auto_lng_lat_3c50f4c3-a9c1-4872-9f18-883af014380a', 'qos': 0}
2021-04-23 13:19:12,606 server_data.py[line:489] INFO {'topic': 'path_planning_3c50f4c3-a9c1-4872-9f18-883af014380a', 'qos': 0}
2021-04-23 13:19:12,606 server_data.py[line:489] INFO {'topic': 'status_data_3c50f4c3-a9c1-4872-9f18-883af014380a', 'qos': 0}
2021-04-23 13:19:12,606 server_data.py[line:489] INFO {'topic': 'base_setting_3c50f4c3-a9c1-4872-9f18-883af014380a', 'qos': 0}
2021-04-23 13:19:12,606 server_data.py[line:489] INFO {'topic': 'height_setting_3c50f4c3-a9c1-4872-9f18-883af014380a', 'qos': 0}
2021-04-23 13:19:12,607 server_data.py[line:489] INFO {'topic': 'refresh_3c50f4c3-a9c1-4872-9f18-883af014380a', 'qos': 0}
2021-04-23 13:19:12,607 server_data.py[line:489] INFO {'topic': 'reset_pool_3c50f4c3-a9c1-4872-9f18-883af014380a', 'qos': 0}
2021-04-23 13:19:12,607 server_data.py[line:489] INFO {'topic': 'heart_3c50f4c3-a9c1-4872-9f18-883af014380a', 'qos': 0}
2021-04-23 13:19:12,607 server_data.py[line:489] INFO {'topic': 'set_home_3c50f4c3-a9c1-4872-9f18-883af014380a', 'qos': 0}
2021-04-23 13:19:12,608 server_data.py[line:489] INFO {'topic': 'path_planning_confirm_3c50f4c3-a9c1-4872-9f18-883af014380a', 'qos': 0}
2021-04-23 13:19:12,617 server_data.py[line:178] INFO Connected with result code:  0
2021-04-23 13:19:17,466 server_data.py[line:429] INFO {'refresh_setting ': {'info_type': 1}}
2021-04-23 13:19:17,467 server_data.py[line:369] INFO {'base_setting ': {'info_type': 1}}
2021-04-23 13:19:17,614 server_data.py[line:369] INFO {'base_setting ': {'speed_grade': 3, 'arrive_range': 2.5, 'keep_point': 5, 'secure_distance': 15, 'row': 50, 'col': 50, 'pool_name': '湖北省武汉市江夏区豹式值朗榛路', 'video_url': 'http://123.32132.321321.213', 'info_type': 3}}
2021-04-23 13:19:22,262 server_data.py[line:248] INFO {'topic': 'pool_click_3c50f4c3-a9c1-4872-9f18-883af014380a', 'lng_lat': [114.523672, 30.506084], 'zoom': 17.5}
2021-04-23 13:19:25,247 server_data.py[line:355] INFO {'topic': 'pool_info_3c50f4c3-a9c1-4872-9f18-883af014380a', 'mapId': '1354291518018142209'}
2021-04-23 13:19:25,248 server_data.py[line:369] INFO {'base_setting ': {'speed_grade': 3, 'arrive_range': 2.5, 'keep_point': 5, 'secure_distance': 15, 'row': 50, 'col': 50, 'pool_name': '湖北省武汉市江夏区豹式值捞岫ヂ', 'video_url': 'http://123.32132.321321.213', 'info_type': 3}}
2021-04-23 13:19:26,256 server_data.py[line:429] INFO {'refresh_setting ': {'mapId': '1354291518018142209', 'sampling_points': [], 'path_points': [], 'info_type': 2}}
2021-04-23 13:19:27,804 server_data.py[line:282] INFO {'topic': 'user_lng_lat_3c50f4c3-a9c1-4872-9f18-883af014380a', 'target_lng_lat': [[114.522822, 30.506455]], 'zoom': 18, 'meter_pix': 0.36380651046157003, 'back_home': 0, 'fix_point': None}
2021-04-23 13:19:27,843 server_data.py[line:319] INFO {'topic': 'path_planning_3c50f4c3-a9c1-4872-9f18-883af014380a', 'sampling_points': [[114.522822, 30.506455]], 'path_points': [[114.522818, 30.506454]]}
2021-04-23 13:19:51,010 server_data.py[line:282] INFO {'topic': 'user_lng_lat_3c50f4c3-a9c1-4872-9f18-883af014380a', 'target_lng_lat': [[114.524199, 30.5069]], 'zoom': 18, 'meter_pix': 0.36380651046157003, 'back_home': 0, 'fix_point': None}
2021-04-23 13:19:51,085 server_data.py[line:319] INFO {'topic': 'path_planning_3c50f4c3-a9c1-4872-9f18-883af014380a', 'sampling_points': [[114.524199, 30.5069]], 'path_points': [[114.524199, 30.506903]]}
2021-04-23 14:20:52,513 server_data.py[line:296] INFO {'topic': 'auto_lng_lat_3c50f4c3-a9c1-4872-9f18-883af014380a', 'row_gap': 1}
2021-04-23 14:20:55,556 server_data.py[line:319] INFO {'topic': 'path_planning_3c50f4c3-a9c1-4872-9f18-883af014380a', 'sampling_points': [[114.525616, 30.506468], [114.524053, 30.506468], [114.523532, 30.506468], [114.523011, 30.506468], [114.522491, 30.506469], [114.52197, 30.506469], [114.521448, 30.506467], [114.521449, 30.50602], [114.52197, 30.50602], [114.52249, 30.50602], [114.523011, 30.506019], [114.523532, 30.506019], [114.524053, 30.506019], [114.524574, 30.506019], [114.525616, 30.50602], [114.526137, 30.506021], [114.525617, 30.505572], [114.525095, 30.505571], [114.524574, 30.50557], [114.524053, 30.50557], [114.523532, 30.50557], [114.523012, 30.50557], [114.522491, 30.50557], [114.52197, 30.50557], [114.523011, 30.505122], [114.523533, 30.505122], [114.524052, 30.505121], [114.524574, 30.505121], [114.525096, 30.505122], [114.525616, 30.505121], [114.525096, 30.504673], [114.524573, 30.504672], [114.524053, 30.504673], [114.523532, 30.504673], [114.524053, 30.504224], [114.524575, 30.504224], [114.525095, 30.504224]], 'path_points': [[114.524102, 30.506843], [114.524123, 30.506824], [114.524144, 30.506806], [114.524166, 30.506787], [114.524188, 30.506769], [114.524209, 30.50675], [114.52423, 30.506732], [114.524253, 30.506713], [114.524273, 30.506695], [114.524295, 30.506676], [114.524295, 30.506658], [114.524295, 30.50664], [114.524295, 30.506621], [114.524295, 30.506602], [114.524295, 30.506584], [114.524295, 30.506565], [114.524295, 30.506547], [114.524295, 30.506528], [114.524316, 30.50651], [114.524316, 30.506492], [114.524338, 30.506473], [114.524359, 30.506454], [114.524381, 30.506435], [114.524402, 30.506417], [114.524402, 30.506399], [114.524402, 30.50638], [114.524402, 30.506362], [114.524402, 30.506343], [114.524424, 30.506325], [114.524445, 30.506306], [114.524467, 30.506288], [114.524488, 30.506269], [114.52451, 30.506251], [114.524531, 30.506232], [114.524553, 30.506214], [114.524574, 30.506195], [114.524596, 30.506176], [114.524617, 30.506158], [114.524639, 30.506139], [114.52466, 30.506121], [114.524682, 30.506102], [114.524703, 30.506084], [114.524725, 30.506065], [114.524746, 30.506047], [114.524768, 30.506048], [114.524789, 30.506047], [114.52481, 30.506046], [114.524832, 30.506047], [114.524854, 30.506029], [114.524875, 30.506028], [114.524896, 30.506029], [114.524918, 30.506028], [114.524939, 30.506029], [114.524961, 30.506028], [114.524982, 30.506009], [114.525004, 30.50601], [114.525025, 30.506011], [114.525047, 30.506009], [114.525068, 30.50601], [114.52509, 30.506009], [114.525111, 30.50601], [114.525133, 30.506009], [114.525154, 30.50601], [114.525176, 30.506009], [114.525197, 30.506011], [114.525219, 30.506009], [114.52524, 30.506011], [114.525262, 30.50601], [114.525283, 30.506009], [114.525305, 30.50601], [114.525326, 30.506029], [114.525348, 30.506029], [114.525369, 30.506046], [114.525391, 30.506048], [114.525412, 30.506066], [114.525433, 30.506084], [114.525455, 30.506103], [114.525476, 30.506122], [114.525477, 30.506138], [114.525498, 30.506158], [114.525498, 30.506177], [114.525498, 30.506194], [114.525498, 30.506213], [114.525519, 30.506232], [114.525519, 30.506251], [114.52552, 30.506268], [114.525541, 30.506287], [114.525541, 30.506307], [114.525562, 30.506324], [114.525563, 30.506342], [114.525584, 30.506363], [114.525584, 30.50638], [114.525605, 30.506399], [114.525605, 30.506417], [114.525605, 30.506435], [114.525627, 30.506454], [114.525627, 30.506454], [114.525605, 30.506435], [114.525584, 30.506416], [114.525563, 30.506398], [114.525541, 30.50638], [114.525519, 30.506362], [114.525498, 30.506344], [114.525498, 30.506325], [114.525498, 30.506305], [114.525498, 30.506288], [114.525498, 30.506269], [114.525498, 30.506249], [114.525498, 30.506233], [114.525498, 30.506213], [114.525498, 30.506194], [114.525498, 30.506177], [114.525498, 30.506158], [114.525477, 30.506138], [114.525476, 30.506122], [114.525455, 30.506103], [114.525433, 30.506084], [114.525412, 30.506066], [114.525391, 30.506048], [114.525369, 30.506046], [114.525348, 30.506029], [114.525326, 30.506029], [114.525305, 30.50601], [114.525283, 30.506009], [114.525262, 30.50601], [114.52524, 30.506011], [114.525219, 30.506009], [114.525197, 30.506011], [114.525176, 30.506009], [114.525154, 30.50601], [114.525133, 30.506009], [114.525111, 30.50601], [114.52509, 30.506009], [114.525068, 30.50601], [114.525047, 30.506009], [114.525025, 30.506011], [114.525004, 30.50601], [114.524982, 30.506009], [114.524961, 30.506028], [114.524939, 30.506029], [114.524918, 30.506028], [114.524896, 30.506029], [114.524875, 30.506028], [114.524854, 30.506029], [114.524832, 30.506047], [114.52481, 30.506046], [114.524789, 30.506047], [114.524768, 30.506048], [114.524746, 30.506047], [114.524725, 30.506065], [114.524703, 30.506084], [114.524682, 30.506102], [114.52466, 30.506121], [114.524639, 30.506139], [114.524617, 30.506158], [114.524596, 30.506176], [114.524574, 30.506195], [114.524553, 30.506214], [114.524531, 30.506232], [114.52451, 30.506251], [114.524488, 30.506269], [114.524467, 30.506288], [114.524445, 30.506306], [114.524424, 30.506306], [114.524402, 30.506324], [114.524381, 30.506325], [114.52436, 30.506343], [114.524338, 30.506343], [114.524316, 30.506362], [114.524295, 30.506361], [114.524273, 30.506362], [114.524252, 30.506381], [114.524231, 30.50638], [114.524209, 30.506399], [114.524188, 30.506399], [114.524166, 30.506417], [114.524145, 30.506417], [114.524123, 30.506435], [114.524102, 30.506435], [114.52408, 30.506454], [114.524059, 30.506454], [114.523527, 30.506468], [114.523006, 30.506468], [114.522491, 30.506469], [114.52197, 30.506469], [114.521448, 30.506467], [114.521449, 30.506024], [114.52197, 30.506025], [114.522491, 30.506024], [114.523011, 30.506019], [114.523527, 30.506019], [114.524048, 30.506019], [114.524569, 30.506019], [114.525611, 30.506023], [114.526132, 30.506025], [114.525611, 30.505576], [114.52509, 30.505575], [114.524569, 30.505575], [114.524048, 30.505575], [114.523527, 30.505575], [114.523011, 30.505575], [114.522491, 30.505574], [114.521969, 30.505576], [114.523007, 30.505126], [114.523532, 30.505126], [114.524048, 30.505126], [114.524569, 30.505126], [114.525095, 30.505126], [114.525611, 30.505127], [114.525096, 30.504678], [114.524569, 30.504678], [114.524052, 30.504677], [114.523526, 30.504677], [114.524052, 30.504228], [114.524573, 30.504228], [114.525097, 30.504229]]}
2021-04-23 14:21:08,908 server_data.py[line:346] INFO {'topic': 'start_3c50f4c3-a9c1-4872-9f18-883af014380a', 'b_start': 1}
2021-04-23 14:24:32,839 server_data.py[line:429] INFO {'refresh_setting ': {'info_type': 1}}
2021-04-23 14:24:32,840 server_data.py[line:369] INFO {'base_setting ': {'info_type': 1}}
2021-04-23 14:24:32,934 server_data.py[line:369] INFO {'base_setting ': {'speed_grade': 3, 'arrive_range': 2.5, 'keep_point': 5, 'secure_distance': 15, 'row': 50, 'col': 50, 'pool_name': '湖北省武汉市江夏区豹式值捞岫ヂ', 'video_url': 'http://123.32132.321321.213', 'info_type': 3}}
2021-04-23 14:24:33,155 server_data.py[line:429] INFO {'refresh_setting ': {'mapId': '1354291518018142209', 'sampling_points': [[114.525616, 30.506468], [114.524053, 30.506468], [114.523532, 30.506468], [114.523011, 30.506468], [114.522491, 30.506469], [114.52197, 30.506469], [114.521448, 30.506467], [114.521449, 30.50602], [114.52197, 30.50602], [114.52249, 30.50602], [114.523011, 30.506019], [114.523532, 30.506019], [114.524053, 30.506019], [114.524574, 30.506019], [114.525616, 30.50602], [114.526137, 30.506021], [114.525617, 30.505572], [114.525095, 30.505571], [114.524574, 30.50557], [114.524053, 30.50557], [114.523532, 30.50557], [114.523012, 30.50557], [114.522491, 30.50557], [114.52197, 30.50557], [114.523011, 30.505122], [114.523533, 30.505122], [114.524052, 30.505121], [114.524574, 30.505121], [114.525096, 30.505122], [114.525616, 30.505121], [114.525096, 30.504673], [114.524573, 30.504672], [114.524053, 30.504673], [114.523532, 30.504673], [114.524053, 30.504224], [114.524575, 30.504224], [114.525095, 30.504224]], 'path_points': [[114.524102, 30.506843], [114.524123, 30.506824], [114.524144, 30.506806], [114.524166, 30.506787], [114.524188, 30.506769], [114.524209, 30.50675], [114.52423, 30.506732], [114.524253, 30.506713], [114.524273, 30.506695], [114.524295, 30.506676], [114.524295, 30.506658], [114.524295, 30.50664], [114.524295, 30.506621], [114.524295, 30.506602], [114.524295, 30.506584], [114.524295, 30.506565], [114.524295, 30.506547], [114.524295, 30.506528], [114.524316, 30.50651], [114.524316, 30.506492], [114.524338, 30.506473], [114.524359, 30.506454], [114.524381, 30.506435], [114.524402, 30.506417], [114.524402, 30.506399], [114.524402, 30.50638], [114.524402, 30.506362], [114.524402, 30.506343], [114.524424, 30.506325], [114.524445, 30.506306], [114.524467, 30.506288], [114.524488, 30.506269], [114.52451, 30.506251], [114.524531, 30.506232], [114.524553, 30.506214], [114.524574, 30.506195], [114.524596, 30.506176], [114.524617, 30.506158], [114.524639, 30.506139], [114.52466, 30.506121], [114.524682, 30.506102], [114.524703, 30.506084], [114.524725, 30.506065], [114.524746, 30.506047], [114.524768, 30.506048], [114.524789, 30.506047], [114.52481, 30.506046], [114.524832, 30.506047], [114.524854, 30.506029], [114.524875, 30.506028], [114.524896, 30.506029], [114.524918, 30.506028], [114.524939, 30.506029], [114.524961, 30.506028], [114.524982, 30.506009], [114.525004, 30.50601], [114.525025, 30.506011], [114.525047, 30.506009], [114.525068, 30.50601], [114.52509, 30.506009], [114.525111, 30.50601], [114.525133, 30.506009], [114.525154, 30.50601], [114.525176, 30.506009], [114.525197, 30.506011], [114.525219, 30.506009], [114.52524, 30.506011], [114.525262, 30.50601], [114.525283, 30.506009], [114.525305, 30.50601], [114.525326, 30.506029], [114.525348, 30.506029], [114.525369, 30.506046], [114.525391, 30.506048], [114.525412, 30.506066], [114.525433, 30.506084], [114.525455, 30.506103], [114.525476, 30.506122], [114.525477, 30.506138], [114.525498, 30.506158], [114.525498, 30.506177], [114.525498, 30.506194], [114.525498, 30.506213], [114.525519, 30.506232], [114.525519, 30.506251], [114.52552, 30.506268], [114.525541, 30.506287], [114.525541, 30.506307], [114.525562, 30.506324], [114.525563, 30.506342], [114.525584, 30.506363], [114.525584, 30.50638], [114.525605, 30.506399], [114.525605, 30.506417], [114.525605, 30.506435], [114.525627, 30.506454], [114.525627, 30.506454], [114.525605, 30.506435], [114.525584, 30.506416], [114.525563, 30.506398], [114.525541, 30.50638], [114.525519, 30.506362], [114.525498, 30.506344], [114.525498, 30.506325], [114.525498, 30.506305], [114.525498, 30.506288], [114.525498, 30.506269], [114.525498, 30.506249], [114.525498, 30.506233], [114.525498, 30.506213], [114.525498, 30.506194], [114.525498, 30.506177], [114.525498, 30.506158], [114.525477, 30.506138], [114.525476, 30.506122], [114.525455, 30.506103], [114.525433, 30.506084], [114.525412, 30.506066], [114.525391, 30.506048], [114.525369, 30.506046], [114.525348, 30.506029], [114.525326, 30.506029], [114.525305, 30.50601], [114.525283, 30.506009], [114.525262, 30.50601], [114.52524, 30.506011], [114.525219, 30.506009], [114.525197, 30.506011], [114.525176, 30.506009], [114.525154, 30.50601], [114.525133, 30.506009], [114.525111, 30.50601], [114.52509, 30.506009], [114.525068, 30.50601], [114.525047, 30.506009], [114.525025, 30.506011], [114.525004, 30.50601], [114.524982, 30.506009], [114.524961, 30.506028], [114.524939, 30.506029], [114.524918, 30.506028], [114.524896, 30.506029], [114.524875, 30.506028], [114.524854, 30.506029], [114.524832, 30.506047], [114.52481, 30.506046], [114.524789, 30.506047], [114.524768, 30.506048], [114.524746, 30.506047], [114.524725, 30.506065], [114.524703, 30.506084], [114.524682, 30.506102], [114.52466, 30.506121], [114.524639, 30.506139], [114.524617, 30.506158], [114.524596, 30.506176], [114.524574, 30.506195], [114.524553, 30.506214], [114.524531, 30.506232], [114.52451, 30.506251], [114.524488, 30.506269], [114.524467, 30.506288], [114.524445, 30.506306], [114.524424, 30.506306], [114.524402, 30.506324], [114.524381, 30.506325], [114.52436, 30.506343], [114.524338, 30.506343], [114.524316, 30.506362], [114.524295, 30.506361], [114.524273, 30.506362], [114.524252, 30.506381], [114.524231, 30.50638], [114.524209, 30.506399], [114.524188, 30.506399], [114.524166, 30.506417], [114.524145, 30.506417], [114.524123, 30.506435], [114.524102, 30.506435], [114.52408, 30.506454], [114.524059, 30.506454], [114.523527, 30.506468], [114.523006, 30.506468], [114.522491, 30.506469], [114.52197, 30.506469], [114.521448, 30.506467], [114.521449, 30.506024], [114.52197, 30.506025], [114.522491, 30.506024], [114.523011, 30.506019], [114.523527, 30.506019], [114.524048, 30.506019], [114.524569, 30.506019], [114.525611, 30.506023], [114.526132, 30.506025], [114.525611, 30.505576], [114.52509, 30.505575], [114.524569, 30.505575], [114.524048, 30.505575], [114.523527, 30.505575], [114.523011, 30.505575], [114.522491, 30.505574], [114.521969, 30.505576], [114.523007, 30.505126], [114.523532, 30.505126], [114.524048, 30.505126], [114.524569, 30.505126], [114.525095, 30.505126], [114.525611, 30.505127], [114.525096, 30.504678], [114.524569, 30.504678], [114.524052, 30.504677], [114.523526, 30.504677], [114.524052, 30.504228], [114.524573, 30.504228], [114.525097, 30.504229]], 'info_type': 2}}
2021-04-23 14:24:39,181 server_data.py[line:216] INFO {'topic': 'control_data_3c50f4c3-a9c1-4872-9f18-883af014380a', 'control_move_direction': -1}
2021-04-23 14:24:41,243 server_data.py[line:429] INFO {'refresh_setting ': {'info_type': 1}}
2021-04-23 14:24:41,243 server_data.py[line:369] INFO {'base_setting ': {'info_type': 1}}
2021-04-23 14:24:41,350 server_data.py[line:369] INFO {'base_setting ': {'speed_grade': 3, 'arrive_range': 2.5, 'keep_point': 5, 'secure_distance': 15, 'row': 50, 'col': 50, 'pool_name': '湖北省武汉市江夏区豹式值捞岫ヂ', 'video_url': 'http://123.32132.321321.213', 'info_type': 3}}
2021-04-23 14:24:41,791 server_data.py[line:429] INFO {'refresh_setting ': {'mapId': '1354291518018142209', 'sampling_points': [], 'path_points': [], 'info_type': 2}}
2021-04-23 14:24:50,331 server_data.py[line:282] INFO {'topic': 'user_lng_lat_3c50f4c3-a9c1-4872-9f18-883af014380a', 'target_lng_lat': [[114.524623, 30.504523]], 'zoom': 17, 'meter_pix': 0.7429089441149934, 'back_home': 0, 'fix_point': None}
2021-04-23 14:24:50,384 server_data.py[line:319] INFO {'topic': 'path_planning_3c50f4c3-a9c1-4872-9f18-883af014380a', 'sampling_points': [[114.524623, 30.504523]], 'path_points': [[114.524623, 30.50453]]}
2021-04-23 14:25:03,223 server_data.py[line:282] INFO {'topic': 'user_lng_lat_3c50f4c3-a9c1-4872-9f18-883af014380a', 'target_lng_lat': [[114.524149, 30.504885], [114.524888, 30.504898], [114.524779, 30.504738]], 'zoom': 17, 'meter_pix': 0.7429089441149934, 'back_home': False, 'fix_point': None}
2021-04-23 14:25:03,429 server_data.py[line:319] INFO {'topic': 'path_planning_3c50f4c3-a9c1-4872-9f18-883af014380a', 'sampling_points': [[114.524149, 30.504885], [114.524888, 30.504898], [114.524779, 30.504738]], 'path_points': [[114.524144, 30.50489], [114.524885, 30.504903], [114.524779, 30.504742]]}
2021-04-23 15:17:39,423 server_data.py[line:429] INFO {'refresh_setting ': {'info_type': 1}}
2021-04-23 15:17:39,423 server_data.py[line:369] INFO {'base_setting ': {'info_type': 1}}
2021-04-23 15:17:39,461 server_data.py[line:369] INFO {'base_setting ': {'speed_grade': 3, 'arrive_range': 2.5, 'keep_point': 5, 'secure_distance': 15, 'row': 50, 'col': 50, 'pool_name': '湖北省武汉市江夏区豹式值捞岫ヂ', 'video_url': 'http://123.32132.321321.213', 'info_type': 3}}
2021-04-23 15:17:39,626 server_data.py[line:429] INFO {'refresh_setting ': {'mapId': '1354291518018142209', 'sampling_points': [], 'path_points': [], 'info_type': 2}}
2021-04-23 15:20:42,586 server_data.py[line:429] INFO {'refresh_setting ': {'info_type': 1}}
2021-04-23 15:20:42,589 server_data.py[line:369] INFO {'base_setting ': {'info_type': 1}}
2021-04-23 15:20:42,792 server_data.py[line:369] INFO {'base_setting ': {'speed_grade': 3, 'arrive_range': 2.5, 'keep_point': 5, 'secure_distance': 15, 'row': 50, 'col': 50, 'pool_name': '湖北省武汉市江夏区豹式值捞岫ヂ', 'video_url': 'http://123.32132.321321.213', 'info_type': 3}}
2021-04-23 15:20:42,896 server_data.py[line:429] INFO {'refresh_setting ': {'mapId': '1354291518018142209', 'sampling_points': [], 'path_points': [], 'info_type': 2}}
