2021-06-25 15:37:13,534 server_data.py[line:534] INFO {'topic': 'pool_click_3c50f4c3-a9c1-4872-9f18-883af014380a', 'qos': 0}
2021-06-25 15:37:13,546 server_data.py[line:192] INFO Connected with result code:  01
2021-06-25 15:37:13,899 server_data.py[line:534] INFO {'topic': 'control_data_3c50f4c3-a9c1-4872-9f18-883af014380a', 'qos': 0}
2021-06-25 15:37:13,923 server_data.py[line:534] INFO {'topic': 'path_confirm_3c50f4c3-a9c1-4872-9f18-883af014380a', 'qos': 0}
2021-06-25 15:37:13,940 server_data.py[line:534] INFO {'topic': 'user_lng_lat_3c50f4c3-a9c1-4872-9f18-883af014380a', 'qos': 0}
2021-06-25 15:37:13,958 server_data.py[line:534] INFO {'topic': 'start_3c50f4c3-a9c1-4872-9f18-883af014380a', 'qos': 0}
2021-06-25 15:37:13,976 server_data.py[line:534] INFO {'topic': 'switch_3c50f4c3-a9c1-4872-9f18-883af014380a', 'qos': 0}
2021-06-25 15:37:14,001 server_data.py[line:534] INFO {'topic': 'pool_info_3c50f4c3-a9c1-4872-9f18-883af014380a', 'qos': 0}
2021-06-25 15:37:14,031 server_data.py[line:534] INFO {'topic': 'auto_lng_lat_3c50f4c3-a9c1-4872-9f18-883af014380a', 'qos': 0}
2021-06-25 15:37:14,061 server_data.py[line:534] INFO {'topic': 'path_planning_3c50f4c3-a9c1-4872-9f18-883af014380a', 'qos': 0}
2021-06-25 15:37:14,103 server_data.py[line:534] INFO {'topic': 'base_setting_3c50f4c3-a9c1-4872-9f18-883af014380a', 'qos': 0}
2021-06-25 15:37:14,121 server_data.py[line:534] INFO {'topic': 'height_setting_3c50f4c3-a9c1-4872-9f18-883af014380a', 'qos': 0}
2021-06-25 15:37:14,133 server_data.py[line:534] INFO {'topic': 'refresh_3c50f4c3-a9c1-4872-9f18-883af014380a', 'qos': 0}
2021-06-25 15:37:14,145 server_data.py[line:534] INFO {'topic': 'reset_pool_3c50f4c3-a9c1-4872-9f18-883af014380a', 'qos': 0}
2021-06-25 15:37:14,169 server_data.py[line:534] INFO {'topic': 'heart_3c50f4c3-a9c1-4872-9f18-883af014380a', 'qos': 0}
2021-06-25 15:37:14,181 server_data.py[line:534] INFO {'topic': 'set_home_3c50f4c3-a9c1-4872-9f18-883af014380a', 'qos': 0}
2021-06-25 15:37:14,205 server_data.py[line:534] INFO {'topic': 'poweroff_restart_3c50f4c3-a9c1-4872-9f18-883af014380a', 'qos': 0}
2021-06-25 15:37:14,223 server_data.py[line:534] INFO {'topic': 'path_planning_confirm_3c50f4c3-a9c1-4872-9f18-883af014380a', 'qos': 0}
2021-06-25 15:37:46,998 server_data.py[line:534] INFO {'topic': 'pool_click_3c50f4c3-a9c1-4872-9f18-883af014380a', 'qos': 0}
2021-06-25 15:37:47,019 server_data.py[line:534] INFO {'topic': 'control_data_3c50f4c3-a9c1-4872-9f18-883af014380a', 'qos': 0}
2021-06-25 15:37:47,025 server_data.py[line:192] INFO Connected with result code:  01
2021-06-25 15:37:47,043 server_data.py[line:534] INFO {'topic': 'path_confirm_3c50f4c3-a9c1-4872-9f18-883af014380a', 'qos': 0}
2021-06-25 15:37:47,073 server_data.py[line:534] INFO {'topic': 'user_lng_lat_3c50f4c3-a9c1-4872-9f18-883af014380a', 'qos': 0}
2021-06-25 15:37:47,133 server_data.py[line:534] INFO {'topic': 'start_3c50f4c3-a9c1-4872-9f18-883af014380a', 'qos': 0}
2021-06-25 15:37:47,151 server_data.py[line:534] INFO {'topic': 'switch_3c50f4c3-a9c1-4872-9f18-883af014380a', 'qos': 0}
2021-06-25 15:37:47,169 server_data.py[line:534] INFO {'topic': 'pool_info_3c50f4c3-a9c1-4872-9f18-883af014380a', 'qos': 0}
2021-06-25 15:37:47,205 server_data.py[line:534] INFO {'topic': 'auto_lng_lat_3c50f4c3-a9c1-4872-9f18-883af014380a', 'qos': 0}
2021-06-25 15:37:47,223 server_data.py[line:534] INFO {'topic': 'path_planning_3c50f4c3-a9c1-4872-9f18-883af014380a', 'qos': 0}
2021-06-25 15:37:47,247 server_data.py[line:534] INFO {'topic': 'base_setting_3c50f4c3-a9c1-4872-9f18-883af014380a', 'qos': 0}
2021-06-25 15:37:47,265 server_data.py[line:534] INFO {'topic': 'height_setting_3c50f4c3-a9c1-4872-9f18-883af014380a', 'qos': 0}
2021-06-25 15:37:47,283 server_data.py[line:534] INFO {'topic': 'refresh_3c50f4c3-a9c1-4872-9f18-883af014380a', 'qos': 0}
2021-06-25 15:37:47,295 server_data.py[line:534] INFO {'topic': 'reset_pool_3c50f4c3-a9c1-4872-9f18-883af014380a', 'qos': 0}
2021-06-25 15:37:47,307 server_data.py[line:534] INFO {'topic': 'heart_3c50f4c3-a9c1-4872-9f18-883af014380a', 'qos': 0}
2021-06-25 15:37:47,336 server_data.py[line:534] INFO {'topic': 'set_home_3c50f4c3-a9c1-4872-9f18-883af014380a', 'qos': 0}
2021-06-25 15:37:47,348 server_data.py[line:534] INFO {'topic': 'poweroff_restart_3c50f4c3-a9c1-4872-9f18-883af014380a', 'qos': 0}
2021-06-25 15:37:47,372 server_data.py[line:534] INFO {'topic': 'path_planning_confirm_3c50f4c3-a9c1-4872-9f18-883af014380a', 'qos': 0}
2021-06-25 15:37:51,981 server_data.py[line:259] INFO {'topic': 'switch_3c50f4c3-a9c1-4872-9f18-883af014380a', 'b_sampling': 0, 'b_draw': 0, 'headlight': 0, 'audio_light': 0, 'side_light': 1}
2021-06-25 15:48:57,109 server_data.py[line:534] INFO {'topic': 'pool_click_3c50f4c3-a9c1-4872-9f18-883af014380a', 'qos': 0}
2021-06-25 15:48:57,116 server_data.py[line:192] INFO Connected with result code:  01
2021-06-25 15:48:57,128 server_data.py[line:534] INFO {'topic': 'control_data_3c50f4c3-a9c1-4872-9f18-883af014380a', 'qos': 0}
2021-06-25 15:48:57,158 server_data.py[line:534] INFO {'topic': 'path_confirm_3c50f4c3-a9c1-4872-9f18-883af014380a', 'qos': 0}
2021-06-25 15:48:57,211 server_data.py[line:534] INFO {'topic': 'user_lng_lat_3c50f4c3-a9c1-4872-9f18-883af014380a', 'qos': 0}
2021-06-25 15:48:57,229 server_data.py[line:534] INFO {'topic': 'start_3c50f4c3-a9c1-4872-9f18-883af014380a', 'qos': 0}
2021-06-25 15:48:57,265 server_data.py[line:534] INFO {'topic': 'switch_3c50f4c3-a9c1-4872-9f18-883af014380a', 'qos': 0}
2021-06-25 15:48:57,289 server_data.py[line:534] INFO {'topic': 'pool_info_3c50f4c3-a9c1-4872-9f18-883af014380a', 'qos': 0}
2021-06-25 15:48:57,319 server_data.py[line:534] INFO {'topic': 'auto_lng_lat_3c50f4c3-a9c1-4872-9f18-883af014380a', 'qos': 0}
2021-06-25 15:48:57,343 server_data.py[line:534] INFO {'topic': 'path_planning_3c50f4c3-a9c1-4872-9f18-883af014380a', 'qos': 0}
2021-06-25 15:48:57,355 server_data.py[line:534] INFO {'topic': 'base_setting_3c50f4c3-a9c1-4872-9f18-883af014380a', 'qos': 0}
2021-06-25 15:48:57,367 server_data.py[line:534] INFO {'topic': 'height_setting_3c50f4c3-a9c1-4872-9f18-883af014380a', 'qos': 0}
2021-06-25 15:48:57,391 server_data.py[line:534] INFO {'topic': 'refresh_3c50f4c3-a9c1-4872-9f18-883af014380a', 'qos': 0}
2021-06-25 15:48:57,403 server_data.py[line:534] INFO {'topic': 'reset_pool_3c50f4c3-a9c1-4872-9f18-883af014380a', 'qos': 0}
2021-06-25 15:48:57,421 server_data.py[line:534] INFO {'topic': 'heart_3c50f4c3-a9c1-4872-9f18-883af014380a', 'qos': 0}
2021-06-25 15:48:57,439 server_data.py[line:534] INFO {'topic': 'set_home_3c50f4c3-a9c1-4872-9f18-883af014380a', 'qos': 0}
2021-06-25 15:48:57,457 server_data.py[line:534] INFO {'topic': 'poweroff_restart_3c50f4c3-a9c1-4872-9f18-883af014380a', 'qos': 0}
2021-06-25 15:48:57,481 server_data.py[line:534] INFO {'topic': 'path_planning_confirm_3c50f4c3-a9c1-4872-9f18-883af014380a', 'qos': 0}
2021-06-25 15:49:02,106 server_data.py[line:259] INFO {'topic': 'switch_3c50f4c3-a9c1-4872-9f18-883af014380a', 'b_sampling': 0, 'b_draw': 0, 'headlight': 0, 'audio_light': 0, 'side_light': 1}
2021-06-25 15:49:07,138 server_data.py[line:259] INFO {'topic': 'switch_3c50f4c3-a9c1-4872-9f18-883af014380a', 'b_sampling': 0, 'b_draw': 0, 'headlight': 0, 'audio_light': 0, 'side_light': 1}
2021-06-25 15:49:08,529 server_data.py[line:277] INFO {'topic': 'pool_click_3c50f4c3-a9c1-4872-9f18-883af014380a', 'lng_lat': [114.524241, 30.506052], 'zoom': 17.5}
2021-06-25 15:49:10,345 server_data.py[line:459] INFO {'refresh_setting ': {'info_type': 1}}
2021-06-25 15:49:10,375 server_data.py[line:399] INFO {'base_setting ': {'info_type': 1}}
2021-06-25 15:49:10,503 server_data.py[line:399] INFO {'base_setting ': {'speed_grade': 3, 'arrive_range': 2.5, 'keep_point': 5, 'secure_distance': 5, 'row': 50, 'col': 50, 'pool_name': '喻家湖', 'video_url': 'http://123.32132.321321.213', 'info_type': 3}}
2021-06-25 15:49:10,892 server_data.py[line:385] INFO {'topic': 'pool_info_3c50f4c3-a9c1-4872-9f18-883af014380a', 'mapId': '1397858718729355265'}
2021-06-25 15:49:10,934 server_data.py[line:399] INFO {'base_setting ': {'speed_grade': 3, 'arrive_range': 2.5, 'keep_point': 5, 'secure_distance': 5, 'row': 50, 'col': 50, 'pool_name': '湖北省武汉市江夏区豹式值捞岫ヂ', 'video_url': 'http://123.32132.321321.213', 'info_type': 3}}
2021-06-25 15:49:12,138 server_data.py[line:259] INFO {'topic': 'switch_3c50f4c3-a9c1-4872-9f18-883af014380a', 'b_sampling': 0, 'b_draw': 0, 'headlight': 0, 'audio_light': 0, 'side_light': 1}
2021-06-25 15:49:12,369 server_data.py[line:325] INFO {'topic': 'auto_lng_lat_3c50f4c3-a9c1-4872-9f18-883af014380a', 'row_gap': 1}
2021-06-25 15:49:12,525 server_data.py[line:459] INFO {'refresh_setting ': {'mapId': '1397858718729355265', 'sampling_points': [], 'path_points': [], 'info_type': 2}}
2021-06-25 15:49:17,131 server_data.py[line:259] INFO {'topic': 'switch_3c50f4c3-a9c1-4872-9f18-883af014380a', 'b_sampling': 0, 'b_draw': 0, 'headlight': 0, 'audio_light': 0, 'side_light': 1}
2021-06-25 15:49:22,165 server_data.py[line:259] INFO {'topic': 'switch_3c50f4c3-a9c1-4872-9f18-883af014380a', 'b_sampling': 0, 'b_draw': 0, 'headlight': 0, 'audio_light': 0, 'side_light': 1}
2021-06-25 15:49:27,158 server_data.py[line:259] INFO {'topic': 'switch_3c50f4c3-a9c1-4872-9f18-883af014380a', 'b_sampling': 0, 'b_draw': 0, 'headlight': 0, 'audio_light': 0, 'side_light': 1}
2021-06-25 15:49:28,570 server_data.py[line:325] INFO {'topic': 'auto_lng_lat_3c50f4c3-a9c1-4872-9f18-883af014380a', 'row_gap': 1}
2021-06-25 15:49:31,641 server_data.py[line:349] INFO {'topic': 'path_planning_3c50f4c3-a9c1-4872-9f18-883af014380a', 'sampling_points': [[114.52358, 30.506917], [114.524101, 30.506917], [114.525664, 30.506468], [114.524101, 30.506468], [114.52358, 30.506468], [114.52306, 30.506468], [114.522539, 30.506468], [114.522018, 30.506468], [114.522018, 30.50602], [114.522539, 30.50602], [114.52306, 30.50602], [114.52358, 30.50602], [114.524101, 30.50602], [114.524622, 30.50602], [114.525143, 30.50602], [114.525664, 30.50602], [114.526185, 30.50602], [114.525664, 30.505571], [114.525143, 30.505571], [114.524622, 30.505571], [114.524101, 30.505571], [114.52358, 30.505571], [114.52306, 30.505571], [114.522539, 30.505571], [114.522018, 30.505571], [114.52306, 30.505122], [114.52358, 30.505122], [114.524101, 30.505122], [114.524622, 30.505122], [114.525143, 30.505122], [114.525664, 30.505122], [114.525664, 30.504673], [114.525143, 30.504673], [114.524622, 30.504673], [114.524101, 30.504673], [114.52358, 30.504673], [114.524101, 30.504224], [114.524622, 30.504224], [114.525143, 30.504224], [114.524622, 30.503776]], 'path_points': [[114.524091, 30.506848], [114.524069, 30.506848], [114.524048, 30.506848], [114.524026, 30.506848], [114.524005, 30.506848], [114.523983, 30.506848], [114.523962, 30.506848], [114.52394, 30.506866], [114.523919, 30.506885], [114.523897, 30.506885], [114.523876, 30.506885], [114.523854, 30.506885], [114.523833, 30.506885], [114.523811, 30.506885], [114.52379, 30.506885], [114.523768, 30.506885], [114.523747, 30.506903], [114.523725, 30.506903], [114.523704, 30.506903], [114.523682, 30.506903], [114.523661, 30.506903], [114.52364, 30.506903], [114.523618, 30.506903], [114.523597, 30.506903], [114.523575, 30.506903], [114.523575, 30.506903], [114.523597, 30.506903], [114.523618, 30.506903], [114.52364, 30.506903], [114.523661, 30.506903], [114.523682, 30.506903], [114.523704, 30.506903], [114.523725, 30.506903], [114.523747, 30.506903], [114.523768, 30.506903], [114.52379, 30.506903], [114.523811, 30.506903], [114.523833, 30.506903], [114.523854, 30.506903], [114.523876, 30.506903], [114.523897, 30.506903], [114.523919, 30.506903], [114.52394, 30.506903], [114.523962, 30.506903], [114.523983, 30.506903], [114.524005, 30.506903], [114.524026, 30.506903], [114.524048, 30.506903], [114.524069, 30.506903], [114.524091, 30.506903], [114.524112, 30.506903], [114.524112, 30.506903], [114.524134, 30.506885], [114.524155, 30.506866], [114.524177, 30.506848], [114.524198, 30.506829], [114.52422, 30.506811], [114.524241, 30.506792], [114.524262, 30.506774], [114.524284, 30.506755], [114.524305, 30.506737], [114.524305, 30.506718], [114.524305, 30.5067], [114.524305, 30.506681], [114.524305, 30.506663], [114.524305, 30.506644], [114.524305, 30.506626], [114.524305, 30.506607], [114.524305, 30.506589], [114.524305, 30.50657], [114.524305, 30.506552], [114.524305, 30.506533], [114.524305, 30.506515], [114.524327, 30.506496], [114.524348, 30.506478], [114.524348, 30.506459], [114.524348, 30.506441], [114.524348, 30.506422], [114.524348, 30.506404], [114.52437, 30.506385], [114.524391, 30.506367], [114.524413, 30.506348], [114.524434, 30.50633], [114.524456, 30.506311], [114.524477, 30.506293], [114.524499, 30.506274], [114.52452, 30.506256], [114.524542, 30.506237], [114.524563, 30.506219], [114.524585, 30.5062], [114.524606, 30.506182], [114.524628, 30.506163], [114.524649, 30.506145], [114.524671, 30.506126], [114.524692, 30.506108], [114.524714, 30.506089], [114.524735, 30.506071], [114.524757, 30.506052], [114.524778, 30.506052], [114.5248, 30.506052], [114.524821, 30.506033], [114.524842, 30.506015], [114.524864, 30.506015], [114.524885, 30.506015], [114.524907, 30.506015], [114.524928, 30.506015], [114.52495, 30.506015], [114.524971, 30.506015], [114.524993, 30.506015], [114.525014, 30.506015], [114.525036, 30.506015], [114.525057, 30.506015], [114.525079, 30.506015], [114.5251, 30.506015], [114.525122, 30.506015], [114.525143, 30.506015], [114.525165, 30.506015], [114.525186, 30.506015], [114.525208, 30.506015], [114.525229, 30.506015], [114.525251, 30.506015], [114.525272, 30.506015], [114.525294, 30.506015], [114.525315, 30.506015], [114.525337, 30.506033], [114.525358, 30.506052], [114.52538, 30.506052], [114.525401, 30.506052], [114.525422, 30.506071], [114.525444, 30.506089], [114.525465, 30.506108], [114.525487, 30.506126], [114.525487, 30.506145], [114.525508, 30.506163], [114.525508, 30.506182], [114.52553, 30.5062], [114.52553, 30.506219], [114.525551, 30.506237], [114.525551, 30.506256], [114.525551, 30.506274], [114.525573, 30.506293], [114.525573, 30.506311], [114.525594, 30.50633], [114.525594, 30.506348], [114.525616, 30.506367], [114.525616, 30.506385], [114.525637, 30.506404], [114.525637, 30.506422], [114.525637, 30.506441], [114.525659, 30.506459], [114.525659, 30.506459], [114.525637, 30.506441], [114.525616, 30.506422], [114.525594, 30.506404], [114.525573, 30.506385], [114.525551, 30.506367], [114.52553, 30.506348], [114.525508, 30.50633], [114.525487, 30.506311], [114.525487, 30.506293], [114.525487, 30.506274], [114.525487, 30.506256], [114.525487, 30.506237], [114.525487, 30.506219], [114.525487, 30.5062], [114.525487, 30.506182], [114.525487, 30.506163], [114.525487, 30.506145], [114.525487, 30.506126], [114.525465, 30.506108], [114.525444, 30.506089], [114.525422, 30.506071], [114.525401, 30.506052], [114.52538, 30.506052], [114.525358, 30.506052], [114.525337, 30.506033], [114.525315, 30.506015], [114.525294, 30.506015], [114.525272, 30.506015], [114.525251, 30.506015], [114.525229, 30.506015], [114.525208, 30.506015], [114.525186, 30.506015], [114.525165, 30.506015], [114.525143, 30.506015], [114.525122, 30.506015], [114.5251, 30.506015], [114.525079, 30.506015], [114.525057, 30.506015], [114.525036, 30.506015], [114.525014, 30.506015], [114.524993, 30.506015], [114.524971, 30.506033], [114.52495, 30.506033], [114.524928, 30.506033], [114.524907, 30.506033], [114.524885, 30.506033], [114.524864, 30.506033], [114.524842, 30.506052], [114.524821, 30.506052], [114.5248, 30.506052], [114.524778, 30.506052], [114.524757, 30.506052], [114.524735, 30.506071], [114.524714, 30.506089], [114.524692, 30.506108], [114.524671, 30.506126], [114.524649, 30.506145], [114.524628, 30.506163], [114.524606, 30.506182], [114.524585, 30.5062], [114.524563, 30.506219], [114.524542, 30.506237], [114.52452, 30.506256], [114.524499, 30.506274], [114.524477, 30.506293], [114.524456, 30.506311], [114.524434, 30.50633], [114.524413, 30.506348], [114.524391, 30.506348], [114.52437, 30.506367], [114.524348, 30.506367], [114.524327, 30.506367], [114.524305, 30.506385], [114.524284, 30.506385], [114.524262, 30.506404], [114.524241, 30.506404], [114.52422, 30.506422], [114.524198, 30.506422], [114.524177, 30.506441], [114.524155, 30.506441], [114.524134, 30.506459], [114.524112, 30.506459], [114.523575, 30.506468], [114.52306, 30.506468], [114.522539, 30.506468], [114.522018, 30.506468], [114.522018, 30.506024], [114.522539, 30.506024], [114.52306, 30.506024], [114.52358, 30.506024], [114.524096, 30.506024], [114.524617, 30.506024], [114.524628, 30.506015], [114.524649, 30.506015], [114.524671, 30.506015], [114.524692, 30.506015], [114.524714, 30.506015], [114.524735, 30.506015], [114.524757, 30.506015], [114.524778, 30.506015], [114.5248, 30.506015], [114.524821, 30.506015], [114.524842, 30.506015], [114.524864, 30.506015], [114.524885, 30.506015], [114.524907, 30.506015], [114.524928, 30.506015], [114.52495, 30.506015], [114.524971, 30.506015], [114.524993, 30.506015], [114.525014, 30.506015], [114.525036, 30.506015], [114.525057, 30.506015], [114.525079, 30.506015], [114.5251, 30.506015], [114.525122, 30.506015], [114.525143, 30.506015], [114.525143, 30.506015], [114.525165, 30.506015], [114.525186, 30.506015], [114.525208, 30.506015], [114.525229, 30.506015], [114.525251, 30.506015], [114.525272, 30.506015], [114.525294, 30.506015], [114.525315, 30.506015], [114.525337, 30.506015], [114.525358, 30.506015], [114.52538, 30.506015], [114.525401, 30.506015], [114.525422, 30.506015], [114.525444, 30.506015], [114.525465, 30.506015], [114.525487, 30.506015], [114.525508, 30.506015], [114.52553, 30.506015], [114.525551, 30.506015], [114.525573, 30.506015], [114.525594, 30.506015], [114.525616, 30.506015], [114.525637, 30.506015], [114.525659, 30.506015], [114.52618, 30.506024], [114.525659, 30.505575], [114.525138, 30.505575], [114.524617, 30.505575], [114.524096, 30.505575], [114.523575, 30.505575], [114.52306, 30.505575], [114.522539, 30.505575], [114.522018, 30.505575], [114.52306, 30.505127], [114.523575, 30.505127], [114.524096, 30.505127], [114.524617, 30.505127], [114.525138, 30.505127], [114.525659, 30.505127], [114.525659, 30.504678], [114.525143, 30.504678], [114.524622, 30.504678], [114.524096, 30.504678], [114.523575, 30.504678], [114.524096, 30.504229], [114.524622, 30.504229], [114.525143, 30.504229], [114.524622, 30.50378]]}
2021-06-25 15:49:32,189 server_data.py[line:259] INFO {'topic': 'switch_3c50f4c3-a9c1-4872-9f18-883af014380a', 'b_sampling': 0, 'b_draw': 0, 'headlight': 0, 'audio_light': 0, 'side_light': 1}
2021-06-25 15:49:35,887 server_data.py[line:376] INFO {'topic': 'start_3c50f4c3-a9c1-4872-9f18-883af014380a', 'b_start': 1}
2021-06-25 15:49:37,251 server_data.py[line:259] INFO {'topic': 'switch_3c50f4c3-a9c1-4872-9f18-883af014380a', 'b_sampling': 0, 'b_draw': 0, 'headlight': 0, 'audio_light': 0, 'side_light': 1}
2021-06-25 15:49:42,216 server_data.py[line:259] INFO {'topic': 'switch_3c50f4c3-a9c1-4872-9f18-883af014380a', 'b_sampling': 0, 'b_draw': 0, 'headlight': 0, 'audio_light': 0, 'side_light': 1}
2021-06-25 15:49:47,223 server_data.py[line:259] INFO {'topic': 'switch_3c50f4c3-a9c1-4872-9f18-883af014380a', 'b_sampling': 0, 'b_draw': 0, 'headlight': 0, 'audio_light': 0, 'side_light': 1}
2021-06-25 15:49:52,245 server_data.py[line:259] INFO {'topic': 'switch_3c50f4c3-a9c1-4872-9f18-883af014380a', 'b_sampling': 0, 'b_draw': 0, 'headlight': 0, 'audio_light': 0, 'side_light': 1}
2021-06-25 15:49:57,247 server_data.py[line:259] INFO {'topic': 'switch_3c50f4c3-a9c1-4872-9f18-883af014380a', 'b_sampling': 0, 'b_draw': 0, 'headlight': 0, 'audio_light': 0, 'side_light': 1}
2021-06-25 15:50:02,253 server_data.py[line:259] INFO {'topic': 'switch_3c50f4c3-a9c1-4872-9f18-883af014380a', 'b_sampling': 0, 'b_draw': 0, 'headlight': 0, 'audio_light': 0, 'side_light': 1}
2021-06-25 15:50:07,289 server_data.py[line:259] INFO {'topic': 'switch_3c50f4c3-a9c1-4872-9f18-883af014380a', 'b_sampling': 0, 'b_draw': 0, 'headlight': 0, 'audio_light': 0, 'side_light': 1}
2021-06-25 15:50:12,288 server_data.py[line:259] INFO {'topic': 'switch_3c50f4c3-a9c1-4872-9f18-883af014380a', 'b_sampling': 0, 'b_draw': 0, 'headlight': 0, 'audio_light': 0, 'side_light': 1}
2021-06-25 15:50:17,310 server_data.py[line:259] INFO {'topic': 'switch_3c50f4c3-a9c1-4872-9f18-883af014380a', 'b_sampling': 0, 'b_draw': 0, 'headlight': 0, 'audio_light': 0, 'side_light': 1}
2021-06-25 15:50:22,317 server_data.py[line:259] INFO {'topic': 'switch_3c50f4c3-a9c1-4872-9f18-883af014380a', 'b_sampling': 0, 'b_draw': 0, 'headlight': 0, 'audio_light': 0, 'side_light': 1}
2021-06-25 15:50:27,321 server_data.py[line:259] INFO {'topic': 'switch_3c50f4c3-a9c1-4872-9f18-883af014380a', 'b_sampling': 0, 'b_draw': 0, 'headlight': 0, 'audio_light': 0, 'side_light': 1}
2021-06-25 15:50:32,345 server_data.py[line:259] INFO {'topic': 'switch_3c50f4c3-a9c1-4872-9f18-883af014380a', 'b_sampling': 0, 'b_draw': 0, 'headlight': 0, 'audio_light': 0, 'side_light': 1}
2021-06-25 15:50:37,413 server_data.py[line:259] INFO {'topic': 'switch_3c50f4c3-a9c1-4872-9f18-883af014380a', 'b_sampling': 0, 'b_draw': 0, 'headlight': 0, 'audio_light': 0, 'side_light': 1}
2021-06-25 15:50:42,420 server_data.py[line:259] INFO {'topic': 'switch_3c50f4c3-a9c1-4872-9f18-883af014380a', 'b_sampling': 0, 'b_draw': 0, 'headlight': 0, 'audio_light': 0, 'side_light': 1}
2021-06-25 15:50:47,414 server_data.py[line:259] INFO {'topic': 'switch_3c50f4c3-a9c1-4872-9f18-883af014380a', 'b_sampling': 0, 'b_draw': 0, 'headlight': 0, 'audio_light': 0, 'side_light': 1}
2021-06-25 15:50:52,455 server_data.py[line:259] INFO {'topic': 'switch_3c50f4c3-a9c1-4872-9f18-883af014380a', 'b_sampling': 0, 'b_draw': 0, 'headlight': 0, 'audio_light': 0, 'side_light': 1}
2021-06-25 15:50:57,469 server_data.py[line:259] INFO {'topic': 'switch_3c50f4c3-a9c1-4872-9f18-883af014380a', 'b_sampling': 0, 'b_draw': 0, 'headlight': 0, 'audio_light': 0, 'side_light': 1}
2021-06-25 15:51:02,510 server_data.py[line:259] INFO {'topic': 'switch_3c50f4c3-a9c1-4872-9f18-883af014380a', 'b_sampling': 0, 'b_draw': 0, 'headlight': 0, 'audio_light': 0, 'side_light': 1}
2021-06-25 15:51:07,529 server_data.py[line:259] INFO {'topic': 'switch_3c50f4c3-a9c1-4872-9f18-883af014380a', 'b_sampling': 0, 'b_draw': 0, 'headlight': 0, 'audio_light': 0, 'side_light': 1}
2021-06-25 15:51:12,525 server_data.py[line:259] INFO {'topic': 'switch_3c50f4c3-a9c1-4872-9f18-883af014380a', 'b_sampling': 0, 'b_draw': 0, 'headlight': 0, 'audio_light': 0, 'side_light': 1}
2021-06-25 15:51:17,524 server_data.py[line:259] INFO {'topic': 'switch_3c50f4c3-a9c1-4872-9f18-883af014380a', 'b_sampling': 0, 'b_draw': 0, 'headlight': 0, 'audio_light': 0, 'side_light': 1}
2021-06-25 15:51:22,540 server_data.py[line:259] INFO {'topic': 'switch_3c50f4c3-a9c1-4872-9f18-883af014380a', 'b_sampling': 0, 'b_draw': 0, 'headlight': 0, 'audio_light': 0, 'side_light': 1}
2021-06-25 15:51:27,565 server_data.py[line:259] INFO {'topic': 'switch_3c50f4c3-a9c1-4872-9f18-883af014380a', 'b_sampling': 0, 'b_draw': 0, 'headlight': 0, 'audio_light': 0, 'side_light': 1}
2021-06-25 15:51:32,595 server_data.py[line:259] INFO {'topic': 'switch_3c50f4c3-a9c1-4872-9f18-883af014380a', 'b_sampling': 0, 'b_draw': 0, 'headlight': 0, 'audio_light': 0, 'side_light': 1}
2021-06-25 15:51:37,590 server_data.py[line:259] INFO {'topic': 'switch_3c50f4c3-a9c1-4872-9f18-883af014380a', 'b_sampling': 0, 'b_draw': 0, 'headlight': 0, 'audio_light': 0, 'side_light': 1}
2021-06-25 15:51:42,608 server_data.py[line:259] INFO {'topic': 'switch_3c50f4c3-a9c1-4872-9f18-883af014380a', 'b_sampling': 0, 'b_draw': 0, 'headlight': 0, 'audio_light': 0, 'side_light': 1}
2021-06-25 15:51:47,616 server_data.py[line:259] INFO {'topic': 'switch_3c50f4c3-a9c1-4872-9f18-883af014380a', 'b_sampling': 0, 'b_draw': 0, 'headlight': 0, 'audio_light': 0, 'side_light': 1}
2021-06-25 15:51:52,637 server_data.py[line:259] INFO {'topic': 'switch_3c50f4c3-a9c1-4872-9f18-883af014380a', 'b_sampling': 0, 'b_draw': 0, 'headlight': 0, 'audio_light': 0, 'side_light': 1}
2021-06-25 15:51:57,687 server_data.py[line:259] INFO {'topic': 'switch_3c50f4c3-a9c1-4872-9f18-883af014380a', 'b_sampling': 0, 'b_draw': 0, 'headlight': 0, 'audio_light': 0, 'side_light': 1}
2021-06-25 15:52:02,666 server_data.py[line:259] INFO {'topic': 'switch_3c50f4c3-a9c1-4872-9f18-883af014380a', 'b_sampling': 0, 'b_draw': 0, 'headlight': 0, 'audio_light': 0, 'side_light': 1}
2021-06-25 15:52:07,689 server_data.py[line:259] INFO {'topic': 'switch_3c50f4c3-a9c1-4872-9f18-883af014380a', 'b_sampling': 0, 'b_draw': 0, 'headlight': 0, 'audio_light': 0, 'side_light': 1}
2021-06-25 15:52:12,683 server_data.py[line:259] INFO {'topic': 'switch_3c50f4c3-a9c1-4872-9f18-883af014380a', 'b_sampling': 0, 'b_draw': 0, 'headlight': 0, 'audio_light': 0, 'side_light': 1}
2021-06-25 15:52:17,687 server_data.py[line:259] INFO {'topic': 'switch_3c50f4c3-a9c1-4872-9f18-883af014380a', 'b_sampling': 0, 'b_draw': 0, 'headlight': 0, 'audio_light': 0, 'side_light': 1}
2021-06-25 15:52:22,690 server_data.py[line:259] INFO {'topic': 'switch_3c50f4c3-a9c1-4872-9f18-883af014380a', 'b_sampling': 0, 'b_draw': 0, 'headlight': 0, 'audio_light': 0, 'side_light': 1}
2021-06-25 15:52:27,763 server_data.py[line:259] INFO {'topic': 'switch_3c50f4c3-a9c1-4872-9f18-883af014380a', 'b_sampling': 0, 'b_draw': 0, 'headlight': 0, 'audio_light': 0, 'side_light': 1}
2021-06-25 15:52:32,739 server_data.py[line:259] INFO {'topic': 'switch_3c50f4c3-a9c1-4872-9f18-883af014380a', 'b_sampling': 0, 'b_draw': 0, 'headlight': 0, 'audio_light': 0, 'side_light': 1}
2021-06-25 15:52:37,788 server_data.py[line:259] INFO {'topic': 'switch_3c50f4c3-a9c1-4872-9f18-883af014380a', 'b_sampling': 0, 'b_draw': 0, 'headlight': 0, 'audio_light': 0, 'side_light': 1}
2021-06-25 15:52:42,772 server_data.py[line:259] INFO {'topic': 'switch_3c50f4c3-a9c1-4872-9f18-883af014380a', 'b_sampling': 0, 'b_draw': 0, 'headlight': 0, 'audio_light': 0, 'side_light': 1}
2021-06-25 15:52:47,813 server_data.py[line:259] INFO {'topic': 'switch_3c50f4c3-a9c1-4872-9f18-883af014380a', 'b_sampling': 0, 'b_draw': 0, 'headlight': 0, 'audio_light': 0, 'side_light': 1}
2021-06-25 15:52:52,793 server_data.py[line:259] INFO {'topic': 'switch_3c50f4c3-a9c1-4872-9f18-883af014380a', 'b_sampling': 0, 'b_draw': 0, 'headlight': 0, 'audio_light': 0, 'side_light': 1}
2021-06-25 15:52:57,834 server_data.py[line:259] INFO {'topic': 'switch_3c50f4c3-a9c1-4872-9f18-883af014380a', 'b_sampling': 0, 'b_draw': 0, 'headlight': 0, 'audio_light': 0, 'side_light': 1}
2021-06-25 15:53:02,871 server_data.py[line:259] INFO {'topic': 'switch_3c50f4c3-a9c1-4872-9f18-883af014380a', 'b_sampling': 0, 'b_draw': 0, 'headlight': 0, 'audio_light': 0, 'side_light': 1}
2021-06-25 15:53:07,905 server_data.py[line:259] INFO {'topic': 'switch_3c50f4c3-a9c1-4872-9f18-883af014380a', 'b_sampling': 0, 'b_draw': 0, 'headlight': 0, 'audio_light': 0, 'side_light': 1}
2021-06-25 15:53:12,910 server_data.py[line:259] INFO {'topic': 'switch_3c50f4c3-a9c1-4872-9f18-883af014380a', 'b_sampling': 0, 'b_draw': 0, 'headlight': 0, 'audio_light': 0, 'side_light': 1}
2021-06-25 15:53:17,958 server_data.py[line:259] INFO {'topic': 'switch_3c50f4c3-a9c1-4872-9f18-883af014380a', 'b_sampling': 0, 'b_draw': 0, 'headlight': 0, 'audio_light': 0, 'side_light': 1}
2021-06-25 15:53:22,907 server_data.py[line:259] INFO {'topic': 'switch_3c50f4c3-a9c1-4872-9f18-883af014380a', 'b_sampling': 0, 'b_draw': 0, 'headlight': 0, 'audio_light': 0, 'side_light': 1}
2021-06-25 15:53:27,942 server_data.py[line:259] INFO {'topic': 'switch_3c50f4c3-a9c1-4872-9f18-883af014380a', 'b_sampling': 0, 'b_draw': 0, 'headlight': 0, 'audio_light': 0, 'side_light': 1}
2021-06-25 15:53:32,970 server_data.py[line:259] INFO {'topic': 'switch_3c50f4c3-a9c1-4872-9f18-883af014380a', 'b_sampling': 0, 'b_draw': 0, 'headlight': 0, 'audio_light': 0, 'side_light': 1}
2021-06-25 15:53:37,966 server_data.py[line:259] INFO {'topic': 'switch_3c50f4c3-a9c1-4872-9f18-883af014380a', 'b_sampling': 0, 'b_draw': 0, 'headlight': 0, 'audio_light': 0, 'side_light': 1}
2021-06-25 15:53:42,996 server_data.py[line:259] INFO {'topic': 'switch_3c50f4c3-a9c1-4872-9f18-883af014380a', 'b_sampling': 0, 'b_draw': 0, 'headlight': 0, 'audio_light': 0, 'side_light': 1}
2021-06-25 15:53:48,013 server_data.py[line:259] INFO {'topic': 'switch_3c50f4c3-a9c1-4872-9f18-883af014380a', 'b_sampling': 0, 'b_draw': 0, 'headlight': 0, 'audio_light': 0, 'side_light': 1}
2021-06-25 15:53:53,012 server_data.py[line:259] INFO {'topic': 'switch_3c50f4c3-a9c1-4872-9f18-883af014380a', 'b_sampling': 0, 'b_draw': 0, 'headlight': 0, 'audio_light': 0, 'side_light': 1}
2021-06-25 15:53:58,064 server_data.py[line:259] INFO {'topic': 'switch_3c50f4c3-a9c1-4872-9f18-883af014380a', 'b_sampling': 0, 'b_draw': 0, 'headlight': 0, 'audio_light': 0, 'side_light': 1}
2021-06-25 15:54:03,075 server_data.py[line:259] INFO {'topic': 'switch_3c50f4c3-a9c1-4872-9f18-883af014380a', 'b_sampling': 0, 'b_draw': 0, 'headlight': 0, 'audio_light': 0, 'side_light': 1}
2021-06-25 15:54:08,098 server_data.py[line:259] INFO {'topic': 'switch_3c50f4c3-a9c1-4872-9f18-883af014380a', 'b_sampling': 0, 'b_draw': 0, 'headlight': 0, 'audio_light': 0, 'side_light': 1}
2021-06-25 15:54:13,101 server_data.py[line:259] INFO {'topic': 'switch_3c50f4c3-a9c1-4872-9f18-883af014380a', 'b_sampling': 0, 'b_draw': 0, 'headlight': 0, 'audio_light': 0, 'side_light': 1}
2021-06-25 15:54:15,608 server_data.py[line:234] INFO {'topic': 'control_data_3c50f4c3-a9c1-4872-9f18-883af014380a', 'control_move_direction': -1, 'mode': None}
2021-06-25 15:54:18,131 server_data.py[line:259] INFO {'topic': 'switch_3c50f4c3-a9c1-4872-9f18-883af014380a', 'b_sampling': 0, 'b_draw': 0, 'headlight': 0, 'audio_light': 0, 'side_light': 1}
2021-06-25 15:54:21,186 server_data.py[line:311] INFO {'topic': 'user_lng_lat_3c50f4c3-a9c1-4872-9f18-883af014380a', 'target_lng_lat': [[114.52544, 30.505837]], 'zoom': 18, 'meter_pix': 0.7276155873554386, 'back_home': 0, 'fix_point': None}
2021-06-25 15:54:21,228 server_data.py[line:349] INFO {'topic': 'path_planning_3c50f4c3-a9c1-4872-9f18-883af014380a', 'sampling_points': [[114.52544, 30.505837]], 'path_points': [[114.525439, 30.505839]]}
2021-06-25 15:54:23,158 server_data.py[line:259] INFO {'topic': 'switch_3c50f4c3-a9c1-4872-9f18-883af014380a', 'b_sampling': 0, 'b_draw': 0, 'headlight': 0, 'audio_light': 0, 'side_light': 1}
2021-06-25 15:54:28,154 server_data.py[line:259] INFO {'topic': 'switch_3c50f4c3-a9c1-4872-9f18-883af014380a', 'b_sampling': 0, 'b_draw': 0, 'headlight': 0, 'audio_light': 0, 'side_light': 1}
2021-06-25 15:54:33,141 server_data.py[line:259] INFO {'topic': 'switch_3c50f4c3-a9c1-4872-9f18-883af014380a', 'b_sampling': 0, 'b_draw': 0, 'headlight': 0, 'audio_light': 0, 'side_light': 1}
2021-06-25 15:54:35,767 server_data.py[line:311] INFO {'topic': 'user_lng_lat_3c50f4c3-a9c1-4872-9f18-883af014380a', 'target_lng_lat': [[114.524757, 30.505392]], 'zoom': 18, 'meter_pix': 0.7276155873554386, 'back_home': 1, 'fix_point': None}
2021-06-25 15:54:35,862 server_data.py[line:349] INFO {'topic': 'path_planning_3c50f4c3-a9c1-4872-9f18-883af014380a', 'sampling_points': [[114.524757, 30.505392]], 'path_points': [[114.524757, 30.505395]]}
2021-06-25 15:54:38,177 server_data.py[line:259] INFO {'topic': 'switch_3c50f4c3-a9c1-4872-9f18-883af014380a', 'b_sampling': 0, 'b_draw': 0, 'headlight': 0, 'audio_light': 0, 'side_light': 1}
2021-06-25 15:54:43,190 server_data.py[line:259] INFO {'topic': 'switch_3c50f4c3-a9c1-4872-9f18-883af014380a', 'b_sampling': 0, 'b_draw': 0, 'headlight': 0, 'audio_light': 0, 'side_light': 1}
2021-06-25 15:54:48,196 server_data.py[line:259] INFO {'topic': 'switch_3c50f4c3-a9c1-4872-9f18-883af014380a', 'b_sampling': 0, 'b_draw': 0, 'headlight': 0, 'audio_light': 0, 'side_light': 1}
2021-06-25 15:54:53,208 server_data.py[line:259] INFO {'topic': 'switch_3c50f4c3-a9c1-4872-9f18-883af014380a', 'b_sampling': 0, 'b_draw': 0, 'headlight': 0, 'audio_light': 0, 'side_light': 1}
2021-06-25 15:54:58,209 server_data.py[line:259] INFO {'topic': 'switch_3c50f4c3-a9c1-4872-9f18-883af014380a', 'b_sampling': 0, 'b_draw': 0, 'headlight': 0, 'audio_light': 0, 'side_light': 1}
2021-06-25 15:55:03,276 server_data.py[line:259] INFO {'topic': 'switch_3c50f4c3-a9c1-4872-9f18-883af014380a', 'b_sampling': 0, 'b_draw': 0, 'headlight': 0, 'audio_light': 0, 'side_light': 1}
2021-06-25 15:55:08,295 server_data.py[line:259] INFO {'topic': 'switch_3c50f4c3-a9c1-4872-9f18-883af014380a', 'b_sampling': 0, 'b_draw': 0, 'headlight': 0, 'audio_light': 0, 'side_light': 1}
2021-06-25 15:55:13,302 server_data.py[line:259] INFO {'topic': 'switch_3c50f4c3-a9c1-4872-9f18-883af014380a', 'b_sampling': 0, 'b_draw': 0, 'headlight': 0, 'audio_light': 0, 'side_light': 1}
2021-06-25 15:55:18,282 server_data.py[line:259] INFO {'topic': 'switch_3c50f4c3-a9c1-4872-9f18-883af014380a', 'b_sampling': 0, 'b_draw': 0, 'headlight': 0, 'audio_light': 0, 'side_light': 1}
2021-06-25 16:06:45,411 server_data.py[line:534] INFO {'topic': 'pool_click_3c50f4c3-a9c1-4872-9f18-883af014380a', 'qos': 0}
2021-06-25 16:06:45,430 server_data.py[line:534] INFO {'topic': 'control_data_3c50f4c3-a9c1-4872-9f18-883af014380a', 'qos': 0}
2021-06-25 16:06:45,436 server_data.py[line:192] INFO Connected with result code:  01
2021-06-25 16:06:45,448 server_data.py[line:534] INFO {'topic': 'path_confirm_3c50f4c3-a9c1-4872-9f18-883af014380a', 'qos': 0}
2021-06-25 16:06:45,484 server_data.py[line:534] INFO {'topic': 'user_lng_lat_3c50f4c3-a9c1-4872-9f18-883af014380a', 'qos': 0}
2021-06-25 16:06:45,502 server_data.py[line:534] INFO {'topic': 'start_3c50f4c3-a9c1-4872-9f18-883af014380a', 'qos': 0}
2021-06-25 16:06:45,526 server_data.py[line:534] INFO {'topic': 'switch_3c50f4c3-a9c1-4872-9f18-883af014380a', 'qos': 0}
2021-06-25 16:06:45,550 server_data.py[line:534] INFO {'topic': 'pool_info_3c50f4c3-a9c1-4872-9f18-883af014380a', 'qos': 0}
2021-06-25 16:06:45,568 server_data.py[line:534] INFO {'topic': 'auto_lng_lat_3c50f4c3-a9c1-4872-9f18-883af014380a', 'qos': 0}
2021-06-25 16:06:45,586 server_data.py[line:534] INFO {'topic': 'path_planning_3c50f4c3-a9c1-4872-9f18-883af014380a', 'qos': 0}
2021-06-25 16:06:45,604 server_data.py[line:534] INFO {'topic': 'base_setting_3c50f4c3-a9c1-4872-9f18-883af014380a', 'qos': 0}
2021-06-25 16:06:45,622 server_data.py[line:534] INFO {'topic': 'height_setting_3c50f4c3-a9c1-4872-9f18-883af014380a', 'qos': 0}
2021-06-25 16:06:45,640 server_data.py[line:534] INFO {'topic': 'refresh_3c50f4c3-a9c1-4872-9f18-883af014380a', 'qos': 0}
2021-06-25 16:06:45,664 server_data.py[line:534] INFO {'topic': 'reset_pool_3c50f4c3-a9c1-4872-9f18-883af014380a', 'qos': 0}
2021-06-25 16:06:45,670 server_data.py[line:534] INFO {'topic': 'heart_3c50f4c3-a9c1-4872-9f18-883af014380a', 'qos': 0}
2021-06-25 16:06:45,694 server_data.py[line:534] INFO {'topic': 'set_home_3c50f4c3-a9c1-4872-9f18-883af014380a', 'qos': 0}
2021-06-25 16:06:45,724 server_data.py[line:534] INFO {'topic': 'poweroff_restart_3c50f4c3-a9c1-4872-9f18-883af014380a', 'qos': 0}
2021-06-25 16:06:45,736 server_data.py[line:534] INFO {'topic': 'path_planning_confirm_3c50f4c3-a9c1-4872-9f18-883af014380a', 'qos': 0}
2021-06-25 16:06:50,360 server_data.py[line:259] INFO {'topic': 'switch_3c50f4c3-a9c1-4872-9f18-883af014380a', 'b_sampling': 0, 'b_draw': 0, 'headlight': 0, 'audio_light': 0, 'side_light': 1}
2021-06-25 16:06:55,378 server_data.py[line:259] INFO {'topic': 'switch_3c50f4c3-a9c1-4872-9f18-883af014380a', 'b_sampling': 0, 'b_draw': 0, 'headlight': 0, 'audio_light': 0, 'side_light': 1}
2021-06-25 16:06:59,447 server_data.py[line:459] INFO {'refresh_setting ': {'info_type': 1}}
2021-06-25 16:06:59,465 server_data.py[line:399] INFO {'base_setting ': {'info_type': 1}}
2021-06-25 16:06:59,645 server_data.py[line:399] INFO {'base_setting ': {'speed_grade': 3, 'arrive_range': 2.5, 'keep_point': 5, 'secure_distance': 5, 'row': 50, 'col': 50, 'pool_name': '湖北省武汉市江夏区豹式值捞岫ヂ', 'video_url': 'http://123.32132.321321.213', 'info_type': 3}}
2021-06-25 16:07:00,403 server_data.py[line:259] INFO {'topic': 'switch_3c50f4c3-a9c1-4872-9f18-883af014380a', 'b_sampling': 0, 'b_draw': 0, 'headlight': 0, 'audio_light': 0, 'side_light': 1}
2021-06-25 16:07:00,439 server_data.py[line:459] INFO {'refresh_setting ': {'info_type': 1}}
2021-06-25 16:07:00,475 server_data.py[line:399] INFO {'base_setting ': {'info_type': 1}}
2021-06-25 16:07:00,554 server_data.py[line:399] INFO {'base_setting ': {'speed_grade': 3, 'arrive_range': 2.5, 'keep_point': 5, 'secure_distance': 5, 'row': 50, 'col': 50, 'pool_name': '湖北省武汉市江夏区豹式值捞岫ヂ', 'video_url': 'http://123.32132.321321.213', 'info_type': 3}}
2021-06-25 16:07:05,366 server_data.py[line:277] INFO {'topic': 'pool_click_3c50f4c3-a9c1-4872-9f18-883af014380a', 'lng_lat': [114.524317, 30.506275], 'zoom': 17.5}
2021-06-25 16:07:05,426 server_data.py[line:259] INFO {'topic': 'switch_3c50f4c3-a9c1-4872-9f18-883af014380a', 'b_sampling': 0, 'b_draw': 0, 'headlight': 0, 'audio_light': 0, 'side_light': 1}
2021-06-25 16:07:06,158 server_data.py[line:385] INFO {'topic': 'pool_info_3c50f4c3-a9c1-4872-9f18-883af014380a', 'mapId': '1397858718729355265'}
2021-06-25 16:07:06,200 server_data.py[line:399] INFO {'base_setting ': {'speed_grade': 3, 'arrive_range': 2.5, 'keep_point': 5, 'secure_distance': 5, 'row': 50, 'col': 50, 'pool_name': '湖北省武汉市江夏区豹式值捞岫ヂ', 'video_url': 'http://123.32132.321321.213', 'info_type': 3}}
2021-06-25 16:07:06,938 server_data.py[line:459] INFO {'refresh_setting ': {'mapId': '1397858718729355265', 'sampling_points': [], 'path_points': [], 'info_type': 2}}
2021-06-25 16:07:10,415 server_data.py[line:259] INFO {'topic': 'switch_3c50f4c3-a9c1-4872-9f18-883af014380a', 'b_sampling': 0, 'b_draw': 0, 'headlight': 0, 'audio_light': 0, 'side_light': 1}
2021-06-25 16:07:12,201 server_data.py[line:325] INFO {'topic': 'auto_lng_lat_3c50f4c3-a9c1-4872-9f18-883af014380a', 'row_gap': 1}
2021-06-25 16:07:15,008 server_data.py[line:349] INFO {'topic': 'path_planning_3c50f4c3-a9c1-4872-9f18-883af014380a', 'sampling_points': [[114.523656, 30.506918], [114.524177, 30.506918], [114.52574, 30.506469], [114.524177, 30.506469], [114.523656, 30.506469], [114.523136, 30.506469], [114.522615, 30.506469], [114.522094, 30.506469], [114.522094, 30.506021], [114.522615, 30.506021], [114.523136, 30.506021], [114.523656, 30.506021], [114.524177, 30.506021], [114.524698, 30.506021], [114.525219, 30.506021], [114.52574, 30.506021], [114.526261, 30.506021], [114.52574, 30.505572], [114.525219, 30.505572], [114.524698, 30.505572], [114.524177, 30.505572], [114.523656, 30.505572], [114.523136, 30.505572], [114.522615, 30.505572], [114.522094, 30.505572], [114.523136, 30.505123], [114.523656, 30.505123], [114.524177, 30.505123], [114.524698, 30.505123], [114.525219, 30.505123], [114.52574, 30.505123], [114.525219, 30.504674], [114.524698, 30.504674], [114.524177, 30.504674], [114.523656, 30.504674], [114.524177, 30.504225], [114.524698, 30.504225], [114.525219, 30.504225]], 'path_points': [[114.523651, 30.506918], [114.524172, 30.506918], [114.524188, 30.506904], [114.52421, 30.506886], [114.524231, 30.506867], [114.524253, 30.506849], [114.524274, 30.50683], [114.524296, 30.506812], [114.524296, 30.506793], [114.524296, 30.506775], [114.524296, 30.506756], [114.524296, 30.506738], [114.524296, 30.506719], [114.524296, 30.506701], [114.524296, 30.506682], [114.524296, 30.506664], [114.524296, 30.506645], [114.524296, 30.506627], [114.524296, 30.506608], [114.524296, 30.50659], [114.524296, 30.506571], [114.524317, 30.506553], [114.524317, 30.506534], [114.524317, 30.506516], [114.524338, 30.506497], [114.52436, 30.506479], [114.524381, 30.50646], [114.524403, 30.506442], [114.524403, 30.506423], [114.524403, 30.506405], [114.524403, 30.506386], [114.524424, 30.506368], [114.524446, 30.506349], [114.524467, 30.506331], [114.524489, 30.506312], [114.52451, 30.506294], [114.524532, 30.506275], [114.524553, 30.506256], [114.524575, 30.506238], [114.524596, 30.506219], [114.524618, 30.506201], [114.524639, 30.506182], [114.524661, 30.506164], [114.524682, 30.506145], [114.524704, 30.506127], [114.524704, 30.506108], [114.524704, 30.50609], [114.524725, 30.506071], [114.524747, 30.506071], [114.524768, 30.506053], [114.52479, 30.506053], [114.524811, 30.506053], [114.524833, 30.506053], [114.524854, 30.506053], [114.524876, 30.506034], [114.524897, 30.506034], [114.524918, 30.506034], [114.52494, 30.506034], [114.524961, 30.506034], [114.524983, 30.506034], [114.525004, 30.506016], [114.525026, 30.506016], [114.525047, 30.506016], [114.525069, 30.506016], [114.52509, 30.506016], [114.525112, 30.506016], [114.525133, 30.506016], [114.525155, 30.506016], [114.525176, 30.506016], [114.525198, 30.506016], [114.525219, 30.506016], [114.525241, 30.506016], [114.525262, 30.506016], [114.525284, 30.506016], [114.525305, 30.506016], [114.525327, 30.506034], [114.525348, 30.506034], [114.52537, 30.506053], [114.525391, 30.506053], [114.525413, 30.506071], [114.525434, 30.50609], [114.525456, 30.506108], [114.525477, 30.506127], [114.525498, 30.506145], [114.52552, 30.506164], [114.525541, 30.506182], [114.525563, 30.506201], [114.525584, 30.506219], [114.525606, 30.506238], [114.525627, 30.506256], [114.525627, 30.506275], [114.525649, 30.506294], [114.525649, 30.506312], [114.52567, 30.506331], [114.52567, 30.506349], [114.525692, 30.506368], [114.525692, 30.506386], [114.525713, 30.506405], [114.525713, 30.506423], [114.525713, 30.506442], [114.525735, 30.50646], [114.525735, 30.50646], [114.525713, 30.506442], [114.525692, 30.506423], [114.52567, 30.506405], [114.525649, 30.506386], [114.525627, 30.506368], [114.525606, 30.506349], [114.525584, 30.506331], [114.525563, 30.506312], [114.525541, 30.506294], [114.52552, 30.506275], [114.525498, 30.506256], [114.525498, 30.506238], [114.525498, 30.506219], [114.525498, 30.506201], [114.525498, 30.506182], [114.525498, 30.506164], [114.525477, 30.506145], [114.525477, 30.506127], [114.525456, 30.506108], [114.525434, 30.50609], [114.525413, 30.506071], [114.525391, 30.506053], [114.52537, 30.506053], [114.525348, 30.506034], [114.525327, 30.506034], [114.525305, 30.506016], [114.525284, 30.506016], [114.525262, 30.506016], [114.525241, 30.506016], [114.525219, 30.506016], [114.525198, 30.506016], [114.525176, 30.506016], [114.525155, 30.506016], [114.525133, 30.506016], [114.525112, 30.506016], [114.52509, 30.506016], [114.525069, 30.506016], [114.525047, 30.506016], [114.525026, 30.506016], [114.525004, 30.506016], [114.524983, 30.506034], [114.524961, 30.506034], [114.52494, 30.506034], [114.524918, 30.506034], [114.524897, 30.506034], [114.524876, 30.506034], [114.524854, 30.506053], [114.524833, 30.506053], [114.524811, 30.506053], [114.52479, 30.506053], [114.524768, 30.506053], [114.524747, 30.506071], [114.524725, 30.506071], [114.524704, 30.50609], [114.524682, 30.506108], [114.524661, 30.506127], [114.524639, 30.506145], [114.524618, 30.506164], [114.524596, 30.506182], [114.524575, 30.506201], [114.524553, 30.506219], [114.524532, 30.506238], [114.52451, 30.506256], [114.524489, 30.506275], [114.524467, 30.506294], [114.524446, 30.506312], [114.524424, 30.506331], [114.524403, 30.506349], [114.524381, 30.506368], [114.52436, 30.506386], [114.524338, 30.506405], [114.524317, 30.506405], [114.524296, 30.506423], [114.524274, 30.506423], [114.524253, 30.506442], [114.524231, 30.506442], [114.52421, 30.50646], [114.524188, 30.50646], [114.523656, 30.506469], [114.523136, 30.506469], [114.522615, 30.506469], [114.522094, 30.506469], [114.522094, 30.506025], [114.522615, 30.506025], [114.523136, 30.506025], [114.523656, 30.506025], [114.524172, 30.506025], [114.524693, 30.506025], [114.524704, 30.506016], [114.524725, 30.506016], [114.524747, 30.506016], [114.524768, 30.506016], [114.52479, 30.506016], [114.524811, 30.506016], [114.524833, 30.506016], [114.524854, 30.506016], [114.524876, 30.506016], [114.524897, 30.506016], [114.524918, 30.506016], [114.52494, 30.506016], [114.524961, 30.506016], [114.524983, 30.506016], [114.525004, 30.506016], [114.525026, 30.506016], [114.525047, 30.506016], [114.525069, 30.506016], [114.52509, 30.506016], [114.525112, 30.506016], [114.525133, 30.506016], [114.525155, 30.506016], [114.525176, 30.506016], [114.525198, 30.506016], [114.525219, 30.506016], [114.525219, 30.506016], [114.525241, 30.506016], [114.525262, 30.506016], [114.525284, 30.506016], [114.525305, 30.506016], [114.525327, 30.506016], [114.525348, 30.506016], [114.52537, 30.506016], [114.525391, 30.506016], [114.525413, 30.506016], [114.525434, 30.506016], [114.525456, 30.506016], [114.525477, 30.506016], [114.525498, 30.506016], [114.52552, 30.506016], [114.525541, 30.506016], [114.525563, 30.506016], [114.525584, 30.506016], [114.525606, 30.506016], [114.525627, 30.506016], [114.525649, 30.506016], [114.52567, 30.506016], [114.525692, 30.506016], [114.525713, 30.506016], [114.525735, 30.506016], [114.526256, 30.506025], [114.525735, 30.505576], [114.525214, 30.505576], [114.524693, 30.505576], [114.524172, 30.505576], [114.523651, 30.505576], [114.523136, 30.505576], [114.522615, 30.505576], [114.522094, 30.505576], [114.523136, 30.505127], [114.523651, 30.505128], [114.524172, 30.505128], [114.524698, 30.505128], [114.525219, 30.505127], [114.525735, 30.505128], [114.525219, 30.504679], [114.524698, 30.504679], [114.524172, 30.504679], [114.523651, 30.504679], [114.524172, 30.50423], [114.524698, 30.50423], [114.525219, 30.50423]]}
2021-06-25 16:07:15,438 server_data.py[line:259] INFO {'topic': 'switch_3c50f4c3-a9c1-4872-9f18-883af014380a', 'b_sampling': 0, 'b_draw': 0, 'headlight': 0, 'audio_light': 0, 'side_light': 1}
2021-06-25 16:07:20,439 server_data.py[line:259] INFO {'topic': 'switch_3c50f4c3-a9c1-4872-9f18-883af014380a', 'b_sampling': 0, 'b_draw': 0, 'headlight': 0, 'audio_light': 0, 'side_light': 1}
2021-06-25 16:07:22,471 server_data.py[line:376] INFO {'topic': 'start_3c50f4c3-a9c1-4872-9f18-883af014380a', 'b_start': 1}
2021-06-25 16:07:25,470 server_data.py[line:259] INFO {'topic': 'switch_3c50f4c3-a9c1-4872-9f18-883af014380a', 'b_sampling': 0, 'b_draw': 0, 'headlight': 0, 'audio_light': 0, 'side_light': 1}
2021-06-25 16:07:30,467 server_data.py[line:259] INFO {'topic': 'switch_3c50f4c3-a9c1-4872-9f18-883af014380a', 'b_sampling': 0, 'b_draw': 0, 'headlight': 0, 'audio_light': 0, 'side_light': 1}
2021-06-25 16:07:35,509 server_data.py[line:259] INFO {'topic': 'switch_3c50f4c3-a9c1-4872-9f18-883af014380a', 'b_sampling': 0, 'b_draw': 0, 'headlight': 0, 'audio_light': 0, 'side_light': 1}
2021-06-25 16:07:40,514 server_data.py[line:259] INFO {'topic': 'switch_3c50f4c3-a9c1-4872-9f18-883af014380a', 'b_sampling': 0, 'b_draw': 0, 'headlight': 0, 'audio_light': 0, 'side_light': 1}
2021-06-25 16:07:45,539 server_data.py[line:259] INFO {'topic': 'switch_3c50f4c3-a9c1-4872-9f18-883af014380a', 'b_sampling': 0, 'b_draw': 0, 'headlight': 0, 'audio_light': 0, 'side_light': 1}
2021-06-25 16:07:50,558 server_data.py[line:259] INFO {'topic': 'switch_3c50f4c3-a9c1-4872-9f18-883af014380a', 'b_sampling': 0, 'b_draw': 0, 'headlight': 0, 'audio_light': 0, 'side_light': 1}
2021-06-25 16:07:55,570 server_data.py[line:259] INFO {'topic': 'switch_3c50f4c3-a9c1-4872-9f18-883af014380a', 'b_sampling': 0, 'b_draw': 0, 'headlight': 0, 'audio_light': 0, 'side_light': 1}
2021-06-25 16:08:00,559 server_data.py[line:259] INFO {'topic': 'switch_3c50f4c3-a9c1-4872-9f18-883af014380a', 'b_sampling': 0, 'b_draw': 0, 'headlight': 0, 'audio_light': 0, 'side_light': 1}
2021-06-25 16:08:05,567 server_data.py[line:259] INFO {'topic': 'switch_3c50f4c3-a9c1-4872-9f18-883af014380a', 'b_sampling': 0, 'b_draw': 0, 'headlight': 0, 'audio_light': 0, 'side_light': 1}
2021-06-25 16:08:10,591 server_data.py[line:259] INFO {'topic': 'switch_3c50f4c3-a9c1-4872-9f18-883af014380a', 'b_sampling': 0, 'b_draw': 0, 'headlight': 0, 'audio_light': 0, 'side_light': 1}
2021-06-25 16:08:15,632 server_data.py[line:259] INFO {'topic': 'switch_3c50f4c3-a9c1-4872-9f18-883af014380a', 'b_sampling': 0, 'b_draw': 0, 'headlight': 0, 'audio_light': 0, 'side_light': 1}
2021-06-25 16:08:20,637 server_data.py[line:259] INFO {'topic': 'switch_3c50f4c3-a9c1-4872-9f18-883af014380a', 'b_sampling': 0, 'b_draw': 0, 'headlight': 0, 'audio_light': 0, 'side_light': 1}
2021-06-25 16:08:25,637 server_data.py[line:259] INFO {'topic': 'switch_3c50f4c3-a9c1-4872-9f18-883af014380a', 'b_sampling': 0, 'b_draw': 0, 'headlight': 0, 'audio_light': 0, 'side_light': 1}
2021-06-25 16:08:30,649 server_data.py[line:259] INFO {'topic': 'switch_3c50f4c3-a9c1-4872-9f18-883af014380a', 'b_sampling': 0, 'b_draw': 0, 'headlight': 0, 'audio_light': 0, 'side_light': 1}
2021-06-25 16:08:35,667 server_data.py[line:259] INFO {'topic': 'switch_3c50f4c3-a9c1-4872-9f18-883af014380a', 'b_sampling': 0, 'b_draw': 0, 'headlight': 0, 'audio_light': 0, 'side_light': 1}
2021-06-25 16:08:46,624 server_data.py[line:534] INFO {'topic': 'pool_click_3c50f4c3-a9c1-4872-9f18-883af014380a', 'qos': 0}
2021-06-25 16:08:46,630 server_data.py[line:192] INFO Connected with result code:  01
2021-06-25 16:08:46,654 server_data.py[line:534] INFO {'topic': 'control_data_3c50f4c3-a9c1-4872-9f18-883af014380a', 'qos': 0}
2021-06-25 16:08:46,666 server_data.py[line:534] INFO {'topic': 'path_confirm_3c50f4c3-a9c1-4872-9f18-883af014380a', 'qos': 0}
2021-06-25 16:08:46,690 server_data.py[line:534] INFO {'topic': 'user_lng_lat_3c50f4c3-a9c1-4872-9f18-883af014380a', 'qos': 0}
2021-06-25 16:08:46,714 server_data.py[line:534] INFO {'topic': 'start_3c50f4c3-a9c1-4872-9f18-883af014380a', 'qos': 0}
2021-06-25 16:08:46,726 server_data.py[line:534] INFO {'topic': 'switch_3c50f4c3-a9c1-4872-9f18-883af014380a', 'qos': 0}
2021-06-25 16:08:46,744 server_data.py[line:534] INFO {'topic': 'pool_info_3c50f4c3-a9c1-4872-9f18-883af014380a', 'qos': 0}
2021-06-25 16:08:46,762 server_data.py[line:534] INFO {'topic': 'auto_lng_lat_3c50f4c3-a9c1-4872-9f18-883af014380a', 'qos': 0}
2021-06-25 16:08:46,780 server_data.py[line:534] INFO {'topic': 'path_planning_3c50f4c3-a9c1-4872-9f18-883af014380a', 'qos': 0}
2021-06-25 16:08:46,792 server_data.py[line:534] INFO {'topic': 'base_setting_3c50f4c3-a9c1-4872-9f18-883af014380a', 'qos': 0}
2021-06-25 16:08:46,810 server_data.py[line:534] INFO {'topic': 'height_setting_3c50f4c3-a9c1-4872-9f18-883af014380a', 'qos': 0}
2021-06-25 16:08:46,822 server_data.py[line:534] INFO {'topic': 'refresh_3c50f4c3-a9c1-4872-9f18-883af014380a', 'qos': 0}
2021-06-25 16:08:46,840 server_data.py[line:534] INFO {'topic': 'reset_pool_3c50f4c3-a9c1-4872-9f18-883af014380a', 'qos': 0}
2021-06-25 16:08:46,852 server_data.py[line:534] INFO {'topic': 'heart_3c50f4c3-a9c1-4872-9f18-883af014380a', 'qos': 0}
2021-06-25 16:08:46,870 server_data.py[line:534] INFO {'topic': 'set_home_3c50f4c3-a9c1-4872-9f18-883af014380a', 'qos': 0}
2021-06-25 16:08:46,882 server_data.py[line:534] INFO {'topic': 'poweroff_restart_3c50f4c3-a9c1-4872-9f18-883af014380a', 'qos': 0}
2021-06-25 16:08:46,918 server_data.py[line:534] INFO {'topic': 'path_planning_confirm_3c50f4c3-a9c1-4872-9f18-883af014380a', 'qos': 0}
2021-06-25 16:08:51,587 server_data.py[line:259] INFO {'topic': 'switch_3c50f4c3-a9c1-4872-9f18-883af014380a', 'b_sampling': 0, 'b_draw': 0, 'headlight': 0, 'audio_light': 0, 'side_light': 1}
2021-06-25 16:08:55,845 server_data.py[line:459] INFO {'refresh_setting ': {'info_type': 1}}
2021-06-25 16:08:55,846 server_data.py[line:399] INFO {'base_setting ': {'info_type': 1}}
2021-06-25 16:08:55,976 server_data.py[line:399] INFO {'base_setting ': {'speed_grade': 3, 'arrive_range': 2.5, 'keep_point': 5, 'secure_distance': 5, 'row': 50, 'col': 50, 'pool_name': '湖北省武汉市江夏区豹式值捞岫ヂ', 'video_url': 'http://123.32132.321321.213', 'info_type': 3}}
2021-06-25 16:08:56,613 server_data.py[line:259] INFO {'topic': 'switch_3c50f4c3-a9c1-4872-9f18-883af014380a', 'b_sampling': 0, 'b_draw': 0, 'headlight': 0, 'audio_light': 0, 'side_light': 1}
2021-06-25 16:09:01,629 server_data.py[line:259] INFO {'topic': 'switch_3c50f4c3-a9c1-4872-9f18-883af014380a', 'b_sampling': 0, 'b_draw': 0, 'headlight': 0, 'audio_light': 0, 'side_light': 1}
2021-06-25 16:09:02,726 server_data.py[line:277] INFO {'topic': 'pool_click_3c50f4c3-a9c1-4872-9f18-883af014380a', 'lng_lat': [114.523809, 30.505804], 'zoom': 17.5}
2021-06-25 16:09:03,590 server_data.py[line:385] INFO {'topic': 'pool_info_3c50f4c3-a9c1-4872-9f18-883af014380a', 'mapId': '1397858718729355265'}
2021-06-25 16:09:03,632 server_data.py[line:399] INFO {'base_setting ': {'speed_grade': 3, 'arrive_range': 2.5, 'keep_point': 5, 'secure_distance': 5, 'row': 50, 'col': 50, 'pool_name': '湖北省武汉市江夏区豹式值朗榛路', 'video_url': 'http://123.32132.321321.213', 'info_type': 3}}
2021-06-25 16:09:05,059 server_data.py[line:459] INFO {'refresh_setting ': {'mapId': '1397858718729355265', 'sampling_points': [], 'path_points': [], 'info_type': 2}}
2021-06-25 16:09:06,626 server_data.py[line:259] INFO {'topic': 'switch_3c50f4c3-a9c1-4872-9f18-883af014380a', 'b_sampling': 0, 'b_draw': 0, 'headlight': 0, 'audio_light': 0, 'side_light': 1}
2021-06-25 16:09:11,657 server_data.py[line:259] INFO {'topic': 'switch_3c50f4c3-a9c1-4872-9f18-883af014380a', 'b_sampling': 0, 'b_draw': 0, 'headlight': 0, 'audio_light': 0, 'side_light': 1}
2021-06-25 16:09:12,038 server_data.py[line:399] INFO {'base_setting ': {'info_type': 2, 'row': 50, 'col': 50, 'speed_grade': 3, 'secure_distance': '15', 'arrive_range': 2.5, 'keep_point': 5}}
2021-06-25 16:09:16,630 server_data.py[line:259] INFO {'topic': 'switch_3c50f4c3-a9c1-4872-9f18-883af014380a', 'b_sampling': 0, 'b_draw': 0, 'headlight': 0, 'audio_light': 0, 'side_light': 1}
2021-06-25 16:09:18,188 server_data.py[line:399] INFO {'base_setting ': {'info_type': 2, 'row': '70', 'col': 50, 'speed_grade': 3, 'secure_distance': '15', 'arrive_range': 2.5, 'keep_point': 5}}
2021-06-25 16:09:21,675 server_data.py[line:259] INFO {'topic': 'switch_3c50f4c3-a9c1-4872-9f18-883af014380a', 'b_sampling': 0, 'b_draw': 0, 'headlight': 0, 'audio_light': 0, 'side_light': 1}
2021-06-25 16:09:21,744 server_data.py[line:325] INFO {'topic': 'auto_lng_lat_3c50f4c3-a9c1-4872-9f18-883af014380a', 'row_gap': 1}
2021-06-25 16:09:24,238 server_data.py[line:349] INFO {'topic': 'path_planning_3c50f4c3-a9c1-4872-9f18-883af014380a', 'sampling_points': [[114.523965, 30.506743], [114.52614, 30.506119], [114.523965, 30.506119], [114.52324, 30.506119], [114.522515, 30.506119], [114.52179, 30.506119], [114.522515, 30.505494], [114.52324, 30.505494], [114.523965, 30.505494], [114.52469, 30.505494], [114.525415, 30.505494], [114.525415, 30.504869], [114.52469, 30.504869], [114.523965, 30.504869], [114.52324, 30.504869], [114.523965, 30.504245], [114.52469, 30.504245]], 'path_points': [[114.523965, 30.506743], [114.523981, 30.506729], [114.524002, 30.506711], [114.524024, 30.506692], [114.524045, 30.506674], [114.524067, 30.506655], [114.524088, 30.506637], [114.52411, 30.506618], [114.524131, 30.5066], [114.524153, 30.506581], [114.524174, 30.506563], [114.524196, 30.506544], [114.524196, 30.506526], [114.524196, 30.506507], [114.524217, 30.506489], [114.524217, 30.50647], [114.524239, 30.506452], [114.52426, 30.506433], [114.524282, 30.506415], [114.524303, 30.506396], [114.524325, 30.506378], [114.524346, 30.506359], [114.524368, 30.506341], [114.524368, 30.506322], [114.524368, 30.506304], [114.524368, 30.506285], [114.524368, 30.506267], [114.524389, 30.506248], [114.52441, 30.50623], [114.524432, 30.506211], [114.524453, 30.506193], [114.524475, 30.506174], [114.524496, 30.506156], [114.524518, 30.506137], [114.524539, 30.506119], [114.524561, 30.5061], [114.524582, 30.506082], [114.524604, 30.506063], [114.524604, 30.506045], [114.524625, 30.506026], [114.524647, 30.506008], [114.524668, 30.505989], [114.52469, 30.505989], [114.524711, 30.505971], [114.524733, 30.505971], [114.524754, 30.505971], [114.524776, 30.505952], [114.524797, 30.505952], [114.524819, 30.505952], [114.52484, 30.505952], [114.524862, 30.505952], [114.524883, 30.505952], [114.524905, 30.505952], [114.524926, 30.505934], [114.524948, 30.505934], [114.524969, 30.505934], [114.52499, 30.505934], [114.525012, 30.505934], [114.525033, 30.505934], [114.525055, 30.505934], [114.525076, 30.505934], [114.525098, 30.505934], [114.525119, 30.505934], [114.525141, 30.505934], [114.525162, 30.505934], [114.525184, 30.505934], [114.525205, 30.505934], [114.525227, 30.505934], [114.525248, 30.505934], [114.52527, 30.505934], [114.525291, 30.505934], [114.525313, 30.505934], [114.525334, 30.505934], [114.525356, 30.505934], [114.525377, 30.505934], [114.525399, 30.505934], [114.52542, 30.505934], [114.525442, 30.505934], [114.525463, 30.505934], [114.525485, 30.505934], [114.525506, 30.505934], [114.525528, 30.505934], [114.525549, 30.505934], [114.52557, 30.505934], [114.525592, 30.505934], [114.525613, 30.505934], [114.525635, 30.505934], [114.525656, 30.505934], [114.525678, 30.505934], [114.525699, 30.505934], [114.525721, 30.505952], [114.525742, 30.505952], [114.525764, 30.505971], [114.525785, 30.505971], [114.525807, 30.505989], [114.525828, 30.505989], [114.52585, 30.506008], [114.525871, 30.506008], [114.525893, 30.506026], [114.525914, 30.506026], [114.525936, 30.506026], [114.525957, 30.506045], [114.525979, 30.506045], [114.526, 30.506063], [114.526022, 30.506063], [114.526043, 30.506082], [114.526065, 30.506082], [114.526086, 30.5061], [114.526108, 30.5061], [114.526129, 30.506119], [114.52615, 30.506119], [114.52615, 30.506119], [114.526129, 30.506119], [114.526108, 30.506119], [114.526086, 30.506119], [114.526065, 30.506119], [114.526043, 30.506119], [114.526022, 30.506119], [114.526, 30.5061], [114.525979, 30.506082], [114.525957, 30.506082], [114.525936, 30.506082], [114.525914, 30.506082], [114.525893, 30.506082], [114.525871, 30.506082], [114.52585, 30.506082], [114.525828, 30.506082], [114.525807, 30.506063], [114.525785, 30.506063], [114.525764, 30.506063], [114.525742, 30.506063], [114.525721, 30.506063], [114.525699, 30.506063], [114.525678, 30.506063], [114.525656, 30.506063], [114.525635, 30.506063], [114.525613, 30.506063], [114.525592, 30.506063], [114.52557, 30.506063], [114.525549, 30.506063], [114.525528, 30.506045], [114.525506, 30.506026], [114.525485, 30.506008], [114.525463, 30.505989], [114.525442, 30.505971], [114.52542, 30.505971], [114.525399, 30.505952], [114.525377, 30.505952], [114.525356, 30.505934], [114.525334, 30.505934], [114.525313, 30.505934], [114.525291, 30.505934], [114.52527, 30.505934], [114.525248, 30.505934], [114.525227, 30.505934], [114.525205, 30.505934], [114.525184, 30.505934], [114.525162, 30.505934], [114.525141, 30.505934], [114.525119, 30.505934], [114.525098, 30.505934], [114.525076, 30.505934], [114.525055, 30.505934], [114.525033, 30.505934], [114.525012, 30.505934], [114.52499, 30.505934], [114.524969, 30.505934], [114.524948, 30.505934], [114.524926, 30.505934], [114.524905, 30.505934], [114.524883, 30.505934], [114.524862, 30.505934], [114.52484, 30.505934], [114.524819, 30.505934], [114.524797, 30.505934], [114.524776, 30.505934], [114.524754, 30.505934], [114.524733, 30.505934], [114.524711, 30.505934], [114.52469, 30.505934], [114.524668, 30.505934], [114.524647, 30.505934], [114.524625, 30.505934], [114.524604, 30.505934], [114.524582, 30.505934], [114.524561, 30.505934], [114.524539, 30.505934], [114.524518, 30.505934], [114.524496, 30.505934], [114.524475, 30.505934], [114.524453, 30.505934], [114.524432, 30.505934], [114.52441, 30.505952], [114.524389, 30.505952], [114.524368, 30.505971], [114.524346, 30.505971], [114.524325, 30.505989], [114.524303, 30.505989], [114.524282, 30.506008], [114.52426, 30.506008], [114.524239, 30.506026], [114.524217, 30.506026], [114.524196, 30.506026], [114.524174, 30.506045], [114.524153, 30.506045], [114.524131, 30.506063], [114.52411, 30.506063], [114.524088, 30.506082], [114.524067, 30.506082], [114.524045, 30.5061], [114.524024, 30.5061], [114.524002, 30.506119], [114.523981, 30.506119], [114.52324, 30.506119], [114.522515, 30.506119], [114.52179, 30.506119], [114.522515, 30.505499], [114.52324, 30.505499], [114.523965, 30.505499], [114.524684, 30.505499], [114.525409, 30.505499], [114.525409, 30.504874], [114.52469, 30.504874], [114.523965, 30.504874], [114.523234, 30.504874], [114.523965, 30.504249], [114.52469, 30.504249]]}
2021-06-25 16:09:26,668 server_data.py[line:259] INFO {'topic': 'switch_3c50f4c3-a9c1-4872-9f18-883af014380a', 'b_sampling': 0, 'b_draw': 0, 'headlight': 0, 'audio_light': 0, 'side_light': 1}
2021-06-25 16:09:31,674 server_data.py[line:259] INFO {'topic': 'switch_3c50f4c3-a9c1-4872-9f18-883af014380a', 'b_sampling': 0, 'b_draw': 0, 'headlight': 0, 'audio_light': 0, 'side_light': 1}
2021-06-25 16:09:36,703 server_data.py[line:259] INFO {'topic': 'switch_3c50f4c3-a9c1-4872-9f18-883af014380a', 'b_sampling': 0, 'b_draw': 0, 'headlight': 0, 'audio_light': 0, 'side_light': 1}
2021-06-25 16:09:41,764 server_data.py[line:259] INFO {'topic': 'switch_3c50f4c3-a9c1-4872-9f18-883af014380a', 'b_sampling': 0, 'b_draw': 0, 'headlight': 0, 'audio_light': 0, 'side_light': 1}
2021-06-25 16:09:46,712 server_data.py[line:259] INFO {'topic': 'switch_3c50f4c3-a9c1-4872-9f18-883af014380a', 'b_sampling': 0, 'b_draw': 0, 'headlight': 0, 'audio_light': 0, 'side_light': 1}
2021-06-25 16:09:51,741 server_data.py[line:259] INFO {'topic': 'switch_3c50f4c3-a9c1-4872-9f18-883af014380a', 'b_sampling': 0, 'b_draw': 0, 'headlight': 0, 'audio_light': 0, 'side_light': 1}
2021-06-25 16:09:56,742 server_data.py[line:259] INFO {'topic': 'switch_3c50f4c3-a9c1-4872-9f18-883af014380a', 'b_sampling': 0, 'b_draw': 0, 'headlight': 0, 'audio_light': 0, 'side_light': 1}
2021-06-25 16:10:01,761 server_data.py[line:259] INFO {'topic': 'switch_3c50f4c3-a9c1-4872-9f18-883af014380a', 'b_sampling': 0, 'b_draw': 0, 'headlight': 0, 'audio_light': 0, 'side_light': 1}
2021-06-25 16:10:06,765 server_data.py[line:259] INFO {'topic': 'switch_3c50f4c3-a9c1-4872-9f18-883af014380a', 'b_sampling': 0, 'b_draw': 0, 'headlight': 0, 'audio_light': 0, 'side_light': 1}
2021-06-25 16:10:11,796 server_data.py[line:259] INFO {'topic': 'switch_3c50f4c3-a9c1-4872-9f18-883af014380a', 'b_sampling': 0, 'b_draw': 0, 'headlight': 0, 'audio_light': 0, 'side_light': 1}
2021-06-25 16:10:16,783 server_data.py[line:259] INFO {'topic': 'switch_3c50f4c3-a9c1-4872-9f18-883af014380a', 'b_sampling': 0, 'b_draw': 0, 'headlight': 0, 'audio_light': 0, 'side_light': 1}
2021-06-25 16:10:21,802 server_data.py[line:259] INFO {'topic': 'switch_3c50f4c3-a9c1-4872-9f18-883af014380a', 'b_sampling': 0, 'b_draw': 0, 'headlight': 0, 'audio_light': 0, 'side_light': 1}
2021-06-25 16:10:26,794 server_data.py[line:259] INFO {'topic': 'switch_3c50f4c3-a9c1-4872-9f18-883af014380a', 'b_sampling': 0, 'b_draw': 0, 'headlight': 0, 'audio_light': 0, 'side_light': 1}
2021-06-25 16:10:31,836 server_data.py[line:259] INFO {'topic': 'switch_3c50f4c3-a9c1-4872-9f18-883af014380a', 'b_sampling': 0, 'b_draw': 0, 'headlight': 0, 'audio_light': 0, 'side_light': 1}
2021-06-25 16:10:36,853 server_data.py[line:259] INFO {'topic': 'switch_3c50f4c3-a9c1-4872-9f18-883af014380a', 'b_sampling': 0, 'b_draw': 0, 'headlight': 0, 'audio_light': 0, 'side_light': 1}
2021-06-25 16:10:41,876 server_data.py[line:259] INFO {'topic': 'switch_3c50f4c3-a9c1-4872-9f18-883af014380a', 'b_sampling': 0, 'b_draw': 0, 'headlight': 0, 'audio_light': 0, 'side_light': 1}
2021-06-25 16:10:46,878 server_data.py[line:259] INFO {'topic': 'switch_3c50f4c3-a9c1-4872-9f18-883af014380a', 'b_sampling': 0, 'b_draw': 0, 'headlight': 0, 'audio_light': 0, 'side_light': 1}
2021-06-25 16:10:51,872 server_data.py[line:259] INFO {'topic': 'switch_3c50f4c3-a9c1-4872-9f18-883af014380a', 'b_sampling': 0, 'b_draw': 0, 'headlight': 0, 'audio_light': 0, 'side_light': 1}
2021-06-25 16:10:56,890 server_data.py[line:259] INFO {'topic': 'switch_3c50f4c3-a9c1-4872-9f18-883af014380a', 'b_sampling': 0, 'b_draw': 0, 'headlight': 0, 'audio_light': 0, 'side_light': 1}
2021-06-25 16:11:01,928 server_data.py[line:259] INFO {'topic': 'switch_3c50f4c3-a9c1-4872-9f18-883af014380a', 'b_sampling': 0, 'b_draw': 0, 'headlight': 0, 'audio_light': 0, 'side_light': 1}
2021-06-25 16:11:06,939 server_data.py[line:259] INFO {'topic': 'switch_3c50f4c3-a9c1-4872-9f18-883af014380a', 'b_sampling': 0, 'b_draw': 0, 'headlight': 0, 'audio_light': 0, 'side_light': 1}
2021-06-25 16:11:11,953 server_data.py[line:259] INFO {'topic': 'switch_3c50f4c3-a9c1-4872-9f18-883af014380a', 'b_sampling': 0, 'b_draw': 0, 'headlight': 0, 'audio_light': 0, 'side_light': 1}
2021-06-25 16:11:16,965 server_data.py[line:259] INFO {'topic': 'switch_3c50f4c3-a9c1-4872-9f18-883af014380a', 'b_sampling': 0, 'b_draw': 0, 'headlight': 0, 'audio_light': 0, 'side_light': 1}
2021-06-25 16:11:21,991 server_data.py[line:259] INFO {'topic': 'switch_3c50f4c3-a9c1-4872-9f18-883af014380a', 'b_sampling': 0, 'b_draw': 0, 'headlight': 0, 'audio_light': 0, 'side_light': 1}
2021-06-25 16:11:26,994 server_data.py[line:259] INFO {'topic': 'switch_3c50f4c3-a9c1-4872-9f18-883af014380a', 'b_sampling': 0, 'b_draw': 0, 'headlight': 0, 'audio_light': 0, 'side_light': 1}
2021-06-25 16:11:32,000 server_data.py[line:259] INFO {'topic': 'switch_3c50f4c3-a9c1-4872-9f18-883af014380a', 'b_sampling': 0, 'b_draw': 0, 'headlight': 0, 'audio_light': 0, 'side_light': 1}
2021-06-25 16:11:37,009 server_data.py[line:259] INFO {'topic': 'switch_3c50f4c3-a9c1-4872-9f18-883af014380a', 'b_sampling': 0, 'b_draw': 0, 'headlight': 0, 'audio_light': 0, 'side_light': 1}
2021-06-25 16:11:42,041 server_data.py[line:259] INFO {'topic': 'switch_3c50f4c3-a9c1-4872-9f18-883af014380a', 'b_sampling': 0, 'b_draw': 0, 'headlight': 0, 'audio_light': 0, 'side_light': 1}
2021-06-25 16:11:47,065 server_data.py[line:259] INFO {'topic': 'switch_3c50f4c3-a9c1-4872-9f18-883af014380a', 'b_sampling': 0, 'b_draw': 0, 'headlight': 0, 'audio_light': 0, 'side_light': 1}
2021-06-25 16:11:52,073 server_data.py[line:259] INFO {'topic': 'switch_3c50f4c3-a9c1-4872-9f18-883af014380a', 'b_sampling': 0, 'b_draw': 0, 'headlight': 0, 'audio_light': 0, 'side_light': 1}
2021-06-25 16:11:57,063 server_data.py[line:259] INFO {'topic': 'switch_3c50f4c3-a9c1-4872-9f18-883af014380a', 'b_sampling': 0, 'b_draw': 0, 'headlight': 0, 'audio_light': 0, 'side_light': 1}
2021-06-25 16:12:02,096 server_data.py[line:259] INFO {'topic': 'switch_3c50f4c3-a9c1-4872-9f18-883af014380a', 'b_sampling': 0, 'b_draw': 0, 'headlight': 0, 'audio_light': 0, 'side_light': 1}
2021-06-25 16:12:07,108 server_data.py[line:259] INFO {'topic': 'switch_3c50f4c3-a9c1-4872-9f18-883af014380a', 'b_sampling': 0, 'b_draw': 0, 'headlight': 0, 'audio_light': 0, 'side_light': 1}
2021-06-25 16:12:12,121 server_data.py[line:259] INFO {'topic': 'switch_3c50f4c3-a9c1-4872-9f18-883af014380a', 'b_sampling': 0, 'b_draw': 0, 'headlight': 0, 'audio_light': 0, 'side_light': 1}
2021-06-25 16:12:16,889 server_data.py[line:234] INFO {'topic': 'control_data_3c50f4c3-a9c1-4872-9f18-883af014380a', 'control_move_direction': -1, 'mode': None}
2021-06-25 16:12:17,142 server_data.py[line:259] INFO {'topic': 'switch_3c50f4c3-a9c1-4872-9f18-883af014380a', 'b_sampling': 0, 'b_draw': 0, 'headlight': 0, 'audio_light': 0, 'side_light': 1}
2021-06-25 16:12:20,344 server_data.py[line:234] INFO {'topic': 'control_data_3c50f4c3-a9c1-4872-9f18-883af014380a', 'control_move_direction': -1, 'mode': None}
2021-06-25 16:12:22,130 server_data.py[line:259] INFO {'topic': 'switch_3c50f4c3-a9c1-4872-9f18-883af014380a', 'b_sampling': 0, 'b_draw': 0, 'headlight': 0, 'audio_light': 0, 'side_light': 1}
2021-06-25 16:12:24,490 server_data.py[line:234] INFO {'topic': 'control_data_3c50f4c3-a9c1-4872-9f18-883af014380a', 'control_move_direction': -1, 'mode': None}
2021-06-25 16:12:25,492 server_data.py[line:376] INFO {'topic': 'start_3c50f4c3-a9c1-4872-9f18-883af014380a', 'b_start': 1}
2021-06-25 16:12:27,148 server_data.py[line:259] INFO {'topic': 'switch_3c50f4c3-a9c1-4872-9f18-883af014380a', 'b_sampling': 0, 'b_draw': 0, 'headlight': 0, 'audio_light': 0, 'side_light': 1}
2021-06-25 16:12:30,041 server_data.py[line:325] INFO {'topic': 'auto_lng_lat_3c50f4c3-a9c1-4872-9f18-883af014380a', 'row_gap': 1}
2021-06-25 16:12:32,172 server_data.py[line:259] INFO {'topic': 'switch_3c50f4c3-a9c1-4872-9f18-883af014380a', 'b_sampling': 0, 'b_draw': 0, 'headlight': 0, 'audio_light': 0, 'side_light': 1}
2021-06-25 16:12:32,664 server_data.py[line:349] INFO {'topic': 'path_planning_3c50f4c3-a9c1-4872-9f18-883af014380a', 'sampling_points': [[114.523965, 30.506743], [114.52614, 30.506119], [114.523965, 30.506119], [114.52324, 30.506119], [114.522515, 30.506119], [114.52179, 30.506119], [114.522515, 30.505494], [114.52324, 30.505494], [114.523965, 30.505494], [114.52469, 30.505494], [114.525415, 30.505494], [114.525415, 30.504869], [114.52469, 30.504869], [114.523965, 30.504869], [114.52324, 30.504869], [114.523965, 30.504245], [114.52469, 30.504245]], 'path_points': [[114.523965, 30.506743], [114.523981, 30.506729], [114.524002, 30.506711], [114.524024, 30.506692], [114.524045, 30.506674], [114.524067, 30.506655], [114.524088, 30.506637], [114.52411, 30.506618], [114.524131, 30.5066], [114.524153, 30.506581], [114.524174, 30.506563], [114.524196, 30.506544], [114.524196, 30.506526], [114.524196, 30.506507], [114.524217, 30.506489], [114.524217, 30.50647], [114.524239, 30.506452], [114.52426, 30.506433], [114.524282, 30.506415], [114.524303, 30.506396], [114.524325, 30.506378], [114.524346, 30.506359], [114.524368, 30.506341], [114.524368, 30.506322], [114.524368, 30.506304], [114.524368, 30.506285], [114.524368, 30.506267], [114.524389, 30.506248], [114.52441, 30.50623], [114.524432, 30.506211], [114.524453, 30.506193], [114.524475, 30.506174], [114.524496, 30.506156], [114.524518, 30.506137], [114.524539, 30.506119], [114.524561, 30.5061], [114.524582, 30.506082], [114.524604, 30.506063], [114.524604, 30.506045], [114.524625, 30.506026], [114.524647, 30.506008], [114.524668, 30.505989], [114.52469, 30.505989], [114.524711, 30.505971], [114.524733, 30.505971], [114.524754, 30.505971], [114.524776, 30.505952], [114.524797, 30.505952], [114.524819, 30.505952], [114.52484, 30.505952], [114.524862, 30.505952], [114.524883, 30.505952], [114.524905, 30.505952], [114.524926, 30.505934], [114.524948, 30.505934], [114.524969, 30.505934], [114.52499, 30.505934], [114.525012, 30.505934], [114.525033, 30.505934], [114.525055, 30.505934], [114.525076, 30.505934], [114.525098, 30.505934], [114.525119, 30.505934], [114.525141, 30.505934], [114.525162, 30.505934], [114.525184, 30.505934], [114.525205, 30.505934], [114.525227, 30.505934], [114.525248, 30.505934], [114.52527, 30.505934], [114.525291, 30.505934], [114.525313, 30.505934], [114.525334, 30.505934], [114.525356, 30.505934], [114.525377, 30.505934], [114.525399, 30.505934], [114.52542, 30.505934], [114.525442, 30.505934], [114.525463, 30.505934], [114.525485, 30.505934], [114.525506, 30.505934], [114.525528, 30.505934], [114.525549, 30.505934], [114.52557, 30.505934], [114.525592, 30.505934], [114.525613, 30.505934], [114.525635, 30.505934], [114.525656, 30.505934], [114.525678, 30.505934], [114.525699, 30.505934], [114.525721, 30.505952], [114.525742, 30.505952], [114.525764, 30.505971], [114.525785, 30.505971], [114.525807, 30.505989], [114.525828, 30.505989], [114.52585, 30.506008], [114.525871, 30.506008], [114.525893, 30.506026], [114.525914, 30.506026], [114.525936, 30.506026], [114.525957, 30.506045], [114.525979, 30.506045], [114.526, 30.506063], [114.526022, 30.506063], [114.526043, 30.506082], [114.526065, 30.506082], [114.526086, 30.5061], [114.526108, 30.5061], [114.526129, 30.506119], [114.52615, 30.506119], [114.52615, 30.506119], [114.526129, 30.506119], [114.526108, 30.506119], [114.526086, 30.506119], [114.526065, 30.506119], [114.526043, 30.506119], [114.526022, 30.506119], [114.526, 30.5061], [114.525979, 30.506082], [114.525957, 30.506082], [114.525936, 30.506082], [114.525914, 30.506082], [114.525893, 30.506082], [114.525871, 30.506082], [114.52585, 30.506082], [114.525828, 30.506082], [114.525807, 30.506063], [114.525785, 30.506063], [114.525764, 30.506063], [114.525742, 30.506063], [114.525721, 30.506063], [114.525699, 30.506063], [114.525678, 30.506063], [114.525656, 30.506063], [114.525635, 30.506063], [114.525613, 30.506063], [114.525592, 30.506063], [114.52557, 30.506063], [114.525549, 30.506063], [114.525528, 30.506045], [114.525506, 30.506026], [114.525485, 30.506008], [114.525463, 30.505989], [114.525442, 30.505971], [114.52542, 30.505971], [114.525399, 30.505952], [114.525377, 30.505952], [114.525356, 30.505934], [114.525334, 30.505934], [114.525313, 30.505934], [114.525291, 30.505934], [114.52527, 30.505934], [114.525248, 30.505934], [114.525227, 30.505934], [114.525205, 30.505934], [114.525184, 30.505934], [114.525162, 30.505934], [114.525141, 30.505934], [114.525119, 30.505934], [114.525098, 30.505934], [114.525076, 30.505934], [114.525055, 30.505934], [114.525033, 30.505934], [114.525012, 30.505934], [114.52499, 30.505934], [114.524969, 30.505934], [114.524948, 30.505934], [114.524926, 30.505934], [114.524905, 30.505934], [114.524883, 30.505934], [114.524862, 30.505934], [114.52484, 30.505934], [114.524819, 30.505934], [114.524797, 30.505934], [114.524776, 30.505934], [114.524754, 30.505934], [114.524733, 30.505934], [114.524711, 30.505934], [114.52469, 30.505934], [114.524668, 30.505934], [114.524647, 30.505934], [114.524625, 30.505934], [114.524604, 30.505934], [114.524582, 30.505934], [114.524561, 30.505934], [114.524539, 30.505934], [114.524518, 30.505934], [114.524496, 30.505934], [114.524475, 30.505934], [114.524453, 30.505934], [114.524432, 30.505934], [114.52441, 30.505952], [114.524389, 30.505952], [114.524368, 30.505971], [114.524346, 30.505971], [114.524325, 30.505989], [114.524303, 30.505989], [114.524282, 30.506008], [114.52426, 30.506008], [114.524239, 30.506026], [114.524217, 30.506026], [114.524196, 30.506026], [114.524174, 30.506045], [114.524153, 30.506045], [114.524131, 30.506063], [114.52411, 30.506063], [114.524088, 30.506082], [114.524067, 30.506082], [114.524045, 30.5061], [114.524024, 30.5061], [114.524002, 30.506119], [114.523981, 30.506119], [114.52324, 30.506119], [114.522515, 30.506119], [114.52179, 30.506119], [114.522515, 30.505499], [114.52324, 30.505499], [114.523965, 30.505499], [114.524684, 30.505499], [114.525409, 30.505499], [114.525409, 30.504874], [114.52469, 30.504874], [114.523965, 30.504874], [114.523234, 30.504874], [114.523965, 30.504249], [114.52469, 30.504249]]}
2021-06-25 16:12:37,177 server_data.py[line:259] INFO {'topic': 'switch_3c50f4c3-a9c1-4872-9f18-883af014380a', 'b_sampling': 0, 'b_draw': 0, 'headlight': 0, 'audio_light': 0, 'side_light': 1}
2021-06-25 16:12:42,197 server_data.py[line:259] INFO {'topic': 'switch_3c50f4c3-a9c1-4872-9f18-883af014380a', 'b_sampling': 0, 'b_draw': 0, 'headlight': 0, 'audio_light': 0, 'side_light': 1}
2021-06-25 16:12:47,232 server_data.py[line:259] INFO {'topic': 'switch_3c50f4c3-a9c1-4872-9f18-883af014380a', 'b_sampling': 0, 'b_draw': 0, 'headlight': 0, 'audio_light': 0, 'side_light': 1}
2021-06-25 16:12:49,960 server_data.py[line:234] INFO {'topic': 'control_data_3c50f4c3-a9c1-4872-9f18-883af014380a', 'control_move_direction': 0, 'mode': 1}
2021-06-25 16:12:51,856 server_data.py[line:234] INFO {'topic': 'control_data_3c50f4c3-a9c1-4872-9f18-883af014380a', 'control_move_direction': 90, 'mode': 1}
2021-06-25 16:12:52,228 server_data.py[line:259] INFO {'topic': 'switch_3c50f4c3-a9c1-4872-9f18-883af014380a', 'b_sampling': 0, 'b_draw': 0, 'headlight': 0, 'audio_light': 0, 'side_light': 1}
2021-06-25 16:12:54,341 server_data.py[line:234] INFO {'topic': 'control_data_3c50f4c3-a9c1-4872-9f18-883af014380a', 'control_move_direction': 270, 'mode': 1}
2021-06-25 16:12:57,269 server_data.py[line:259] INFO {'topic': 'switch_3c50f4c3-a9c1-4872-9f18-883af014380a', 'b_sampling': 0, 'b_draw': 0, 'headlight': 0, 'audio_light': 0, 'side_light': 1}
2021-06-25 16:13:01,996 server_data.py[line:234] INFO {'topic': 'control_data_3c50f4c3-a9c1-4872-9f18-883af014380a', 'control_move_direction': -1, 'mode': None}
2021-06-25 16:13:02,271 server_data.py[line:259] INFO {'topic': 'switch_3c50f4c3-a9c1-4872-9f18-883af014380a', 'b_sampling': 0, 'b_draw': 0, 'headlight': 0, 'audio_light': 0, 'side_light': 1}
2021-06-25 16:13:07,285 server_data.py[line:259] INFO {'topic': 'switch_3c50f4c3-a9c1-4872-9f18-883af014380a', 'b_sampling': 0, 'b_draw': 0, 'headlight': 0, 'audio_light': 0, 'side_light': 1}
2021-06-25 16:13:12,314 server_data.py[line:259] INFO {'topic': 'switch_3c50f4c3-a9c1-4872-9f18-883af014380a', 'b_sampling': 0, 'b_draw': 0, 'headlight': 0, 'audio_light': 0, 'side_light': 1}
2021-06-25 17:17:32,231 server_data.py[line:534] INFO {'topic': 'pool_click_3c50f4c3-a9c1-4872-9f18-883af014380a', 'qos': 0}
2021-06-25 17:17:32,237 server_data.py[line:192] INFO Connected with result code:  01
2021-06-25 17:17:32,267 server_data.py[line:534] INFO {'topic': 'control_data_3c50f4c3-a9c1-4872-9f18-883af014380a', 'qos': 0}
2021-06-25 17:17:32,296 server_data.py[line:534] INFO {'topic': 'path_confirm_3c50f4c3-a9c1-4872-9f18-883af014380a', 'qos': 0}
2021-06-25 17:17:32,337 server_data.py[line:534] INFO {'topic': 'user_lng_lat_3c50f4c3-a9c1-4872-9f18-883af014380a', 'qos': 0}
2021-06-25 17:17:32,355 server_data.py[line:534] INFO {'topic': 'start_3c50f4c3-a9c1-4872-9f18-883af014380a', 'qos': 0}
2021-06-25 17:17:32,367 server_data.py[line:534] INFO {'topic': 'switch_3c50f4c3-a9c1-4872-9f18-883af014380a', 'qos': 0}
2021-06-25 17:17:32,385 server_data.py[line:534] INFO {'topic': 'pool_info_3c50f4c3-a9c1-4872-9f18-883af014380a', 'qos': 0}
2021-06-25 17:17:32,403 server_data.py[line:534] INFO {'topic': 'auto_lng_lat_3c50f4c3-a9c1-4872-9f18-883af014380a', 'qos': 0}
2021-06-25 17:17:32,421 server_data.py[line:534] INFO {'topic': 'path_planning_3c50f4c3-a9c1-4872-9f18-883af014380a', 'qos': 0}
2021-06-25 17:17:32,439 server_data.py[line:534] INFO {'topic': 'base_setting_3c50f4c3-a9c1-4872-9f18-883af014380a', 'qos': 0}
2021-06-25 17:17:32,457 server_data.py[line:534] INFO {'topic': 'height_setting_3c50f4c3-a9c1-4872-9f18-883af014380a', 'qos': 0}
2021-06-25 17:17:32,487 server_data.py[line:534] INFO {'topic': 'refresh_3c50f4c3-a9c1-4872-9f18-883af014380a', 'qos': 0}
2021-06-25 17:17:32,523 server_data.py[line:534] INFO {'topic': 'reset_pool_3c50f4c3-a9c1-4872-9f18-883af014380a', 'qos': 0}
2021-06-25 17:17:32,529 server_data.py[line:534] INFO {'topic': 'heart_3c50f4c3-a9c1-4872-9f18-883af014380a', 'qos': 0}
2021-06-25 17:17:32,541 server_data.py[line:534] INFO {'topic': 'set_home_3c50f4c3-a9c1-4872-9f18-883af014380a', 'qos': 0}
2021-06-25 17:17:32,553 server_data.py[line:534] INFO {'topic': 'poweroff_restart_3c50f4c3-a9c1-4872-9f18-883af014380a', 'qos': 0}
2021-06-25 17:17:32,583 server_data.py[line:534] INFO {'topic': 'path_planning_confirm_3c50f4c3-a9c1-4872-9f18-883af014380a', 'qos': 0}
2021-06-25 17:17:37,200 server_data.py[line:259] INFO {'topic': 'switch_3c50f4c3-a9c1-4872-9f18-883af014380a', 'b_sampling': 0, 'b_draw': 0, 'headlight': 0, 'audio_light': 0, 'side_light': 1}
2021-06-25 17:17:42,212 server_data.py[line:259] INFO {'topic': 'switch_3c50f4c3-a9c1-4872-9f18-883af014380a', 'b_sampling': 0, 'b_draw': 0, 'headlight': 0, 'audio_light': 0, 'side_light': 1}
2021-06-25 17:17:47,237 server_data.py[line:259] INFO {'topic': 'switch_3c50f4c3-a9c1-4872-9f18-883af014380a', 'b_sampling': 0, 'b_draw': 0, 'headlight': 0, 'audio_light': 0, 'side_light': 1}
2021-06-25 17:17:52,273 server_data.py[line:259] INFO {'topic': 'switch_3c50f4c3-a9c1-4872-9f18-883af014380a', 'b_sampling': 0, 'b_draw': 0, 'headlight': 0, 'audio_light': 0, 'side_light': 1}
2021-06-25 17:17:57,285 server_data.py[line:259] INFO {'topic': 'switch_3c50f4c3-a9c1-4872-9f18-883af014380a', 'b_sampling': 0, 'b_draw': 0, 'headlight': 0, 'audio_light': 0, 'side_light': 1}
