2021-06-05 09:54:21,176 server_data.py[line:529] INFO {'topic': 'pool_click_3c50f4c3-a9c1-4872-9f18-883af014380a', 'qos': 0}
2021-06-05 09:54:21,178 server_data.py[line:529] INFO {'topic': 'control_data_3c50f4c3-a9c1-4872-9f18-883af014380a', 'qos': 0}
2021-06-05 09:54:21,178 server_data.py[line:529] INFO {'topic': 'path_confirm_3c50f4c3-a9c1-4872-9f18-883af014380a', 'qos': 0}
2021-06-05 09:54:21,178 server_data.py[line:529] INFO {'topic': 'user_lng_lat_3c50f4c3-a9c1-4872-9f18-883af014380a', 'qos': 0}
2021-06-05 09:54:21,178 server_data.py[line:529] INFO {'topic': 'start_3c50f4c3-a9c1-4872-9f18-883af014380a', 'qos': 0}
2021-06-05 09:54:21,178 server_data.py[line:529] INFO {'topic': 'switch_3c50f4c3-a9c1-4872-9f18-883af014380a', 'qos': 0}
2021-06-05 09:54:21,180 server_data.py[line:529] INFO {'topic': 'pool_info_3c50f4c3-a9c1-4872-9f18-883af014380a', 'qos': 0}
2021-06-05 09:54:21,180 server_data.py[line:529] INFO {'topic': 'auto_lng_lat_3c50f4c3-a9c1-4872-9f18-883af014380a', 'qos': 0}
2021-06-05 09:54:21,180 server_data.py[line:529] INFO {'topic': 'path_planning_3c50f4c3-a9c1-4872-9f18-883af014380a', 'qos': 0}
2021-06-05 09:54:21,180 server_data.py[line:529] INFO {'topic': 'base_setting_3c50f4c3-a9c1-4872-9f18-883af014380a', 'qos': 0}
2021-06-05 09:54:21,180 server_data.py[line:529] INFO {'topic': 'height_setting_3c50f4c3-a9c1-4872-9f18-883af014380a', 'qos': 0}
2021-06-05 09:54:21,180 server_data.py[line:529] INFO {'topic': 'refresh_3c50f4c3-a9c1-4872-9f18-883af014380a', 'qos': 0}
2021-06-05 09:54:21,181 server_data.py[line:529] INFO {'topic': 'reset_pool_3c50f4c3-a9c1-4872-9f18-883af014380a', 'qos': 0}
2021-06-05 09:54:21,181 server_data.py[line:529] INFO {'topic': 'heart_3c50f4c3-a9c1-4872-9f18-883af014380a', 'qos': 0}
2021-06-05 09:54:21,181 server_data.py[line:529] INFO {'topic': 'set_home_3c50f4c3-a9c1-4872-9f18-883af014380a', 'qos': 0}
2021-06-05 09:54:21,181 server_data.py[line:529] INFO {'topic': 'poweroff_restart_3c50f4c3-a9c1-4872-9f18-883af014380a', 'qos': 0}
2021-06-05 09:54:21,181 server_data.py[line:529] INFO {'topic': 'path_planning_confirm_3c50f4c3-a9c1-4872-9f18-883af014380a', 'qos': 0}
2021-06-05 09:54:21,194 server_data.py[line:194] INFO Connected with result code:  0
2021-06-05 10:20:26,924 server_data.py[line:529] INFO {'topic': 'pool_click_3c50f4c3-a9c1-4872-9f18-883af014380a', 'qos': 0}
2021-06-05 10:20:26,925 server_data.py[line:529] INFO {'topic': 'control_data_3c50f4c3-a9c1-4872-9f18-883af014380a', 'qos': 0}
2021-06-05 10:20:26,925 server_data.py[line:529] INFO {'topic': 'path_confirm_3c50f4c3-a9c1-4872-9f18-883af014380a', 'qos': 0}
2021-06-05 10:20:26,925 server_data.py[line:529] INFO {'topic': 'user_lng_lat_3c50f4c3-a9c1-4872-9f18-883af014380a', 'qos': 0}
2021-06-05 10:20:26,925 server_data.py[line:529] INFO {'topic': 'start_3c50f4c3-a9c1-4872-9f18-883af014380a', 'qos': 0}
2021-06-05 10:20:26,925 server_data.py[line:529] INFO {'topic': 'switch_3c50f4c3-a9c1-4872-9f18-883af014380a', 'qos': 0}
2021-06-05 10:20:26,926 server_data.py[line:529] INFO {'topic': 'pool_info_3c50f4c3-a9c1-4872-9f18-883af014380a', 'qos': 0}
2021-06-05 10:20:26,926 server_data.py[line:529] INFO {'topic': 'auto_lng_lat_3c50f4c3-a9c1-4872-9f18-883af014380a', 'qos': 0}
2021-06-05 10:20:26,926 server_data.py[line:529] INFO {'topic': 'path_planning_3c50f4c3-a9c1-4872-9f18-883af014380a', 'qos': 0}
2021-06-05 10:20:26,926 server_data.py[line:529] INFO {'topic': 'base_setting_3c50f4c3-a9c1-4872-9f18-883af014380a', 'qos': 0}
2021-06-05 10:20:26,926 server_data.py[line:529] INFO {'topic': 'height_setting_3c50f4c3-a9c1-4872-9f18-883af014380a', 'qos': 0}
2021-06-05 10:20:26,927 server_data.py[line:529] INFO {'topic': 'refresh_3c50f4c3-a9c1-4872-9f18-883af014380a', 'qos': 0}
2021-06-05 10:20:26,927 server_data.py[line:529] INFO {'topic': 'reset_pool_3c50f4c3-a9c1-4872-9f18-883af014380a', 'qos': 0}
2021-06-05 10:20:26,927 server_data.py[line:529] INFO {'topic': 'heart_3c50f4c3-a9c1-4872-9f18-883af014380a', 'qos': 0}
2021-06-05 10:20:26,927 server_data.py[line:529] INFO {'topic': 'set_home_3c50f4c3-a9c1-4872-9f18-883af014380a', 'qos': 0}
2021-06-05 10:20:26,927 server_data.py[line:529] INFO {'topic': 'poweroff_restart_3c50f4c3-a9c1-4872-9f18-883af014380a', 'qos': 0}
2021-06-05 10:20:26,927 server_data.py[line:529] INFO {'topic': 'path_planning_confirm_3c50f4c3-a9c1-4872-9f18-883af014380a', 'qos': 0}
2021-06-05 10:20:26,947 server_data.py[line:194] INFO Connected with result code:  0
