2021-03-08 09:34:09,051 server_data.py[line:477] INFO {'topic': 'pool_click_3c50f4c3-a9c1-4872-9f18-883af014380a', 'qos': 0}
2021-03-08 09:34:09,054 server_data.py[line:477] INFO {'topic': 'control_data_3c50f4c3-a9c1-4872-9f18-883af014380a', 'qos': 0}
2021-03-08 09:34:09,054 server_data.py[line:477] INFO {'topic': 'path_confirm_3c50f4c3-a9c1-4872-9f18-883af014380a', 'qos': 0}
2021-03-08 09:34:09,054 server_data.py[line:477] INFO {'topic': 'user_lng_lat_3c50f4c3-a9c1-4872-9f18-883af014380a', 'qos': 0}
2021-03-08 09:34:09,055 server_data.py[line:477] INFO {'topic': 'start_3c50f4c3-a9c1-4872-9f18-883af014380a', 'qos': 0}
2021-03-08 09:34:09,055 server_data.py[line:477] INFO {'topic': 'switch_3c50f4c3-a9c1-4872-9f18-883af014380a', 'qos': 0}
2021-03-08 09:34:09,056 server_data.py[line:477] INFO {'topic': 'pool_info_3c50f4c3-a9c1-4872-9f18-883af014380a', 'qos': 0}
2021-03-08 09:34:09,057 server_data.py[line:477] INFO {'topic': 'auto_lng_lat_3c50f4c3-a9c1-4872-9f18-883af014380a', 'qos': 0}
2021-03-08 09:34:09,057 server_data.py[line:477] INFO {'topic': 'path_planning_3c50f4c3-a9c1-4872-9f18-883af014380a', 'qos': 0}
2021-03-08 09:34:09,058 server_data.py[line:477] INFO {'topic': 'status_data_3c50f4c3-a9c1-4872-9f18-883af014380a', 'qos': 0}
2021-03-08 09:34:09,058 server_data.py[line:477] INFO {'topic': 'base_setting_3c50f4c3-a9c1-4872-9f18-883af014380a', 'qos': 0}
2021-03-08 09:34:09,058 server_data.py[line:477] INFO {'topic': 'height_setting_3c50f4c3-a9c1-4872-9f18-883af014380a', 'qos': 0}
2021-03-08 09:34:09,059 server_data.py[line:477] INFO {'topic': 'refresh_3c50f4c3-a9c1-4872-9f18-883af014380a', 'qos': 0}
2021-03-08 09:34:09,060 server_data.py[line:477] INFO {'topic': 'reset_pool_3c50f4c3-a9c1-4872-9f18-883af014380a', 'qos': 0}
2021-03-08 09:34:09,060 server_data.py[line:477] INFO {'topic': 'heart_3c50f4c3-a9c1-4872-9f18-883af014380a', 'qos': 0}
2021-03-08 09:34:09,060 server_data.py[line:477] INFO {'topic': 'path_planning_confirm_3c50f4c3-a9c1-4872-9f18-883af014380a', 'qos': 0}
2021-03-08 09:34:09,104 server_data.py[line:179] INFO Connected with result code:  0
2021-03-08 09:34:18,621 server_data.py[line:429] INFO {'refresh_setting ': {'info_type': 1}}
2021-03-08 09:34:18,621 server_data.py[line:369] INFO {'base_setting ': {'info_type': 1}}
2021-03-08 09:34:18,701 server_data.py[line:369] INFO {'base_setting ': {'speed_grade': 3, 'arrive_range': 2.5, 'keep_point': 5, 'secure_distance': 10, 'row': 50, 'col': 50, 'pool_name': '湖北省武汉市江夏区豹式值朗榛路', 'video_url': 'http://123.32132.321321.213', 'info_type': 3}}
2021-03-08 09:34:20,771 server_data.py[line:248] INFO {'topic': 'pool_click_3c50f4c3-a9c1-4872-9f18-883af014380a', 'lng_lat': [114.523663, 30.50568], 'zoom': 17.5}
2021-03-08 09:34:22,070 server_data.py[line:355] INFO {'topic': 'pool_info_3c50f4c3-a9c1-4872-9f18-883af014380a', 'mapId': '1354291518018142209'}
2021-03-08 09:34:22,071 server_data.py[line:369] INFO {'base_setting ': {'speed_grade': 3, 'arrive_range': 2.5, 'keep_point': 5, 'secure_distance': 10, 'row': 50, 'col': 50, 'pool_name': '湖北省武汉市江夏区豹式值朗榛路', 'video_url': 'http://123.32132.321321.213', 'info_type': 3}}
2021-03-08 09:34:23,623 server_data.py[line:429] INFO {'refresh_setting ': {'mapId': '1354291518018142209', 'sampling_points': [], 'path_points': [], 'info_type': 2}}
2021-03-08 09:34:24,447 server_data.py[line:282] INFO {'topic': 'user_lng_lat_3c50f4c3-a9c1-4872-9f18-883af014380a', 'target_lng_lat': [[114.523761, 30.505948]], 'zoom': 18, 'meter_pix': 0.7276099681067407, 'back_home': 0, 'fix_point': None}
2021-03-08 09:34:24,465 server_data.py[line:319] INFO {'topic': 'path_planning_3c50f4c3-a9c1-4872-9f18-883af014380a', 'sampling_points': [[114.523761, 30.505948]], 'path_points': [[114.523759, 30.505948]]}
2021-03-08 09:34:48,357 server_data.py[line:216] INFO {'topic': 'control_data_3c50f4c3-a9c1-4872-9f18-883af014380a', 'control_move_direction': -1}
2021-03-08 09:34:49,474 server_data.py[line:296] INFO {'topic': 'auto_lng_lat_3c50f4c3-a9c1-4872-9f18-883af014380a', 'row_gap': 1}
2021-03-08 09:34:52,641 server_data.py[line:319] INFO {'topic': 'path_planning_3c50f4c3-a9c1-4872-9f18-883af014380a', 'sampling_points': [[114.524045, 30.506915], [114.525606, 30.506468], [114.524045, 30.506466], [114.523523, 30.506467], [114.523002, 30.506466], [114.522482, 30.506467], [114.521961, 30.506466], [114.521439, 30.506466], [114.52144, 30.506018], [114.521961, 30.506019], [114.522482, 30.506019], [114.523003, 30.506018], [114.523523, 30.506018], [114.524044, 30.506018], [114.524565, 30.506018], [114.525607, 30.506018], [114.526128, 30.506016], [114.525607, 30.505569], [114.525086, 30.505568], [114.524565, 30.505569], [114.524044, 30.505569], [114.523523, 30.505569], [114.523002, 30.505569], [114.522481, 30.505569], [114.521961, 30.50557], [114.523002, 30.50512], [114.523524, 30.50512], [114.524044, 30.50512], [114.524565, 30.50512], [114.525087, 30.505121], [114.525607, 30.50512], [114.525087, 30.504672], [114.524565, 30.504671], [114.524043, 30.504671], [114.523523, 30.504671], [114.524044, 30.504222], [114.524566, 30.504223], [114.525087, 30.504223]], 'path_points': [[114.524045, 30.506915], [114.524051, 30.506901], [114.524071, 30.506883], [114.524094, 30.506864], [114.524113, 30.506846], [114.524135, 30.506828], [114.524158, 30.506809], [114.524179, 30.50679], [114.524201, 30.506772], [114.524221, 30.506754], [114.524242, 30.506735], [114.524265, 30.506716], [114.524286, 30.506698], [114.524285, 30.50668], [114.524286, 30.506661], [114.524285, 30.506643], [114.524286, 30.506624], [114.524286, 30.506606], [114.524286, 30.506587], [114.524285, 30.506569], [114.524308, 30.506549], [114.524307, 30.506531], [114.524308, 30.506513], [114.524329, 30.506494], [114.524351, 30.506475], [114.52435, 30.506457], [114.524351, 30.506439], [114.524351, 30.50642], [114.524351, 30.506401], [114.524372, 30.506383], [114.524394, 30.506365], [114.524415, 30.506346], [114.524436, 30.506328], [114.524458, 30.50631], [114.524479, 30.506291], [114.5245, 30.506273], [114.524522, 30.506254], [114.524544, 30.506235], [114.524565, 30.506216], [114.524586, 30.506199], [114.524609, 30.506179], [114.52463, 30.506161], [114.524651, 30.506142], [114.524672, 30.506125], [114.524694, 30.506106], [114.524694, 30.506087], [114.524716, 30.506069], [114.524737, 30.50605], [114.524759, 30.50605], [114.52478, 30.50605], [114.524801, 30.506051], [114.524823, 30.50605], [114.524844, 30.506032], [114.524866, 30.506031], [114.524888, 30.506031], [114.524909, 30.506031], [114.52493, 30.506033], [114.524952, 30.506013], [114.524974, 30.506012], [114.524995, 30.506013], [114.525017, 30.506012], [114.525038, 30.506013], [114.525059, 30.506014], [114.52508, 30.506014], [114.525103, 30.506012], [114.525124, 30.506013], [114.525145, 30.506013], [114.525167, 30.506013], [114.525188, 30.506013], [114.52521, 30.506012], [114.525231, 30.506014], [114.525252, 30.506014], [114.525274, 30.506013], [114.525296, 30.506013], [114.525317, 30.506014], [114.525338, 30.506032], [114.52536, 30.506031], [114.525382, 30.506049], [114.525403, 30.506051], [114.525424, 30.50607], [114.525446, 30.506086], [114.525468, 30.506105], [114.525489, 30.506125], [114.525489, 30.506143], [114.525489, 30.506161], [114.525489, 30.506179], [114.525489, 30.506197], [114.525489, 30.506216], [114.525511, 30.506234], [114.525511, 30.506253], [114.525511, 30.506272], [114.525532, 30.506292], [114.525532, 30.506308], [114.525553, 30.506328], [114.525554, 30.506345], [114.525575, 30.506366], [114.525575, 30.506383], [114.525597, 30.506401], [114.525596, 30.506421], [114.525596, 30.506439], [114.525617, 30.506458], [114.525617, 30.506458], [114.525596, 30.506439], [114.525575, 30.50642], [114.525553, 30.506402], [114.525532, 30.506383], [114.52551, 30.506365], [114.525488, 30.506348], [114.525489, 30.506328], [114.525489, 30.506309], [114.525489, 30.50629], [114.525489, 30.506271], [114.525489, 30.506253], [114.525489, 30.506234], [114.525489, 30.506216], [114.525489, 30.506197], [114.525489, 30.506179], [114.525489, 30.506161], [114.525489, 30.506143], [114.525489, 30.506125], [114.525468, 30.506105], [114.525446, 30.506086], [114.525424, 30.50607], [114.525403, 30.506051], [114.525382, 30.506049], [114.52536, 30.506031], [114.525338, 30.506032], [114.525317, 30.506014], [114.525296, 30.506013], [114.525274, 30.506013], [114.525252, 30.506014], [114.525231, 30.506014], [114.52521, 30.506012], [114.525188, 30.506013], [114.525167, 30.506013], [114.525145, 30.506013], [114.525124, 30.506013], [114.525103, 30.506012], [114.52508, 30.506014], [114.525059, 30.506014], [114.525038, 30.506013], [114.525017, 30.506012], [114.524995, 30.506013], [114.524974, 30.506012], [114.524952, 30.506013], [114.52493, 30.506033], [114.524909, 30.506031], [114.524888, 30.506031], [114.524866, 30.506031], [114.524844, 30.506032], [114.524823, 30.50605], [114.524801, 30.506051], [114.52478, 30.50605], [114.524759, 30.50605], [114.524737, 30.50605], [114.524716, 30.506069], [114.524694, 30.506087], [114.524672, 30.506106], [114.524651, 30.506125], [114.524629, 30.506143], [114.524608, 30.506161], [114.524587, 30.506179], [114.524565, 30.506198], [114.524543, 30.506217], [114.524522, 30.506236], [114.524501, 30.506254], [114.524479, 30.506272], [114.524458, 30.50629], [114.524436, 30.50631], [114.524414, 30.50631], [114.524394, 30.506327], [114.524372, 30.506328], [114.52435, 30.506347], [114.524328, 30.506347], [114.524307, 30.506365], [114.524286, 30.506365], [114.524264, 30.506365], [114.524243, 30.506383], [114.524222, 30.506383], [114.524201, 30.506401], [114.524178, 30.506402], [114.524157, 30.50642], [114.524135, 30.50642], [114.524114, 30.506439], [114.524093, 30.506439], [114.524071, 30.506458], [114.52405, 30.506457], [114.523518, 30.506467], [114.522997, 30.506467], [114.522482, 30.506467], [114.521961, 30.506466], [114.521439, 30.506466], [114.52144, 30.506018], [114.52196, 30.506021], [114.522482, 30.506023], [114.523003, 30.506018], [114.523518, 30.506018], [114.524039, 30.506018], [114.52456, 30.506018], [114.525602, 30.506017], [114.526122, 30.506019], [114.525602, 30.505575], [114.525081, 30.505569], [114.52456, 30.505574], [114.524039, 30.505574], [114.523518, 30.505574], [114.523002, 30.505573], [114.522482, 30.505573], [114.52196, 30.505575], [114.522998, 30.505124], [114.523524, 30.505125], [114.524039, 30.505125], [114.52456, 30.505125], [114.525081, 30.505126], [114.525602, 30.505124], [114.525086, 30.504676], [114.52456, 30.504676], [114.524039, 30.504676], [114.523518, 30.504676], [114.524043, 30.504227], [114.524564, 30.504226], [114.525087, 30.504228]]}
2021-03-08 09:34:57,442 server_data.py[line:346] INFO {'topic': 'start_3c50f4c3-a9c1-4872-9f18-883af014380a', 'b_start': 1}
2021-03-08 09:35:02,645 server_data.py[line:216] INFO {'topic': 'control_data_3c50f4c3-a9c1-4872-9f18-883af014380a', 'control_move_direction': -1}
2021-03-08 09:35:06,719 server_data.py[line:446] INFO {'topic': 'reset_pool_3c50f4c3-a9c1-4872-9f18-883af014380a', 'reset_pool': 1}
2021-03-08 09:35:08,438 server_data.py[line:429] INFO {'refresh_setting ': {'info_type': 1}}
2021-03-08 09:35:08,439 server_data.py[line:369] INFO {'base_setting ': {'info_type': 1}}
2021-03-08 09:35:08,472 server_data.py[line:369] INFO {'base_setting ': {'speed_grade': 3, 'arrive_range': 2.5, 'keep_point': 5, 'secure_distance': 10, 'row': 50, 'col': 50, 'pool_name': '湖北省武汉市江夏区豹式值朗榛路', 'video_url': 'http://123.32132.321321.213', 'info_type': 3}}
2021-03-08 09:35:08,495 server_data.py[line:369] INFO {'base_setting ': {'speed_grade': 3, 'arrive_range': 2.5, 'keep_point': 5, 'secure_distance': 15, 'row': 50, 'col': 50, 'pool_name': '梁子湖', 'video_url': 'http://123.32132.321321.213', 'info_type': 3}}
2021-03-08 11:58:37,126 server_data.py[line:471] INFO {'topic': 'pool_click_3c50f4c3-a9c1-4872-9f18-883af014380a', 'qos': 0}
2021-03-08 11:58:37,126 server_data.py[line:471] INFO {'topic': 'control_data_3c50f4c3-a9c1-4872-9f18-883af014380a', 'qos': 0}
2021-03-08 11:58:37,128 server_data.py[line:471] INFO {'topic': 'path_confirm_3c50f4c3-a9c1-4872-9f18-883af014380a', 'qos': 0}
2021-03-08 11:58:37,128 server_data.py[line:471] INFO {'topic': 'user_lng_lat_3c50f4c3-a9c1-4872-9f18-883af014380a', 'qos': 0}
2021-03-08 11:58:37,128 server_data.py[line:471] INFO {'topic': 'start_3c50f4c3-a9c1-4872-9f18-883af014380a', 'qos': 0}
2021-03-08 11:58:37,128 server_data.py[line:471] INFO {'topic': 'switch_3c50f4c3-a9c1-4872-9f18-883af014380a', 'qos': 0}
2021-03-08 11:58:37,128 server_data.py[line:471] INFO {'topic': 'pool_info_3c50f4c3-a9c1-4872-9f18-883af014380a', 'qos': 0}
2021-03-08 11:58:37,128 server_data.py[line:471] INFO {'topic': 'auto_lng_lat_3c50f4c3-a9c1-4872-9f18-883af014380a', 'qos': 0}
2021-03-08 11:58:37,128 server_data.py[line:471] INFO {'topic': 'path_planning_3c50f4c3-a9c1-4872-9f18-883af014380a', 'qos': 0}
2021-03-08 11:58:37,130 server_data.py[line:471] INFO {'topic': 'status_data_3c50f4c3-a9c1-4872-9f18-883af014380a', 'qos': 0}
2021-03-08 11:58:37,130 server_data.py[line:471] INFO {'topic': 'base_setting_3c50f4c3-a9c1-4872-9f18-883af014380a', 'qos': 0}
2021-03-08 11:58:37,130 server_data.py[line:471] INFO {'topic': 'height_setting_3c50f4c3-a9c1-4872-9f18-883af014380a', 'qos': 0}
2021-03-08 11:58:37,130 server_data.py[line:471] INFO {'topic': 'refresh_3c50f4c3-a9c1-4872-9f18-883af014380a', 'qos': 0}
2021-03-08 11:58:37,130 server_data.py[line:471] INFO {'topic': 'reset_pool_3c50f4c3-a9c1-4872-9f18-883af014380a', 'qos': 0}
2021-03-08 11:58:37,130 server_data.py[line:471] INFO {'topic': 'heart_3c50f4c3-a9c1-4872-9f18-883af014380a', 'qos': 0}
2021-03-08 11:58:37,131 server_data.py[line:471] INFO {'topic': 'path_planning_confirm_3c50f4c3-a9c1-4872-9f18-883af014380a', 'qos': 0}
2021-03-08 11:58:37,173 server_data.py[line:173] INFO Connected with result code:  0
2021-03-08 11:58:43,853 server_data.py[line:423] INFO {'refresh_setting ': {'info_type': 1}}
2021-03-08 11:58:43,853 server_data.py[line:363] INFO {'base_setting ': {'info_type': 1}}
2021-03-08 11:58:44,006 server_data.py[line:363] INFO {'base_setting ': {'speed_grade': 3, 'arrive_range': 2.5, 'keep_point': 5, 'secure_distance': 10, 'row': 50, 'col': 50, 'pool_name': '湖北省武汉市江夏区豹式值朗榛路', 'video_url': 'http://123.32132.321321.213', 'info_type': 3}}
2021-03-08 11:58:45,877 server_data.py[line:242] INFO {'topic': 'pool_click_3c50f4c3-a9c1-4872-9f18-883af014380a', 'lng_lat': [114.523609, 30.506099], 'zoom': 17.5}
2021-03-08 11:58:47,569 server_data.py[line:349] INFO {'topic': 'pool_info_3c50f4c3-a9c1-4872-9f18-883af014380a', 'mapId': '1354291518018142209'}
2021-03-08 11:58:47,571 server_data.py[line:363] INFO {'base_setting ': {'speed_grade': 3, 'arrive_range': 2.5, 'keep_point': 5, 'secure_distance': 10, 'row': 50, 'col': 50, 'pool_name': '湖北省武汉市江夏区豹式值捞岫ヂ', 'video_url': 'http://123.32132.321321.213', 'info_type': 3}}
2021-03-08 11:58:49,119 server_data.py[line:276] INFO {'topic': 'user_lng_lat_3c50f4c3-a9c1-4872-9f18-883af014380a', 'target_lng_lat': [[114.524095, 30.505785]], 'zoom': 18, 'meter_pix': 0.7276099157296668, 'back_home': 0, 'fix_point': None}
2021-03-08 11:58:49,164 server_data.py[line:313] INFO {'topic': 'path_planning_3c50f4c3-a9c1-4872-9f18-883af014380a', 'sampling_points': [[114.524095, 30.505785]], 'path_points': [[114.524092, 30.505789]]}
2021-03-08 11:58:49,343 server_data.py[line:423] INFO {'refresh_setting ': {'mapId': '1354291518018142209', 'sampling_points': [[114.524095, 30.505785]], 'path_points': [[114.524092, 30.505789]], 'info_type': 2}}
