2021-06-07 09:31:40,809 server_data.py[line:529] INFO {'topic': 'pool_click_3c50f4c3-a9c1-4872-9f18-883af014380a', 'qos': 0}
2021-06-07 09:31:40,811 server_data.py[line:529] INFO {'topic': 'control_data_3c50f4c3-a9c1-4872-9f18-883af014380a', 'qos': 0}
2021-06-07 09:31:40,811 server_data.py[line:529] INFO {'topic': 'path_confirm_3c50f4c3-a9c1-4872-9f18-883af014380a', 'qos': 0}
2021-06-07 09:31:40,812 server_data.py[line:529] INFO {'topic': 'user_lng_lat_3c50f4c3-a9c1-4872-9f18-883af014380a', 'qos': 0}
2021-06-07 09:31:40,813 server_data.py[line:529] INFO {'topic': 'start_3c50f4c3-a9c1-4872-9f18-883af014380a', 'qos': 0}
2021-06-07 09:31:40,813 server_data.py[line:529] INFO {'topic': 'switch_3c50f4c3-a9c1-4872-9f18-883af014380a', 'qos': 0}
2021-06-07 09:31:40,814 server_data.py[line:529] INFO {'topic': 'pool_info_3c50f4c3-a9c1-4872-9f18-883af014380a', 'qos': 0}
2021-06-07 09:31:40,815 server_data.py[line:529] INFO {'topic': 'auto_lng_lat_3c50f4c3-a9c1-4872-9f18-883af014380a', 'qos': 0}
2021-06-07 09:31:40,815 server_data.py[line:529] INFO {'topic': 'path_planning_3c50f4c3-a9c1-4872-9f18-883af014380a', 'qos': 0}
2021-06-07 09:31:40,815 server_data.py[line:529] INFO {'topic': 'base_setting_3c50f4c3-a9c1-4872-9f18-883af014380a', 'qos': 0}
2021-06-07 09:31:40,815 server_data.py[line:529] INFO {'topic': 'height_setting_3c50f4c3-a9c1-4872-9f18-883af014380a', 'qos': 0}
2021-06-07 09:31:40,816 server_data.py[line:529] INFO {'topic': 'refresh_3c50f4c3-a9c1-4872-9f18-883af014380a', 'qos': 0}
2021-06-07 09:31:40,816 server_data.py[line:529] INFO {'topic': 'reset_pool_3c50f4c3-a9c1-4872-9f18-883af014380a', 'qos': 0}
2021-06-07 09:31:40,816 server_data.py[line:529] INFO {'topic': 'heart_3c50f4c3-a9c1-4872-9f18-883af014380a', 'qos': 0}
2021-06-07 09:31:40,817 server_data.py[line:529] INFO {'topic': 'set_home_3c50f4c3-a9c1-4872-9f18-883af014380a', 'qos': 0}
2021-06-07 09:31:40,818 server_data.py[line:529] INFO {'topic': 'poweroff_restart_3c50f4c3-a9c1-4872-9f18-883af014380a', 'qos': 0}
2021-06-07 09:31:40,818 server_data.py[line:529] INFO {'topic': 'path_planning_confirm_3c50f4c3-a9c1-4872-9f18-883af014380a', 'qos': 0}
2021-06-07 09:31:40,841 server_data.py[line:194] INFO Connected with result code:  0
2021-06-07 09:31:59,469 server_data.py[line:454] INFO {'refresh_setting ': {'info_type': 1}}
2021-06-07 09:31:59,469 server_data.py[line:394] INFO {'base_setting ': {'info_type': 1}}
2021-06-07 09:31:59,525 server_data.py[line:394] INFO {'base_setting ': {'speed_grade': 3, 'arrive_range': 2.5, 'keep_point': 5, 'secure_distance': 10, 'row': 50, 'col': 50, 'pool_name': '喻家湖', 'video_url': 'http://123.32132.321321.213', 'info_type': 3}}
2021-06-07 09:32:02,162 server_data.py[line:273] INFO {'topic': 'pool_click_3c50f4c3-a9c1-4872-9f18-883af014380a', 'lng_lat': [114.523953, 30.505697], 'zoom': 17.5}
2021-06-07 09:32:03,253 server_data.py[line:380] INFO {'topic': 'pool_info_3c50f4c3-a9c1-4872-9f18-883af014380a', 'mapId': '1397858718729355265'}
2021-06-07 09:32:03,253 server_data.py[line:394] INFO {'base_setting ': {'speed_grade': 3, 'arrive_range': 2.5, 'keep_point': 5, 'secure_distance': 10, 'row': 50, 'col': 50, 'pool_name': '湖北省武汉市江夏区豹式值朗榛路', 'video_url': 'http://123.32132.321321.213', 'info_type': 3}}
2021-06-07 09:32:04,336 server_data.py[line:454] INFO {'refresh_setting ': {'mapId': '1397858718729355265', 'sampling_points': [], 'path_points': [], 'info_type': 2}}
2021-06-07 09:32:04,882 server_data.py[line:321] INFO {'topic': 'auto_lng_lat_3c50f4c3-a9c1-4872-9f18-883af014380a', 'row_gap': 1}
2021-06-07 09:32:07,705 server_data.py[line:344] INFO {'topic': 'path_planning_3c50f4c3-a9c1-4872-9f18-883af014380a', 'sampling_points': [[114.523813, 30.506919], [114.524334, 30.506919], [114.525897, 30.50647], [114.523813, 30.50647], [114.523292, 30.50647], [114.522772, 30.50647], [114.522251, 30.50647], [114.52173, 30.50647], [114.52173, 30.506021], [114.522251, 30.506021], [114.522772, 30.506021], [114.523292, 30.506021], [114.523813, 30.506021], [114.524334, 30.506021], [114.525897, 30.506021], [114.526418, 30.506021], [114.525897, 30.505572], [114.525376, 30.505572], [114.524855, 30.505572], [114.524334, 30.505572], [114.523813, 30.505572], [114.523292, 30.505572], [114.522772, 30.505572], [114.522251, 30.505572], [114.52173, 30.505572], [114.523292, 30.505123], [114.523813, 30.505123], [114.524334, 30.505123], [114.524855, 30.505123], [114.525376, 30.505123], [114.525376, 30.504674], [114.524855, 30.504674], [114.524334, 30.504674], [114.523813, 30.504674], [114.523292, 30.504674], [114.524334, 30.504226], [114.524855, 30.504226]], 'path_points': [[114.523808, 30.506919], [114.524334, 30.506919], [114.52434, 30.506919], [114.52434, 30.5069], [114.52434, 30.506882], [114.52434, 30.506863], [114.524318, 30.506844], [114.524297, 30.506826], [114.524275, 30.506807], [114.524275, 30.506789], [114.524275, 30.50677], [114.524275, 30.506752], [114.524275, 30.506733], [114.524275, 30.506715], [114.524275, 30.506696], [114.524254, 30.506678], [114.524254, 30.506659], [114.524232, 30.506641], [114.524232, 30.506622], [114.524232, 30.506604], [114.524232, 30.506585], [114.524232, 30.506567], [114.524254, 30.506548], [114.524254, 30.50653], [114.524254, 30.506511], [114.524254, 30.506493], [114.524275, 30.506474], [114.524275, 30.506456], [114.524275, 30.506437], [114.524275, 30.506419], [114.524275, 30.5064], [114.524297, 30.506382], [114.524318, 30.506363], [114.52434, 30.506345], [114.524361, 30.506326], [114.524383, 30.506308], [114.524404, 30.506289], [114.524426, 30.506271], [114.524447, 30.506252], [114.524469, 30.506234], [114.52449, 30.506215], [114.524512, 30.506197], [114.524533, 30.506178], [114.524554, 30.50616], [114.524576, 30.506141], [114.524597, 30.506123], [114.524619, 30.506104], [114.52464, 30.506086], [114.524662, 30.506067], [114.524662, 30.506049], [114.524683, 30.50603], [114.524705, 30.506012], [114.524726, 30.505993], [114.524748, 30.505975], [114.524769, 30.505975], [114.524791, 30.505975], [114.524812, 30.505975], [114.524834, 30.505975], [114.524855, 30.505975], [114.524877, 30.505975], [114.524898, 30.505975], [114.52492, 30.505975], [114.524941, 30.505975], [114.524963, 30.505975], [114.524984, 30.505975], [114.525006, 30.505975], [114.525027, 30.505975], [114.525049, 30.505975], [114.52507, 30.505975], [114.525092, 30.505975], [114.525113, 30.505975], [114.525134, 30.505975], [114.525156, 30.505975], [114.525177, 30.505975], [114.525199, 30.505975], [114.52522, 30.505975], [114.525242, 30.505975], [114.525263, 30.505975], [114.525285, 30.505975], [114.525306, 30.505975], [114.525328, 30.505975], [114.525349, 30.505975], [114.525371, 30.505993], [114.525392, 30.506012], [114.525414, 30.506012], [114.525435, 30.50603], [114.525457, 30.50603], [114.525478, 30.506049], [114.5255, 30.506067], [114.525521, 30.506086], [114.525543, 30.506104], [114.525564, 30.506123], [114.525586, 30.506141], [114.525607, 30.50616], [114.525629, 30.506178], [114.52565, 30.506197], [114.525672, 30.506215], [114.525693, 30.506234], [114.525714, 30.506252], [114.525736, 30.506271], [114.525757, 30.506289], [114.525779, 30.506308], [114.5258, 30.506326], [114.525822, 30.506345], [114.525843, 30.506363], [114.525865, 30.506382], [114.525886, 30.5064], [114.525886, 30.506419], [114.525886, 30.506437], [114.525908, 30.506456], [114.525908, 30.506456], [114.525886, 30.506437], [114.525865, 30.506419], [114.525843, 30.5064], [114.525822, 30.506382], [114.5258, 30.506363], [114.525779, 30.506345], [114.525757, 30.506326], [114.525736, 30.506308], [114.525714, 30.506289], [114.525693, 30.506271], [114.525672, 30.506252], [114.52565, 30.506234], [114.525629, 30.506215], [114.525607, 30.506197], [114.525586, 30.506178], [114.525564, 30.50616], [114.525543, 30.506141], [114.525543, 30.506123], [114.525521, 30.506104], [114.525521, 30.506086], [114.5255, 30.506067], [114.525478, 30.506049], [114.525457, 30.50603], [114.525435, 30.50603], [114.525414, 30.506012], [114.525392, 30.506012], [114.525371, 30.505993], [114.525349, 30.505975], [114.525328, 30.505975], [114.525306, 30.505975], [114.525285, 30.505975], [114.525263, 30.505975], [114.525242, 30.505975], [114.52522, 30.505975], [114.525199, 30.505975], [114.525177, 30.505975], [114.525156, 30.505975], [114.525134, 30.505975], [114.525113, 30.505975], [114.525092, 30.505975], [114.52507, 30.505975], [114.525049, 30.505975], [114.525027, 30.505975], [114.525006, 30.505975], [114.524984, 30.505975], [114.524963, 30.505975], [114.524941, 30.505975], [114.52492, 30.505975], [114.524898, 30.505993], [114.524877, 30.505993], [114.524855, 30.505993], [114.524834, 30.505993], [114.524812, 30.505993], [114.524791, 30.505993], [114.524769, 30.506012], [114.524748, 30.506012], [114.524726, 30.506012], [114.524705, 30.50603], [114.524683, 30.50603], [114.524662, 30.506049], [114.52464, 30.506067], [114.524619, 30.506086], [114.524597, 30.506104], [114.524576, 30.506123], [114.524554, 30.506141], [114.524533, 30.50616], [114.524512, 30.506178], [114.52449, 30.506197], [114.524469, 30.506197], [114.524447, 30.506215], [114.524426, 30.506215], [114.524404, 30.506234], [114.524383, 30.506234], [114.524361, 30.506252], [114.52434, 30.506252], [114.524318, 30.506271], [114.524297, 30.506271], [114.524275, 30.506271], [114.524254, 30.506289], [114.524232, 30.506289], [114.524211, 30.506308], [114.524189, 30.506308], [114.524168, 30.506326], [114.524146, 30.506326], [114.524125, 30.506345], [114.524103, 30.506345], [114.524082, 30.506363], [114.52406, 30.506363], [114.524039, 30.506363], [114.524017, 30.506382], [114.523996, 30.506382], [114.523974, 30.5064], [114.523953, 30.5064], [114.523932, 30.506419], [114.52391, 30.506419], [114.523889, 30.506437], [114.523867, 30.506437], [114.523846, 30.506456], [114.523824, 30.506456], [114.523287, 30.50647], [114.522772, 30.50647], [114.522251, 30.50647], [114.52173, 30.50647], [114.52173, 30.506021], [114.522251, 30.506021], [114.522772, 30.506021], [114.523287, 30.506021], [114.523808, 30.506021], [114.524329, 30.506021], [114.525892, 30.506021], [114.526413, 30.506021], [114.525892, 30.505577], [114.525371, 30.505577], [114.52485, 30.505577], [114.524329, 30.505577], [114.523808, 30.505577], [114.523292, 30.505577], [114.522772, 30.505577], [114.522251, 30.505577], [114.52173, 30.505577], [114.523287, 30.505128], [114.523808, 30.505128], [114.524329, 30.505128], [114.52485, 30.505128], [114.525371, 30.505128], [114.525371, 30.504679], [114.52485, 30.504679], [114.524334, 30.504679], [114.523808, 30.504679], [114.523287, 30.504679], [114.524334, 30.50423], [114.524855, 30.50423]]}
2021-06-07 09:32:09,886 server_data.py[line:371] INFO {'topic': 'start_3c50f4c3-a9c1-4872-9f18-883af014380a', 'b_start': 1}
2021-06-07 14:46:02,212 server_data.py[line:529] INFO {'topic': 'pool_click_3c50f4c3-a9c1-4872-9f18-883af014380a', 'qos': 0}
2021-06-07 14:46:02,212 server_data.py[line:529] INFO {'topic': 'control_data_3c50f4c3-a9c1-4872-9f18-883af014380a', 'qos': 0}
2021-06-07 14:46:02,213 server_data.py[line:529] INFO {'topic': 'path_confirm_3c50f4c3-a9c1-4872-9f18-883af014380a', 'qos': 0}
2021-06-07 14:46:02,213 server_data.py[line:529] INFO {'topic': 'user_lng_lat_3c50f4c3-a9c1-4872-9f18-883af014380a', 'qos': 0}
2021-06-07 14:46:02,213 server_data.py[line:529] INFO {'topic': 'start_3c50f4c3-a9c1-4872-9f18-883af014380a', 'qos': 0}
2021-06-07 14:46:02,213 server_data.py[line:529] INFO {'topic': 'switch_3c50f4c3-a9c1-4872-9f18-883af014380a', 'qos': 0}
2021-06-07 14:46:02,213 server_data.py[line:529] INFO {'topic': 'pool_info_3c50f4c3-a9c1-4872-9f18-883af014380a', 'qos': 0}
2021-06-07 14:46:02,214 server_data.py[line:529] INFO {'topic': 'auto_lng_lat_3c50f4c3-a9c1-4872-9f18-883af014380a', 'qos': 0}
2021-06-07 14:46:02,214 server_data.py[line:529] INFO {'topic': 'path_planning_3c50f4c3-a9c1-4872-9f18-883af014380a', 'qos': 0}
2021-06-07 14:46:02,214 server_data.py[line:529] INFO {'topic': 'base_setting_3c50f4c3-a9c1-4872-9f18-883af014380a', 'qos': 0}
2021-06-07 14:46:02,214 server_data.py[line:529] INFO {'topic': 'height_setting_3c50f4c3-a9c1-4872-9f18-883af014380a', 'qos': 0}
2021-06-07 14:46:02,214 server_data.py[line:529] INFO {'topic': 'refresh_3c50f4c3-a9c1-4872-9f18-883af014380a', 'qos': 0}
2021-06-07 14:46:02,215 server_data.py[line:529] INFO {'topic': 'reset_pool_3c50f4c3-a9c1-4872-9f18-883af014380a', 'qos': 0}
2021-06-07 14:46:02,215 server_data.py[line:529] INFO {'topic': 'heart_3c50f4c3-a9c1-4872-9f18-883af014380a', 'qos': 0}
2021-06-07 14:46:02,215 server_data.py[line:529] INFO {'topic': 'set_home_3c50f4c3-a9c1-4872-9f18-883af014380a', 'qos': 0}
2021-06-07 14:46:02,215 server_data.py[line:529] INFO {'topic': 'poweroff_restart_3c50f4c3-a9c1-4872-9f18-883af014380a', 'qos': 0}
2021-06-07 14:46:02,216 server_data.py[line:529] INFO {'topic': 'path_planning_confirm_3c50f4c3-a9c1-4872-9f18-883af014380a', 'qos': 0}
2021-06-07 14:46:02,230 server_data.py[line:194] INFO Connected with result code:  0
2021-06-07 14:50:01,825 server_data.py[line:273] INFO {'topic': 'pool_click_3c50f4c3-a9c1-4872-9f18-883af014380a', 'lng_lat': [114.524339, 30.505551], 'zoom': 16.59}
2021-06-07 14:50:02,627 server_data.py[line:380] INFO {'topic': 'pool_info_3c50f4c3-a9c1-4872-9f18-883af014380a', 'mapId': '1397858718729355265'}
2021-06-07 14:50:02,627 server_data.py[line:394] INFO {'base_setting ': {'speed_grade': 3, 'arrive_range': 2.5, 'keep_point': 5, 'secure_distance': 10, 'row': 50, 'col': 50, 'pool_name': '湖北省武汉市江夏区豹式值捞岫ヂ', 'video_url': 'http://123.32132.321321.213', 'info_type': 3}}
2021-06-07 15:18:00,853 server_data.py[line:307] INFO {'topic': 'user_lng_lat_3c50f4c3-a9c1-4872-9f18-883af014380a', 'target_lng_lat': [[114.524043, 30.506084]], 'zoom': 17, 'meter_pix': 0.9939529503500182, 'back_home': 0, 'fix_point': None}
2021-06-07 15:18:01,012 server_data.py[line:344] INFO {'topic': 'path_planning_3c50f4c3-a9c1-4872-9f18-883af014380a', 'sampling_points': [[114.524043, 30.506084]], 'path_points': [[114.524038, 30.506088]]}
2021-06-07 15:22:34,256 server_data.py[line:307] INFO {'topic': 'user_lng_lat_3c50f4c3-a9c1-4872-9f18-883af014380a', 'target_lng_lat': [[114.52359, 30.506027], [114.524353, 30.505979], [114.524055, 30.505739], [114.524327, 30.505722]], 'zoom': 19, 'meter_pix': 0.3145246646460055, 'back_home': False, 'fix_point': None}
2021-06-07 15:22:34,282 server_data.py[line:344] INFO {'topic': 'path_planning_3c50f4c3-a9c1-4872-9f18-883af014380a', 'sampling_points': [[114.52359, 30.506027], [114.524353, 30.505979], [114.524055, 30.505739], [114.524327, 30.505722]], 'path_points': [[114.523587, 30.506032], [114.52435, 30.505986], [114.524049, 30.505745], [114.524318, 30.505727]]}
2021-06-07 15:24:20,001 server_data.py[line:482] INFO {'topic': 'set_home_3c50f4c3-a9c1-4872-9f18-883af014380a', 'lng_lat': [[114.524806, 30.505598]]}
2021-06-07 15:53:01,705 server_data.py[line:529] INFO {'topic': 'pool_click_3c50f4c3-a9c1-4872-9f18-883af014380a', 'qos': 0}
2021-06-07 15:53:01,706 server_data.py[line:529] INFO {'topic': 'control_data_3c50f4c3-a9c1-4872-9f18-883af014380a', 'qos': 0}
2021-06-07 15:53:01,706 server_data.py[line:529] INFO {'topic': 'path_confirm_3c50f4c3-a9c1-4872-9f18-883af014380a', 'qos': 0}
2021-06-07 15:53:01,706 server_data.py[line:529] INFO {'topic': 'user_lng_lat_3c50f4c3-a9c1-4872-9f18-883af014380a', 'qos': 0}
2021-06-07 15:53:01,706 server_data.py[line:529] INFO {'topic': 'start_3c50f4c3-a9c1-4872-9f18-883af014380a', 'qos': 0}
2021-06-07 15:53:01,706 server_data.py[line:529] INFO {'topic': 'switch_3c50f4c3-a9c1-4872-9f18-883af014380a', 'qos': 0}
2021-06-07 15:53:01,707 server_data.py[line:529] INFO {'topic': 'pool_info_3c50f4c3-a9c1-4872-9f18-883af014380a', 'qos': 0}
2021-06-07 15:53:01,707 server_data.py[line:529] INFO {'topic': 'auto_lng_lat_3c50f4c3-a9c1-4872-9f18-883af014380a', 'qos': 0}
2021-06-07 15:53:01,707 server_data.py[line:529] INFO {'topic': 'path_planning_3c50f4c3-a9c1-4872-9f18-883af014380a', 'qos': 0}
2021-06-07 15:53:01,707 server_data.py[line:529] INFO {'topic': 'base_setting_3c50f4c3-a9c1-4872-9f18-883af014380a', 'qos': 0}
2021-06-07 15:53:01,707 server_data.py[line:529] INFO {'topic': 'height_setting_3c50f4c3-a9c1-4872-9f18-883af014380a', 'qos': 0}
2021-06-07 15:53:01,708 server_data.py[line:529] INFO {'topic': 'refresh_3c50f4c3-a9c1-4872-9f18-883af014380a', 'qos': 0}
2021-06-07 15:53:01,708 server_data.py[line:529] INFO {'topic': 'reset_pool_3c50f4c3-a9c1-4872-9f18-883af014380a', 'qos': 0}
2021-06-07 15:53:01,708 server_data.py[line:529] INFO {'topic': 'heart_3c50f4c3-a9c1-4872-9f18-883af014380a', 'qos': 0}
2021-06-07 15:53:01,709 server_data.py[line:529] INFO {'topic': 'set_home_3c50f4c3-a9c1-4872-9f18-883af014380a', 'qos': 0}
2021-06-07 15:53:01,709 server_data.py[line:529] INFO {'topic': 'poweroff_restart_3c50f4c3-a9c1-4872-9f18-883af014380a', 'qos': 0}
2021-06-07 15:53:01,709 server_data.py[line:529] INFO {'topic': 'path_planning_confirm_3c50f4c3-a9c1-4872-9f18-883af014380a', 'qos': 0}
2021-06-07 15:53:01,727 server_data.py[line:194] INFO Connected with result code:  0
2021-06-07 15:53:14,317 server_data.py[line:454] INFO {'refresh_setting ': {'info_type': 1}}
2021-06-07 15:53:14,317 server_data.py[line:394] INFO {'base_setting ': {'info_type': 1}}
2021-06-07 15:53:14,349 server_data.py[line:394] INFO {'base_setting ': {'speed_grade': 3, 'arrive_range': 2.5, 'keep_point': 5, 'secure_distance': 10, 'row': 50, 'col': 50, 'pool_name': '湖北省武汉市江夏区豹式值捞岫ヂ', 'video_url': 'http://123.32132.321321.213', 'info_type': 3}}
2021-06-07 15:55:38,535 server_data.py[line:529] INFO {'topic': 'pool_click_3c50f4c3-a9c1-4872-9f18-883af014380a', 'qos': 0}
2021-06-07 15:55:38,535 server_data.py[line:529] INFO {'topic': 'control_data_3c50f4c3-a9c1-4872-9f18-883af014380a', 'qos': 0}
2021-06-07 15:55:38,536 server_data.py[line:529] INFO {'topic': 'path_confirm_3c50f4c3-a9c1-4872-9f18-883af014380a', 'qos': 0}
2021-06-07 15:55:38,536 server_data.py[line:529] INFO {'topic': 'user_lng_lat_3c50f4c3-a9c1-4872-9f18-883af014380a', 'qos': 0}
2021-06-07 15:55:38,536 server_data.py[line:529] INFO {'topic': 'start_3c50f4c3-a9c1-4872-9f18-883af014380a', 'qos': 0}
2021-06-07 15:55:38,536 server_data.py[line:529] INFO {'topic': 'switch_3c50f4c3-a9c1-4872-9f18-883af014380a', 'qos': 0}
2021-06-07 15:55:38,537 server_data.py[line:529] INFO {'topic': 'pool_info_3c50f4c3-a9c1-4872-9f18-883af014380a', 'qos': 0}
2021-06-07 15:55:38,537 server_data.py[line:529] INFO {'topic': 'auto_lng_lat_3c50f4c3-a9c1-4872-9f18-883af014380a', 'qos': 0}
2021-06-07 15:55:38,537 server_data.py[line:529] INFO {'topic': 'path_planning_3c50f4c3-a9c1-4872-9f18-883af014380a', 'qos': 0}
2021-06-07 15:55:38,537 server_data.py[line:529] INFO {'topic': 'base_setting_3c50f4c3-a9c1-4872-9f18-883af014380a', 'qos': 0}
2021-06-07 15:55:38,537 server_data.py[line:529] INFO {'topic': 'height_setting_3c50f4c3-a9c1-4872-9f18-883af014380a', 'qos': 0}
2021-06-07 15:55:38,538 server_data.py[line:529] INFO {'topic': 'refresh_3c50f4c3-a9c1-4872-9f18-883af014380a', 'qos': 0}
2021-06-07 15:55:38,538 server_data.py[line:529] INFO {'topic': 'reset_pool_3c50f4c3-a9c1-4872-9f18-883af014380a', 'qos': 0}
2021-06-07 15:55:38,538 server_data.py[line:529] INFO {'topic': 'heart_3c50f4c3-a9c1-4872-9f18-883af014380a', 'qos': 0}
2021-06-07 15:55:38,538 server_data.py[line:529] INFO {'topic': 'set_home_3c50f4c3-a9c1-4872-9f18-883af014380a', 'qos': 0}
2021-06-07 15:55:38,538 server_data.py[line:529] INFO {'topic': 'poweroff_restart_3c50f4c3-a9c1-4872-9f18-883af014380a', 'qos': 0}
2021-06-07 15:55:38,538 server_data.py[line:529] INFO {'topic': 'path_planning_confirm_3c50f4c3-a9c1-4872-9f18-883af014380a', 'qos': 0}
2021-06-07 15:55:38,554 server_data.py[line:194] INFO Connected with result code:  0
2021-06-07 15:55:41,003 server_data.py[line:454] INFO {'refresh_setting ': {'info_type': 1}}
2021-06-07 15:55:41,004 server_data.py[line:394] INFO {'base_setting ': {'info_type': 1}}
2021-06-07 15:55:41,010 server_data.py[line:394] INFO {'base_setting ': {'speed_grade': 3, 'arrive_range': 2.5, 'keep_point': 5, 'secure_distance': 10, 'row': 50, 'col': 50, 'pool_name': '湖北省武汉市江夏区豹式值捞岫ヂ', 'video_url': 'http://123.32132.321321.213', 'info_type': 3}}
2021-06-07 15:57:22,412 server_data.py[line:529] INFO {'topic': 'pool_click_3c50f4c3-a9c1-4872-9f18-883af014380a', 'qos': 0}
2021-06-07 15:57:22,412 server_data.py[line:529] INFO {'topic': 'control_data_3c50f4c3-a9c1-4872-9f18-883af014380a', 'qos': 0}
2021-06-07 15:57:22,413 server_data.py[line:529] INFO {'topic': 'path_confirm_3c50f4c3-a9c1-4872-9f18-883af014380a', 'qos': 0}
2021-06-07 15:57:22,413 server_data.py[line:529] INFO {'topic': 'user_lng_lat_3c50f4c3-a9c1-4872-9f18-883af014380a', 'qos': 0}
2021-06-07 15:57:22,413 server_data.py[line:529] INFO {'topic': 'start_3c50f4c3-a9c1-4872-9f18-883af014380a', 'qos': 0}
2021-06-07 15:57:22,413 server_data.py[line:529] INFO {'topic': 'switch_3c50f4c3-a9c1-4872-9f18-883af014380a', 'qos': 0}
2021-06-07 15:57:22,414 server_data.py[line:529] INFO {'topic': 'pool_info_3c50f4c3-a9c1-4872-9f18-883af014380a', 'qos': 0}
2021-06-07 15:57:22,414 server_data.py[line:529] INFO {'topic': 'auto_lng_lat_3c50f4c3-a9c1-4872-9f18-883af014380a', 'qos': 0}
2021-06-07 15:57:22,414 server_data.py[line:529] INFO {'topic': 'path_planning_3c50f4c3-a9c1-4872-9f18-883af014380a', 'qos': 0}
2021-06-07 15:57:22,415 server_data.py[line:529] INFO {'topic': 'base_setting_3c50f4c3-a9c1-4872-9f18-883af014380a', 'qos': 0}
2021-06-07 15:57:22,415 server_data.py[line:529] INFO {'topic': 'height_setting_3c50f4c3-a9c1-4872-9f18-883af014380a', 'qos': 0}
2021-06-07 15:57:22,416 server_data.py[line:529] INFO {'topic': 'refresh_3c50f4c3-a9c1-4872-9f18-883af014380a', 'qos': 0}
2021-06-07 15:57:22,416 server_data.py[line:529] INFO {'topic': 'reset_pool_3c50f4c3-a9c1-4872-9f18-883af014380a', 'qos': 0}
2021-06-07 15:57:22,416 server_data.py[line:529] INFO {'topic': 'heart_3c50f4c3-a9c1-4872-9f18-883af014380a', 'qos': 0}
2021-06-07 15:57:22,416 server_data.py[line:529] INFO {'topic': 'set_home_3c50f4c3-a9c1-4872-9f18-883af014380a', 'qos': 0}
2021-06-07 15:57:22,417 server_data.py[line:529] INFO {'topic': 'poweroff_restart_3c50f4c3-a9c1-4872-9f18-883af014380a', 'qos': 0}
2021-06-07 15:57:22,417 server_data.py[line:529] INFO {'topic': 'path_planning_confirm_3c50f4c3-a9c1-4872-9f18-883af014380a', 'qos': 0}
2021-06-07 15:57:22,432 server_data.py[line:194] INFO Connected with result code:  0
2021-06-07 15:57:30,047 server_data.py[line:529] INFO {'topic': 'pool_click_3c50f4c3-a9c1-4872-9f18-883af014380a', 'qos': 0}
2021-06-07 15:57:30,048 server_data.py[line:529] INFO {'topic': 'control_data_3c50f4c3-a9c1-4872-9f18-883af014380a', 'qos': 0}
2021-06-07 15:57:30,048 server_data.py[line:529] INFO {'topic': 'path_confirm_3c50f4c3-a9c1-4872-9f18-883af014380a', 'qos': 0}
2021-06-07 15:57:30,048 server_data.py[line:529] INFO {'topic': 'user_lng_lat_3c50f4c3-a9c1-4872-9f18-883af014380a', 'qos': 0}
2021-06-07 15:57:30,048 server_data.py[line:529] INFO {'topic': 'start_3c50f4c3-a9c1-4872-9f18-883af014380a', 'qos': 0}
2021-06-07 15:57:30,048 server_data.py[line:529] INFO {'topic': 'switch_3c50f4c3-a9c1-4872-9f18-883af014380a', 'qos': 0}
2021-06-07 15:57:30,049 server_data.py[line:529] INFO {'topic': 'pool_info_3c50f4c3-a9c1-4872-9f18-883af014380a', 'qos': 0}
2021-06-07 15:57:30,049 server_data.py[line:529] INFO {'topic': 'auto_lng_lat_3c50f4c3-a9c1-4872-9f18-883af014380a', 'qos': 0}
2021-06-07 15:57:30,050 server_data.py[line:529] INFO {'topic': 'path_planning_3c50f4c3-a9c1-4872-9f18-883af014380a', 'qos': 0}
2021-06-07 15:57:30,050 server_data.py[line:529] INFO {'topic': 'base_setting_3c50f4c3-a9c1-4872-9f18-883af014380a', 'qos': 0}
2021-06-07 15:57:30,050 server_data.py[line:529] INFO {'topic': 'height_setting_3c50f4c3-a9c1-4872-9f18-883af014380a', 'qos': 0}
2021-06-07 15:57:30,051 server_data.py[line:529] INFO {'topic': 'refresh_3c50f4c3-a9c1-4872-9f18-883af014380a', 'qos': 0}
2021-06-07 15:57:30,051 server_data.py[line:529] INFO {'topic': 'reset_pool_3c50f4c3-a9c1-4872-9f18-883af014380a', 'qos': 0}
2021-06-07 15:57:30,051 server_data.py[line:529] INFO {'topic': 'heart_3c50f4c3-a9c1-4872-9f18-883af014380a', 'qos': 0}
2021-06-07 15:57:30,051 server_data.py[line:529] INFO {'topic': 'set_home_3c50f4c3-a9c1-4872-9f18-883af014380a', 'qos': 0}
2021-06-07 15:57:30,052 server_data.py[line:529] INFO {'topic': 'poweroff_restart_3c50f4c3-a9c1-4872-9f18-883af014380a', 'qos': 0}
2021-06-07 15:57:30,052 server_data.py[line:529] INFO {'topic': 'path_planning_confirm_3c50f4c3-a9c1-4872-9f18-883af014380a', 'qos': 0}
2021-06-07 15:57:30,104 server_data.py[line:194] INFO Connected with result code:  0
2021-06-07 15:58:02,551 server_data.py[line:273] INFO {'topic': 'pool_click_3c50f4c3-a9c1-4872-9f18-883af014380a', 'lng_lat': [114.524158, 30.50592], 'zoom': 17.5}
2021-06-07 15:58:03,501 server_data.py[line:380] INFO {'topic': 'pool_info_3c50f4c3-a9c1-4872-9f18-883af014380a', 'mapId': '1397858718729355265'}
2021-06-07 15:58:03,502 server_data.py[line:394] INFO {'base_setting ': {'speed_grade': 3, 'arrive_range': 2.5, 'keep_point': 5, 'secure_distance': 10, 'row': 50, 'col': 50, 'pool_name': '湖北省武汉市江夏区豹式值捞岫ヂ', 'video_url': 'http://123.32132.321321.213', 'info_type': 3}}
2021-06-07 15:59:11,936 server_data.py[line:529] INFO {'topic': 'pool_click_3c50f4c3-a9c1-4872-9f18-883af014380a', 'qos': 0}
2021-06-07 15:59:11,937 server_data.py[line:529] INFO {'topic': 'control_data_3c50f4c3-a9c1-4872-9f18-883af014380a', 'qos': 0}
2021-06-07 15:59:11,937 server_data.py[line:529] INFO {'topic': 'path_confirm_3c50f4c3-a9c1-4872-9f18-883af014380a', 'qos': 0}
2021-06-07 15:59:11,937 server_data.py[line:529] INFO {'topic': 'user_lng_lat_3c50f4c3-a9c1-4872-9f18-883af014380a', 'qos': 0}
2021-06-07 15:59:11,937 server_data.py[line:529] INFO {'topic': 'start_3c50f4c3-a9c1-4872-9f18-883af014380a', 'qos': 0}
2021-06-07 15:59:11,938 server_data.py[line:529] INFO {'topic': 'switch_3c50f4c3-a9c1-4872-9f18-883af014380a', 'qos': 0}
2021-06-07 15:59:11,938 server_data.py[line:529] INFO {'topic': 'pool_info_3c50f4c3-a9c1-4872-9f18-883af014380a', 'qos': 0}
2021-06-07 15:59:11,938 server_data.py[line:529] INFO {'topic': 'auto_lng_lat_3c50f4c3-a9c1-4872-9f18-883af014380a', 'qos': 0}
2021-06-07 15:59:11,938 server_data.py[line:529] INFO {'topic': 'path_planning_3c50f4c3-a9c1-4872-9f18-883af014380a', 'qos': 0}
2021-06-07 15:59:11,938 server_data.py[line:529] INFO {'topic': 'base_setting_3c50f4c3-a9c1-4872-9f18-883af014380a', 'qos': 0}
2021-06-07 15:59:11,939 server_data.py[line:529] INFO {'topic': 'height_setting_3c50f4c3-a9c1-4872-9f18-883af014380a', 'qos': 0}
2021-06-07 15:59:11,939 server_data.py[line:529] INFO {'topic': 'refresh_3c50f4c3-a9c1-4872-9f18-883af014380a', 'qos': 0}
2021-06-07 15:59:11,939 server_data.py[line:529] INFO {'topic': 'reset_pool_3c50f4c3-a9c1-4872-9f18-883af014380a', 'qos': 0}
2021-06-07 15:59:11,939 server_data.py[line:529] INFO {'topic': 'heart_3c50f4c3-a9c1-4872-9f18-883af014380a', 'qos': 0}
2021-06-07 15:59:11,939 server_data.py[line:529] INFO {'topic': 'set_home_3c50f4c3-a9c1-4872-9f18-883af014380a', 'qos': 0}
2021-06-07 15:59:11,939 server_data.py[line:529] INFO {'topic': 'poweroff_restart_3c50f4c3-a9c1-4872-9f18-883af014380a', 'qos': 0}
2021-06-07 15:59:11,940 server_data.py[line:529] INFO {'topic': 'path_planning_confirm_3c50f4c3-a9c1-4872-9f18-883af014380a', 'qos': 0}
2021-06-07 15:59:11,957 server_data.py[line:194] INFO Connected with result code:  0
2021-06-07 15:59:26,723 server_data.py[line:529] INFO {'topic': 'pool_click_3c50f4c3-a9c1-4872-9f18-883af014380a', 'qos': 0}
2021-06-07 15:59:26,724 server_data.py[line:529] INFO {'topic': 'control_data_3c50f4c3-a9c1-4872-9f18-883af014380a', 'qos': 0}
2021-06-07 15:59:26,724 server_data.py[line:529] INFO {'topic': 'path_confirm_3c50f4c3-a9c1-4872-9f18-883af014380a', 'qos': 0}
2021-06-07 15:59:26,724 server_data.py[line:529] INFO {'topic': 'user_lng_lat_3c50f4c3-a9c1-4872-9f18-883af014380a', 'qos': 0}
2021-06-07 15:59:26,724 server_data.py[line:529] INFO {'topic': 'start_3c50f4c3-a9c1-4872-9f18-883af014380a', 'qos': 0}
2021-06-07 15:59:26,725 server_data.py[line:529] INFO {'topic': 'switch_3c50f4c3-a9c1-4872-9f18-883af014380a', 'qos': 0}
2021-06-07 15:59:26,725 server_data.py[line:529] INFO {'topic': 'pool_info_3c50f4c3-a9c1-4872-9f18-883af014380a', 'qos': 0}
2021-06-07 15:59:26,725 server_data.py[line:529] INFO {'topic': 'auto_lng_lat_3c50f4c3-a9c1-4872-9f18-883af014380a', 'qos': 0}
2021-06-07 15:59:26,725 server_data.py[line:529] INFO {'topic': 'path_planning_3c50f4c3-a9c1-4872-9f18-883af014380a', 'qos': 0}
2021-06-07 15:59:26,725 server_data.py[line:529] INFO {'topic': 'base_setting_3c50f4c3-a9c1-4872-9f18-883af014380a', 'qos': 0}
2021-06-07 15:59:26,725 server_data.py[line:529] INFO {'topic': 'height_setting_3c50f4c3-a9c1-4872-9f18-883af014380a', 'qos': 0}
2021-06-07 15:59:26,726 server_data.py[line:529] INFO {'topic': 'refresh_3c50f4c3-a9c1-4872-9f18-883af014380a', 'qos': 0}
2021-06-07 15:59:26,726 server_data.py[line:529] INFO {'topic': 'reset_pool_3c50f4c3-a9c1-4872-9f18-883af014380a', 'qos': 0}
2021-06-07 15:59:26,726 server_data.py[line:529] INFO {'topic': 'heart_3c50f4c3-a9c1-4872-9f18-883af014380a', 'qos': 0}
2021-06-07 15:59:26,726 server_data.py[line:529] INFO {'topic': 'set_home_3c50f4c3-a9c1-4872-9f18-883af014380a', 'qos': 0}
2021-06-07 15:59:26,726 server_data.py[line:529] INFO {'topic': 'poweroff_restart_3c50f4c3-a9c1-4872-9f18-883af014380a', 'qos': 0}
2021-06-07 15:59:26,726 server_data.py[line:529] INFO {'topic': 'path_planning_confirm_3c50f4c3-a9c1-4872-9f18-883af014380a', 'qos': 0}
2021-06-07 15:59:26,741 server_data.py[line:194] INFO Connected with result code:  0
2021-06-07 15:59:42,080 server_data.py[line:454] INFO {'refresh_setting ': {'info_type': 1}}
2021-06-07 15:59:42,081 server_data.py[line:394] INFO {'base_setting ': {'info_type': 1}}
2021-06-07 15:59:42,244 server_data.py[line:394] INFO {'base_setting ': {'speed_grade': 3, 'arrive_range': 2.5, 'keep_point': 5, 'secure_distance': 10, 'row': 50, 'col': 50, 'pool_name': '湖北省武汉市江夏区豹式值捞岫ヂ', 'video_url': 'http://123.32132.321321.213', 'info_type': 3}}
2021-06-07 15:59:50,766 server_data.py[line:454] INFO {'refresh_setting ': {'info_type': 1}}
2021-06-07 15:59:50,767 server_data.py[line:394] INFO {'base_setting ': {'info_type': 1}}
2021-06-07 15:59:50,807 server_data.py[line:394] INFO {'base_setting ': {'speed_grade': 3, 'arrive_range': 2.5, 'keep_point': 5, 'secure_distance': 10, 'row': '40', 'col': 50, 'pool_name': '梁子湖', 'video_url': 'http://123.32132.321321.213', 'info_type': 3}}
2021-06-07 16:00:15,422 server_data.py[line:454] INFO {'refresh_setting ': {'info_type': 1}}
2021-06-07 16:00:15,422 server_data.py[line:394] INFO {'base_setting ': {'info_type': 1}}
2021-06-07 16:00:15,504 server_data.py[line:394] INFO {'base_setting ': {'speed_grade': 3, 'arrive_range': 2.5, 'keep_point': 5, 'secure_distance': 10, 'row': 50, 'col': 50, 'pool_name': '湖北省武汉市江夏区豹式值捞岫ヂ', 'video_url': 'http://123.32132.321321.213', 'info_type': 3}}
2021-06-07 16:00:54,756 server_data.py[line:273] INFO {'topic': 'pool_click_3c50f4c3-a9c1-4872-9f18-883af014380a', 'lng_lat': [114.524219, 30.505645], 'zoom': 17.5}
2021-06-07 16:00:55,301 server_data.py[line:380] INFO {'topic': 'pool_info_3c50f4c3-a9c1-4872-9f18-883af014380a', 'mapId': '1397858718729355265'}
2021-06-07 16:00:55,302 server_data.py[line:394] INFO {'base_setting ': {'speed_grade': 3, 'arrive_range': 2.5, 'keep_point': 5, 'secure_distance': 10, 'row': 50, 'col': 50, 'pool_name': '湖北省武汉市江夏区豹式值捞岫ヂ', 'video_url': 'http://123.32132.321321.213', 'info_type': 3}}
2021-06-07 16:00:56,932 server_data.py[line:454] INFO {'refresh_setting ': {'mapId': '1397858718729355265', 'sampling_points': [], 'path_points': [], 'info_type': 2}}
2021-06-07 16:05:20,976 server_data.py[line:529] INFO {'topic': 'pool_click_3c50f4c3-a9c1-4872-9f18-883af014380a', 'qos': 0}
2021-06-07 16:05:20,977 server_data.py[line:529] INFO {'topic': 'control_data_3c50f4c3-a9c1-4872-9f18-883af014380a', 'qos': 0}
2021-06-07 16:05:20,977 server_data.py[line:529] INFO {'topic': 'path_confirm_3c50f4c3-a9c1-4872-9f18-883af014380a', 'qos': 0}
2021-06-07 16:05:20,977 server_data.py[line:529] INFO {'topic': 'user_lng_lat_3c50f4c3-a9c1-4872-9f18-883af014380a', 'qos': 0}
2021-06-07 16:05:20,977 server_data.py[line:529] INFO {'topic': 'start_3c50f4c3-a9c1-4872-9f18-883af014380a', 'qos': 0}
2021-06-07 16:05:20,977 server_data.py[line:529] INFO {'topic': 'switch_3c50f4c3-a9c1-4872-9f18-883af014380a', 'qos': 0}
2021-06-07 16:05:20,978 server_data.py[line:529] INFO {'topic': 'pool_info_3c50f4c3-a9c1-4872-9f18-883af014380a', 'qos': 0}
2021-06-07 16:05:20,978 server_data.py[line:529] INFO {'topic': 'auto_lng_lat_3c50f4c3-a9c1-4872-9f18-883af014380a', 'qos': 0}
2021-06-07 16:05:20,979 server_data.py[line:529] INFO {'topic': 'path_planning_3c50f4c3-a9c1-4872-9f18-883af014380a', 'qos': 0}
2021-06-07 16:05:20,979 server_data.py[line:529] INFO {'topic': 'base_setting_3c50f4c3-a9c1-4872-9f18-883af014380a', 'qos': 0}
2021-06-07 16:05:20,979 server_data.py[line:529] INFO {'topic': 'height_setting_3c50f4c3-a9c1-4872-9f18-883af014380a', 'qos': 0}
2021-06-07 16:05:20,979 server_data.py[line:529] INFO {'topic': 'refresh_3c50f4c3-a9c1-4872-9f18-883af014380a', 'qos': 0}
2021-06-07 16:05:20,980 server_data.py[line:529] INFO {'topic': 'reset_pool_3c50f4c3-a9c1-4872-9f18-883af014380a', 'qos': 0}
2021-06-07 16:05:20,980 server_data.py[line:529] INFO {'topic': 'heart_3c50f4c3-a9c1-4872-9f18-883af014380a', 'qos': 0}
2021-06-07 16:05:20,980 server_data.py[line:529] INFO {'topic': 'set_home_3c50f4c3-a9c1-4872-9f18-883af014380a', 'qos': 0}
2021-06-07 16:05:20,981 server_data.py[line:529] INFO {'topic': 'poweroff_restart_3c50f4c3-a9c1-4872-9f18-883af014380a', 'qos': 0}
2021-06-07 16:05:20,981 server_data.py[line:529] INFO {'topic': 'path_planning_confirm_3c50f4c3-a9c1-4872-9f18-883af014380a', 'qos': 0}
2021-06-07 16:05:20,997 server_data.py[line:194] INFO Connected with result code:  0
2021-06-07 16:05:26,108 server_data.py[line:454] INFO {'refresh_setting ': {'info_type': 1}}
2021-06-07 16:05:26,108 server_data.py[line:394] INFO {'base_setting ': {'info_type': 1}}
2021-06-07 16:05:26,269 server_data.py[line:394] INFO {'base_setting ': {'speed_grade': 3, 'arrive_range': 2.5, 'keep_point': 5, 'secure_distance': 10, 'row': 50, 'col': 50, 'pool_name': '湖北省武汉市江夏区豹式值捞岫ヂ', 'video_url': 'http://123.32132.321321.213', 'info_type': 3}}
2021-06-07 16:05:35,068 server_data.py[line:273] INFO {'topic': 'pool_click_3c50f4c3-a9c1-4872-9f18-883af014380a', 'lng_lat': [114.524037, 30.505763], 'zoom': 17.5}
2021-06-07 16:05:36,237 server_data.py[line:380] INFO {'topic': 'pool_info_3c50f4c3-a9c1-4872-9f18-883af014380a', 'mapId': '1397858718729355265'}
2021-06-07 16:05:36,237 server_data.py[line:394] INFO {'base_setting ': {'speed_grade': 3, 'arrive_range': 2.5, 'keep_point': 5, 'secure_distance': 10, 'row': 50, 'col': 50, 'pool_name': '湖北省武汉市江夏区豹式值捞岫ヂ', 'video_url': 'http://123.32132.321321.213', 'info_type': 3}}
2021-06-07 16:05:38,118 server_data.py[line:454] INFO {'refresh_setting ': {'mapId': '1397858718729355265', 'sampling_points': [], 'path_points': [], 'info_type': 2}}
2021-06-08 08:56:27,403 server_data.py[line:529] INFO {'topic': 'pool_click_3c50f4c3-a9c1-4872-9f18-883af014380a', 'qos': 0}
2021-06-08 08:56:27,404 server_data.py[line:529] INFO {'topic': 'control_data_3c50f4c3-a9c1-4872-9f18-883af014380a', 'qos': 0}
2021-06-08 08:56:27,404 server_data.py[line:529] INFO {'topic': 'path_confirm_3c50f4c3-a9c1-4872-9f18-883af014380a', 'qos': 0}
2021-06-08 08:56:27,404 server_data.py[line:529] INFO {'topic': 'user_lng_lat_3c50f4c3-a9c1-4872-9f18-883af014380a', 'qos': 0}
2021-06-08 08:56:27,404 server_data.py[line:529] INFO {'topic': 'start_3c50f4c3-a9c1-4872-9f18-883af014380a', 'qos': 0}
2021-06-08 08:56:27,405 server_data.py[line:529] INFO {'topic': 'switch_3c50f4c3-a9c1-4872-9f18-883af014380a', 'qos': 0}
2021-06-08 08:56:27,405 server_data.py[line:529] INFO {'topic': 'pool_info_3c50f4c3-a9c1-4872-9f18-883af014380a', 'qos': 0}
2021-06-08 08:56:27,405 server_data.py[line:529] INFO {'topic': 'auto_lng_lat_3c50f4c3-a9c1-4872-9f18-883af014380a', 'qos': 0}
2021-06-08 08:56:27,405 server_data.py[line:529] INFO {'topic': 'path_planning_3c50f4c3-a9c1-4872-9f18-883af014380a', 'qos': 0}
2021-06-08 08:56:27,406 server_data.py[line:529] INFO {'topic': 'base_setting_3c50f4c3-a9c1-4872-9f18-883af014380a', 'qos': 0}
2021-06-08 08:56:27,406 server_data.py[line:529] INFO {'topic': 'height_setting_3c50f4c3-a9c1-4872-9f18-883af014380a', 'qos': 0}
2021-06-08 08:56:27,406 server_data.py[line:529] INFO {'topic': 'refresh_3c50f4c3-a9c1-4872-9f18-883af014380a', 'qos': 0}
2021-06-08 08:56:27,406 server_data.py[line:529] INFO {'topic': 'reset_pool_3c50f4c3-a9c1-4872-9f18-883af014380a', 'qos': 0}
2021-06-08 08:56:27,407 server_data.py[line:529] INFO {'topic': 'heart_3c50f4c3-a9c1-4872-9f18-883af014380a', 'qos': 0}
2021-06-08 08:56:27,407 server_data.py[line:529] INFO {'topic': 'set_home_3c50f4c3-a9c1-4872-9f18-883af014380a', 'qos': 0}
2021-06-08 08:56:27,407 server_data.py[line:529] INFO {'topic': 'poweroff_restart_3c50f4c3-a9c1-4872-9f18-883af014380a', 'qos': 0}
2021-06-08 08:56:27,407 server_data.py[line:529] INFO {'topic': 'path_planning_confirm_3c50f4c3-a9c1-4872-9f18-883af014380a', 'qos': 0}
2021-06-08 08:56:27,421 server_data.py[line:194] INFO Connected with result code:  0
2021-06-08 08:56:44,157 server_data.py[line:454] INFO {'refresh_setting ': {'info_type': 1}}
2021-06-08 08:56:44,158 server_data.py[line:394] INFO {'base_setting ': {'info_type': 1}}
2021-06-08 08:56:44,352 server_data.py[line:394] INFO {'base_setting ': {'speed_grade': 3, 'arrive_range': 2.5, 'keep_point': 5, 'secure_distance': 10, 'row': 50, 'col': 50, 'pool_name': '喻家湖', 'video_url': 'http://123.32132.321321.213', 'info_type': 3}}
2021-06-08 08:56:48,177 server_data.py[line:273] INFO {'topic': 'pool_click_3c50f4c3-a9c1-4872-9f18-883af014380a', 'lng_lat': [114.524049, 30.505907], 'zoom': 16.89}
2021-06-08 08:56:49,215 server_data.py[line:380] INFO {'topic': 'pool_info_3c50f4c3-a9c1-4872-9f18-883af014380a', 'mapId': '1397858718729355265'}
2021-06-08 08:56:49,215 server_data.py[line:394] INFO {'base_setting ': {'speed_grade': 3, 'arrive_range': 2.5, 'keep_point': 5, 'secure_distance': 10, 'row': 50, 'col': 50, 'pool_name': '湖北省武汉市江夏区豹式值捞岫ヂ', 'video_url': 'http://123.32132.321321.213', 'info_type': 3}}
2021-06-08 08:56:50,566 server_data.py[line:454] INFO {'refresh_setting ': {'mapId': '1397858718729355265', 'sampling_points': [], 'path_points': [], 'info_type': 2}}
2021-06-08 16:42:14,953 server_data.py[line:529] INFO {'topic': 'pool_click_3c50f4c3-a9c1-4872-9f18-883af014380a', 'qos': 0}
2021-06-08 16:42:14,954 server_data.py[line:529] INFO {'topic': 'control_data_3c50f4c3-a9c1-4872-9f18-883af014380a', 'qos': 0}
2021-06-08 16:42:14,954 server_data.py[line:529] INFO {'topic': 'path_confirm_3c50f4c3-a9c1-4872-9f18-883af014380a', 'qos': 0}
2021-06-08 16:42:14,955 server_data.py[line:529] INFO {'topic': 'user_lng_lat_3c50f4c3-a9c1-4872-9f18-883af014380a', 'qos': 0}
2021-06-08 16:42:14,955 server_data.py[line:529] INFO {'topic': 'start_3c50f4c3-a9c1-4872-9f18-883af014380a', 'qos': 0}
2021-06-08 16:42:14,955 server_data.py[line:529] INFO {'topic': 'switch_3c50f4c3-a9c1-4872-9f18-883af014380a', 'qos': 0}
2021-06-08 16:42:14,955 server_data.py[line:529] INFO {'topic': 'pool_info_3c50f4c3-a9c1-4872-9f18-883af014380a', 'qos': 0}
2021-06-08 16:42:14,956 server_data.py[line:529] INFO {'topic': 'auto_lng_lat_3c50f4c3-a9c1-4872-9f18-883af014380a', 'qos': 0}
2021-06-08 16:42:14,956 server_data.py[line:529] INFO {'topic': 'path_planning_3c50f4c3-a9c1-4872-9f18-883af014380a', 'qos': 0}
2021-06-08 16:42:14,956 server_data.py[line:529] INFO {'topic': 'base_setting_3c50f4c3-a9c1-4872-9f18-883af014380a', 'qos': 0}
2021-06-08 16:42:14,956 server_data.py[line:529] INFO {'topic': 'height_setting_3c50f4c3-a9c1-4872-9f18-883af014380a', 'qos': 0}
2021-06-08 16:42:14,957 server_data.py[line:529] INFO {'topic': 'refresh_3c50f4c3-a9c1-4872-9f18-883af014380a', 'qos': 0}
2021-06-08 16:42:14,957 server_data.py[line:529] INFO {'topic': 'reset_pool_3c50f4c3-a9c1-4872-9f18-883af014380a', 'qos': 0}
2021-06-08 16:42:14,958 server_data.py[line:529] INFO {'topic': 'heart_3c50f4c3-a9c1-4872-9f18-883af014380a', 'qos': 0}
2021-06-08 16:42:14,958 server_data.py[line:529] INFO {'topic': 'set_home_3c50f4c3-a9c1-4872-9f18-883af014380a', 'qos': 0}
2021-06-08 16:42:14,958 server_data.py[line:529] INFO {'topic': 'poweroff_restart_3c50f4c3-a9c1-4872-9f18-883af014380a', 'qos': 0}
2021-06-08 16:42:14,959 server_data.py[line:529] INFO {'topic': 'path_planning_confirm_3c50f4c3-a9c1-4872-9f18-883af014380a', 'qos': 0}
2021-06-08 16:42:14,974 server_data.py[line:194] INFO Connected with result code:  0
2021-06-08 16:51:13,395 server_data.py[line:454] INFO {'refresh_setting ': {'info_type': 1}}
2021-06-08 16:51:13,396 server_data.py[line:394] INFO {'base_setting ': {'info_type': 1}}
2021-06-08 16:51:13,422 server_data.py[line:394] INFO {'base_setting ': {'speed_grade': 3, 'arrive_range': 2.5, 'keep_point': 5, 'secure_distance': 10, 'row': 50, 'col': 50, 'pool_name': '湖北省武汉市江夏区豹式值捞岫ヂ', 'video_url': 'http://123.32132.321321.213', 'info_type': 3}}
2021-06-08 16:51:17,993 server_data.py[line:273] INFO {'topic': 'pool_click_3c50f4c3-a9c1-4872-9f18-883af014380a', 'lng_lat': [114.524143, 30.505933], 'zoom': 17.5}
2021-06-08 16:51:19,197 server_data.py[line:380] INFO {'topic': 'pool_info_3c50f4c3-a9c1-4872-9f18-883af014380a', 'mapId': '1397858718729355265'}
2021-06-08 16:51:19,197 server_data.py[line:394] INFO {'base_setting ': {'speed_grade': 3, 'arrive_range': 2.5, 'keep_point': 5, 'secure_distance': 10, 'row': 50, 'col': 50, 'pool_name': '湖北省武汉市江夏区豹式值捞岫ヂ', 'video_url': 'http://123.32132.321321.213', 'info_type': 3}}
2021-06-08 16:51:20,712 server_data.py[line:454] INFO {'refresh_setting ': {'mapId': '1397858718729355265', 'sampling_points': [], 'path_points': [], 'info_type': 2}}
2021-06-08 16:51:24,669 server_data.py[line:273] INFO {'topic': 'pool_click_3c50f4c3-a9c1-4872-9f18-883af014380a', 'lng_lat': [114.524037, 30.506018], 'zoom': 17.5}
2021-06-08 16:51:25,715 server_data.py[line:380] INFO {'topic': 'pool_info_3c50f4c3-a9c1-4872-9f18-883af014380a', 'mapId': '1397858718729355265'}
2021-06-08 16:51:25,716 server_data.py[line:394] INFO {'base_setting ': {'speed_grade': 3, 'arrive_range': 2.5, 'keep_point': 5, 'secure_distance': 10, 'row': 50, 'col': 50, 'pool_name': '湖北省武汉市江夏区豹式值捞岫ヂ', 'video_url': 'http://123.32132.321321.213', 'info_type': 3}}
2021-06-08 16:51:49,627 server_data.py[line:307] INFO {'topic': 'user_lng_lat_3c50f4c3-a9c1-4872-9f18-883af014380a', 'target_lng_lat': [[114.525543, 30.505932]], 'zoom': 18, 'meter_pix': 0.5910093033857279, 'back_home': 0, 'fix_point': None}
2021-06-08 16:51:50,646 server_data.py[line:344] INFO {'topic': 'path_planning_3c50f4c3-a9c1-4872-9f18-883af014380a', 'sampling_points': [[114.525543, 30.505932]], 'path_points': [[114.524101, 30.506851], [114.524252, 30.506703], [114.524273, 30.506481], [114.524273, 30.506462], [114.524295, 30.506444], [114.524338, 30.506388], [114.524359, 30.506333], [114.52466, 30.506055], [114.524681, 30.506037], [114.524724, 30.506018], [114.524746, 30.505999], [114.524767, 30.505999], [114.524832, 30.505981], [114.524853, 30.505981], [114.524982, 30.505962], [114.525004, 30.505962], [114.525476, 30.505944], [114.525498, 30.505944], [114.525541, 30.505925]]}
2021-06-08 16:52:45,126 server_data.py[line:307] INFO {'topic': 'user_lng_lat_3c50f4c3-a9c1-4872-9f18-883af014380a', 'target_lng_lat': [[114.525285, 30.50572], [114.524516, 30.50554], [114.52483, 30.505381], [114.524369, 30.505699]], 'zoom': 18, 'meter_pix': 0.5910093337729256, 'back_home': False, 'fix_point': None}
2021-06-08 16:52:45,152 server_data.py[line:344] INFO {'topic': 'path_planning_3c50f4c3-a9c1-4872-9f18-883af014380a', 'sampling_points': [[114.525285, 30.50572], [114.524516, 30.50554], [114.52483, 30.505381], [114.524369, 30.505699]], 'path_points': [[114.525283, 30.505722], [114.524515, 30.505541], [114.524826, 30.505384], [114.524365, 30.505703]]}
2021-06-08 17:16:44,711 server_data.py[line:307] INFO {'topic': 'user_lng_lat_3c50f4c3-a9c1-4872-9f18-883af014380a', 'target_lng_lat': [[114.525159, 30.506882]], 'zoom': 17, 'meter_pix': 0.9403319929508319, 'back_home': 0, 'fix_point': None}
2021-06-08 17:16:59,442 server_data.py[line:307] INFO {'topic': 'user_lng_lat_3c50f4c3-a9c1-4872-9f18-883af014380a', 'target_lng_lat': [[114.524979, 30.506822]], 'zoom': 18, 'meter_pix': 0.6883627721741623, 'back_home': 0, 'fix_point': None}
2021-06-08 17:17:00,565 server_data.py[line:344] INFO {'topic': 'path_planning_3c50f4c3-a9c1-4872-9f18-883af014380a', 'sampling_points': [[114.525159, 30.506882]], 'path_points': [[114.525159, 30.506882]]}
2021-06-08 17:17:16,447 server_data.py[line:344] INFO {'topic': 'path_planning_3c50f4c3-a9c1-4872-9f18-883af014380a', 'sampling_points': [[114.524979, 30.506822]], 'path_points': [[114.524979, 30.506822]]}
2021-06-08 17:17:32,111 server_data.py[line:229] INFO {'topic': 'control_data_3c50f4c3-a9c1-4872-9f18-883af014380a', 'control_move_direction': -1}
2021-06-08 17:21:38,241 server_data.py[line:529] INFO {'topic': 'pool_click_3c50f4c3-a9c1-4872-9f18-883af014380a', 'qos': 0}
2021-06-08 17:21:38,242 server_data.py[line:529] INFO {'topic': 'control_data_3c50f4c3-a9c1-4872-9f18-883af014380a', 'qos': 0}
2021-06-08 17:21:38,242 server_data.py[line:529] INFO {'topic': 'path_confirm_3c50f4c3-a9c1-4872-9f18-883af014380a', 'qos': 0}
2021-06-08 17:21:38,243 server_data.py[line:529] INFO {'topic': 'user_lng_lat_3c50f4c3-a9c1-4872-9f18-883af014380a', 'qos': 0}
2021-06-08 17:21:38,243 server_data.py[line:529] INFO {'topic': 'start_3c50f4c3-a9c1-4872-9f18-883af014380a', 'qos': 0}
2021-06-08 17:21:38,243 server_data.py[line:529] INFO {'topic': 'switch_3c50f4c3-a9c1-4872-9f18-883af014380a', 'qos': 0}
2021-06-08 17:21:38,243 server_data.py[line:529] INFO {'topic': 'pool_info_3c50f4c3-a9c1-4872-9f18-883af014380a', 'qos': 0}
2021-06-08 17:21:38,243 server_data.py[line:529] INFO {'topic': 'auto_lng_lat_3c50f4c3-a9c1-4872-9f18-883af014380a', 'qos': 0}
2021-06-08 17:21:38,244 server_data.py[line:529] INFO {'topic': 'path_planning_3c50f4c3-a9c1-4872-9f18-883af014380a', 'qos': 0}
2021-06-08 17:21:38,244 server_data.py[line:529] INFO {'topic': 'base_setting_3c50f4c3-a9c1-4872-9f18-883af014380a', 'qos': 0}
2021-06-08 17:21:38,244 server_data.py[line:529] INFO {'topic': 'height_setting_3c50f4c3-a9c1-4872-9f18-883af014380a', 'qos': 0}
2021-06-08 17:21:38,244 server_data.py[line:529] INFO {'topic': 'refresh_3c50f4c3-a9c1-4872-9f18-883af014380a', 'qos': 0}
2021-06-08 17:21:38,244 server_data.py[line:529] INFO {'topic': 'reset_pool_3c50f4c3-a9c1-4872-9f18-883af014380a', 'qos': 0}
2021-06-08 17:21:38,244 server_data.py[line:529] INFO {'topic': 'heart_3c50f4c3-a9c1-4872-9f18-883af014380a', 'qos': 0}
2021-06-08 17:21:38,244 server_data.py[line:529] INFO {'topic': 'set_home_3c50f4c3-a9c1-4872-9f18-883af014380a', 'qos': 0}
2021-06-08 17:21:38,245 server_data.py[line:529] INFO {'topic': 'poweroff_restart_3c50f4c3-a9c1-4872-9f18-883af014380a', 'qos': 0}
2021-06-08 17:21:38,245 server_data.py[line:529] INFO {'topic': 'path_planning_confirm_3c50f4c3-a9c1-4872-9f18-883af014380a', 'qos': 0}
2021-06-08 17:21:38,263 server_data.py[line:194] INFO Connected with result code:  0
2021-06-08 17:21:55,501 server_data.py[line:307] INFO {'topic': 'user_lng_lat_3c50f4c3-a9c1-4872-9f18-883af014380a', 'target_lng_lat': [[114.52381, 30.506061]], 'zoom': 18, 'meter_pix': 0.5788405374848135, 'back_home': 0, 'fix_point': None}
2021-06-08 17:21:55,559 server_data.py[line:344] INFO {'topic': 'path_planning_3c50f4c3-a9c1-4872-9f18-883af014380a', 'sampling_points': [[114.52381, 30.506061]], 'path_points': [[114.52381, 30.506061]]}
2021-06-08 17:22:10,039 server_data.py[line:307] INFO {'topic': 'user_lng_lat_3c50f4c3-a9c1-4872-9f18-883af014380a', 'target_lng_lat': [[114.523412, 30.50644]], 'zoom': 18, 'meter_pix': 0.5788405374848135, 'back_home': 0, 'fix_point': None}
2021-06-08 17:22:10,189 server_data.py[line:344] INFO {'topic': 'path_planning_3c50f4c3-a9c1-4872-9f18-883af014380a', 'sampling_points': [[114.523412, 30.50644]], 'path_points': [[114.523412, 30.50644]]}
2021-06-08 17:22:17,942 server_data.py[line:307] INFO {'topic': 'user_lng_lat_3c50f4c3-a9c1-4872-9f18-883af014380a', 'target_lng_lat': [[114.523575, 30.505376]], 'zoom': 18, 'meter_pix': 0.5788405374848135, 'back_home': 0, 'fix_point': None}
2021-06-08 17:22:18,008 server_data.py[line:344] INFO {'topic': 'path_planning_3c50f4c3-a9c1-4872-9f18-883af014380a', 'sampling_points': [[114.523575, 30.505376]], 'path_points': [[114.523575, 30.505376]]}
2021-06-08 17:56:11,068 server_data.py[line:529] INFO {'topic': 'pool_click_3c50f4c3-a9c1-4872-9f18-883af014380a', 'qos': 0}
2021-06-08 17:56:11,068 server_data.py[line:529] INFO {'topic': 'control_data_3c50f4c3-a9c1-4872-9f18-883af014380a', 'qos': 0}
2021-06-08 17:56:11,069 server_data.py[line:529] INFO {'topic': 'path_confirm_3c50f4c3-a9c1-4872-9f18-883af014380a', 'qos': 0}
2021-06-08 17:56:11,069 server_data.py[line:529] INFO {'topic': 'user_lng_lat_3c50f4c3-a9c1-4872-9f18-883af014380a', 'qos': 0}
2021-06-08 17:56:11,069 server_data.py[line:529] INFO {'topic': 'start_3c50f4c3-a9c1-4872-9f18-883af014380a', 'qos': 0}
2021-06-08 17:56:11,069 server_data.py[line:529] INFO {'topic': 'switch_3c50f4c3-a9c1-4872-9f18-883af014380a', 'qos': 0}
2021-06-08 17:56:11,069 server_data.py[line:529] INFO {'topic': 'pool_info_3c50f4c3-a9c1-4872-9f18-883af014380a', 'qos': 0}
2021-06-08 17:56:11,070 server_data.py[line:529] INFO {'topic': 'auto_lng_lat_3c50f4c3-a9c1-4872-9f18-883af014380a', 'qos': 0}
2021-06-08 17:56:11,070 server_data.py[line:529] INFO {'topic': 'path_planning_3c50f4c3-a9c1-4872-9f18-883af014380a', 'qos': 0}
2021-06-08 17:56:11,070 server_data.py[line:529] INFO {'topic': 'base_setting_3c50f4c3-a9c1-4872-9f18-883af014380a', 'qos': 0}
2021-06-08 17:56:11,071 server_data.py[line:529] INFO {'topic': 'height_setting_3c50f4c3-a9c1-4872-9f18-883af014380a', 'qos': 0}
2021-06-08 17:56:11,071 server_data.py[line:529] INFO {'topic': 'refresh_3c50f4c3-a9c1-4872-9f18-883af014380a', 'qos': 0}
2021-06-08 17:56:11,071 server_data.py[line:529] INFO {'topic': 'reset_pool_3c50f4c3-a9c1-4872-9f18-883af014380a', 'qos': 0}
2021-06-08 17:56:11,072 server_data.py[line:529] INFO {'topic': 'heart_3c50f4c3-a9c1-4872-9f18-883af014380a', 'qos': 0}
2021-06-08 17:56:11,072 server_data.py[line:529] INFO {'topic': 'set_home_3c50f4c3-a9c1-4872-9f18-883af014380a', 'qos': 0}
2021-06-08 17:56:11,072 server_data.py[line:529] INFO {'topic': 'poweroff_restart_3c50f4c3-a9c1-4872-9f18-883af014380a', 'qos': 0}
2021-06-08 17:56:11,072 server_data.py[line:529] INFO {'topic': 'path_planning_confirm_3c50f4c3-a9c1-4872-9f18-883af014380a', 'qos': 0}
2021-06-08 17:56:11,088 server_data.py[line:194] INFO Connected with result code:  0
2021-06-08 17:56:24,428 server_data.py[line:454] INFO {'refresh_setting ': {'info_type': 1}}
2021-06-08 17:56:24,428 server_data.py[line:394] INFO {'base_setting ': {'info_type': 1}}
2021-06-08 17:56:24,535 server_data.py[line:394] INFO {'base_setting ': {'speed_grade': 3, 'arrive_range': 2.5, 'keep_point': 5, 'secure_distance': 10, 'row': 50, 'col': 50, 'pool_name': '喻家湖', 'video_url': 'http://123.32132.321321.213', 'info_type': 3}}
2021-06-08 17:56:27,634 server_data.py[line:273] INFO {'topic': 'pool_click_3c50f4c3-a9c1-4872-9f18-883af014380a', 'lng_lat': [114.524079, 30.505819], 'zoom': 16.89}
2021-06-08 17:56:28,506 server_data.py[line:380] INFO {'topic': 'pool_info_3c50f4c3-a9c1-4872-9f18-883af014380a', 'mapId': '1397858718729355265'}
2021-06-08 17:56:28,507 server_data.py[line:394] INFO {'base_setting ': {'speed_grade': 3, 'arrive_range': 2.5, 'keep_point': 5, 'secure_distance': 10, 'row': 50, 'col': 50, 'pool_name': '湖北省武汉市江夏区豹式值捞岫ヂ', 'video_url': 'http://123.32132.321321.213', 'info_type': 3}}
2021-06-08 17:56:30,207 server_data.py[line:454] INFO {'refresh_setting ': {'mapId': '1397858718729355265', 'sampling_points': [], 'path_points': [], 'info_type': 2}}
2021-06-08 17:56:33,425 server_data.py[line:482] INFO {'topic': 'set_home_3c50f4c3-a9c1-4872-9f18-883af014380a', 'lng_lat': [[114.524341, 30.505418]]}
2021-06-08 17:56:35,836 server_data.py[line:321] INFO {'topic': 'auto_lng_lat_3c50f4c3-a9c1-4872-9f18-883af014380a', 'row_gap': 1}
2021-06-08 17:56:36,139 server_data.py[line:344] INFO {'topic': 'path_planning_3c50f4c3-a9c1-4872-9f18-883af014380a', 'sampling_points': [[114.523628, 30.50692], [114.524143, 30.50692], [114.52569, 30.506476], [114.524143, 30.506476], [114.523628, 30.506476], [114.523112, 30.506476], [114.522597, 30.506476], [114.522081, 30.506476], [114.521566, 30.506476], [114.52105, 30.506476], [114.519503, 30.506032], [114.520019, 30.506032], [114.520535, 30.506032], [114.52105, 30.506032], [114.521566, 30.506032], [114.522081, 30.506032], [114.522597, 30.506032], [114.523112, 30.506032], [114.523628, 30.506032], [114.524143, 30.506032], [114.524659, 30.506032], [114.52569, 30.506032], [114.526206, 30.506032], [114.52569, 30.505588], [114.525175, 30.505588], [114.524659, 30.505588], [114.524143, 30.505588], [114.523628, 30.505588], [114.523112, 30.505588], [114.522597, 30.505588], [114.522081, 30.505588], [114.523112, 30.505143], [114.523628, 30.505143], [114.524143, 30.505143], [114.524659, 30.505143], [114.525175, 30.505143], [114.52569, 30.505143], [114.525175, 30.504699], [114.524659, 30.504699], [114.524143, 30.504699], [114.523628, 30.504699], [114.524143, 30.504255], [114.524659, 30.504255], [114.525175, 30.504255], [114.524659, 30.503811]], 'path_points': [[114.523617, 30.50692], [114.524133, 30.50692], [114.525679, 30.506476], [114.525712, 30.506448], [114.525669, 30.506411], [114.525669, 30.506374], [114.525669, 30.506337], [114.525669, 30.5063], [114.525669, 30.506263], [114.525669, 30.506226], [114.525669, 30.506189], [114.525669, 30.506152], [114.525669, 30.506115], [114.525669, 30.506078], [114.525626, 30.506041], [114.525583, 30.506004], [114.525583, 30.505967], [114.52554, 30.50593], [114.525497, 30.505893], [114.525454, 30.505893], [114.525411, 30.505856], [114.525368, 30.505856], [114.525325, 30.505856], [114.525282, 30.505856], [114.525239, 30.505856], [114.525196, 30.505856], [114.525153, 30.505856], [114.52511, 30.505856], [114.525067, 30.505856], [114.525024, 30.505856], [114.524981, 30.505856], [114.524938, 30.505856], [114.524895, 30.505856], [114.524852, 30.505856], [114.524809, 30.505893], [114.524766, 30.505893], [114.524723, 30.505893], [114.52468, 30.505893], [114.524638, 30.50593], [114.524595, 30.505967], [114.524552, 30.506004], [114.524509, 30.506041], [114.524466, 30.506078], [114.524423, 30.506115], [114.52438, 30.506152], [114.524337, 30.506189], [114.524294, 30.506226], [114.524251, 30.506263], [114.524251, 30.5063], [114.524208, 30.506337], [114.524208, 30.506374], [114.524165, 30.506411], [114.524165, 30.506448], [114.523617, 30.506476], [114.523102, 30.506476], [114.522597, 30.506476], [114.522081, 30.506476], [114.521566, 30.506476], [114.52105, 30.506476], [114.519503, 30.506032], [114.520019, 30.506032], [114.520535, 30.506032], [114.52105, 30.506032], [114.521566, 30.506032], [114.522081, 30.506032], [114.522597, 30.506032], [114.523112, 30.506032], [114.523628, 30.506032], [114.524133, 30.506032], [114.524648, 30.506032], [114.525679, 30.506032], [114.526195, 30.506032], [114.525679, 30.505597], [114.525164, 30.505597], [114.524648, 30.505597], [114.524133, 30.505597], [114.523628, 30.505597], [114.523112, 30.505597], [114.522597, 30.505597], [114.522081, 30.505597], [114.523102, 30.505153], [114.523617, 30.505153], [114.524133, 30.505153], [114.524659, 30.505153], [114.525175, 30.505153], [114.525679, 30.505153], [114.525175, 30.504709], [114.524659, 30.504709], [114.524133, 30.504709], [114.523617, 30.504709], [114.524133, 30.504264], [114.524659, 30.504264], [114.525175, 30.504264], [114.524659, 30.50382]]}
2021-06-08 17:56:38,315 server_data.py[line:371] INFO {'topic': 'start_3c50f4c3-a9c1-4872-9f18-883af014380a', 'b_start': 1}
2021-06-08 17:58:47,757 server_data.py[line:425] INFO {'height_setting_data': {'info_type': 1}}
2021-06-08 17:58:48,226 server_data.py[line:425] INFO {'height_setting_data': {'motor_forward': 200, 'motor_steer': 200, 'kp': '3.0', 'ki': '0.3', 'kd': '1', 'full_speed_meter': 6, 'check_status_interval': 1, 'max_pwm': 1800, 'min_pwm': 1200, 'left_motor_cw': 1, 'right_motor_cw': 0, 'draw_time': 30, 'pid_interval': 0.1, 'start_sleep_time': 6, 'motor_init_time': 4, 'check_network_interval': 10, 'stop_pwm': 1510, 'network_backhome': '150', 'energy_backhome': 0, 'find_points_num': 5, 'b_tsp': 0, 'b_check_network': '1', 'b_play_audio': 0, 'home_debug': '1', 'obstacle_avoid_type': '0', 'path_plan_type': '1', 'path_track_type': '1', 'calibration_compass': 0, 'info_type': 3}}
2021-06-08 17:58:55,097 server_data.py[line:425] INFO {'height_setting_data': {'motor_forward': 200, 'motor_steer': 200, 'kp': '3.0', 'ki': '0.3', 'kd': '1', 'full_speed_meter': 6, 'check_status_interval': 1, 'max_pwm': 1800, 'min_pwm': 1200, 'left_motor_cw': 1, 'right_motor_cw': 0, 'draw_time': 30, 'pid_interval': 0.1, 'start_sleep_time': 6, 'motor_init_time': 4, 'check_network_interval': 10, 'stop_pwm': 1510, 'network_backhome': '150', 'energy_backhome': 0, 'find_points_num': 5, 'b_tsp': 0, 'b_check_network': '1', 'b_play_audio': 0, 'home_debug': '1', 'obstacle_avoid_type': '0', 'path_plan_type': '1', 'path_track_type': '1', 'calibration_compass': 0, 'info_type': 2}}
2021-06-08 17:59:34,664 server_data.py[line:529] INFO {'topic': 'pool_click_3c50f4c3-a9c1-4872-9f18-883af014380a', 'qos': 0}
2021-06-08 17:59:34,664 server_data.py[line:529] INFO {'topic': 'control_data_3c50f4c3-a9c1-4872-9f18-883af014380a', 'qos': 0}
2021-06-08 17:59:34,664 server_data.py[line:529] INFO {'topic': 'path_confirm_3c50f4c3-a9c1-4872-9f18-883af014380a', 'qos': 0}
2021-06-08 17:59:34,664 server_data.py[line:529] INFO {'topic': 'user_lng_lat_3c50f4c3-a9c1-4872-9f18-883af014380a', 'qos': 0}
2021-06-08 17:59:34,665 server_data.py[line:529] INFO {'topic': 'start_3c50f4c3-a9c1-4872-9f18-883af014380a', 'qos': 0}
2021-06-08 17:59:34,665 server_data.py[line:529] INFO {'topic': 'switch_3c50f4c3-a9c1-4872-9f18-883af014380a', 'qos': 0}
2021-06-08 17:59:34,665 server_data.py[line:529] INFO {'topic': 'pool_info_3c50f4c3-a9c1-4872-9f18-883af014380a', 'qos': 0}
2021-06-08 17:59:34,665 server_data.py[line:529] INFO {'topic': 'auto_lng_lat_3c50f4c3-a9c1-4872-9f18-883af014380a', 'qos': 0}
2021-06-08 17:59:34,665 server_data.py[line:529] INFO {'topic': 'path_planning_3c50f4c3-a9c1-4872-9f18-883af014380a', 'qos': 0}
2021-06-08 17:59:34,666 server_data.py[line:529] INFO {'topic': 'base_setting_3c50f4c3-a9c1-4872-9f18-883af014380a', 'qos': 0}
2021-06-08 17:59:34,666 server_data.py[line:529] INFO {'topic': 'height_setting_3c50f4c3-a9c1-4872-9f18-883af014380a', 'qos': 0}
2021-06-08 17:59:34,666 server_data.py[line:529] INFO {'topic': 'refresh_3c50f4c3-a9c1-4872-9f18-883af014380a', 'qos': 0}
2021-06-08 17:59:34,666 server_data.py[line:529] INFO {'topic': 'reset_pool_3c50f4c3-a9c1-4872-9f18-883af014380a', 'qos': 0}
2021-06-08 17:59:34,666 server_data.py[line:529] INFO {'topic': 'heart_3c50f4c3-a9c1-4872-9f18-883af014380a', 'qos': 0}
2021-06-08 17:59:34,667 server_data.py[line:529] INFO {'topic': 'set_home_3c50f4c3-a9c1-4872-9f18-883af014380a', 'qos': 0}
2021-06-08 17:59:34,667 server_data.py[line:529] INFO {'topic': 'poweroff_restart_3c50f4c3-a9c1-4872-9f18-883af014380a', 'qos': 0}
2021-06-08 17:59:34,667 server_data.py[line:529] INFO {'topic': 'path_planning_confirm_3c50f4c3-a9c1-4872-9f18-883af014380a', 'qos': 0}
2021-06-08 17:59:34,682 server_data.py[line:194] INFO Connected with result code:  0
2021-06-08 17:59:42,972 server_data.py[line:454] INFO {'refresh_setting ': {'info_type': 1}}
2021-06-08 17:59:42,972 server_data.py[line:394] INFO {'base_setting ': {'info_type': 1}}
2021-06-08 17:59:43,062 server_data.py[line:394] INFO {'base_setting ': {'speed_grade': 3, 'arrive_range': 2.5, 'keep_point': 5, 'secure_distance': 10, 'row': 50, 'col': 50, 'pool_name': '湖北省武汉市江夏区豹式值捞岫ヂ', 'video_url': 'http://123.32132.321321.213', 'info_type': 3}}
2021-06-08 17:59:54,473 server_data.py[line:273] INFO {'topic': 'pool_click_3c50f4c3-a9c1-4872-9f18-883af014380a', 'lng_lat': [114.524333, 30.50573], 'zoom': 17.5}
2021-06-08 17:59:55,473 server_data.py[line:380] INFO {'topic': 'pool_info_3c50f4c3-a9c1-4872-9f18-883af014380a', 'mapId': '1397858718729355265'}
2021-06-08 17:59:55,473 server_data.py[line:394] INFO {'base_setting ': {'speed_grade': 3, 'arrive_range': 2.5, 'keep_point': 5, 'secure_distance': 10, 'row': 50, 'col': 50, 'pool_name': '湖北省武汉市江夏区豹式值捞岫ヂ', 'video_url': 'http://123.32132.321321.213', 'info_type': 3}}
2021-06-08 17:59:56,790 server_data.py[line:454] INFO {'refresh_setting ': {'mapId': '1397858718729355265', 'sampling_points': [], 'path_points': [], 'info_type': 2}}
2021-06-08 18:00:04,932 server_data.py[line:482] INFO {'topic': 'set_home_3c50f4c3-a9c1-4872-9f18-883af014380a', 'lng_lat': [[114.524212, 30.505259]]}
2021-06-08 18:00:09,016 server_data.py[line:307] INFO {'topic': 'user_lng_lat_3c50f4c3-a9c1-4872-9f18-883af014380a', 'target_lng_lat': [[114.522967, 30.506024]], 'zoom': 18, 'meter_pix': 0.727615781894433, 'back_home': 0, 'fix_point': None}
2021-06-08 18:00:09,115 server_data.py[line:344] INFO {'topic': 'path_planning_3c50f4c3-a9c1-4872-9f18-883af014380a', 'sampling_points': [[114.522967, 30.506024]], 'path_points': [[114.522964, 30.506026]]}
2021-06-08 18:00:36,931 server_data.py[line:529] INFO {'topic': 'pool_click_3c50f4c3-a9c1-4872-9f18-883af014380a', 'qos': 0}
2021-06-08 18:00:36,932 server_data.py[line:529] INFO {'topic': 'control_data_3c50f4c3-a9c1-4872-9f18-883af014380a', 'qos': 0}
2021-06-08 18:00:36,932 server_data.py[line:529] INFO {'topic': 'path_confirm_3c50f4c3-a9c1-4872-9f18-883af014380a', 'qos': 0}
2021-06-08 18:00:36,932 server_data.py[line:529] INFO {'topic': 'user_lng_lat_3c50f4c3-a9c1-4872-9f18-883af014380a', 'qos': 0}
2021-06-08 18:00:36,933 server_data.py[line:529] INFO {'topic': 'start_3c50f4c3-a9c1-4872-9f18-883af014380a', 'qos': 0}
2021-06-08 18:00:36,933 server_data.py[line:529] INFO {'topic': 'switch_3c50f4c3-a9c1-4872-9f18-883af014380a', 'qos': 0}
2021-06-08 18:00:36,933 server_data.py[line:529] INFO {'topic': 'pool_info_3c50f4c3-a9c1-4872-9f18-883af014380a', 'qos': 0}
2021-06-08 18:00:36,933 server_data.py[line:529] INFO {'topic': 'auto_lng_lat_3c50f4c3-a9c1-4872-9f18-883af014380a', 'qos': 0}
2021-06-08 18:00:36,933 server_data.py[line:529] INFO {'topic': 'path_planning_3c50f4c3-a9c1-4872-9f18-883af014380a', 'qos': 0}
2021-06-08 18:00:36,934 server_data.py[line:529] INFO {'topic': 'base_setting_3c50f4c3-a9c1-4872-9f18-883af014380a', 'qos': 0}
2021-06-08 18:00:36,934 server_data.py[line:529] INFO {'topic': 'height_setting_3c50f4c3-a9c1-4872-9f18-883af014380a', 'qos': 0}
2021-06-08 18:00:36,934 server_data.py[line:529] INFO {'topic': 'refresh_3c50f4c3-a9c1-4872-9f18-883af014380a', 'qos': 0}
2021-06-08 18:00:36,934 server_data.py[line:529] INFO {'topic': 'reset_pool_3c50f4c3-a9c1-4872-9f18-883af014380a', 'qos': 0}
2021-06-08 18:00:36,934 server_data.py[line:529] INFO {'topic': 'heart_3c50f4c3-a9c1-4872-9f18-883af014380a', 'qos': 0}
2021-06-08 18:00:36,935 server_data.py[line:529] INFO {'topic': 'set_home_3c50f4c3-a9c1-4872-9f18-883af014380a', 'qos': 0}
2021-06-08 18:00:36,935 server_data.py[line:529] INFO {'topic': 'poweroff_restart_3c50f4c3-a9c1-4872-9f18-883af014380a', 'qos': 0}
2021-06-08 18:00:36,935 server_data.py[line:529] INFO {'topic': 'path_planning_confirm_3c50f4c3-a9c1-4872-9f18-883af014380a', 'qos': 0}
2021-06-08 18:00:36,952 server_data.py[line:194] INFO Connected with result code:  0
2021-06-08 18:00:42,886 server_data.py[line:482] INFO {'topic': 'set_home_3c50f4c3-a9c1-4872-9f18-883af014380a', 'lng_lat': [[114.52491, 30.505495]]}
2021-06-08 18:01:29,435 server_data.py[line:529] INFO {'topic': 'pool_click_3c50f4c3-a9c1-4872-9f18-883af014380a', 'qos': 0}
2021-06-08 18:01:29,435 server_data.py[line:529] INFO {'topic': 'control_data_3c50f4c3-a9c1-4872-9f18-883af014380a', 'qos': 0}
2021-06-08 18:01:29,436 server_data.py[line:529] INFO {'topic': 'path_confirm_3c50f4c3-a9c1-4872-9f18-883af014380a', 'qos': 0}
2021-06-08 18:01:29,436 server_data.py[line:529] INFO {'topic': 'user_lng_lat_3c50f4c3-a9c1-4872-9f18-883af014380a', 'qos': 0}
2021-06-08 18:01:29,436 server_data.py[line:529] INFO {'topic': 'start_3c50f4c3-a9c1-4872-9f18-883af014380a', 'qos': 0}
2021-06-08 18:01:29,436 server_data.py[line:529] INFO {'topic': 'switch_3c50f4c3-a9c1-4872-9f18-883af014380a', 'qos': 0}
2021-06-08 18:01:29,437 server_data.py[line:529] INFO {'topic': 'pool_info_3c50f4c3-a9c1-4872-9f18-883af014380a', 'qos': 0}
2021-06-08 18:01:29,437 server_data.py[line:529] INFO {'topic': 'auto_lng_lat_3c50f4c3-a9c1-4872-9f18-883af014380a', 'qos': 0}
2021-06-08 18:01:29,437 server_data.py[line:529] INFO {'topic': 'path_planning_3c50f4c3-a9c1-4872-9f18-883af014380a', 'qos': 0}
2021-06-08 18:01:29,437 server_data.py[line:529] INFO {'topic': 'base_setting_3c50f4c3-a9c1-4872-9f18-883af014380a', 'qos': 0}
2021-06-08 18:01:29,437 server_data.py[line:529] INFO {'topic': 'height_setting_3c50f4c3-a9c1-4872-9f18-883af014380a', 'qos': 0}
2021-06-08 18:01:29,438 server_data.py[line:529] INFO {'topic': 'refresh_3c50f4c3-a9c1-4872-9f18-883af014380a', 'qos': 0}
2021-06-08 18:01:29,438 server_data.py[line:529] INFO {'topic': 'reset_pool_3c50f4c3-a9c1-4872-9f18-883af014380a', 'qos': 0}
2021-06-08 18:01:29,438 server_data.py[line:529] INFO {'topic': 'heart_3c50f4c3-a9c1-4872-9f18-883af014380a', 'qos': 0}
2021-06-08 18:01:29,438 server_data.py[line:529] INFO {'topic': 'set_home_3c50f4c3-a9c1-4872-9f18-883af014380a', 'qos': 0}
2021-06-08 18:01:29,438 server_data.py[line:529] INFO {'topic': 'poweroff_restart_3c50f4c3-a9c1-4872-9f18-883af014380a', 'qos': 0}
2021-06-08 18:01:29,439 server_data.py[line:529] INFO {'topic': 'path_planning_confirm_3c50f4c3-a9c1-4872-9f18-883af014380a', 'qos': 0}
2021-06-08 18:01:29,453 server_data.py[line:194] INFO Connected with result code:  0
2021-06-08 18:01:43,315 server_data.py[line:454] INFO {'refresh_setting ': {'info_type': 1}}
2021-06-08 18:01:43,316 server_data.py[line:394] INFO {'base_setting ': {'info_type': 1}}
2021-06-08 18:01:43,476 server_data.py[line:394] INFO {'base_setting ': {'speed_grade': 3, 'arrive_range': 2.5, 'keep_point': 5, 'secure_distance': 10, 'row': 50, 'col': 50, 'pool_name': '湖北省武汉市江夏区豹式值捞岫ヂ', 'video_url': 'http://123.32132.321321.213', 'info_type': 3}}
2021-06-08 18:01:46,485 server_data.py[line:425] INFO {'height_setting_data': {'info_type': 1}}
2021-06-08 18:01:46,533 server_data.py[line:425] INFO {'height_setting_data': {'motor_forward': 200, 'motor_steer': 200, 'kp': '3.0', 'ki': '0.3', 'kd': '1', 'full_speed_meter': 6, 'check_status_interval': 1, 'max_pwm': 1800, 'min_pwm': 1200, 'left_motor_cw': 1, 'right_motor_cw': 0, 'draw_time': 30, 'pid_interval': 0.1, 'start_sleep_time': 6, 'motor_init_time': 4, 'check_network_interval': 10, 'stop_pwm': 1510, 'network_backhome': '150', 'energy_backhome': 0, 'find_points_num': 5, 'b_tsp': 0, 'b_check_network': '1', 'b_play_audio': 0, 'home_debug': '1', 'obstacle_avoid_type': '0', 'path_plan_type': '1', 'path_track_type': '1', 'calibration_compass': 0, 'info_type': 3}}
2021-06-08 18:01:53,737 server_data.py[line:425] INFO {'height_setting_data': {'motor_forward': 200, 'motor_steer': 200, 'kp': '3.0', 'ki': '0.3', 'kd': '1', 'full_speed_meter': 6, 'check_status_interval': 1, 'max_pwm': 1800, 'min_pwm': 1200, 'left_motor_cw': 1, 'right_motor_cw': 0, 'draw_time': 30, 'pid_interval': 0.1, 'start_sleep_time': 6, 'motor_init_time': 4, 'check_network_interval': 10, 'stop_pwm': 1510, 'network_backhome': '20', 'energy_backhome': 0, 'find_points_num': 5, 'b_tsp': 0, 'b_check_network': '1', 'b_play_audio': 0, 'home_debug': '1', 'obstacle_avoid_type': '0', 'path_plan_type': '1', 'path_track_type': '1', 'calibration_compass': 0, 'info_type': 2}}
2021-06-08 18:01:57,429 server_data.py[line:273] INFO {'topic': 'pool_click_3c50f4c3-a9c1-4872-9f18-883af014380a', 'lng_lat': [114.523756, 30.505691], 'zoom': 17.5}
2021-06-08 18:01:58,221 server_data.py[line:380] INFO {'topic': 'pool_info_3c50f4c3-a9c1-4872-9f18-883af014380a', 'mapId': '1397858718729355265'}
2021-06-08 18:01:58,221 server_data.py[line:394] INFO {'base_setting ': {'speed_grade': 3, 'arrive_range': 2.5, 'keep_point': 5, 'secure_distance': 10, 'row': 50, 'col': 50, 'pool_name': '湖北省武汉市江夏区豹式值朗榛路', 'video_url': 'http://123.32132.321321.213', 'info_type': 3}}
2021-06-08 18:01:59,568 server_data.py[line:454] INFO {'refresh_setting ': {'mapId': '1397858718729355265', 'sampling_points': [], 'path_points': [], 'info_type': 2}}
2021-06-08 18:02:00,325 server_data.py[line:482] INFO {'topic': 'set_home_3c50f4c3-a9c1-4872-9f18-883af014380a', 'lng_lat': [[114.523863, 30.505867]]}
2021-06-09 08:40:15,432 server_data.py[line:529] INFO {'topic': 'pool_click_3c50f4c3-a9c1-4872-9f18-883af014380a', 'qos': 0}
2021-06-09 08:40:15,432 server_data.py[line:529] INFO {'topic': 'control_data_3c50f4c3-a9c1-4872-9f18-883af014380a', 'qos': 0}
2021-06-09 08:40:15,434 server_data.py[line:529] INFO {'topic': 'path_confirm_3c50f4c3-a9c1-4872-9f18-883af014380a', 'qos': 0}
2021-06-09 08:40:15,434 server_data.py[line:529] INFO {'topic': 'user_lng_lat_3c50f4c3-a9c1-4872-9f18-883af014380a', 'qos': 0}
2021-06-09 08:40:15,434 server_data.py[line:529] INFO {'topic': 'start_3c50f4c3-a9c1-4872-9f18-883af014380a', 'qos': 0}
2021-06-09 08:40:15,434 server_data.py[line:529] INFO {'topic': 'switch_3c50f4c3-a9c1-4872-9f18-883af014380a', 'qos': 0}
2021-06-09 08:40:15,434 server_data.py[line:529] INFO {'topic': 'pool_info_3c50f4c3-a9c1-4872-9f18-883af014380a', 'qos': 0}
2021-06-09 08:40:15,434 server_data.py[line:529] INFO {'topic': 'auto_lng_lat_3c50f4c3-a9c1-4872-9f18-883af014380a', 'qos': 0}
2021-06-09 08:40:15,434 server_data.py[line:529] INFO {'topic': 'path_planning_3c50f4c3-a9c1-4872-9f18-883af014380a', 'qos': 0}
2021-06-09 08:40:15,434 server_data.py[line:529] INFO {'topic': 'base_setting_3c50f4c3-a9c1-4872-9f18-883af014380a', 'qos': 0}
2021-06-09 08:40:15,435 server_data.py[line:529] INFO {'topic': 'height_setting_3c50f4c3-a9c1-4872-9f18-883af014380a', 'qos': 0}
2021-06-09 08:40:15,435 server_data.py[line:529] INFO {'topic': 'refresh_3c50f4c3-a9c1-4872-9f18-883af014380a', 'qos': 0}
2021-06-09 08:40:15,435 server_data.py[line:529] INFO {'topic': 'reset_pool_3c50f4c3-a9c1-4872-9f18-883af014380a', 'qos': 0}
2021-06-09 08:40:15,435 server_data.py[line:529] INFO {'topic': 'heart_3c50f4c3-a9c1-4872-9f18-883af014380a', 'qos': 0}
2021-06-09 08:40:15,435 server_data.py[line:529] INFO {'topic': 'set_home_3c50f4c3-a9c1-4872-9f18-883af014380a', 'qos': 0}
2021-06-09 08:40:15,436 server_data.py[line:529] INFO {'topic': 'poweroff_restart_3c50f4c3-a9c1-4872-9f18-883af014380a', 'qos': 0}
2021-06-09 08:40:15,436 server_data.py[line:529] INFO {'topic': 'path_planning_confirm_3c50f4c3-a9c1-4872-9f18-883af014380a', 'qos': 0}
2021-06-09 08:40:15,452 server_data.py[line:194] INFO Connected with result code:  0
