2021-04-27 10:29:10,286 server_data.py[line:508] INFO {'topic': 'pool_click_3c50f4c3-a9c1-4872-9f18-883af014380a', 'qos': 0}
2021-04-27 10:29:10,287 server_data.py[line:508] INFO {'topic': 'control_data_3c50f4c3-a9c1-4872-9f18-883af014380a', 'qos': 0}
2021-04-27 10:29:10,287 server_data.py[line:508] INFO {'topic': 'path_confirm_3c50f4c3-a9c1-4872-9f18-883af014380a', 'qos': 0}
2021-04-27 10:29:10,287 server_data.py[line:508] INFO {'topic': 'user_lng_lat_3c50f4c3-a9c1-4872-9f18-883af014380a', 'qos': 0}
2021-04-27 10:29:10,288 server_data.py[line:508] INFO {'topic': 'start_3c50f4c3-a9c1-4872-9f18-883af014380a', 'qos': 0}
2021-04-27 10:29:10,288 server_data.py[line:508] INFO {'topic': 'switch_3c50f4c3-a9c1-4872-9f18-883af014380a', 'qos': 0}
2021-04-27 10:29:10,288 server_data.py[line:508] INFO {'topic': 'pool_info_3c50f4c3-a9c1-4872-9f18-883af014380a', 'qos': 0}
2021-04-27 10:29:10,289 server_data.py[line:508] INFO {'topic': 'auto_lng_lat_3c50f4c3-a9c1-4872-9f18-883af014380a', 'qos': 0}
2021-04-27 10:29:10,289 server_data.py[line:508] INFO {'topic': 'path_planning_3c50f4c3-a9c1-4872-9f18-883af014380a', 'qos': 0}
2021-04-27 10:29:10,290 server_data.py[line:508] INFO {'topic': 'status_data_3c50f4c3-a9c1-4872-9f18-883af014380a', 'qos': 0}
2021-04-27 10:29:10,290 server_data.py[line:508] INFO {'topic': 'base_setting_3c50f4c3-a9c1-4872-9f18-883af014380a', 'qos': 0}
2021-04-27 10:29:10,290 server_data.py[line:508] INFO {'topic': 'height_setting_3c50f4c3-a9c1-4872-9f18-883af014380a', 'qos': 0}
2021-04-27 10:29:10,290 server_data.py[line:508] INFO {'topic': 'refresh_3c50f4c3-a9c1-4872-9f18-883af014380a', 'qos': 0}
2021-04-27 10:29:10,291 server_data.py[line:508] INFO {'topic': 'reset_pool_3c50f4c3-a9c1-4872-9f18-883af014380a', 'qos': 0}
2021-04-27 10:29:10,291 server_data.py[line:508] INFO {'topic': 'heart_3c50f4c3-a9c1-4872-9f18-883af014380a', 'qos': 0}
2021-04-27 10:29:10,291 server_data.py[line:508] INFO {'topic': 'set_home_3c50f4c3-a9c1-4872-9f18-883af014380a', 'qos': 0}
2021-04-27 10:29:10,292 server_data.py[line:508] INFO {'topic': 'path_planning_confirm_3c50f4c3-a9c1-4872-9f18-883af014380a', 'qos': 0}
2021-04-27 10:29:10,479 server_data.py[line:184] INFO Connected with result code:  0
2021-04-27 10:29:45,205 server_data.py[line:508] INFO {'topic': 'pool_click_3c50f4c3-a9c1-4872-9f18-883af014380a', 'qos': 0}
2021-04-27 10:29:45,206 server_data.py[line:508] INFO {'topic': 'control_data_3c50f4c3-a9c1-4872-9f18-883af014380a', 'qos': 0}
2021-04-27 10:29:45,206 server_data.py[line:508] INFO {'topic': 'path_confirm_3c50f4c3-a9c1-4872-9f18-883af014380a', 'qos': 0}
2021-04-27 10:29:45,207 server_data.py[line:508] INFO {'topic': 'user_lng_lat_3c50f4c3-a9c1-4872-9f18-883af014380a', 'qos': 0}
2021-04-27 10:29:45,207 server_data.py[line:508] INFO {'topic': 'start_3c50f4c3-a9c1-4872-9f18-883af014380a', 'qos': 0}
2021-04-27 10:29:45,207 server_data.py[line:508] INFO {'topic': 'switch_3c50f4c3-a9c1-4872-9f18-883af014380a', 'qos': 0}
2021-04-27 10:29:45,207 server_data.py[line:508] INFO {'topic': 'pool_info_3c50f4c3-a9c1-4872-9f18-883af014380a', 'qos': 0}
2021-04-27 10:29:45,207 server_data.py[line:508] INFO {'topic': 'auto_lng_lat_3c50f4c3-a9c1-4872-9f18-883af014380a', 'qos': 0}
2021-04-27 10:29:45,208 server_data.py[line:508] INFO {'topic': 'path_planning_3c50f4c3-a9c1-4872-9f18-883af014380a', 'qos': 0}
2021-04-27 10:29:45,208 server_data.py[line:508] INFO {'topic': 'status_data_3c50f4c3-a9c1-4872-9f18-883af014380a', 'qos': 0}
2021-04-27 10:29:45,208 server_data.py[line:508] INFO {'topic': 'base_setting_3c50f4c3-a9c1-4872-9f18-883af014380a', 'qos': 0}
2021-04-27 10:29:45,208 server_data.py[line:508] INFO {'topic': 'height_setting_3c50f4c3-a9c1-4872-9f18-883af014380a', 'qos': 0}
2021-04-27 10:29:45,208 server_data.py[line:508] INFO {'topic': 'refresh_3c50f4c3-a9c1-4872-9f18-883af014380a', 'qos': 0}
2021-04-27 10:29:45,208 server_data.py[line:508] INFO {'topic': 'reset_pool_3c50f4c3-a9c1-4872-9f18-883af014380a', 'qos': 0}
2021-04-27 10:29:45,208 server_data.py[line:508] INFO {'topic': 'heart_3c50f4c3-a9c1-4872-9f18-883af014380a', 'qos': 0}
2021-04-27 10:29:45,209 server_data.py[line:508] INFO {'topic': 'set_home_3c50f4c3-a9c1-4872-9f18-883af014380a', 'qos': 0}
2021-04-27 10:29:45,209 server_data.py[line:508] INFO {'topic': 'path_planning_confirm_3c50f4c3-a9c1-4872-9f18-883af014380a', 'qos': 0}
2021-04-27 10:29:45,409 server_data.py[line:184] INFO Connected with result code:  0
