2022-05-16 10:17:54,271 multi_web_server.py[line:454] INFO {'server_base_setting_': {'secure_distance': 15, 'pool_name': '梁子湖', 'info_type': 3}}
2022-05-16 10:17:58,638 multi_web_server.py[line:223] INFO {'pool_center_lng_lat': [[114.3841, 30.484515]]}
2022-05-16 10:17:58,755 multi_web_server.py[line:230] INFO {'server_config.pool_name': '湖北省武汉市洪山区关山街道南湖大道'}
2022-05-16 10:17:58,840 multi_web_server.py[line:91] INFO {'请求 url': 'http://192.168.8.26:8009/union/map/save'}
2022-05-16 10:17:58,840 multi_web_server.py[line:92] INFO {'status_code': 200}
2022-05-16 10:17:58,840 multi_web_server.py[line:261] ERROR {'e_http_save': KeyError('success')}
2022-05-16 10:19:45,877 multi_web_server.py[line:223] INFO {'pool_center_lng_lat': [[114.384126, 30.484511]]}
2022-05-16 10:19:46,077 multi_web_server.py[line:230] INFO {'server_config.pool_name': '湖北省武汉市洪山区关山街道雄楚大道856号'}
2022-05-16 10:19:46,217 multi_web_server.py[line:91] INFO {'请求 url': 'http://192.168.8.26:8009/union/map/save'}
2022-05-16 10:19:46,217 multi_web_server.py[line:92] INFO {'status_code': 200}
2022-05-16 10:19:46,217 multi_web_server.py[line:261] ERROR {'e_http_save': JSONDecodeError('Expecting value: line 1 column 1 (char 0)')}
2022-05-16 10:21:05,198 multi_web_server.py[line:223] INFO {'pool_center_lng_lat': [[114.384139, 30.484489]]}
2022-05-16 10:21:05,309 multi_web_server.py[line:230] INFO {'server_config.pool_name': '湖北省武汉市洪山区关山街道亲民路'}
2022-05-16 10:21:12,595 multi_web_server.py[line:91] INFO {'请求 url': 'http://192.168.8.26:8009/union/map/save'}
2022-05-16 10:21:12,596 multi_web_server.py[line:92] INFO {'status_code': 200}
2022-05-16 10:21:12,596 multi_web_server.py[line:261] ERROR {'e_http_save': JSONDecodeError('Expecting value: line 1 column 1 (char 0)')}
2022-05-16 10:22:32,527 multi_web_server.py[line:223] INFO {'pool_center_lng_lat': [[114.384137, 30.484504]]}
2022-05-16 10:22:32,652 multi_web_server.py[line:230] INFO {'server_config.pool_name': '湖北省武汉市洪山区关山街道南湖大道'}
2022-05-16 10:22:33,677 multi_web_server.py[line:91] INFO {'请求 url': 'http://192.168.8.26:8009/union/map/save'}
2022-05-16 10:22:33,677 multi_web_server.py[line:92] INFO {'status_code': 500}
2022-05-16 10:22:33,677 multi_web_server.py[line:261] ERROR {'e_http_save': KeyError('success')}
2022-05-16 10:23:22,309 multi_web_server.py[line:223] INFO {'pool_center_lng_lat': [[114.384134, 30.484496]]}
2022-05-16 10:23:22,417 multi_web_server.py[line:230] INFO {'server_config.pool_name': '湖北省武汉市洪山区关山街道南湖大道'}
2022-05-16 10:23:23,356 multi_web_server.py[line:91] INFO {'请求 url': 'http://192.168.8.26:8009/union/map/save'}
2022-05-16 10:23:23,356 multi_web_server.py[line:92] INFO {'status_code': 200}
2022-05-16 10:23:23,356 multi_web_server.py[line:261] ERROR {'e_http_save': KeyError('success')}
2022-05-16 10:23:28,838 multi_web_server.py[line:223] INFO {'pool_center_lng_lat': [[114.523802, 30.505614]]}
2022-05-16 10:23:28,960 multi_web_server.py[line:230] INFO {'server_config.pool_name': '湖北省武汉市江夏区豹式值朗榛路'}
2022-05-16 10:23:28,996 multi_web_server.py[line:286] INFO {'在本地找到湖泊 poolid': '1462679194190192641'}
2022-05-16 10:23:28,998 multi_web_server.py[line:379] ERROR {'base_setting_data is None': None}
2022-05-16 10:23:58,135 multi_web_server.py[line:454] INFO {'server_base_setting_': {'secure_distance': 15, 'pool_name': '梁子湖', 'info_type': 3}}
2022-05-16 11:49:14,428 multi_web_server.py[line:455] INFO {'server_base_setting_': {'secure_distance': 15, 'pool_name': '梁子湖', 'info_type': 3}}
2022-05-16 11:49:25,807 multi_web_server.py[line:223] INFO {'pool_center_lng_lat': [[114.21578, 30.391776]]}
2022-05-16 11:49:26,034 multi_web_server.py[line:230] INFO {'server_config.pool_name': '野湖'}
2022-05-16 11:49:26,611 multi_web_server.py[line:91] INFO {'请求 url': 'http://192.168.8.26:8009/union/admin/xxl/map/save'}
2022-05-16 11:49:26,611 multi_web_server.py[line:92] INFO {'status_code': 200}
2022-05-16 11:49:26,612 multi_web_server.py[line:97] INFO {'map/save content_data success': False}
2022-05-16 11:49:26,612 multi_web_server.py[line:99] ERROR POST请求发送地图数据失败
2022-05-16 11:49:26,612 multi_web_server.py[line:260] ERROR {'e_http_save': KeyError('id')}
